<?xml version="1.0" encoding="UTF-8"?>
<!-- Generated by org.testng.reporters.JUnitReportReporter -->
<testsuite hostname="uatcoukuksbast1" failures="0" tests="36" name="runners.TabsFeatureRunner" time="640.803" errors="0" timestamp="2025-09-08T21:45:18 BST" skipped="0">
  <testcase classname="runners.TabsFeatureRunner" name="runScenario" time="17.529"/>
  <system-out/>
  <testcase classname="runners.TabsFeatureRunner" name="runScenario" time="21.091"/>
  <system-out/>
  <testcase classname="runners.TabsFeatureRunner" name="runScenario" time="17.897"/>
  <system-out/>
  <testcase classname="runners.TabsFeatureRunner" name="runScenario" time="17.446"/>
  <system-out/>
  <testcase classname="runners.TabsFeatureRunner" name="runScenario" time="17.863"/>
  <system-out/>
  <testcase classname="runners.TabsFeatureRunner" name="runScenario" time="17.683"/>
  <system-out/>
  <testcase classname="runners.TabsFeatureRunner" name="runScenario" time="17.663"/>
  <system-out/>
  <testcase classname="runners.TabsFeatureRunner" name="runScenario" time="17.619"/>
  <system-out/>
  <testcase classname="runners.TabsFeatureRunner" name="runScenario" time="17.694"/>
  <system-out/>
  <testcase classname="runners.TabsFeatureRunner" name="runScenario" time="18.127"/>
  <system-out/>
  <testcase classname="runners.TabsFeatureRunner" name="runScenario" time="17.753"/>
  <system-out/>
  <testcase classname="runners.TabsFeatureRunner" name="runScenario" time="17.574"/>
  <system-out/>
  <testcase classname="runners.TabsFeatureRunner" name="runScenario" time="17.855"/>
  <system-out/>
  <testcase classname="runners.TabsFeatureRunner" name="runScenario" time="17.747"/>
  <system-out/>
  <testcase classname="runners.TabsFeatureRunner" name="runScenario" time="17.892"/>
  <system-out/>
  <testcase classname="runners.TabsFeatureRunner" name="runScenario" time="17.747"/>
  <system-out/>
  <testcase classname="runners.TabsFeatureRunner" name="runScenario" time="17.589"/>
  <system-out/>
  <testcase classname="runners.TabsFeatureRunner" name="runScenario" time="17.904"/>
  <system-out/>
  <testcase classname="runners.TabsFeatureRunner" name="runScenario" time="17.555"/>
  <system-out/>
  <testcase classname="runners.TabsFeatureRunner" name="runScenario" time="17.788"/>
  <system-out/>
  <testcase classname="runners.TabsFeatureRunner" name="runScenario" time="17.746"/>
  <system-out/>
  <testcase classname="runners.TabsFeatureRunner" name="runScenario" time="17.703"/>
  <system-out/>
  <testcase classname="runners.TabsFeatureRunner" name="runScenario" time="17.724"/>
  <system-out/>
  <testcase classname="runners.TabsFeatureRunner" name="runScenario" time="17.556"/>
  <system-out/>
  <testcase classname="runners.TabsFeatureRunner" name="runScenario" time="17.669"/>
  <system-out/>
  <testcase classname="runners.TabsFeatureRunner" name="runScenario" time="17.748"/>
  <system-out/>
  <testcase classname="runners.TabsFeatureRunner" name="runScenario" time="17.645"/>
  <system-out/>
  <testcase classname="runners.TabsFeatureRunner" name="runScenario" time="17.727"/>
  <system-out/>
  <testcase classname="runners.TabsFeatureRunner" name="runScenario" time="17.687"/>
  <system-out/>
  <testcase classname="runners.TabsFeatureRunner" name="runScenario" time="17.693"/>
  <system-out/>
  <testcase classname="runners.TabsFeatureRunner" name="runScenario" time="17.453"/>
  <system-out/>
  <testcase classname="runners.TabsFeatureRunner" name="runScenario" time="17.739"/>
  <system-out/>
  <testcase classname="runners.TabsFeatureRunner" name="runScenario" time="17.576"/>
  <system-out/>
  <testcase classname="runners.TabsFeatureRunner" name="runScenario" time="17.663"/>
  <system-out/>
  <testcase classname="runners.TabsFeatureRunner" name="runScenario" time="17.652"/>
  <system-out/>
  <testcase classname="runners.TabsFeatureRunner" name="runScenario" time="17.806"/>
  <system-out/>
</testsuite> <!-- runners.TabsFeatureRunner -->
