<?xml version="1.0" encoding="UTF-8"?>
<!-- Generated by org.testng.reporters.JUnitReportReporter -->
<testsuite hostname="uatcoukuksbast1" failures="0" tests="24" name="runners.HelpRunner" time="180.170" errors="0" timestamp="2025-02-18T15:08:32 GMT" skipped="0">
  <testcase classname="runners.HelpRunner" name="runScenario" time="13.754"/>
  <system-out/>
  <testcase classname="runners.HelpRunner" name="runScenario" time="4.241"/>
  <system-out/>
  <testcase classname="runners.HelpRunner" name="runScenario" time="13.813"/>
  <system-out/>
  <testcase classname="runners.HelpRunner" name="runScenario" time="1.880"/>
  <system-out/>
  <testcase classname="runners.HelpRunner" name="runScenario" time="1.918"/>
  <system-out/>
  <testcase classname="runners.HelpRunner" name="runScenario" time="13.988"/>
  <system-out/>
  <testcase classname="runners.HelpRunner" name="runScenario" time="2.002"/>
  <system-out/>
  <testcase classname="runners.HelpRunner" name="runScenario" time="1.954"/>
  <system-out/>
  <testcase classname="runners.HelpRunner" name="runScenario" time="14.118"/>
  <system-out/>
  <testcase classname="runners.HelpRunner" name="runScenario" time="1.961"/>
  <system-out/>
  <testcase classname="runners.HelpRunner" name="runScenario" time="13.857"/>
  <system-out/>
  <testcase classname="runners.HelpRunner" name="runScenario" time="13.835"/>
  <system-out/>
  <testcase classname="runners.HelpRunner" name="runScenario" time="1.862"/>
  <system-out/>
  <testcase classname="runners.HelpRunner" name="runScenario" time="13.856"/>
  <system-out/>
  <testcase classname="runners.HelpRunner" name="runScenario" time="1.850"/>
  <system-out/>
  <testcase classname="runners.HelpRunner" name="runScenario" time="2.022"/>
  <system-out/>
  <testcase classname="runners.HelpRunner" name="runScenario" time="1.918"/>
  <system-out/>
  <testcase classname="runners.HelpRunner" name="runScenario" time="13.791"/>
  <system-out/>
  <testcase classname="runners.HelpRunner" name="runScenario" time="1.943"/>
  <system-out/>
  <testcase classname="runners.HelpRunner" name="runScenario" time="13.793"/>
  <system-out/>
  <testcase classname="runners.HelpRunner" name="runScenario" time="13.813"/>
  <system-out/>
  <testcase classname="runners.HelpRunner" name="runScenario" time="14.050"/>
  <system-out/>
  <testcase classname="runners.HelpRunner" name="runScenario" time="1.985"/>
  <system-out/>
  <testcase classname="runners.HelpRunner" name="runScenario" time="1.966"/>
  <system-out/>
</testsuite> <!-- runners.HelpRunner -->
