<?xml version="1.0" encoding="UTF-8"?>
<!-- Generated by org.testng.reporters.JUnitReportReporter -->
<testsuite hostname="uatcoukuksbast1" failures="49" tests="212" name="runners.MortgageRunner" time="453.487" errors="79" timestamp="2024-04-30T14:52:11 BST" skipped="0">
  <testcase classname="runners.MortgageRunner" name="runScenario" time="1.815"/>
  <system-out/>
  <testcase classname="runners.MortgageRunner" name="runScenario" time="1.811">
    <error message="no such element: Unable to locate element: {&quot;method&quot;:&quot;xpath&quot;,&quot;selector&quot;:&quot;//ul[@class = &#039;unique-selling-points__section__grid&#039;]&quot;}
  (Session info: chrome=118.0.5993.70)
For documentation on this error, please visit: https://www.selenium.dev/documentation/webdriver/troubleshooting/errors#no-such-element-exception
Build info: version: &#039;4.11.0&#039;, revision: &#039;040bc5406b&#039;
System info: os.name: &#039;Windows Server 2019&#039;, os.arch: &#039;amd64&#039;, os.version: &#039;10.0&#039;, java.version: &#039;20.0.1&#039;
Driver info: org.openqa.selenium.chrome.ChromeDriver
Command: [aa9e62ad177cecac4999564efc26dbc7, findElement {using=xpath, value=//ul[@class = &#039;unique-selling-points__section__grid&#039;]}]
Capabilities {acceptInsecureCerts: false, browserName: chrome, browserVersion: 118.0.5993.70, chrome: {chromedriverVersion: 118.0.5993.70 (e52f33f30b91..., userDataDir: C:\Users\MITHUN~1.HN\AppDat...}, fedcm:accounts: true, goog:chromeOptions: {debuggerAddress: localhost:52262}, networkConnectionEnabled: false, pageLoadStrategy: normal, platformName: windows, proxy: Proxy(), se:cdp: ws://localhost:52262/devtoo..., se:cdpVersion: 118.0.5993.70, setWindowRect: true, strictFileInteractability: false, timeouts: {implicit: 0, pageLoad: 300000, script: 30000}, unhandledPromptBehavior: dismiss and notify, webauthn:extension:credBlob: true, webauthn:extension:largeBlob: true, webauthn:extension:minPinLength: true, webauthn:extension:prf: true, webauthn:virtualAuthenticators: true}
Session ID: aa9e62ad177cecac4999564efc26dbc7" type="org.openqa.selenium.NoSuchElementException">
      <![CDATA[org.openqa.selenium.NoSuchElementException: no such element: Unable to locate element: {"method":"xpath","selector":"//ul[@class = 'unique-selling-points__section__grid']"}
  (Session info: chrome=118.0.5993.70)
For documentation on this error, please visit: https://www.selenium.dev/documentation/webdriver/troubleshooting/errors#no-such-element-exception
Build info: version: '4.11.0', revision: '040bc5406b'
System info: os.name: 'Windows Server 2019', os.arch: 'amd64', os.version: '10.0', java.version: '20.0.1'
Driver info: org.openqa.selenium.chrome.ChromeDriver
Command: [aa9e62ad177cecac4999564efc26dbc7, findElement {using=xpath, value=//ul[@class = 'unique-selling-points__section__grid']}]
Capabilities {acceptInsecureCerts: false, browserName: chrome, browserVersion: 118.0.5993.70, chrome: {chromedriverVersion: 118.0.5993.70 (e52f33f30b91..., userDataDir: C:\Users\MITHUN~1.HN\AppDat...}, fedcm:accounts: true, goog:chromeOptions: {debuggerAddress: localhost:52262}, networkConnectionEnabled: false, pageLoadStrategy: normal, platformName: windows, proxy: Proxy(), se:cdp: ws://localhost:52262/devtoo..., se:cdpVersion: 118.0.5993.70, setWindowRect: true, strictFileInteractability: false, timeouts: {implicit: 0, pageLoad: 300000, script: 30000}, unhandledPromptBehavior: dismiss and notify, webauthn:extension:credBlob: true, webauthn:extension:largeBlob: true, webauthn:extension:minPinLength: true, webauthn:extension:prf: true, webauthn:virtualAuthenticators: true}
Session ID: aa9e62ad177cecac4999564efc26dbc7
at java.base/jdk.internal.reflect.DirectConstructorHandleAccessor.newInstance(DirectConstructorHandleAccessor.java:67)
at java.base/java.lang.reflect.Constructor.newInstanceWithCaller(Constructor.java:500)
at java.base/java.lang.reflect.Constructor.newInstance(Constructor.java:484)
at org.openqa.selenium.remote.codec.w3c.W3CHttpResponseCodec.createException(W3CHttpResponseCodec.java:200)
at org.openqa.selenium.remote.codec.w3c.W3CHttpResponseCodec.decode(W3CHttpResponseCodec.java:133)
at org.openqa.selenium.remote.codec.w3c.W3CHttpResponseCodec.decode(W3CHttpResponseCodec.java:52)
at org.openqa.selenium.remote.HttpCommandExecutor.execute(HttpCommandExecutor.java:191)
at org.openqa.selenium.remote.service.DriverCommandExecutor.invokeExecute(DriverCommandExecutor.java:196)
at org.openqa.selenium.remote.service.DriverCommandExecutor.execute(DriverCommandExecutor.java:171)
at org.openqa.selenium.remote.RemoteWebDriver.execute(RemoteWebDriver.java:518)
at org.openqa.selenium.remote.ElementLocation$ElementFinder$2.findElement(ElementLocation.java:165)
at org.openqa.selenium.remote.ElementLocation.findElement(ElementLocation.java:59)
at org.openqa.selenium.remote.RemoteWebDriver.findElement(RemoteWebDriver.java:355)
at org.openqa.selenium.remote.RemoteWebDriver.findElement(RemoteWebDriver.java:349)
at org.openqa.selenium.support.pagefactory.DefaultElementLocator.findElement(DefaultElementLocator.java:68)
at org.openqa.selenium.support.pagefactory.internal.LocatingElementHandler.invoke(LocatingElementHandler.java:38)
at jdk.proxy2/jdk.proxy2.$Proxy28.isDisplayed(Unknown Source)
at pages.actions.MortgagePageActions.isUSPSectionPresent(MortgagePageActions.java:139)
at Mortgages_Feature_Steps.MortgagesPageSteps.i_should_see_the_USP_section_on_mortgage_page(MortgagesPageSteps.java:123)
at ✽.I should see the USP section on Mortgage page(file:///C:/CMS_Automation/Co.uk_Suchismita_30_April/Website-Test-Automation-Mithun-branch/src/test/resources/Mortgages_FeatureFiles/Mortgages.feature:25)
]]>
    </error>
  </testcase> <!-- runScenario -->
  <system-out/>
  <testcase classname="runners.MortgageRunner" name="runScenario" time="3.552">
    <failure message="expected [Buy to Let Mortgages for Limited Companies - Aldermore Bank] but found [Buy to Let Mortgages for Limited Companies | Aldermore Bank]" type="java.lang.AssertionError">
      <![CDATA[java.lang.AssertionError: expected [Buy to Let Mortgages for Limited Companies - Aldermore Bank] but found [Buy to Let Mortgages for Limited Companies | Aldermore Bank]
at org.testng.Assert.fail(Assert.java:99)
at org.testng.Assert.failNotEquals(Assert.java:1037)
at org.testng.Assert.assertEqualsImpl(Assert.java:140)
at org.testng.Assert.assertEquals(Assert.java:122)
at org.testng.Assert.assertEquals(Assert.java:629)
at org.testng.Assert.assertEquals(Assert.java:639)
at Mortgages_Feature_Steps.MortgagesPageSteps.I_should_click_Buy_to_let_for_limited_companies_card_and_should_be_redirected_to_(MortgagesPageSteps.java:189)
at ✽.I should click Buy to let for limited companies card and should be redirected to "Buy to Let Mortgages for Limited Companies - Aldermore Bank"(file:///C:/CMS_Automation/Co.uk_Suchismita_30_April/Website-Test-Automation-Mithun-branch/src/test/resources/Mortgages_FeatureFiles/Mortgages.feature:135)
]]>
    </failure>
  </testcase> <!-- runScenario -->
  <system-out/>
  <testcase classname="runners.MortgageRunner" name="runScenario" time="1.471">
    <failure message="Unable to click&quot;Commerical Mortgages&quot; using javascript click" type="java.lang.AssertionError">
      <![CDATA[java.lang.AssertionError: Unable to click"Commerical Mortgages" using javascript click
at org.testng.Assert.fail(Assert.java:99)
at utils.SeleniumDriver.clickElement(SeleniumDriver.java:153)
at pages.actions.Mortgages_CommercialMortgagesActions.clickTheLink(Mortgages_CommercialMortgagesActions.java:24)
at Mortgages_Feature_Steps.Mortgages_CommercialMortgagesSteps.i_navigated_to_commercial_mortgages_page(Mortgages_CommercialMortgagesSteps.java:35)
at ✽.I navigated to Commercial mortgages page(file:///C:/CMS_Automation/Co.uk_Suchismita_30_April/Website-Test-Automation-Mithun-branch/src/test/resources/Mortgages_FeatureFiles/Mortgages_CommercialMortgages.feature:21)
]]>
    </failure>
  </testcase> <!-- runScenario -->
  <system-out/>
  <testcase classname="runners.MortgageRunner" name="runScenario" time="3.507">
    <error message="no such element: Unable to locate element: {&quot;method&quot;:&quot;xpath&quot;,&quot;selector&quot;:&quot;//div[@class=&#039;masthead-small-text-container&#039;]/h1&quot;}
  (Session info: chrome=118.0.5993.70)
For documentation on this error, please visit: https://www.selenium.dev/documentation/webdriver/troubleshooting/errors#no-such-element-exception
Build info: version: &#039;4.11.0&#039;, revision: &#039;040bc5406b&#039;
System info: os.name: &#039;Windows Server 2019&#039;, os.arch: &#039;amd64&#039;, os.version: &#039;10.0&#039;, java.version: &#039;20.0.1&#039;
Driver info: org.openqa.selenium.chrome.ChromeDriver
Command: [aa9e62ad177cecac4999564efc26dbc7, findElement {using=xpath, value=//div[@class=&#039;masthead-small-text-container&#039;]/h1}]
Capabilities {acceptInsecureCerts: false, browserName: chrome, browserVersion: 118.0.5993.70, chrome: {chromedriverVersion: 118.0.5993.70 (e52f33f30b91..., userDataDir: C:\Users\MITHUN~1.HN\AppDat...}, fedcm:accounts: true, goog:chromeOptions: {debuggerAddress: localhost:52262}, networkConnectionEnabled: false, pageLoadStrategy: normal, platformName: windows, proxy: Proxy(), se:cdp: ws://localhost:52262/devtoo..., se:cdpVersion: 118.0.5993.70, setWindowRect: true, strictFileInteractability: false, timeouts: {implicit: 0, pageLoad: 300000, script: 30000}, unhandledPromptBehavior: dismiss and notify, webauthn:extension:credBlob: true, webauthn:extension:largeBlob: true, webauthn:extension:minPinLength: true, webauthn:extension:prf: true, webauthn:virtualAuthenticators: true}
Session ID: aa9e62ad177cecac4999564efc26dbc7" type="org.openqa.selenium.NoSuchElementException">
      <![CDATA[org.openqa.selenium.NoSuchElementException: no such element: Unable to locate element: {"method":"xpath","selector":"//div[@class='masthead-small-text-container']/h1"}
  (Session info: chrome=118.0.5993.70)
For documentation on this error, please visit: https://www.selenium.dev/documentation/webdriver/troubleshooting/errors#no-such-element-exception
Build info: version: '4.11.0', revision: '040bc5406b'
System info: os.name: 'Windows Server 2019', os.arch: 'amd64', os.version: '10.0', java.version: '20.0.1'
Driver info: org.openqa.selenium.chrome.ChromeDriver
Command: [aa9e62ad177cecac4999564efc26dbc7, findElement {using=xpath, value=//div[@class='masthead-small-text-container']/h1}]
Capabilities {acceptInsecureCerts: false, browserName: chrome, browserVersion: 118.0.5993.70, chrome: {chromedriverVersion: 118.0.5993.70 (e52f33f30b91..., userDataDir: C:\Users\MITHUN~1.HN\AppDat...}, fedcm:accounts: true, goog:chromeOptions: {debuggerAddress: localhost:52262}, networkConnectionEnabled: false, pageLoadStrategy: normal, platformName: windows, proxy: Proxy(), se:cdp: ws://localhost:52262/devtoo..., se:cdpVersion: 118.0.5993.70, setWindowRect: true, strictFileInteractability: false, timeouts: {implicit: 0, pageLoad: 300000, script: 30000}, unhandledPromptBehavior: dismiss and notify, webauthn:extension:credBlob: true, webauthn:extension:largeBlob: true, webauthn:extension:minPinLength: true, webauthn:extension:prf: true, webauthn:virtualAuthenticators: true}
Session ID: aa9e62ad177cecac4999564efc26dbc7
at java.base/jdk.internal.reflect.DirectConstructorHandleAccessor.newInstance(DirectConstructorHandleAccessor.java:67)
at java.base/java.lang.reflect.Constructor.newInstanceWithCaller(Constructor.java:500)
at java.base/java.lang.reflect.Constructor.newInstance(Constructor.java:484)
at org.openqa.selenium.remote.codec.w3c.W3CHttpResponseCodec.createException(W3CHttpResponseCodec.java:200)
at org.openqa.selenium.remote.codec.w3c.W3CHttpResponseCodec.decode(W3CHttpResponseCodec.java:133)
at org.openqa.selenium.remote.codec.w3c.W3CHttpResponseCodec.decode(W3CHttpResponseCodec.java:52)
at org.openqa.selenium.remote.HttpCommandExecutor.execute(HttpCommandExecutor.java:191)
at org.openqa.selenium.remote.service.DriverCommandExecutor.invokeExecute(DriverCommandExecutor.java:196)
at org.openqa.selenium.remote.service.DriverCommandExecutor.execute(DriverCommandExecutor.java:171)
at org.openqa.selenium.remote.RemoteWebDriver.execute(RemoteWebDriver.java:518)
at org.openqa.selenium.remote.ElementLocation$ElementFinder$2.findElement(ElementLocation.java:165)
at org.openqa.selenium.remote.ElementLocation.findElement(ElementLocation.java:59)
at org.openqa.selenium.remote.RemoteWebDriver.findElement(RemoteWebDriver.java:355)
at org.openqa.selenium.remote.RemoteWebDriver.findElement(RemoteWebDriver.java:349)
at org.openqa.selenium.support.pagefactory.DefaultElementLocator.findElement(DefaultElementLocator.java:68)
at org.openqa.selenium.support.pagefactory.internal.LocatingElementHandler.invoke(LocatingElementHandler.java:38)
at jdk.proxy2/jdk.proxy2.$Proxy28.getText(Unknown Source)
at utils.SeleniumDriver.GetElementText(SeleniumDriver.java:112)
at pages.actions.Mortgages_HelpAndSupport_SupportTailoredToYouActions.getCardPageTitle(Mortgages_HelpAndSupport_SupportTailoredToYouActions.java:61)
at Mortgages_Feature_Steps.Mortgages_HelpAndSupport_SupportTailoredToYouSteps.Clicked_on_link_present_on_the_image_section_and_redirected_to_PageTitle(Mortgages_HelpAndSupport_SupportTailoredToYouSteps.java:47)
at ✽."Get in touch" present on the Image Section and redirected to "Contact us"(file:///C:/CMS_Automation/Co.uk_Suchismita_30_April/Website-Test-Automation-Mithun-branch/src/test/resources/Mortgages_FeatureFiles/Mortgages_HelpAndSupport_SupportTailoredToYou.feature:37)
]]>
    </error>
  </testcase> <!-- runScenario -->
  <system-out/>
  <testcase classname="runners.MortgageRunner" name="runScenario" time="2.469">
    <error message="no such element: Unable to locate element: {&quot;method&quot;:&quot;xpath&quot;,&quot;selector&quot;:&quot;//*[@aria-label=&#039;Variable rate mortgages&#039;]&quot;}
  (Session info: chrome=118.0.5993.70)
For documentation on this error, please visit: https://www.selenium.dev/documentation/webdriver/troubleshooting/errors#no-such-element-exception
Build info: version: &#039;4.11.0&#039;, revision: &#039;040bc5406b&#039;
System info: os.name: &#039;Windows Server 2019&#039;, os.arch: &#039;amd64&#039;, os.version: &#039;10.0&#039;, java.version: &#039;20.0.1&#039;
Driver info: org.openqa.selenium.chrome.ChromeDriver
Command: [aa9e62ad177cecac4999564efc26dbc7, findElement {using=xpath, value=//*[@aria-label=&#039;Variable rate mortgages&#039;]}]
Capabilities {acceptInsecureCerts: false, browserName: chrome, browserVersion: 118.0.5993.70, chrome: {chromedriverVersion: 118.0.5993.70 (e52f33f30b91..., userDataDir: C:\Users\MITHUN~1.HN\AppDat...}, fedcm:accounts: true, goog:chromeOptions: {debuggerAddress: localhost:52262}, networkConnectionEnabled: false, pageLoadStrategy: normal, platformName: windows, proxy: Proxy(), se:cdp: ws://localhost:52262/devtoo..., se:cdpVersion: 118.0.5993.70, setWindowRect: true, strictFileInteractability: false, timeouts: {implicit: 0, pageLoad: 300000, script: 30000}, unhandledPromptBehavior: dismiss and notify, webauthn:extension:credBlob: true, webauthn:extension:largeBlob: true, webauthn:extension:minPinLength: true, webauthn:extension:prf: true, webauthn:virtualAuthenticators: true}
Session ID: aa9e62ad177cecac4999564efc26dbc7" type="org.openqa.selenium.NoSuchElementException">
      <![CDATA[org.openqa.selenium.NoSuchElementException: no such element: Unable to locate element: {"method":"xpath","selector":"//*[@aria-label='Variable rate mortgages']"}
  (Session info: chrome=118.0.5993.70)
For documentation on this error, please visit: https://www.selenium.dev/documentation/webdriver/troubleshooting/errors#no-such-element-exception
Build info: version: '4.11.0', revision: '040bc5406b'
System info: os.name: 'Windows Server 2019', os.arch: 'amd64', os.version: '10.0', java.version: '20.0.1'
Driver info: org.openqa.selenium.chrome.ChromeDriver
Command: [aa9e62ad177cecac4999564efc26dbc7, findElement {using=xpath, value=//*[@aria-label='Variable rate mortgages']}]
Capabilities {acceptInsecureCerts: false, browserName: chrome, browserVersion: 118.0.5993.70, chrome: {chromedriverVersion: 118.0.5993.70 (e52f33f30b91..., userDataDir: C:\Users\MITHUN~1.HN\AppDat...}, fedcm:accounts: true, goog:chromeOptions: {debuggerAddress: localhost:52262}, networkConnectionEnabled: false, pageLoadStrategy: normal, platformName: windows, proxy: Proxy(), se:cdp: ws://localhost:52262/devtoo..., se:cdpVersion: 118.0.5993.70, setWindowRect: true, strictFileInteractability: false, timeouts: {implicit: 0, pageLoad: 300000, script: 30000}, unhandledPromptBehavior: dismiss and notify, webauthn:extension:credBlob: true, webauthn:extension:largeBlob: true, webauthn:extension:minPinLength: true, webauthn:extension:prf: true, webauthn:virtualAuthenticators: true}
Session ID: aa9e62ad177cecac4999564efc26dbc7
at java.base/jdk.internal.reflect.DirectConstructorHandleAccessor.newInstance(DirectConstructorHandleAccessor.java:67)
at java.base/java.lang.reflect.Constructor.newInstanceWithCaller(Constructor.java:500)
at java.base/java.lang.reflect.Constructor.newInstance(Constructor.java:484)
at org.openqa.selenium.remote.codec.w3c.W3CHttpResponseCodec.createException(W3CHttpResponseCodec.java:200)
at org.openqa.selenium.remote.codec.w3c.W3CHttpResponseCodec.decode(W3CHttpResponseCodec.java:133)
at org.openqa.selenium.remote.codec.w3c.W3CHttpResponseCodec.decode(W3CHttpResponseCodec.java:52)
at org.openqa.selenium.remote.HttpCommandExecutor.execute(HttpCommandExecutor.java:191)
at org.openqa.selenium.remote.service.DriverCommandExecutor.invokeExecute(DriverCommandExecutor.java:196)
at org.openqa.selenium.remote.service.DriverCommandExecutor.execute(DriverCommandExecutor.java:171)
at org.openqa.selenium.remote.RemoteWebDriver.execute(RemoteWebDriver.java:518)
at org.openqa.selenium.remote.ElementLocation$ElementFinder$2.findElement(ElementLocation.java:165)
at org.openqa.selenium.remote.ElementLocation.findElement(ElementLocation.java:59)
at org.openqa.selenium.remote.RemoteWebDriver.findElement(RemoteWebDriver.java:355)
at org.openqa.selenium.remote.RemoteWebDriver.findElement(RemoteWebDriver.java:349)
at org.openqa.selenium.support.pagefactory.DefaultElementLocator.findElement(DefaultElementLocator.java:68)
at org.openqa.selenium.support.pagefactory.internal.LocatingElementHandler.invoke(LocatingElementHandler.java:38)
at jdk.proxy2/jdk.proxy2.$Proxy28.getText(Unknown Source)
at utils.SeleniumDriver.GetElementText(SeleniumDriver.java:112)
at pages.actions.Mortgages_MortgagesHelpAndSupport_PaymentsActions.getNavigationBarTitles(Mortgages_MortgagesHelpAndSupport_PaymentsActions.java:44)
at Mortgages_Feature_Steps.Mortgages_MortgagesHelpAndSupport_PaymentsSteps.i_should_see_navigationBar_on_the_page(Mortgages_MortgagesHelpAndSupport_PaymentsSteps.java:59)
at ✽.I should see "Variable rate mortgages" on the page(file:///C:/CMS_Automation/Co.uk_Suchismita_30_April/Website-Test-Automation-Mithun-branch/src/test/resources/Mortgages_FeatureFiles/Mortgages_MortgagesHelpAndSupport_Payments.feature:25)
]]>
    </error>
  </testcase> <!-- runScenario -->
  <system-out/>
  <testcase classname="runners.MortgageRunner" name="runScenario" time="1.796"/>
  <system-out/>
  <testcase classname="runners.MortgageRunner" name="runScenario" time="3.262"/>
  <system-out/>
  <testcase classname="runners.MortgageRunner" name="runScenario" time="2.724"/>
  <system-out/>
  <testcase classname="runners.MortgageRunner" name="runScenario" time="1.649"/>
  <system-out/>
  <testcase classname="runners.MortgageRunner" name="runScenario" time="1.723"/>
  <system-out/>
  <testcase classname="runners.MortgageRunner" name="runScenario" time="1.675"/>
  <system-out/>
  <testcase classname="runners.MortgageRunner" name="runScenario" time="1.802"/>
  <system-out/>
  <testcase classname="runners.MortgageRunner" name="runScenario" time="0.739">
    <error message="The step &#039;I navigate to Remortgaging page&#039; and 3 other step(s) are undefined.
You can implement these steps using the snippet(s) below:

@When(&quot;I navigate to Remortgaging page&quot;)
public void i_navigate_to_remortgaging_page() {
    // Write code here that turns the phrase above into concrete actions
    throw new io.cucumber.java.PendingException();
}
@Then(&quot;I navigate to {string} accordion&quot;)
public void i_navigate_to_accordion(String string) {
    // Write code here that turns the phrase above into concrete actions
    throw new io.cucumber.java.PendingException();
}
@Then(&quot;I should see the {string}&quot;)
public void i_should_see_the(String string) {
    // Write code here that turns the phrase above into concrete actions
    throw new io.cucumber.java.PendingException();
}
@When(&quot;I click on {string}&quot;)
public void i_click_on(String string) {
    // Write code here that turns the phrase above into concrete actions
    throw new io.cucumber.java.PendingException();
}
" type="io.cucumber.testng.UndefinedStepException">
      <![CDATA[io.cucumber.testng.UndefinedStepException: The step 'I navigate to Remortgaging page' and 3 other step(s) are undefined.
You can implement these steps using the snippet(s) below:

@When("I navigate to Remortgaging page")
public void i_navigate_to_remortgaging_page() {
    // Write code here that turns the phrase above into concrete actions
    throw new io.cucumber.java.PendingException();
}
@Then("I navigate to {string} accordion")
public void i_navigate_to_accordion(String string) {
    // Write code here that turns the phrase above into concrete actions
    throw new io.cucumber.java.PendingException();
}
@Then("I should see the {string}")
public void i_should_see_the(String string) {
    // Write code here that turns the phrase above into concrete actions
    throw new io.cucumber.java.PendingException();
}
@When("I click on {string}")
public void i_click_on(String string) {
    // Write code here that turns the phrase above into concrete actions
    throw new io.cucumber.java.PendingException();
}

at io.cucumber.core.runtime.TestCaseResultObserver.assertTestCasePassed(TestCaseResultObserver.java:69)
at io.cucumber.testng.TestCaseResultObserver.assertTestCasePassed(TestCaseResultObserver.java:23)
at io.cucumber.testng.TestNGCucumberRunner.lambda$runScenario$0(TestNGCucumberRunner.java:118)
at io.cucumber.core.runtime.CucumberExecutionContext.runTestCase(CucumberExecutionContext.java:117)
at io.cucumber.testng.TestNGCucumberRunner.runScenario(TestNGCucumberRunner.java:114)
at io.cucumber.testng.AbstractTestNGCucumberTests.runScenario(AbstractTestNGCucumberTests.java:31)
at java.base/jdk.internal.reflect.DirectMethodHandleAccessor.invoke(DirectMethodHandleAccessor.java:104)
at java.base/java.lang.reflect.Method.invoke(Method.java:578)
at org.testng.internal.MethodInvocationHelper.invokeMethod(MethodInvocationHelper.java:133)
at org.testng.internal.TestInvoker.invokeMethod(TestInvoker.java:598)
at org.testng.internal.TestInvoker.invokeTestMethod(TestInvoker.java:173)
at org.testng.internal.MethodRunner.runInSequence(MethodRunner.java:46)
at org.testng.internal.TestInvoker$MethodInvocationAgent.invoke(TestInvoker.java:824)
at org.testng.internal.TestInvoker.invokeTestMethods(TestInvoker.java:146)
at org.testng.internal.TestMethodWorker.invokeTestMethods(TestMethodWorker.java:146)
at org.testng.internal.TestMethodWorker.run(TestMethodWorker.java:128)
at java.base/java.util.ArrayList.forEach(ArrayList.java:1511)
at org.testng.TestRunner.privateRun(TestRunner.java:794)
at org.testng.TestRunner.run(TestRunner.java:596)
at org.testng.SuiteRunner.runTest(SuiteRunner.java:377)
at org.testng.SuiteRunner.runSequentially(SuiteRunner.java:371)
at org.testng.SuiteRunner.privateRun(SuiteRunner.java:332)
at org.testng.SuiteRunner.run(SuiteRunner.java:276)
at org.testng.SuiteRunnerWorker.runSuite(SuiteRunnerWorker.java:53)
at org.testng.SuiteRunnerWorker.run(SuiteRunnerWorker.java:96)
at org.testng.TestNG.runSuitesSequentially(TestNG.java:1212)
at org.testng.TestNG.runSuitesLocally(TestNG.java:1134)
at org.testng.TestNG.runSuites(TestNG.java:1063)
at org.testng.TestNG.run(TestNG.java:1031)
at org.testng.remote.AbstractRemoteTestNG.run(AbstractRemoteTestNG.java:115)
at org.testng.remote.RemoteTestNG.initAndRun(RemoteTestNG.java:251)
at org.testng.remote.RemoteTestNG.main(RemoteTestNG.java:77)
]]>
    </error>
  </testcase> <!-- runScenario -->
  <system-out/>
  <testcase classname="runners.MortgageRunner" name="runScenario" time="1.799">
    <failure message="expected [Managing and making changes to your mortgage] but found [Making changes to your mortgage]" type="java.lang.AssertionError">
      <![CDATA[java.lang.AssertionError: expected [Managing and making changes to your mortgage] but found [Making changes to your mortgage]
at org.testng.Assert.fail(Assert.java:99)
at org.testng.Assert.failNotEquals(Assert.java:1037)
at org.testng.Assert.assertEqualsImpl(Assert.java:140)
at org.testng.Assert.assertEquals(Assert.java:122)
at org.testng.Assert.assertEquals(Assert.java:629)
at org.testng.Assert.assertEquals(Assert.java:639)
at Mortgages_Feature_Steps.Mortgages_MortgagesHelp_ManagingAndMakingChangesToYourMortgageSteps.i_see_the_cards_in_the_page(Mortgages_MortgagesHelp_ManagingAndMakingChangesToYourMortgageSteps.java:18)
at ✽.I see the "Managing and making changes to your mortgage" CTA button(file:///C:/CMS_Automation/Co.uk_Suchismita_30_April/Website-Test-Automation-Mithun-branch/src/test/resources/Mortgages_FeatureFiles/Mortgages_MortgagesHelp_ManagingAndMakingChangesToYourMortgage.feature:13)
]]>
    </failure>
  </testcase> <!-- runScenario -->
  <system-out/>
  <testcase classname="runners.MortgageRunner" name="runScenario" time="1.637"/>
  <system-out/>
  <testcase classname="runners.MortgageRunner" name="runScenario" time="3.177"/>
  <system-out/>
  <testcase classname="runners.MortgageRunner" name="runScenario" time="2.606">
    <error message="no such element: Unable to locate element: {&quot;method&quot;:&quot;xpath&quot;,&quot;selector&quot;:&quot;//*[@id=&quot;13f53eb1-3611-46f4-b9f7-a319ccbbc896&quot;]/div/span/section/ul/li[2]/a&quot;}
  (Session info: chrome=118.0.5993.70)
For documentation on this error, please visit: https://www.selenium.dev/documentation/webdriver/troubleshooting/errors#no-such-element-exception
Build info: version: &#039;4.11.0&#039;, revision: &#039;040bc5406b&#039;
System info: os.name: &#039;Windows Server 2019&#039;, os.arch: &#039;amd64&#039;, os.version: &#039;10.0&#039;, java.version: &#039;20.0.1&#039;
Driver info: org.openqa.selenium.chrome.ChromeDriver
Command: [aa9e62ad177cecac4999564efc26dbc7, findElement {using=xpath, value=//*[@id=&quot;13f53eb1-3611-46f4-b9f7-a319ccbbc896&quot;]/div/span/section/ul/li[2]/a}]
Capabilities {acceptInsecureCerts: false, browserName: chrome, browserVersion: 118.0.5993.70, chrome: {chromedriverVersion: 118.0.5993.70 (e52f33f30b91..., userDataDir: C:\Users\MITHUN~1.HN\AppDat...}, fedcm:accounts: true, goog:chromeOptions: {debuggerAddress: localhost:52262}, networkConnectionEnabled: false, pageLoadStrategy: normal, platformName: windows, proxy: Proxy(), se:cdp: ws://localhost:52262/devtoo..., se:cdpVersion: 118.0.5993.70, setWindowRect: true, strictFileInteractability: false, timeouts: {implicit: 0, pageLoad: 300000, script: 30000}, unhandledPromptBehavior: dismiss and notify, webauthn:extension:credBlob: true, webauthn:extension:largeBlob: true, webauthn:extension:minPinLength: true, webauthn:extension:prf: true, webauthn:virtualAuthenticators: true}
Session ID: aa9e62ad177cecac4999564efc26dbc7" type="org.openqa.selenium.NoSuchElementException">
      <![CDATA[org.openqa.selenium.NoSuchElementException: no such element: Unable to locate element: {"method":"xpath","selector":"//*[@id="13f53eb1-3611-46f4-b9f7-a319ccbbc896"]/div/span/section/ul/li[2]/a"}
  (Session info: chrome=118.0.5993.70)
For documentation on this error, please visit: https://www.selenium.dev/documentation/webdriver/troubleshooting/errors#no-such-element-exception
Build info: version: '4.11.0', revision: '040bc5406b'
System info: os.name: 'Windows Server 2019', os.arch: 'amd64', os.version: '10.0', java.version: '20.0.1'
Driver info: org.openqa.selenium.chrome.ChromeDriver
Command: [aa9e62ad177cecac4999564efc26dbc7, findElement {using=xpath, value=//*[@id="13f53eb1-3611-46f4-b9f7-a319ccbbc896"]/div/span/section/ul/li[2]/a}]
Capabilities {acceptInsecureCerts: false, browserName: chrome, browserVersion: 118.0.5993.70, chrome: {chromedriverVersion: 118.0.5993.70 (e52f33f30b91..., userDataDir: C:\Users\MITHUN~1.HN\AppDat...}, fedcm:accounts: true, goog:chromeOptions: {debuggerAddress: localhost:52262}, networkConnectionEnabled: false, pageLoadStrategy: normal, platformName: windows, proxy: Proxy(), se:cdp: ws://localhost:52262/devtoo..., se:cdpVersion: 118.0.5993.70, setWindowRect: true, strictFileInteractability: false, timeouts: {implicit: 0, pageLoad: 300000, script: 30000}, unhandledPromptBehavior: dismiss and notify, webauthn:extension:credBlob: true, webauthn:extension:largeBlob: true, webauthn:extension:minPinLength: true, webauthn:extension:prf: true, webauthn:virtualAuthenticators: true}
Session ID: aa9e62ad177cecac4999564efc26dbc7
at java.base/jdk.internal.reflect.DirectConstructorHandleAccessor.newInstance(DirectConstructorHandleAccessor.java:67)
at java.base/java.lang.reflect.Constructor.newInstanceWithCaller(Constructor.java:500)
at java.base/java.lang.reflect.Constructor.newInstance(Constructor.java:484)
at org.openqa.selenium.remote.codec.w3c.W3CHttpResponseCodec.createException(W3CHttpResponseCodec.java:200)
at org.openqa.selenium.remote.codec.w3c.W3CHttpResponseCodec.decode(W3CHttpResponseCodec.java:133)
at org.openqa.selenium.remote.codec.w3c.W3CHttpResponseCodec.decode(W3CHttpResponseCodec.java:52)
at org.openqa.selenium.remote.HttpCommandExecutor.execute(HttpCommandExecutor.java:191)
at org.openqa.selenium.remote.service.DriverCommandExecutor.invokeExecute(DriverCommandExecutor.java:196)
at org.openqa.selenium.remote.service.DriverCommandExecutor.execute(DriverCommandExecutor.java:171)
at org.openqa.selenium.remote.RemoteWebDriver.execute(RemoteWebDriver.java:518)
at org.openqa.selenium.remote.ElementLocation$ElementFinder$2.findElement(ElementLocation.java:165)
at org.openqa.selenium.remote.ElementLocation.findElement(ElementLocation.java:59)
at org.openqa.selenium.remote.RemoteWebDriver.findElement(RemoteWebDriver.java:355)
at org.openqa.selenium.remote.RemoteWebDriver.findElement(RemoteWebDriver.java:349)
at org.openqa.selenium.support.pagefactory.DefaultElementLocator.findElement(DefaultElementLocator.java:68)
at org.openqa.selenium.support.pagefactory.internal.LocatingElementHandler.invoke(LocatingElementHandler.java:38)
at jdk.proxy2/jdk.proxy2.$Proxy28.getText(Unknown Source)
at utils.SeleniumDriver.GetElementText(SeleniumDriver.java:112)
at pages.actions.Mortgages_MortgagesHelpAndSupport_FeesStatementsAndBalancesActions.getQuicklinkheader(Mortgages_MortgagesHelpAndSupport_FeesStatementsAndBalancesActions.java:88)
at Mortgages_Feature_Steps.Mortgages_MortgagesHelpAndSupport_FeesStatementsAndBalancesSteps.i_see_the_subheader_on_the_page(Mortgages_MortgagesHelpAndSupport_FeesStatementsAndBalancesSteps.java:60)
at ✽.I see the "Mortgage FAQs" header on the page(file:///C:/CMS_Automation/Co.uk_Suchismita_30_April/Website-Test-Automation-Mithun-branch/src/test/resources/Mortgages_FeatureFiles/Mortgages_MortgagesHelpAndSupport_FeesStatementsAndBalances.feature:47)
]]>
    </error>
  </testcase> <!-- runScenario -->
  <system-out/>
  <testcase classname="runners.MortgageRunner" name="runScenario" time="1.693">
    <failure message="expected [Top tips for expanding your buy to let portfolio] but found [7 Top Tips for Expanding your Buy to Let Portfolio]" type="java.lang.AssertionError">
      <![CDATA[java.lang.AssertionError: expected [Top tips for expanding your buy to let portfolio] but found [7 Top Tips for Expanding your Buy to Let Portfolio]
at org.testng.Assert.fail(Assert.java:99)
at org.testng.Assert.failNotEquals(Assert.java:1037)
at org.testng.Assert.assertEqualsImpl(Assert.java:140)
at org.testng.Assert.assertEquals(Assert.java:122)
at org.testng.Assert.assertEquals(Assert.java:629)
at org.testng.Assert.assertEquals(Assert.java:639)
at Mortgages_Feature_Steps.Mortgages_BuyToLetMortgagesForLimitedCompaniesSteps.i_should_see_the_cardheader_present_on_the_page(Mortgages_BuyToLetMortgagesForLimitedCompaniesSteps.java:67)
at ✽."Top tips for expanding your buy to let portfolio" is present on the page(file:///C:/CMS_Automation/Co.uk_Suchismita_30_April/Website-Test-Automation-Mithun-branch/src/test/resources/Mortgages_FeatureFiles/Mortgages_BuyToLetMortgages_BuyToLetMortgagesForLimitedCompanies.feature:55)
]]>
    </failure>
  </testcase> <!-- runScenario -->
  <system-out/>
  <testcase classname="runners.MortgageRunner" name="runScenario" time="2.450">
    <error message="no such element: Unable to locate element: {&quot;method&quot;:&quot;xpath&quot;,&quot;selector&quot;:&quot;//*[@id=&#039;certificate-of-interest&#039;]/div/div/a&quot;}
  (Session info: chrome=118.0.5993.70)
For documentation on this error, please visit: https://www.selenium.dev/documentation/webdriver/troubleshooting/errors#no-such-element-exception
Build info: version: &#039;4.11.0&#039;, revision: &#039;040bc5406b&#039;
System info: os.name: &#039;Windows Server 2019&#039;, os.arch: &#039;amd64&#039;, os.version: &#039;10.0&#039;, java.version: &#039;20.0.1&#039;
Driver info: org.openqa.selenium.chrome.ChromeDriver
Command: [aa9e62ad177cecac4999564efc26dbc7, findElement {using=xpath, value=//*[@id=&#039;certificate-of-interest&#039;]/div/div/a}]
Capabilities {acceptInsecureCerts: false, browserName: chrome, browserVersion: 118.0.5993.70, chrome: {chromedriverVersion: 118.0.5993.70 (e52f33f30b91..., userDataDir: C:\Users\MITHUN~1.HN\AppDat...}, fedcm:accounts: true, goog:chromeOptions: {debuggerAddress: localhost:52262}, networkConnectionEnabled: false, pageLoadStrategy: normal, platformName: windows, proxy: Proxy(), se:cdp: ws://localhost:52262/devtoo..., se:cdpVersion: 118.0.5993.70, setWindowRect: true, strictFileInteractability: false, timeouts: {implicit: 0, pageLoad: 300000, script: 30000}, unhandledPromptBehavior: dismiss and notify, webauthn:extension:credBlob: true, webauthn:extension:largeBlob: true, webauthn:extension:minPinLength: true, webauthn:extension:prf: true, webauthn:virtualAuthenticators: true}
Session ID: aa9e62ad177cecac4999564efc26dbc7" type="org.openqa.selenium.NoSuchElementException">
      <![CDATA[org.openqa.selenium.NoSuchElementException: no such element: Unable to locate element: {"method":"xpath","selector":"//*[@id='certificate-of-interest']/div/div/a"}
  (Session info: chrome=118.0.5993.70)
For documentation on this error, please visit: https://www.selenium.dev/documentation/webdriver/troubleshooting/errors#no-such-element-exception
Build info: version: '4.11.0', revision: '040bc5406b'
System info: os.name: 'Windows Server 2019', os.arch: 'amd64', os.version: '10.0', java.version: '20.0.1'
Driver info: org.openqa.selenium.chrome.ChromeDriver
Command: [aa9e62ad177cecac4999564efc26dbc7, findElement {using=xpath, value=//*[@id='certificate-of-interest']/div/div/a}]
Capabilities {acceptInsecureCerts: false, browserName: chrome, browserVersion: 118.0.5993.70, chrome: {chromedriverVersion: 118.0.5993.70 (e52f33f30b91..., userDataDir: C:\Users\MITHUN~1.HN\AppDat...}, fedcm:accounts: true, goog:chromeOptions: {debuggerAddress: localhost:52262}, networkConnectionEnabled: false, pageLoadStrategy: normal, platformName: windows, proxy: Proxy(), se:cdp: ws://localhost:52262/devtoo..., se:cdpVersion: 118.0.5993.70, setWindowRect: true, strictFileInteractability: false, timeouts: {implicit: 0, pageLoad: 300000, script: 30000}, unhandledPromptBehavior: dismiss and notify, webauthn:extension:credBlob: true, webauthn:extension:largeBlob: true, webauthn:extension:minPinLength: true, webauthn:extension:prf: true, webauthn:virtualAuthenticators: true}
Session ID: aa9e62ad177cecac4999564efc26dbc7
at java.base/jdk.internal.reflect.DirectConstructorHandleAccessor.newInstance(DirectConstructorHandleAccessor.java:67)
at java.base/java.lang.reflect.Constructor.newInstanceWithCaller(Constructor.java:500)
at java.base/java.lang.reflect.Constructor.newInstance(Constructor.java:484)
at org.openqa.selenium.remote.codec.w3c.W3CHttpResponseCodec.createException(W3CHttpResponseCodec.java:200)
at org.openqa.selenium.remote.codec.w3c.W3CHttpResponseCodec.decode(W3CHttpResponseCodec.java:133)
at org.openqa.selenium.remote.codec.w3c.W3CHttpResponseCodec.decode(W3CHttpResponseCodec.java:52)
at org.openqa.selenium.remote.HttpCommandExecutor.execute(HttpCommandExecutor.java:191)
at org.openqa.selenium.remote.service.DriverCommandExecutor.invokeExecute(DriverCommandExecutor.java:196)
at org.openqa.selenium.remote.service.DriverCommandExecutor.execute(DriverCommandExecutor.java:171)
at org.openqa.selenium.remote.RemoteWebDriver.execute(RemoteWebDriver.java:518)
at org.openqa.selenium.remote.ElementLocation$ElementFinder$2.findElement(ElementLocation.java:165)
at org.openqa.selenium.remote.ElementLocation.findElement(ElementLocation.java:59)
at org.openqa.selenium.remote.RemoteWebDriver.findElement(RemoteWebDriver.java:355)
at org.openqa.selenium.remote.RemoteWebDriver.findElement(RemoteWebDriver.java:349)
at org.openqa.selenium.support.pagefactory.DefaultElementLocator.findElement(DefaultElementLocator.java:68)
at org.openqa.selenium.support.pagefactory.internal.LocatingElementHandler.invoke(LocatingElementHandler.java:38)
at jdk.proxy2/jdk.proxy2.$Proxy28.click(Unknown Source)
at pages.actions.Mortgages_MortgagesHelpAndSupport_FeesStatementsAndBalancesActions.ClickedOnLink(Mortgages_MortgagesHelpAndSupport_FeesStatementsAndBalancesActions.java:49)
at Mortgages_Feature_Steps.Mortgages_MortgagesHelpAndSupport_FeesStatementsAndBalancesSteps.i_see_the_link_present_on_the_subheader(Mortgages_MortgagesHelpAndSupport_FeesStatementsAndBalancesSteps.java:47)
at ✽.I see the "Request a certificate of interest" present on the subheader(file:///C:/CMS_Automation/Co.uk_Suchismita_30_April/Website-Test-Automation-Mithun-branch/src/test/resources/Mortgages_FeatureFiles/Mortgages_MortgagesHelpAndSupport_FeesStatementsAndBalances.feature:35)
]]>
    </error>
  </testcase> <!-- runScenario -->
  <system-out/>
  <testcase classname="runners.MortgageRunner" name="runScenario" time="1.676"/>
  <system-out/>
  <testcase classname="runners.MortgageRunner" name="runScenario" time="1.672"/>
  <system-out/>
  <testcase classname="runners.MortgageRunner" name="runScenario" time="1.668">
    <error message="Invalid value: Why use a mortgage broker? Here’s 10 great reasons" type="java.lang.IllegalArgumentException">
      <![CDATA[java.lang.IllegalArgumentException: Invalid value: Why use a mortgage broker? Here’s 10 great reasons
at pages.actions.Mortgages_ResidentialMortgagesPageActions.verifycardHeaderCTAbutton(Mortgages_ResidentialMortgagesPageActions.java:55)
at Mortgages_Feature_Steps.Mortgages_ResidentialMortgagesPageSteps.i_should_see_the_cardHeader_CTA_button_on_Residential_mortgages_page(Mortgages_ResidentialMortgagesPageSteps.java:45)
at ✽.I should see the "Why use a mortgage broker? Here’s 10 great reasons" CTA button on Residential mortgages page(file:///C:/CMS_Automation/Co.uk_Suchismita_30_April/Website-Test-Automation-Mithun-branch/src/test/resources/Mortgages_FeatureFiles/Mortgages_ResidentialMortgages.feature:38)
]]>
    </error>
  </testcase> <!-- runScenario -->
  <system-out/>
  <testcase classname="runners.MortgageRunner" name="runScenario" time="3.012"/>
  <system-out/>
  <testcase classname="runners.MortgageRunner" name="runScenario" time="6.398"/>
  <system-out/>
  <testcase classname="runners.MortgageRunner" name="runScenario" time="1.697">
    <failure message="expected [Top tips for expanding your buy to let portfolio] but found [7 Top Tips for Expanding your Buy to Let Portfolio]" type="java.lang.AssertionError">
      <![CDATA[java.lang.AssertionError: expected [Top tips for expanding your buy to let portfolio] but found [7 Top Tips for Expanding your Buy to Let Portfolio]
at org.testng.Assert.fail(Assert.java:99)
at org.testng.Assert.failNotEquals(Assert.java:1037)
at org.testng.Assert.assertEqualsImpl(Assert.java:140)
at org.testng.Assert.assertEquals(Assert.java:122)
at org.testng.Assert.assertEquals(Assert.java:629)
at org.testng.Assert.assertEquals(Assert.java:639)
at Mortgages_Feature_Steps.Mortgages_BuyToLetMortgagesSteps.i_should_see_the_CTA_button(Mortgages_BuyToLetMortgagesSteps.java:124)
at ✽.I should see "Top tips for expanding your buy to let portfolio" CTA button on the page(file:///C:/CMS_Automation/Co.uk_Suchismita_30_April/Website-Test-Automation-Mithun-branch/src/test/resources/Mortgages_FeatureFiles/Mortgages_BuyToLetMortgages.feature:90)
]]>
    </failure>
  </testcase> <!-- runScenario -->
  <system-out/>
  <testcase classname="runners.MortgageRunner" name="runScenario" time="1.677">
    <failure message="expected [Buy to let mortgages] but found [Mortgage FAQs]" type="java.lang.AssertionError">
      <![CDATA[java.lang.AssertionError: expected [Buy to let mortgages] but found [Mortgage FAQs]
at org.testng.Assert.fail(Assert.java:99)
at org.testng.Assert.failNotEquals(Assert.java:1037)
at org.testng.Assert.assertEqualsImpl(Assert.java:140)
at org.testng.Assert.assertEquals(Assert.java:122)
at org.testng.Assert.assertEquals(Assert.java:629)
at org.testng.Assert.assertEquals(Assert.java:639)
at Mortgages_Feature_Steps.Mortgages_ResidentialMortgagesPageSteps.i_should_see_options_present_on_masthead_blackbox(Mortgages_ResidentialMortgagesPageSteps.java:166)
at ✽.I should see "Buy to let mortgages" present on masthead Blackbox(file:///C:/CMS_Automation/Co.uk_Suchismita_30_April/Website-Test-Automation-Mithun-branch/src/test/resources/Mortgages_FeatureFiles/Mortgages_ResidentialMortgages.feature:117)
]]>
    </failure>
  </testcase> <!-- runScenario -->
  <system-out/>
  <testcase classname="runners.MortgageRunner" name="runScenario" time="3.032"/>
  <system-out/>
  <testcase classname="runners.MortgageRunner" name="runScenario" time="1.962">
    <error message="Invalid value: Why use a mortgage broker? Here’s 10 great reasons" type="java.lang.IllegalArgumentException">
      <![CDATA[java.lang.IllegalArgumentException: Invalid value: Why use a mortgage broker? Here’s 10 great reasons
at pages.actions.Mortgages_ResidentialMortgagesPageActions.verifycardHeaderCTAbutton(Mortgages_ResidentialMortgagesPageActions.java:55)
at Mortgages_Feature_Steps.Mortgages_ResidentialMortgagesPageSteps.i_should_see_the_cardHeader_CTA_button_on_Residential_mortgages_page(Mortgages_ResidentialMortgagesPageSteps.java:45)
at ✽.I should see the "Why use a mortgage broker? Here’s 10 great reasons" CTA button on Residential mortgages page(file:///C:/CMS_Automation/Co.uk_Suchismita_30_April/Website-Test-Automation-Mithun-branch/src/test/resources/Mortgages_FeatureFiles/Mortgages_ResidentialMortgages.feature:24)
]]>
    </error>
  </testcase> <!-- runScenario -->
  <system-out/>
  <testcase classname="runners.MortgageRunner" name="runScenario" time="2.630">
    <failure message="expected [Mortgages for the Self-Employed - Aldermore Bank] but found [Mortgages for the Self-Employed | Aldermore Bank]" type="java.lang.AssertionError">
      <![CDATA[java.lang.AssertionError: expected [Mortgages for the Self-Employed - Aldermore Bank] but found [Mortgages for the Self-Employed | Aldermore Bank]
at org.testng.Assert.fail(Assert.java:99)
at org.testng.Assert.failNotEquals(Assert.java:1037)
at org.testng.Assert.assertEqualsImpl(Assert.java:140)
at org.testng.Assert.assertEquals(Assert.java:122)
at org.testng.Assert.assertEquals(Assert.java:629)
at org.testng.Assert.assertEquals(Assert.java:639)
at Mortgages_Feature_Steps.MortgagesPageSteps.i_should_click_on_card_present_on_page_and_should_be_redirected_to_respective_page(MortgagesPageSteps.java:149)
at ✽.I should click Self-employed mortgages and should be redirected to "Mortgages for the Self-Employed - Aldermore Bank"(file:///C:/CMS_Automation/Co.uk_Suchismita_30_April/Website-Test-Automation-Mithun-branch/src/test/resources/Mortgages_FeatureFiles/Mortgages.feature:68)
]]>
    </failure>
  </testcase> <!-- runScenario -->
  <system-out/>
  <testcase classname="runners.MortgageRunner" name="runScenario" time="2.596">
    <error message="no such element: Unable to locate element: {&quot;method&quot;:&quot;xpath&quot;,&quot;selector&quot;:&quot;/html/body/div[2]/div/div[2]/div/div[1]/div[1]/button/h3&quot;}
  (Session info: chrome=118.0.5993.70)
For documentation on this error, please visit: https://www.selenium.dev/documentation/webdriver/troubleshooting/errors#no-such-element-exception
Build info: version: &#039;4.11.0&#039;, revision: &#039;040bc5406b&#039;
System info: os.name: &#039;Windows Server 2019&#039;, os.arch: &#039;amd64&#039;, os.version: &#039;10.0&#039;, java.version: &#039;20.0.1&#039;
Driver info: org.openqa.selenium.chrome.ChromeDriver
Command: [aa9e62ad177cecac4999564efc26dbc7, findElement {using=xpath, value=/html/body/div[2]/div/div[2]/div/div[1]/div[1]/button/h3}]
Capabilities {acceptInsecureCerts: false, browserName: chrome, browserVersion: 118.0.5993.70, chrome: {chromedriverVersion: 118.0.5993.70 (e52f33f30b91..., userDataDir: C:\Users\MITHUN~1.HN\AppDat...}, fedcm:accounts: true, goog:chromeOptions: {debuggerAddress: localhost:52262}, networkConnectionEnabled: false, pageLoadStrategy: normal, platformName: windows, proxy: Proxy(), se:cdp: ws://localhost:52262/devtoo..., se:cdpVersion: 118.0.5993.70, setWindowRect: true, strictFileInteractability: false, timeouts: {implicit: 0, pageLoad: 300000, script: 30000}, unhandledPromptBehavior: dismiss and notify, webauthn:extension:credBlob: true, webauthn:extension:largeBlob: true, webauthn:extension:minPinLength: true, webauthn:extension:prf: true, webauthn:virtualAuthenticators: true}
Session ID: aa9e62ad177cecac4999564efc26dbc7" type="org.openqa.selenium.NoSuchElementException">
      <![CDATA[org.openqa.selenium.NoSuchElementException: no such element: Unable to locate element: {"method":"xpath","selector":"/html/body/div[2]/div/div[2]/div/div[1]/div[1]/button/h3"}
  (Session info: chrome=118.0.5993.70)
For documentation on this error, please visit: https://www.selenium.dev/documentation/webdriver/troubleshooting/errors#no-such-element-exception
Build info: version: '4.11.0', revision: '040bc5406b'
System info: os.name: 'Windows Server 2019', os.arch: 'amd64', os.version: '10.0', java.version: '20.0.1'
Driver info: org.openqa.selenium.chrome.ChromeDriver
Command: [aa9e62ad177cecac4999564efc26dbc7, findElement {using=xpath, value=/html/body/div[2]/div/div[2]/div/div[1]/div[1]/button/h3}]
Capabilities {acceptInsecureCerts: false, browserName: chrome, browserVersion: 118.0.5993.70, chrome: {chromedriverVersion: 118.0.5993.70 (e52f33f30b91..., userDataDir: C:\Users\MITHUN~1.HN\AppDat...}, fedcm:accounts: true, goog:chromeOptions: {debuggerAddress: localhost:52262}, networkConnectionEnabled: false, pageLoadStrategy: normal, platformName: windows, proxy: Proxy(), se:cdp: ws://localhost:52262/devtoo..., se:cdpVersion: 118.0.5993.70, setWindowRect: true, strictFileInteractability: false, timeouts: {implicit: 0, pageLoad: 300000, script: 30000}, unhandledPromptBehavior: dismiss and notify, webauthn:extension:credBlob: true, webauthn:extension:largeBlob: true, webauthn:extension:minPinLength: true, webauthn:extension:prf: true, webauthn:virtualAuthenticators: true}
Session ID: aa9e62ad177cecac4999564efc26dbc7
at java.base/jdk.internal.reflect.DirectConstructorHandleAccessor.newInstance(DirectConstructorHandleAccessor.java:67)
at java.base/java.lang.reflect.Constructor.newInstanceWithCaller(Constructor.java:500)
at java.base/java.lang.reflect.Constructor.newInstance(Constructor.java:484)
at org.openqa.selenium.remote.codec.w3c.W3CHttpResponseCodec.createException(W3CHttpResponseCodec.java:200)
at org.openqa.selenium.remote.codec.w3c.W3CHttpResponseCodec.decode(W3CHttpResponseCodec.java:133)
at org.openqa.selenium.remote.codec.w3c.W3CHttpResponseCodec.decode(W3CHttpResponseCodec.java:52)
at org.openqa.selenium.remote.HttpCommandExecutor.execute(HttpCommandExecutor.java:191)
at org.openqa.selenium.remote.service.DriverCommandExecutor.invokeExecute(DriverCommandExecutor.java:196)
at org.openqa.selenium.remote.service.DriverCommandExecutor.execute(DriverCommandExecutor.java:171)
at org.openqa.selenium.remote.RemoteWebDriver.execute(RemoteWebDriver.java:518)
at org.openqa.selenium.remote.ElementLocation$ElementFinder$2.findElement(ElementLocation.java:165)
at org.openqa.selenium.remote.ElementLocation.findElement(ElementLocation.java:59)
at org.openqa.selenium.remote.RemoteWebDriver.findElement(RemoteWebDriver.java:355)
at org.openqa.selenium.remote.RemoteWebDriver.findElement(RemoteWebDriver.java:349)
at org.openqa.selenium.support.pagefactory.DefaultElementLocator.findElement(DefaultElementLocator.java:68)
at org.openqa.selenium.support.pagefactory.internal.LocatingElementHandler.invoke(LocatingElementHandler.java:38)
at jdk.proxy2/jdk.proxy2.$Proxy28.getText(Unknown Source)
at utils.SeleniumDriver.GetElementText(SeleniumDriver.java:112)
at pages.actions.Mortgages_MortgagesHelp_ManagingAndMakingChangesToYourMortgageActions.getSubheaderTitle(Mortgages_MortgagesHelp_ManagingAndMakingChangesToYourMortgageActions.java:37)
at Mortgages_Feature_Steps.Mortgages_MortgagesHelp_ManagingAndMakingChangesToYourMortgageSteps.i_should_see_the_subheader_present_under_header_title(Mortgages_MortgagesHelp_ManagingAndMakingChangesToYourMortgageSteps.java:47)
at ✽.I should see the "Can I make a change to my mortgage term?" present under header Title.(file:///C:/CMS_Automation/Co.uk_Suchismita_30_April/Website-Test-Automation-Mithun-branch/src/test/resources/Mortgages_FeatureFiles/Mortgages_MortgagesHelp_ManagingAndMakingChangesToYourMortgage.feature:34)
]]>
    </error>
  </testcase> <!-- runScenario -->
  <system-out/>
  <testcase classname="runners.MortgageRunner" name="runScenario" time="2.654"/>
  <system-out/>
  <testcase classname="runners.MortgageRunner" name="runScenario" time="2.610">
    <error message="no such element: Unable to locate element: {&quot;method&quot;:&quot;xpath&quot;,&quot;selector&quot;:&quot;/html/body/div[2]/div/div[2]/div/div[5]/div[1]/button/h3&quot;}
  (Session info: chrome=118.0.5993.70)
For documentation on this error, please visit: https://www.selenium.dev/documentation/webdriver/troubleshooting/errors#no-such-element-exception
Build info: version: &#039;4.11.0&#039;, revision: &#039;040bc5406b&#039;
System info: os.name: &#039;Windows Server 2019&#039;, os.arch: &#039;amd64&#039;, os.version: &#039;10.0&#039;, java.version: &#039;20.0.1&#039;
Driver info: org.openqa.selenium.chrome.ChromeDriver
Command: [aa9e62ad177cecac4999564efc26dbc7, findElement {using=xpath, value=/html/body/div[2]/div/div[2]/div/div[5]/div[1]/button/h3}]
Capabilities {acceptInsecureCerts: false, browserName: chrome, browserVersion: 118.0.5993.70, chrome: {chromedriverVersion: 118.0.5993.70 (e52f33f30b91..., userDataDir: C:\Users\MITHUN~1.HN\AppDat...}, fedcm:accounts: true, goog:chromeOptions: {debuggerAddress: localhost:52262}, networkConnectionEnabled: false, pageLoadStrategy: normal, platformName: windows, proxy: Proxy(), se:cdp: ws://localhost:52262/devtoo..., se:cdpVersion: 118.0.5993.70, setWindowRect: true, strictFileInteractability: false, timeouts: {implicit: 0, pageLoad: 300000, script: 30000}, unhandledPromptBehavior: dismiss and notify, webauthn:extension:credBlob: true, webauthn:extension:largeBlob: true, webauthn:extension:minPinLength: true, webauthn:extension:prf: true, webauthn:virtualAuthenticators: true}
Session ID: aa9e62ad177cecac4999564efc26dbc7" type="org.openqa.selenium.NoSuchElementException">
      <![CDATA[org.openqa.selenium.NoSuchElementException: no such element: Unable to locate element: {"method":"xpath","selector":"/html/body/div[2]/div/div[2]/div/div[5]/div[1]/button/h3"}
  (Session info: chrome=118.0.5993.70)
For documentation on this error, please visit: https://www.selenium.dev/documentation/webdriver/troubleshooting/errors#no-such-element-exception
Build info: version: '4.11.0', revision: '040bc5406b'
System info: os.name: 'Windows Server 2019', os.arch: 'amd64', os.version: '10.0', java.version: '20.0.1'
Driver info: org.openqa.selenium.chrome.ChromeDriver
Command: [aa9e62ad177cecac4999564efc26dbc7, findElement {using=xpath, value=/html/body/div[2]/div/div[2]/div/div[5]/div[1]/button/h3}]
Capabilities {acceptInsecureCerts: false, browserName: chrome, browserVersion: 118.0.5993.70, chrome: {chromedriverVersion: 118.0.5993.70 (e52f33f30b91..., userDataDir: C:\Users\MITHUN~1.HN\AppDat...}, fedcm:accounts: true, goog:chromeOptions: {debuggerAddress: localhost:52262}, networkConnectionEnabled: false, pageLoadStrategy: normal, platformName: windows, proxy: Proxy(), se:cdp: ws://localhost:52262/devtoo..., se:cdpVersion: 118.0.5993.70, setWindowRect: true, strictFileInteractability: false, timeouts: {implicit: 0, pageLoad: 300000, script: 30000}, unhandledPromptBehavior: dismiss and notify, webauthn:extension:credBlob: true, webauthn:extension:largeBlob: true, webauthn:extension:minPinLength: true, webauthn:extension:prf: true, webauthn:virtualAuthenticators: true}
Session ID: aa9e62ad177cecac4999564efc26dbc7
at java.base/jdk.internal.reflect.DirectConstructorHandleAccessor.newInstance(DirectConstructorHandleAccessor.java:67)
at java.base/java.lang.reflect.Constructor.newInstanceWithCaller(Constructor.java:500)
at java.base/java.lang.reflect.Constructor.newInstance(Constructor.java:484)
at org.openqa.selenium.remote.codec.w3c.W3CHttpResponseCodec.createException(W3CHttpResponseCodec.java:200)
at org.openqa.selenium.remote.codec.w3c.W3CHttpResponseCodec.decode(W3CHttpResponseCodec.java:133)
at org.openqa.selenium.remote.codec.w3c.W3CHttpResponseCodec.decode(W3CHttpResponseCodec.java:52)
at org.openqa.selenium.remote.HttpCommandExecutor.execute(HttpCommandExecutor.java:191)
at org.openqa.selenium.remote.service.DriverCommandExecutor.invokeExecute(DriverCommandExecutor.java:196)
at org.openqa.selenium.remote.service.DriverCommandExecutor.execute(DriverCommandExecutor.java:171)
at org.openqa.selenium.remote.RemoteWebDriver.execute(RemoteWebDriver.java:518)
at org.openqa.selenium.remote.ElementLocation$ElementFinder$2.findElement(ElementLocation.java:165)
at org.openqa.selenium.remote.ElementLocation.findElement(ElementLocation.java:59)
at org.openqa.selenium.remote.RemoteWebDriver.findElement(RemoteWebDriver.java:355)
at org.openqa.selenium.remote.RemoteWebDriver.findElement(RemoteWebDriver.java:349)
at org.openqa.selenium.support.pagefactory.DefaultElementLocator.findElement(DefaultElementLocator.java:68)
at org.openqa.selenium.support.pagefactory.internal.LocatingElementHandler.invoke(LocatingElementHandler.java:38)
at jdk.proxy2/jdk.proxy2.$Proxy28.getText(Unknown Source)
at utils.SeleniumDriver.GetElementText(SeleniumDriver.java:112)
at pages.actions.Mortgages_MortgagesHelp_ManagingAndMakingChangesToYourMortgageActions.getSubheaderTitle(Mortgages_MortgagesHelp_ManagingAndMakingChangesToYourMortgageActions.java:45)
at Mortgages_Feature_Steps.Mortgages_MortgagesHelp_ManagingAndMakingChangesToYourMortgageSteps.i_should_see_the_subheader_present_under_header_title(Mortgages_MortgagesHelp_ManagingAndMakingChangesToYourMortgageSteps.java:47)
at ✽.I should see the "How do I add or remove someone from my account?" present under header Title.(file:///C:/CMS_Automation/Co.uk_Suchismita_30_April/Website-Test-Automation-Mithun-branch/src/test/resources/Mortgages_FeatureFiles/Mortgages_MortgagesHelp_ManagingAndMakingChangesToYourMortgage.feature:34)
]]>
    </error>
  </testcase> <!-- runScenario -->
  <system-out/>
  <testcase classname="runners.MortgageRunner" name="runScenario" time="1.757"/>
  <system-out/>
  <testcase classname="runners.MortgageRunner" name="runScenario" time="2.902">
    <error message="no such element: Unable to locate element: {&quot;method&quot;:&quot;xpath&quot;,&quot;selector&quot;:&quot;//*[@aria-label=&#039;Make an overpayment&#039;]&quot;}
  (Session info: chrome=118.0.5993.70)
For documentation on this error, please visit: https://www.selenium.dev/documentation/webdriver/troubleshooting/errors#no-such-element-exception
Build info: version: &#039;4.11.0&#039;, revision: &#039;040bc5406b&#039;
System info: os.name: &#039;Windows Server 2019&#039;, os.arch: &#039;amd64&#039;, os.version: &#039;10.0&#039;, java.version: &#039;20.0.1&#039;
Driver info: org.openqa.selenium.chrome.ChromeDriver
Command: [aa9e62ad177cecac4999564efc26dbc7, findElement {using=xpath, value=//*[@aria-label=&#039;Make an overpayment&#039;]}]
Capabilities {acceptInsecureCerts: false, browserName: chrome, browserVersion: 118.0.5993.70, chrome: {chromedriverVersion: 118.0.5993.70 (e52f33f30b91..., userDataDir: C:\Users\MITHUN~1.HN\AppDat...}, fedcm:accounts: true, goog:chromeOptions: {debuggerAddress: localhost:52262}, networkConnectionEnabled: false, pageLoadStrategy: normal, platformName: windows, proxy: Proxy(), se:cdp: ws://localhost:52262/devtoo..., se:cdpVersion: 118.0.5993.70, setWindowRect: true, strictFileInteractability: false, timeouts: {implicit: 0, pageLoad: 300000, script: 30000}, unhandledPromptBehavior: dismiss and notify, webauthn:extension:credBlob: true, webauthn:extension:largeBlob: true, webauthn:extension:minPinLength: true, webauthn:extension:prf: true, webauthn:virtualAuthenticators: true}
Session ID: aa9e62ad177cecac4999564efc26dbc7" type="org.openqa.selenium.NoSuchElementException">
      <![CDATA[org.openqa.selenium.NoSuchElementException: no such element: Unable to locate element: {"method":"xpath","selector":"//*[@aria-label='Make an overpayment']"}
  (Session info: chrome=118.0.5993.70)
For documentation on this error, please visit: https://www.selenium.dev/documentation/webdriver/troubleshooting/errors#no-such-element-exception
Build info: version: '4.11.0', revision: '040bc5406b'
System info: os.name: 'Windows Server 2019', os.arch: 'amd64', os.version: '10.0', java.version: '20.0.1'
Driver info: org.openqa.selenium.chrome.ChromeDriver
Command: [aa9e62ad177cecac4999564efc26dbc7, findElement {using=xpath, value=//*[@aria-label='Make an overpayment']}]
Capabilities {acceptInsecureCerts: false, browserName: chrome, browserVersion: 118.0.5993.70, chrome: {chromedriverVersion: 118.0.5993.70 (e52f33f30b91..., userDataDir: C:\Users\MITHUN~1.HN\AppDat...}, fedcm:accounts: true, goog:chromeOptions: {debuggerAddress: localhost:52262}, networkConnectionEnabled: false, pageLoadStrategy: normal, platformName: windows, proxy: Proxy(), se:cdp: ws://localhost:52262/devtoo..., se:cdpVersion: 118.0.5993.70, setWindowRect: true, strictFileInteractability: false, timeouts: {implicit: 0, pageLoad: 300000, script: 30000}, unhandledPromptBehavior: dismiss and notify, webauthn:extension:credBlob: true, webauthn:extension:largeBlob: true, webauthn:extension:minPinLength: true, webauthn:extension:prf: true, webauthn:virtualAuthenticators: true}
Session ID: aa9e62ad177cecac4999564efc26dbc7
at java.base/jdk.internal.reflect.DirectConstructorHandleAccessor.newInstance(DirectConstructorHandleAccessor.java:67)
at java.base/java.lang.reflect.Constructor.newInstanceWithCaller(Constructor.java:500)
at java.base/java.lang.reflect.Constructor.newInstance(Constructor.java:484)
at org.openqa.selenium.remote.codec.w3c.W3CHttpResponseCodec.createException(W3CHttpResponseCodec.java:200)
at org.openqa.selenium.remote.codec.w3c.W3CHttpResponseCodec.decode(W3CHttpResponseCodec.java:133)
at org.openqa.selenium.remote.codec.w3c.W3CHttpResponseCodec.decode(W3CHttpResponseCodec.java:52)
at org.openqa.selenium.remote.HttpCommandExecutor.execute(HttpCommandExecutor.java:191)
at org.openqa.selenium.remote.service.DriverCommandExecutor.invokeExecute(DriverCommandExecutor.java:196)
at org.openqa.selenium.remote.service.DriverCommandExecutor.execute(DriverCommandExecutor.java:171)
at org.openqa.selenium.remote.RemoteWebDriver.execute(RemoteWebDriver.java:518)
at org.openqa.selenium.remote.ElementLocation$ElementFinder$2.findElement(ElementLocation.java:165)
at org.openqa.selenium.remote.ElementLocation.findElement(ElementLocation.java:59)
at org.openqa.selenium.remote.RemoteWebDriver.findElement(RemoteWebDriver.java:355)
at org.openqa.selenium.remote.RemoteWebDriver.findElement(RemoteWebDriver.java:349)
at org.openqa.selenium.support.pagefactory.DefaultElementLocator.findElement(DefaultElementLocator.java:68)
at org.openqa.selenium.support.pagefactory.internal.LocatingElementHandler.invoke(LocatingElementHandler.java:38)
at jdk.proxy2/jdk.proxy2.$Proxy28.getText(Unknown Source)
at utils.SeleniumDriver.GetElementText(SeleniumDriver.java:112)
at pages.actions.Mortgages_MortgagesHelpAndSupport_PaymentsActions.getNavigationBarTitles(Mortgages_MortgagesHelpAndSupport_PaymentsActions.java:40)
at Mortgages_Feature_Steps.Mortgages_MortgagesHelpAndSupport_PaymentsSteps.i_should_see_navigationBar_on_the_page(Mortgages_MortgagesHelpAndSupport_PaymentsSteps.java:59)
at ✽.I should see "Make an overpayment" on the page(file:///C:/CMS_Automation/Co.uk_Suchismita_30_April/Website-Test-Automation-Mithun-branch/src/test/resources/Mortgages_FeatureFiles/Mortgages_MortgagesHelpAndSupport_Payments.feature:25)
]]>
    </error>
  </testcase> <!-- runScenario -->
  <system-out/>
  <testcase classname="runners.MortgageRunner" name="runScenario" time="4.319">
    <error message="no such element: Unable to locate element: {&quot;method&quot;:&quot;xpath&quot;,&quot;selector&quot;:&quot;//div[@class=&#039;masthead-text-container&#039;]/h1&quot;}
  (Session info: chrome=118.0.5993.70)
For documentation on this error, please visit: https://www.selenium.dev/documentation/webdriver/troubleshooting/errors#no-such-element-exception
Build info: version: &#039;4.11.0&#039;, revision: &#039;040bc5406b&#039;
System info: os.name: &#039;Windows Server 2019&#039;, os.arch: &#039;amd64&#039;, os.version: &#039;10.0&#039;, java.version: &#039;20.0.1&#039;
Driver info: org.openqa.selenium.chrome.ChromeDriver
Command: [aa9e62ad177cecac4999564efc26dbc7, findElement {using=xpath, value=//div[@class=&#039;masthead-text-container&#039;]/h1}]
Capabilities {acceptInsecureCerts: false, browserName: chrome, browserVersion: 118.0.5993.70, chrome: {chromedriverVersion: 118.0.5993.70 (e52f33f30b91..., userDataDir: C:\Users\MITHUN~1.HN\AppDat...}, fedcm:accounts: true, goog:chromeOptions: {debuggerAddress: localhost:52262}, networkConnectionEnabled: false, pageLoadStrategy: normal, platformName: windows, proxy: Proxy(), se:cdp: ws://localhost:52262/devtoo..., se:cdpVersion: 118.0.5993.70, setWindowRect: true, strictFileInteractability: false, timeouts: {implicit: 0, pageLoad: 300000, script: 30000}, unhandledPromptBehavior: dismiss and notify, webauthn:extension:credBlob: true, webauthn:extension:largeBlob: true, webauthn:extension:minPinLength: true, webauthn:extension:prf: true, webauthn:virtualAuthenticators: true}
Session ID: aa9e62ad177cecac4999564efc26dbc7" type="org.openqa.selenium.NoSuchElementException">
      <![CDATA[org.openqa.selenium.NoSuchElementException: no such element: Unable to locate element: {"method":"xpath","selector":"//div[@class='masthead-text-container']/h1"}
  (Session info: chrome=118.0.5993.70)
For documentation on this error, please visit: https://www.selenium.dev/documentation/webdriver/troubleshooting/errors#no-such-element-exception
Build info: version: '4.11.0', revision: '040bc5406b'
System info: os.name: 'Windows Server 2019', os.arch: 'amd64', os.version: '10.0', java.version: '20.0.1'
Driver info: org.openqa.selenium.chrome.ChromeDriver
Command: [aa9e62ad177cecac4999564efc26dbc7, findElement {using=xpath, value=//div[@class='masthead-text-container']/h1}]
Capabilities {acceptInsecureCerts: false, browserName: chrome, browserVersion: 118.0.5993.70, chrome: {chromedriverVersion: 118.0.5993.70 (e52f33f30b91..., userDataDir: C:\Users\MITHUN~1.HN\AppDat...}, fedcm:accounts: true, goog:chromeOptions: {debuggerAddress: localhost:52262}, networkConnectionEnabled: false, pageLoadStrategy: normal, platformName: windows, proxy: Proxy(), se:cdp: ws://localhost:52262/devtoo..., se:cdpVersion: 118.0.5993.70, setWindowRect: true, strictFileInteractability: false, timeouts: {implicit: 0, pageLoad: 300000, script: 30000}, unhandledPromptBehavior: dismiss and notify, webauthn:extension:credBlob: true, webauthn:extension:largeBlob: true, webauthn:extension:minPinLength: true, webauthn:extension:prf: true, webauthn:virtualAuthenticators: true}
Session ID: aa9e62ad177cecac4999564efc26dbc7
at java.base/jdk.internal.reflect.DirectConstructorHandleAccessor.newInstance(DirectConstructorHandleAccessor.java:67)
at java.base/java.lang.reflect.Constructor.newInstanceWithCaller(Constructor.java:500)
at java.base/java.lang.reflect.Constructor.newInstance(Constructor.java:484)
at org.openqa.selenium.remote.codec.w3c.W3CHttpResponseCodec.createException(W3CHttpResponseCodec.java:200)
at org.openqa.selenium.remote.codec.w3c.W3CHttpResponseCodec.decode(W3CHttpResponseCodec.java:133)
at org.openqa.selenium.remote.codec.w3c.W3CHttpResponseCodec.decode(W3CHttpResponseCodec.java:52)
at org.openqa.selenium.remote.HttpCommandExecutor.execute(HttpCommandExecutor.java:191)
at org.openqa.selenium.remote.service.DriverCommandExecutor.invokeExecute(DriverCommandExecutor.java:196)
at org.openqa.selenium.remote.service.DriverCommandExecutor.execute(DriverCommandExecutor.java:171)
at org.openqa.selenium.remote.RemoteWebDriver.execute(RemoteWebDriver.java:518)
at org.openqa.selenium.remote.ElementLocation$ElementFinder$2.findElement(ElementLocation.java:165)
at org.openqa.selenium.remote.ElementLocation.findElement(ElementLocation.java:59)
at org.openqa.selenium.remote.RemoteWebDriver.findElement(RemoteWebDriver.java:355)
at org.openqa.selenium.remote.RemoteWebDriver.findElement(RemoteWebDriver.java:349)
at org.openqa.selenium.support.pagefactory.DefaultElementLocator.findElement(DefaultElementLocator.java:68)
at org.openqa.selenium.support.pagefactory.internal.LocatingElementHandler.invoke(LocatingElementHandler.java:38)
at jdk.proxy2/jdk.proxy2.$Proxy28.getText(Unknown Source)
at utils.SeleniumDriver.GetElementText(SeleniumDriver.java:112)
at pages.actions.Mortgages_HelpAndSupport_SupportTailoredToYouActions.getCardPageTitle(Mortgages_HelpAndSupport_SupportTailoredToYouActions.java:26)
at Mortgages_Feature_Steps.Mortgages_HelpAndSupport_SupportTailoredToYouSteps.i_redirected_to_the_card_PageTitle(Mortgages_HelpAndSupport_SupportTailoredToYouSteps.java:27)
at ✽.I redirected to the Card "Support tailored to you"(file:///C:/CMS_Automation/Co.uk_Suchismita_30_April/Website-Test-Automation-Mithun-branch/src/test/resources/Mortgages_FeatureFiles/Mortgages_HelpAndSupport_SupportTailoredToYou.feature:15)
]]>
    </error>
  </testcase> <!-- runScenario -->
  <system-out/>
  <testcase classname="runners.MortgageRunner" name="runScenario" time="1.754"/>
  <system-out/>
  <testcase classname="runners.MortgageRunner" name="runScenario" time="1.698"/>
  <system-out/>
  <testcase classname="runners.MortgageRunner" name="runScenario" time="1.844">
    <failure message="expected [Why use a mortgage broker? Here’s 10 great reasons] but found [Unexpected Costs to Remember When Buying Your First House]" type="java.lang.AssertionError">
      <![CDATA[java.lang.AssertionError: expected [Why use a mortgage broker? Here’s 10 great reasons] but found [Unexpected Costs to Remember When Buying Your First House]
at org.testng.Assert.fail(Assert.java:99)
at org.testng.Assert.failNotEquals(Assert.java:1037)
at org.testng.Assert.assertEqualsImpl(Assert.java:140)
at org.testng.Assert.assertEquals(Assert.java:122)
at org.testng.Assert.assertEquals(Assert.java:629)
at org.testng.Assert.assertEquals(Assert.java:639)
at Mortgages_Feature_Steps.Mortgages_ResidentialMortgages_FirstTimeBuyerMortgagesPageSteps.i_should_see_cards_present_on_the_first_timer_buyer(Mortgages_ResidentialMortgages_FirstTimeBuyerMortgagesPageSteps.java:87)
at ✽.I should see "Why use a mortgage broker? Here’s 10 great reasons" present on the First Timer Buyer Page(file:///C:/CMS_Automation/Co.uk_Suchismita_30_April/Website-Test-Automation-Mithun-branch/src/test/resources/Mortgages_FeatureFiles/Mortgages_ResidentialMortgages_FirstTimeBuyerMortgages.feature:44)
]]>
    </failure>
  </testcase> <!-- runScenario -->
  <system-out/>
  <testcase classname="runners.MortgageRunner" name="runScenario" time="2.699">
    <error message="no such element: Unable to locate element: {&quot;method&quot;:&quot;xpath&quot;,&quot;selector&quot;:&quot;//*[@class=&#039;umb-block__root  &#039;]/ul/li[1]/article/h2&quot;}
  (Session info: chrome=118.0.5993.70)
For documentation on this error, please visit: https://www.selenium.dev/documentation/webdriver/troubleshooting/errors#no-such-element-exception
Build info: version: &#039;4.11.0&#039;, revision: &#039;040bc5406b&#039;
System info: os.name: &#039;Windows Server 2019&#039;, os.arch: &#039;amd64&#039;, os.version: &#039;10.0&#039;, java.version: &#039;20.0.1&#039;
Driver info: org.openqa.selenium.chrome.ChromeDriver
Command: [aa9e62ad177cecac4999564efc26dbc7, findElement {using=xpath, value=//*[@class=&#039;umb-block__root  &#039;]/ul/li[1]/article/h2}]
Capabilities {acceptInsecureCerts: false, browserName: chrome, browserVersion: 118.0.5993.70, chrome: {chromedriverVersion: 118.0.5993.70 (e52f33f30b91..., userDataDir: C:\Users\MITHUN~1.HN\AppDat...}, fedcm:accounts: true, goog:chromeOptions: {debuggerAddress: localhost:52262}, networkConnectionEnabled: false, pageLoadStrategy: normal, platformName: windows, proxy: Proxy(), se:cdp: ws://localhost:52262/devtoo..., se:cdpVersion: 118.0.5993.70, setWindowRect: true, strictFileInteractability: false, timeouts: {implicit: 0, pageLoad: 300000, script: 30000}, unhandledPromptBehavior: dismiss and notify, webauthn:extension:credBlob: true, webauthn:extension:largeBlob: true, webauthn:extension:minPinLength: true, webauthn:extension:prf: true, webauthn:virtualAuthenticators: true}
Session ID: aa9e62ad177cecac4999564efc26dbc7" type="org.openqa.selenium.NoSuchElementException">
      <![CDATA[org.openqa.selenium.NoSuchElementException: no such element: Unable to locate element: {"method":"xpath","selector":"//*[@class='umb-block__root  ']/ul/li[1]/article/h2"}
  (Session info: chrome=118.0.5993.70)
For documentation on this error, please visit: https://www.selenium.dev/documentation/webdriver/troubleshooting/errors#no-such-element-exception
Build info: version: '4.11.0', revision: '040bc5406b'
System info: os.name: 'Windows Server 2019', os.arch: 'amd64', os.version: '10.0', java.version: '20.0.1'
Driver info: org.openqa.selenium.chrome.ChromeDriver
Command: [aa9e62ad177cecac4999564efc26dbc7, findElement {using=xpath, value=//*[@class='umb-block__root  ']/ul/li[1]/article/h2}]
Capabilities {acceptInsecureCerts: false, browserName: chrome, browserVersion: 118.0.5993.70, chrome: {chromedriverVersion: 118.0.5993.70 (e52f33f30b91..., userDataDir: C:\Users\MITHUN~1.HN\AppDat...}, fedcm:accounts: true, goog:chromeOptions: {debuggerAddress: localhost:52262}, networkConnectionEnabled: false, pageLoadStrategy: normal, platformName: windows, proxy: Proxy(), se:cdp: ws://localhost:52262/devtoo..., se:cdpVersion: 118.0.5993.70, setWindowRect: true, strictFileInteractability: false, timeouts: {implicit: 0, pageLoad: 300000, script: 30000}, unhandledPromptBehavior: dismiss and notify, webauthn:extension:credBlob: true, webauthn:extension:largeBlob: true, webauthn:extension:minPinLength: true, webauthn:extension:prf: true, webauthn:virtualAuthenticators: true}
Session ID: aa9e62ad177cecac4999564efc26dbc7
at java.base/jdk.internal.reflect.DirectConstructorHandleAccessor.newInstance(DirectConstructorHandleAccessor.java:67)
at java.base/java.lang.reflect.Constructor.newInstanceWithCaller(Constructor.java:500)
at java.base/java.lang.reflect.Constructor.newInstance(Constructor.java:484)
at org.openqa.selenium.remote.codec.w3c.W3CHttpResponseCodec.createException(W3CHttpResponseCodec.java:200)
at org.openqa.selenium.remote.codec.w3c.W3CHttpResponseCodec.decode(W3CHttpResponseCodec.java:133)
at org.openqa.selenium.remote.codec.w3c.W3CHttpResponseCodec.decode(W3CHttpResponseCodec.java:52)
at org.openqa.selenium.remote.HttpCommandExecutor.execute(HttpCommandExecutor.java:191)
at org.openqa.selenium.remote.service.DriverCommandExecutor.invokeExecute(DriverCommandExecutor.java:196)
at org.openqa.selenium.remote.service.DriverCommandExecutor.execute(DriverCommandExecutor.java:171)
at org.openqa.selenium.remote.RemoteWebDriver.execute(RemoteWebDriver.java:518)
at org.openqa.selenium.remote.ElementLocation$ElementFinder$2.findElement(ElementLocation.java:165)
at org.openqa.selenium.remote.ElementLocation.findElement(ElementLocation.java:59)
at org.openqa.selenium.remote.RemoteWebDriver.findElement(RemoteWebDriver.java:355)
at org.openqa.selenium.remote.RemoteWebDriver.findElement(RemoteWebDriver.java:349)
at org.openqa.selenium.support.pagefactory.DefaultElementLocator.findElement(DefaultElementLocator.java:68)
at org.openqa.selenium.support.pagefactory.internal.LocatingElementHandler.invoke(LocatingElementHandler.java:38)
at jdk.proxy2/jdk.proxy2.$Proxy28.getText(Unknown Source)
at pages.actions.Mortgages_HelpAndSupport_SwitchingYourMortgagesActions.getSubheader(Mortgages_HelpAndSupport_SwitchingYourMortgagesActions.java:37)
at Mortgages_Feature_Steps.Mortgages_HelpAndSupport_SwitchingYourMortgagesSteps.I_see_subheader_on_the_page(Mortgages_HelpAndSupport_SwitchingYourMortgagesSteps.java:41)
at ✽.I can see "Fee free" on the page(file:///C:/CMS_Automation/Co.uk_Suchismita_30_April/Website-Test-Automation-Mithun-branch/src/test/resources/Mortgages_FeatureFiles/Mortgages_HelpAndSupport_SwitchingYourMortgages.feature:23)
]]>
    </error>
  </testcase> <!-- runScenario -->
  <system-out/>
  <testcase classname="runners.MortgageRunner" name="runScenario" time="2.534">
    <error message="no such element: Unable to locate element: {&quot;method&quot;:&quot;xpath&quot;,&quot;selector&quot;:&quot;//*[@aria-label=&#039;Repaying your balance&#039;]&quot;}
  (Session info: chrome=118.0.5993.70)
For documentation on this error, please visit: https://www.selenium.dev/documentation/webdriver/troubleshooting/errors#no-such-element-exception
Build info: version: &#039;4.11.0&#039;, revision: &#039;040bc5406b&#039;
System info: os.name: &#039;Windows Server 2019&#039;, os.arch: &#039;amd64&#039;, os.version: &#039;10.0&#039;, java.version: &#039;20.0.1&#039;
Driver info: org.openqa.selenium.chrome.ChromeDriver
Command: [aa9e62ad177cecac4999564efc26dbc7, findElement {using=xpath, value=//*[@aria-label=&#039;Repaying your balance&#039;]}]
Capabilities {acceptInsecureCerts: false, browserName: chrome, browserVersion: 118.0.5993.70, chrome: {chromedriverVersion: 118.0.5993.70 (e52f33f30b91..., userDataDir: C:\Users\MITHUN~1.HN\AppDat...}, fedcm:accounts: true, goog:chromeOptions: {debuggerAddress: localhost:52262}, networkConnectionEnabled: false, pageLoadStrategy: normal, platformName: windows, proxy: Proxy(), se:cdp: ws://localhost:52262/devtoo..., se:cdpVersion: 118.0.5993.70, setWindowRect: true, strictFileInteractability: false, timeouts: {implicit: 0, pageLoad: 300000, script: 30000}, unhandledPromptBehavior: dismiss and notify, webauthn:extension:credBlob: true, webauthn:extension:largeBlob: true, webauthn:extension:minPinLength: true, webauthn:extension:prf: true, webauthn:virtualAuthenticators: true}
Session ID: aa9e62ad177cecac4999564efc26dbc7" type="org.openqa.selenium.NoSuchElementException">
      <![CDATA[org.openqa.selenium.NoSuchElementException: no such element: Unable to locate element: {"method":"xpath","selector":"//*[@aria-label='Repaying your balance']"}
  (Session info: chrome=118.0.5993.70)
For documentation on this error, please visit: https://www.selenium.dev/documentation/webdriver/troubleshooting/errors#no-such-element-exception
Build info: version: '4.11.0', revision: '040bc5406b'
System info: os.name: 'Windows Server 2019', os.arch: 'amd64', os.version: '10.0', java.version: '20.0.1'
Driver info: org.openqa.selenium.chrome.ChromeDriver
Command: [aa9e62ad177cecac4999564efc26dbc7, findElement {using=xpath, value=//*[@aria-label='Repaying your balance']}]
Capabilities {acceptInsecureCerts: false, browserName: chrome, browserVersion: 118.0.5993.70, chrome: {chromedriverVersion: 118.0.5993.70 (e52f33f30b91..., userDataDir: C:\Users\MITHUN~1.HN\AppDat...}, fedcm:accounts: true, goog:chromeOptions: {debuggerAddress: localhost:52262}, networkConnectionEnabled: false, pageLoadStrategy: normal, platformName: windows, proxy: Proxy(), se:cdp: ws://localhost:52262/devtoo..., se:cdpVersion: 118.0.5993.70, setWindowRect: true, strictFileInteractability: false, timeouts: {implicit: 0, pageLoad: 300000, script: 30000}, unhandledPromptBehavior: dismiss and notify, webauthn:extension:credBlob: true, webauthn:extension:largeBlob: true, webauthn:extension:minPinLength: true, webauthn:extension:prf: true, webauthn:virtualAuthenticators: true}
Session ID: aa9e62ad177cecac4999564efc26dbc7
at java.base/jdk.internal.reflect.DirectConstructorHandleAccessor.newInstance(DirectConstructorHandleAccessor.java:67)
at java.base/java.lang.reflect.Constructor.newInstanceWithCaller(Constructor.java:500)
at java.base/java.lang.reflect.Constructor.newInstance(Constructor.java:484)
at org.openqa.selenium.remote.codec.w3c.W3CHttpResponseCodec.createException(W3CHttpResponseCodec.java:200)
at org.openqa.selenium.remote.codec.w3c.W3CHttpResponseCodec.decode(W3CHttpResponseCodec.java:133)
at org.openqa.selenium.remote.codec.w3c.W3CHttpResponseCodec.decode(W3CHttpResponseCodec.java:52)
at org.openqa.selenium.remote.HttpCommandExecutor.execute(HttpCommandExecutor.java:191)
at org.openqa.selenium.remote.service.DriverCommandExecutor.invokeExecute(DriverCommandExecutor.java:196)
at org.openqa.selenium.remote.service.DriverCommandExecutor.execute(DriverCommandExecutor.java:171)
at org.openqa.selenium.remote.RemoteWebDriver.execute(RemoteWebDriver.java:518)
at org.openqa.selenium.remote.ElementLocation$ElementFinder$2.findElement(ElementLocation.java:165)
at org.openqa.selenium.remote.ElementLocation.findElement(ElementLocation.java:59)
at org.openqa.selenium.remote.RemoteWebDriver.findElement(RemoteWebDriver.java:355)
at org.openqa.selenium.remote.RemoteWebDriver.findElement(RemoteWebDriver.java:349)
at org.openqa.selenium.support.pagefactory.DefaultElementLocator.findElement(DefaultElementLocator.java:68)
at org.openqa.selenium.support.pagefactory.internal.LocatingElementHandler.invoke(LocatingElementHandler.java:38)
at jdk.proxy2/jdk.proxy2.$Proxy28.getText(Unknown Source)
at utils.SeleniumDriver.GetElementText(SeleniumDriver.java:112)
at pages.actions.Mortgages_MortgagesHelpAndSupport_PaymentsActions.getNavigationBarTitles(Mortgages_MortgagesHelpAndSupport_PaymentsActions.java:42)
at Mortgages_Feature_Steps.Mortgages_MortgagesHelpAndSupport_PaymentsSteps.i_should_see_navigationBar_on_the_page(Mortgages_MortgagesHelpAndSupport_PaymentsSteps.java:59)
at ✽.I should see "Repaying your balance" on the page(file:///C:/CMS_Automation/Co.uk_Suchismita_30_April/Website-Test-Automation-Mithun-branch/src/test/resources/Mortgages_FeatureFiles/Mortgages_MortgagesHelpAndSupport_Payments.feature:25)
]]>
    </error>
  </testcase> <!-- runScenario -->
  <system-out/>
  <testcase classname="runners.MortgageRunner" name="runScenario" time="1.770">
    <failure message="expected [10 tips for first time buy to let landlords] but found [Buy to Let City Tracker 2024]" type="java.lang.AssertionError">
      <![CDATA[java.lang.AssertionError: expected [10 tips for first time buy to let landlords] but found [Buy to Let City Tracker 2024]
at org.testng.Assert.fail(Assert.java:99)
at org.testng.Assert.failNotEquals(Assert.java:1037)
at org.testng.Assert.assertEqualsImpl(Assert.java:140)
at org.testng.Assert.assertEquals(Assert.java:122)
at org.testng.Assert.assertEquals(Assert.java:629)
at org.testng.Assert.assertEquals(Assert.java:639)
at Mortgages_Feature_Steps.Mortgages_BuyToLetMortgagesForLimitedCompaniesSteps.i_should_see_the_cardheader_present_on_the_page(Mortgages_BuyToLetMortgagesForLimitedCompaniesSteps.java:67)
at ✽."10 tips for first time buy to let landlords" is present on the page(file:///C:/CMS_Automation/Co.uk_Suchismita_30_April/Website-Test-Automation-Mithun-branch/src/test/resources/Mortgages_FeatureFiles/Mortgages_BuyToLetMortgages_BuyToLetMortgagesForLimitedCompanies.feature:55)
]]>
    </failure>
  </testcase> <!-- runScenario -->
  <system-out/>
  <testcase classname="runners.MortgageRunner" name="runScenario" time="1.755">
    <failure message="expected [Why use a mortgage broker? Here’s 10 great reasons] but found [10 Ways a Mortgage Broker can Help You Buy your Home]" type="java.lang.AssertionError">
      <![CDATA[java.lang.AssertionError: expected [Why use a mortgage broker? Here’s 10 great reasons] but found [10 Ways a Mortgage Broker can Help You Buy your Home]
at org.testng.Assert.fail(Assert.java:99)
at org.testng.Assert.failNotEquals(Assert.java:1037)
at org.testng.Assert.assertEqualsImpl(Assert.java:140)
at org.testng.Assert.assertEquals(Assert.java:122)
at org.testng.Assert.assertEquals(Assert.java:629)
at org.testng.Assert.assertEquals(Assert.java:639)
at Mortgages_Feature_Steps.Mortgages_ResidentialMortgages_SelfEmployedMortgagesPageSteps.i_should_see_cardheader_present_on_the_page(Mortgages_ResidentialMortgages_SelfEmployedMortgagesPageSteps.java:106)
at ✽.I should see "Why use a mortgage broker? Here’s 10 great reasons" present on page(file:///C:/CMS_Automation/Co.uk_Suchismita_30_April/Website-Test-Automation-Mithun-branch/src/test/resources/Mortgages_FeatureFiles/Mortgages_ResidentialMortgages_SelfEmployedMortgages.feature:46)
]]>
    </failure>
  </testcase> <!-- runScenario -->
  <system-out/>
  <testcase classname="runners.MortgageRunner" name="runScenario" time="1.832">
    <error message="no such element: Unable to locate element: {&quot;method&quot;:&quot;xpath&quot;,&quot;selector&quot;:&quot;//div[@class=&quot;umb-block__root  &quot;]/div/span/section/ul/li[2]/a/span&quot;}
  (Session info: chrome=118.0.5993.70)
For documentation on this error, please visit: https://www.selenium.dev/documentation/webdriver/troubleshooting/errors#no-such-element-exception
Build info: version: &#039;4.11.0&#039;, revision: &#039;040bc5406b&#039;
System info: os.name: &#039;Windows Server 2019&#039;, os.arch: &#039;amd64&#039;, os.version: &#039;10.0&#039;, java.version: &#039;20.0.1&#039;
Driver info: org.openqa.selenium.chrome.ChromeDriver
Command: [aa9e62ad177cecac4999564efc26dbc7, findElement {using=xpath, value=//div[@class=&quot;umb-block__root  &quot;]/div/span/section/ul/li[2]/a/span}]
Capabilities {acceptInsecureCerts: false, browserName: chrome, browserVersion: 118.0.5993.70, chrome: {chromedriverVersion: 118.0.5993.70 (e52f33f30b91..., userDataDir: C:\Users\MITHUN~1.HN\AppDat...}, fedcm:accounts: true, goog:chromeOptions: {debuggerAddress: localhost:52262}, networkConnectionEnabled: false, pageLoadStrategy: normal, platformName: windows, proxy: Proxy(), se:cdp: ws://localhost:52262/devtoo..., se:cdpVersion: 118.0.5993.70, setWindowRect: true, strictFileInteractability: false, timeouts: {implicit: 0, pageLoad: 300000, script: 30000}, unhandledPromptBehavior: dismiss and notify, webauthn:extension:credBlob: true, webauthn:extension:largeBlob: true, webauthn:extension:minPinLength: true, webauthn:extension:prf: true, webauthn:virtualAuthenticators: true}
Session ID: aa9e62ad177cecac4999564efc26dbc7" type="org.openqa.selenium.NoSuchElementException">
      <![CDATA[org.openqa.selenium.NoSuchElementException: no such element: Unable to locate element: {"method":"xpath","selector":"//div[@class="umb-block__root  "]/div/span/section/ul/li[2]/a/span"}
  (Session info: chrome=118.0.5993.70)
For documentation on this error, please visit: https://www.selenium.dev/documentation/webdriver/troubleshooting/errors#no-such-element-exception
Build info: version: '4.11.0', revision: '040bc5406b'
System info: os.name: 'Windows Server 2019', os.arch: 'amd64', os.version: '10.0', java.version: '20.0.1'
Driver info: org.openqa.selenium.chrome.ChromeDriver
Command: [aa9e62ad177cecac4999564efc26dbc7, findElement {using=xpath, value=//div[@class="umb-block__root  "]/div/span/section/ul/li[2]/a/span}]
Capabilities {acceptInsecureCerts: false, browserName: chrome, browserVersion: 118.0.5993.70, chrome: {chromedriverVersion: 118.0.5993.70 (e52f33f30b91..., userDataDir: C:\Users\MITHUN~1.HN\AppDat...}, fedcm:accounts: true, goog:chromeOptions: {debuggerAddress: localhost:52262}, networkConnectionEnabled: false, pageLoadStrategy: normal, platformName: windows, proxy: Proxy(), se:cdp: ws://localhost:52262/devtoo..., se:cdpVersion: 118.0.5993.70, setWindowRect: true, strictFileInteractability: false, timeouts: {implicit: 0, pageLoad: 300000, script: 30000}, unhandledPromptBehavior: dismiss and notify, webauthn:extension:credBlob: true, webauthn:extension:largeBlob: true, webauthn:extension:minPinLength: true, webauthn:extension:prf: true, webauthn:virtualAuthenticators: true}
Session ID: aa9e62ad177cecac4999564efc26dbc7
at java.base/jdk.internal.reflect.DirectConstructorHandleAccessor.newInstance(DirectConstructorHandleAccessor.java:67)
at java.base/java.lang.reflect.Constructor.newInstanceWithCaller(Constructor.java:500)
at java.base/java.lang.reflect.Constructor.newInstance(Constructor.java:484)
at org.openqa.selenium.remote.codec.w3c.W3CHttpResponseCodec.createException(W3CHttpResponseCodec.java:200)
at org.openqa.selenium.remote.codec.w3c.W3CHttpResponseCodec.decode(W3CHttpResponseCodec.java:133)
at org.openqa.selenium.remote.codec.w3c.W3CHttpResponseCodec.decode(W3CHttpResponseCodec.java:52)
at org.openqa.selenium.remote.HttpCommandExecutor.execute(HttpCommandExecutor.java:191)
at org.openqa.selenium.remote.service.DriverCommandExecutor.invokeExecute(DriverCommandExecutor.java:196)
at org.openqa.selenium.remote.service.DriverCommandExecutor.execute(DriverCommandExecutor.java:171)
at org.openqa.selenium.remote.RemoteWebDriver.execute(RemoteWebDriver.java:518)
at org.openqa.selenium.remote.ElementLocation$ElementFinder$2.findElement(ElementLocation.java:165)
at org.openqa.selenium.remote.ElementLocation.findElement(ElementLocation.java:59)
at org.openqa.selenium.remote.RemoteWebDriver.findElement(RemoteWebDriver.java:355)
at org.openqa.selenium.remote.RemoteWebDriver.findElement(RemoteWebDriver.java:349)
at org.openqa.selenium.support.pagefactory.DefaultElementLocator.findElement(DefaultElementLocator.java:68)
at org.openqa.selenium.support.pagefactory.internal.LocatingElementHandler.invoke(LocatingElementHandler.java:38)
at jdk.proxy2/jdk.proxy2.$Proxy28.getText(Unknown Source)
at pages.actions.MortgagePageActions.getQuickLinkOption2(MortgagePageActions.java:159)
at Mortgages_Feature_Steps.MortgagesPageSteps.i_should_see_the_second_option_in_the_blackbox_section(MortgagesPageSteps.java:219)
at ✽.I should see the second "Residential mortgages" in the BlackBox Section(file:///C:/CMS_Automation/Co.uk_Suchismita_30_April/Website-Test-Automation-Mithun-branch/src/test/resources/Mortgages_FeatureFiles/Mortgages.feature:155)
]]>
    </error>
  </testcase> <!-- runScenario -->
  <system-out/>
  <testcase classname="runners.MortgageRunner" name="runScenario" time="1.762"/>
  <system-out/>
  <testcase classname="runners.MortgageRunner" name="runScenario" time="1.678">
    <error message="no such element: Unable to locate element: {&quot;method&quot;:&quot;xpath&quot;,&quot;selector&quot;:&quot;//*[@class=&quot;umb-block__root margin-bottom margin-side&quot;]/ul/li[3]/div/a&quot;}
  (Session info: chrome=118.0.5993.70)
For documentation on this error, please visit: https://www.selenium.dev/documentation/webdriver/troubleshooting/errors#no-such-element-exception
Build info: version: &#039;4.11.0&#039;, revision: &#039;040bc5406b&#039;
System info: os.name: &#039;Windows Server 2019&#039;, os.arch: &#039;amd64&#039;, os.version: &#039;10.0&#039;, java.version: &#039;20.0.1&#039;
Driver info: org.openqa.selenium.chrome.ChromeDriver
Command: [aa9e62ad177cecac4999564efc26dbc7, findElement {using=xpath, value=//*[@class=&quot;umb-block__root margin-bottom margin-side&quot;]/ul/li[3]/div/a}]
Capabilities {acceptInsecureCerts: false, browserName: chrome, browserVersion: 118.0.5993.70, chrome: {chromedriverVersion: 118.0.5993.70 (e52f33f30b91..., userDataDir: C:\Users\MITHUN~1.HN\AppDat...}, fedcm:accounts: true, goog:chromeOptions: {debuggerAddress: localhost:52262}, networkConnectionEnabled: false, pageLoadStrategy: normal, platformName: windows, proxy: Proxy(), se:cdp: ws://localhost:52262/devtoo..., se:cdpVersion: 118.0.5993.70, setWindowRect: true, strictFileInteractability: false, timeouts: {implicit: 0, pageLoad: 300000, script: 30000}, unhandledPromptBehavior: dismiss and notify, webauthn:extension:credBlob: true, webauthn:extension:largeBlob: true, webauthn:extension:minPinLength: true, webauthn:extension:prf: true, webauthn:virtualAuthenticators: true}
Session ID: aa9e62ad177cecac4999564efc26dbc7" type="org.openqa.selenium.NoSuchElementException">
      <![CDATA[org.openqa.selenium.NoSuchElementException: no such element: Unable to locate element: {"method":"xpath","selector":"//*[@class="umb-block__root margin-bottom margin-side"]/ul/li[3]/div/a"}
  (Session info: chrome=118.0.5993.70)
For documentation on this error, please visit: https://www.selenium.dev/documentation/webdriver/troubleshooting/errors#no-such-element-exception
Build info: version: '4.11.0', revision: '040bc5406b'
System info: os.name: 'Windows Server 2019', os.arch: 'amd64', os.version: '10.0', java.version: '20.0.1'
Driver info: org.openqa.selenium.chrome.ChromeDriver
Command: [aa9e62ad177cecac4999564efc26dbc7, findElement {using=xpath, value=//*[@class="umb-block__root margin-bottom margin-side"]/ul/li[3]/div/a}]
Capabilities {acceptInsecureCerts: false, browserName: chrome, browserVersion: 118.0.5993.70, chrome: {chromedriverVersion: 118.0.5993.70 (e52f33f30b91..., userDataDir: C:\Users\MITHUN~1.HN\AppDat...}, fedcm:accounts: true, goog:chromeOptions: {debuggerAddress: localhost:52262}, networkConnectionEnabled: false, pageLoadStrategy: normal, platformName: windows, proxy: Proxy(), se:cdp: ws://localhost:52262/devtoo..., se:cdpVersion: 118.0.5993.70, setWindowRect: true, strictFileInteractability: false, timeouts: {implicit: 0, pageLoad: 300000, script: 30000}, unhandledPromptBehavior: dismiss and notify, webauthn:extension:credBlob: true, webauthn:extension:largeBlob: true, webauthn:extension:minPinLength: true, webauthn:extension:prf: true, webauthn:virtualAuthenticators: true}
Session ID: aa9e62ad177cecac4999564efc26dbc7
at java.base/jdk.internal.reflect.DirectConstructorHandleAccessor.newInstance(DirectConstructorHandleAccessor.java:67)
at java.base/java.lang.reflect.Constructor.newInstanceWithCaller(Constructor.java:500)
at java.base/java.lang.reflect.Constructor.newInstance(Constructor.java:484)
at org.openqa.selenium.remote.codec.w3c.W3CHttpResponseCodec.createException(W3CHttpResponseCodec.java:200)
at org.openqa.selenium.remote.codec.w3c.W3CHttpResponseCodec.decode(W3CHttpResponseCodec.java:133)
at org.openqa.selenium.remote.codec.w3c.W3CHttpResponseCodec.decode(W3CHttpResponseCodec.java:52)
at org.openqa.selenium.remote.HttpCommandExecutor.execute(HttpCommandExecutor.java:191)
at org.openqa.selenium.remote.service.DriverCommandExecutor.invokeExecute(DriverCommandExecutor.java:196)
at org.openqa.selenium.remote.service.DriverCommandExecutor.execute(DriverCommandExecutor.java:171)
at org.openqa.selenium.remote.RemoteWebDriver.execute(RemoteWebDriver.java:518)
at org.openqa.selenium.remote.ElementLocation$ElementFinder$2.findElement(ElementLocation.java:165)
at org.openqa.selenium.remote.ElementLocation.findElement(ElementLocation.java:59)
at org.openqa.selenium.remote.RemoteWebDriver.findElement(RemoteWebDriver.java:355)
at org.openqa.selenium.remote.RemoteWebDriver.findElement(RemoteWebDriver.java:349)
at org.openqa.selenium.support.pagefactory.DefaultElementLocator.findElement(DefaultElementLocator.java:68)
at org.openqa.selenium.support.pagefactory.internal.LocatingElementHandler.invoke(LocatingElementHandler.java:38)
at jdk.proxy2/jdk.proxy2.$Proxy28.getText(Unknown Source)
at pages.actions.Mortgages_ResidentialMortgages_MortgagesForCustomersWithCreditIssuePageActions.verifyTheCardHeader(Mortgages_ResidentialMortgages_MortgagesForCustomersWithCreditIssuePageActions.java:72)
at Mortgages_Feature_Steps.Mortgages_ResidentialMortgages_MortgagesForCustomersWithCreditIssuePageStep.i_should_see_cardheader_present_on_the_page(Mortgages_ResidentialMortgages_MortgagesForCustomersWithCreditIssuePageStep.java:97)
at ✽.I should see "Buy to let mortgages" present on the page(file:///C:/CMS_Automation/Co.uk_Suchismita_30_April/Website-Test-Automation-Mithun-branch/src/test/resources/Mortgages_FeatureFiles/Mortgages_ResidentialMortgages_MortgagesForCustomersWithCreditIssue.feature:50)
]]>
    </error>
  </testcase> <!-- runScenario -->
  <system-out/>
  <testcase classname="runners.MortgageRunner" name="runScenario" time="3.442">
    <error message="no such element: Unable to locate element: {&quot;method&quot;:&quot;xpath&quot;,&quot;selector&quot;:&quot;//div[@class=&#039;masthead-small-text-container&#039;]/h1&quot;}
  (Session info: chrome=118.0.5993.70)
For documentation on this error, please visit: https://www.selenium.dev/documentation/webdriver/troubleshooting/errors#no-such-element-exception
Build info: version: &#039;4.11.0&#039;, revision: &#039;040bc5406b&#039;
System info: os.name: &#039;Windows Server 2019&#039;, os.arch: &#039;amd64&#039;, os.version: &#039;10.0&#039;, java.version: &#039;20.0.1&#039;
Driver info: org.openqa.selenium.chrome.ChromeDriver
Command: [aa9e62ad177cecac4999564efc26dbc7, findElement {using=xpath, value=//div[@class=&#039;masthead-small-text-container&#039;]/h1}]
Capabilities {acceptInsecureCerts: false, browserName: chrome, browserVersion: 118.0.5993.70, chrome: {chromedriverVersion: 118.0.5993.70 (e52f33f30b91..., userDataDir: C:\Users\MITHUN~1.HN\AppDat...}, fedcm:accounts: true, goog:chromeOptions: {debuggerAddress: localhost:52262}, networkConnectionEnabled: false, pageLoadStrategy: normal, platformName: windows, proxy: Proxy(), se:cdp: ws://localhost:52262/devtoo..., se:cdpVersion: 118.0.5993.70, setWindowRect: true, strictFileInteractability: false, timeouts: {implicit: 0, pageLoad: 300000, script: 30000}, unhandledPromptBehavior: dismiss and notify, webauthn:extension:credBlob: true, webauthn:extension:largeBlob: true, webauthn:extension:minPinLength: true, webauthn:extension:prf: true, webauthn:virtualAuthenticators: true}
Session ID: aa9e62ad177cecac4999564efc26dbc7" type="org.openqa.selenium.NoSuchElementException">
      <![CDATA[org.openqa.selenium.NoSuchElementException: no such element: Unable to locate element: {"method":"xpath","selector":"//div[@class='masthead-small-text-container']/h1"}
  (Session info: chrome=118.0.5993.70)
For documentation on this error, please visit: https://www.selenium.dev/documentation/webdriver/troubleshooting/errors#no-such-element-exception
Build info: version: '4.11.0', revision: '040bc5406b'
System info: os.name: 'Windows Server 2019', os.arch: 'amd64', os.version: '10.0', java.version: '20.0.1'
Driver info: org.openqa.selenium.chrome.ChromeDriver
Command: [aa9e62ad177cecac4999564efc26dbc7, findElement {using=xpath, value=//div[@class='masthead-small-text-container']/h1}]
Capabilities {acceptInsecureCerts: false, browserName: chrome, browserVersion: 118.0.5993.70, chrome: {chromedriverVersion: 118.0.5993.70 (e52f33f30b91..., userDataDir: C:\Users\MITHUN~1.HN\AppDat...}, fedcm:accounts: true, goog:chromeOptions: {debuggerAddress: localhost:52262}, networkConnectionEnabled: false, pageLoadStrategy: normal, platformName: windows, proxy: Proxy(), se:cdp: ws://localhost:52262/devtoo..., se:cdpVersion: 118.0.5993.70, setWindowRect: true, strictFileInteractability: false, timeouts: {implicit: 0, pageLoad: 300000, script: 30000}, unhandledPromptBehavior: dismiss and notify, webauthn:extension:credBlob: true, webauthn:extension:largeBlob: true, webauthn:extension:minPinLength: true, webauthn:extension:prf: true, webauthn:virtualAuthenticators: true}
Session ID: aa9e62ad177cecac4999564efc26dbc7
at java.base/jdk.internal.reflect.DirectConstructorHandleAccessor.newInstance(DirectConstructorHandleAccessor.java:67)
at java.base/java.lang.reflect.Constructor.newInstanceWithCaller(Constructor.java:500)
at java.base/java.lang.reflect.Constructor.newInstance(Constructor.java:484)
at org.openqa.selenium.remote.codec.w3c.W3CHttpResponseCodec.createException(W3CHttpResponseCodec.java:200)
at org.openqa.selenium.remote.codec.w3c.W3CHttpResponseCodec.decode(W3CHttpResponseCodec.java:133)
at org.openqa.selenium.remote.codec.w3c.W3CHttpResponseCodec.decode(W3CHttpResponseCodec.java:52)
at org.openqa.selenium.remote.HttpCommandExecutor.execute(HttpCommandExecutor.java:191)
at org.openqa.selenium.remote.service.DriverCommandExecutor.invokeExecute(DriverCommandExecutor.java:196)
at org.openqa.selenium.remote.service.DriverCommandExecutor.execute(DriverCommandExecutor.java:171)
at org.openqa.selenium.remote.RemoteWebDriver.execute(RemoteWebDriver.java:518)
at org.openqa.selenium.remote.ElementLocation$ElementFinder$2.findElement(ElementLocation.java:165)
at org.openqa.selenium.remote.ElementLocation.findElement(ElementLocation.java:59)
at org.openqa.selenium.remote.RemoteWebDriver.findElement(RemoteWebDriver.java:355)
at org.openqa.selenium.remote.RemoteWebDriver.findElement(RemoteWebDriver.java:349)
at org.openqa.selenium.support.pagefactory.DefaultElementLocator.findElement(DefaultElementLocator.java:68)
at org.openqa.selenium.support.pagefactory.internal.LocatingElementHandler.invoke(LocatingElementHandler.java:38)
at jdk.proxy2/jdk.proxy2.$Proxy28.getText(Unknown Source)
at utils.SeleniumDriver.GetElementText(SeleniumDriver.java:112)
at pages.actions.Mortgages_HelpAndSupport_SupportTailoredToYouActions.getCardPageTitle(Mortgages_HelpAndSupport_SupportTailoredToYouActions.java:67)
at Mortgages_Feature_Steps.Mortgages_HelpAndSupport_SupportTailoredToYouSteps.Clicked_on_link_present_on_the_image_section_and_redirected_to_PageTitle(Mortgages_HelpAndSupport_SupportTailoredToYouSteps.java:47)
at ✽."Bereavement guide" present on the Image Section and redirected to "Bereavement"(file:///C:/CMS_Automation/Co.uk_Suchismita_30_April/Website-Test-Automation-Mithun-branch/src/test/resources/Mortgages_FeatureFiles/Mortgages_HelpAndSupport_SupportTailoredToYou.feature:37)
]]>
    </error>
  </testcase> <!-- runScenario -->
  <system-out/>
  <testcase classname="runners.MortgageRunner" name="runScenario" time="2.336">
    <error message="no such element: Unable to locate element: {&quot;method&quot;:&quot;xpath&quot;,&quot;selector&quot;:&quot;//div[@class=&#039;masthead-text-container&#039;]/h1&quot;}
  (Session info: chrome=118.0.5993.70)
For documentation on this error, please visit: https://www.selenium.dev/documentation/webdriver/troubleshooting/errors#no-such-element-exception
Build info: version: &#039;4.11.0&#039;, revision: &#039;040bc5406b&#039;
System info: os.name: &#039;Windows Server 2019&#039;, os.arch: &#039;amd64&#039;, os.version: &#039;10.0&#039;, java.version: &#039;20.0.1&#039;
Driver info: org.openqa.selenium.chrome.ChromeDriver
Command: [aa9e62ad177cecac4999564efc26dbc7, findElement {using=xpath, value=//div[@class=&#039;masthead-text-container&#039;]/h1}]
Capabilities {acceptInsecureCerts: false, browserName: chrome, browserVersion: 118.0.5993.70, chrome: {chromedriverVersion: 118.0.5993.70 (e52f33f30b91..., userDataDir: C:\Users\MITHUN~1.HN\AppDat...}, fedcm:accounts: true, goog:chromeOptions: {debuggerAddress: localhost:52262}, networkConnectionEnabled: false, pageLoadStrategy: normal, platformName: windows, proxy: Proxy(), se:cdp: ws://localhost:52262/devtoo..., se:cdpVersion: 118.0.5993.70, setWindowRect: true, strictFileInteractability: false, timeouts: {implicit: 0, pageLoad: 300000, script: 30000}, unhandledPromptBehavior: dismiss and notify, webauthn:extension:credBlob: true, webauthn:extension:largeBlob: true, webauthn:extension:minPinLength: true, webauthn:extension:prf: true, webauthn:virtualAuthenticators: true}
Session ID: aa9e62ad177cecac4999564efc26dbc7" type="org.openqa.selenium.NoSuchElementException">
      <![CDATA[org.openqa.selenium.NoSuchElementException: no such element: Unable to locate element: {"method":"xpath","selector":"//div[@class='masthead-text-container']/h1"}
  (Session info: chrome=118.0.5993.70)
For documentation on this error, please visit: https://www.selenium.dev/documentation/webdriver/troubleshooting/errors#no-such-element-exception
Build info: version: '4.11.0', revision: '040bc5406b'
System info: os.name: 'Windows Server 2019', os.arch: 'amd64', os.version: '10.0', java.version: '20.0.1'
Driver info: org.openqa.selenium.chrome.ChromeDriver
Command: [aa9e62ad177cecac4999564efc26dbc7, findElement {using=xpath, value=//div[@class='masthead-text-container']/h1}]
Capabilities {acceptInsecureCerts: false, browserName: chrome, browserVersion: 118.0.5993.70, chrome: {chromedriverVersion: 118.0.5993.70 (e52f33f30b91..., userDataDir: C:\Users\MITHUN~1.HN\AppDat...}, fedcm:accounts: true, goog:chromeOptions: {debuggerAddress: localhost:52262}, networkConnectionEnabled: false, pageLoadStrategy: normal, platformName: windows, proxy: Proxy(), se:cdp: ws://localhost:52262/devtoo..., se:cdpVersion: 118.0.5993.70, setWindowRect: true, strictFileInteractability: false, timeouts: {implicit: 0, pageLoad: 300000, script: 30000}, unhandledPromptBehavior: dismiss and notify, webauthn:extension:credBlob: true, webauthn:extension:largeBlob: true, webauthn:extension:minPinLength: true, webauthn:extension:prf: true, webauthn:virtualAuthenticators: true}
Session ID: aa9e62ad177cecac4999564efc26dbc7
at java.base/jdk.internal.reflect.DirectConstructorHandleAccessor.newInstance(DirectConstructorHandleAccessor.java:67)
at java.base/java.lang.reflect.Constructor.newInstanceWithCaller(Constructor.java:500)
at java.base/java.lang.reflect.Constructor.newInstance(Constructor.java:484)
at org.openqa.selenium.remote.codec.w3c.W3CHttpResponseCodec.createException(W3CHttpResponseCodec.java:200)
at org.openqa.selenium.remote.codec.w3c.W3CHttpResponseCodec.decode(W3CHttpResponseCodec.java:133)
at org.openqa.selenium.remote.codec.w3c.W3CHttpResponseCodec.decode(W3CHttpResponseCodec.java:52)
at org.openqa.selenium.remote.HttpCommandExecutor.execute(HttpCommandExecutor.java:191)
at org.openqa.selenium.remote.service.DriverCommandExecutor.invokeExecute(DriverCommandExecutor.java:196)
at org.openqa.selenium.remote.service.DriverCommandExecutor.execute(DriverCommandExecutor.java:171)
at org.openqa.selenium.remote.RemoteWebDriver.execute(RemoteWebDriver.java:518)
at org.openqa.selenium.remote.ElementLocation$ElementFinder$2.findElement(ElementLocation.java:165)
at org.openqa.selenium.remote.ElementLocation.findElement(ElementLocation.java:59)
at org.openqa.selenium.remote.RemoteWebDriver.findElement(RemoteWebDriver.java:355)
at org.openqa.selenium.remote.RemoteWebDriver.findElement(RemoteWebDriver.java:349)
at org.openqa.selenium.support.pagefactory.DefaultElementLocator.findElement(DefaultElementLocator.java:68)
at org.openqa.selenium.support.pagefactory.internal.LocatingElementHandler.invoke(LocatingElementHandler.java:38)
at jdk.proxy2/jdk.proxy2.$Proxy28.getText(Unknown Source)
at utils.SeleniumDriver.GetElementText(SeleniumDriver.java:112)
at pages.actions.Mortgages_MortgagesHelpAndSupport_FeesStatementsAndBalancesActions.getPagetitle(Mortgages_MortgagesHelpAndSupport_FeesStatementsAndBalancesActions.java:117)
at Mortgages_Feature_Steps.Mortgages_MortgagesHelpAndSupport_FeesStatementsAndBalancesSteps.redirected_to_PageTitle(Mortgages_MortgagesHelpAndSupport_FeesStatementsAndBalancesSteps.java:73)
at ✽.redirected to "Mortgage FAQs"(file:///C:/CMS_Automation/Co.uk_Suchismita_30_April/Website-Test-Automation-Mithun-branch/src/test/resources/Mortgages_FeatureFiles/Mortgages_MortgagesHelpAndSupport_FeesStatementsAndBalances.feature:60)
]]>
    </error>
  </testcase> <!-- runScenario -->
  <system-out/>
  <testcase classname="runners.MortgageRunner" name="runScenario" time="0.854">
    <error message="The step &#039;I click to Mortgages dropdown option&#039; is undefined.
You can implement this step using the snippet(s) below:

@When(&quot;I click to Mortgages dropdown option&quot;)
public void i_click_to_mortgages_dropdown_option() {
    // Write code here that turns the phrase above into concrete actions
    throw new io.cucumber.java.PendingException();
}
" type="io.cucumber.testng.UndefinedStepException">
      <![CDATA[io.cucumber.testng.UndefinedStepException: The step 'I click to Mortgages dropdown option' is undefined.
You can implement this step using the snippet(s) below:

@When("I click to Mortgages dropdown option")
public void i_click_to_mortgages_dropdown_option() {
    // Write code here that turns the phrase above into concrete actions
    throw new io.cucumber.java.PendingException();
}

at io.cucumber.core.runtime.TestCaseResultObserver.assertTestCasePassed(TestCaseResultObserver.java:69)
at io.cucumber.testng.TestCaseResultObserver.assertTestCasePassed(TestCaseResultObserver.java:23)
at io.cucumber.testng.TestNGCucumberRunner.lambda$runScenario$0(TestNGCucumberRunner.java:118)
at io.cucumber.core.runtime.CucumberExecutionContext.runTestCase(CucumberExecutionContext.java:117)
at io.cucumber.testng.TestNGCucumberRunner.runScenario(TestNGCucumberRunner.java:114)
at io.cucumber.testng.AbstractTestNGCucumberTests.runScenario(AbstractTestNGCucumberTests.java:31)
at java.base/jdk.internal.reflect.DirectMethodHandleAccessor.invoke(DirectMethodHandleAccessor.java:104)
at java.base/java.lang.reflect.Method.invoke(Method.java:578)
at org.testng.internal.MethodInvocationHelper.invokeMethod(MethodInvocationHelper.java:133)
at org.testng.internal.TestInvoker.invokeMethod(TestInvoker.java:598)
at org.testng.internal.TestInvoker.invokeTestMethod(TestInvoker.java:173)
at org.testng.internal.MethodRunner.runInSequence(MethodRunner.java:46)
at org.testng.internal.TestInvoker$MethodInvocationAgent.invoke(TestInvoker.java:824)
at org.testng.internal.TestInvoker.invokeTestMethods(TestInvoker.java:146)
at org.testng.internal.TestMethodWorker.invokeTestMethods(TestMethodWorker.java:146)
at org.testng.internal.TestMethodWorker.run(TestMethodWorker.java:128)
at java.base/java.util.ArrayList.forEach(ArrayList.java:1511)
at org.testng.TestRunner.privateRun(TestRunner.java:794)
at org.testng.TestRunner.run(TestRunner.java:596)
at org.testng.SuiteRunner.runTest(SuiteRunner.java:377)
at org.testng.SuiteRunner.runSequentially(SuiteRunner.java:371)
at org.testng.SuiteRunner.privateRun(SuiteRunner.java:332)
at org.testng.SuiteRunner.run(SuiteRunner.java:276)
at org.testng.SuiteRunnerWorker.runSuite(SuiteRunnerWorker.java:53)
at org.testng.SuiteRunnerWorker.run(SuiteRunnerWorker.java:96)
at org.testng.TestNG.runSuitesSequentially(TestNG.java:1212)
at org.testng.TestNG.runSuitesLocally(TestNG.java:1134)
at org.testng.TestNG.runSuites(TestNG.java:1063)
at org.testng.TestNG.run(TestNG.java:1031)
at org.testng.remote.AbstractRemoteTestNG.run(AbstractRemoteTestNG.java:115)
at org.testng.remote.RemoteTestNG.initAndRun(RemoteTestNG.java:251)
at org.testng.remote.RemoteTestNG.main(RemoteTestNG.java:77)
]]>
    </error>
  </testcase> <!-- runScenario -->
  <system-out/>
  <testcase classname="runners.MortgageRunner" name="runScenario" time="1.783"/>
  <system-out/>
  <testcase classname="runners.MortgageRunner" name="runScenario" time="1.651"/>
  <system-out/>
  <testcase classname="runners.MortgageRunner" name="runScenario" time="0.801">
    <error message="The step &#039;I navigate to Remortgaging page&#039; and 3 other step(s) are undefined.
You can implement these steps using the snippet(s) below:

@When(&quot;I navigate to Remortgaging page&quot;)
public void i_navigate_to_remortgaging_page() {
    // Write code here that turns the phrase above into concrete actions
    throw new io.cucumber.java.PendingException();
}
@Then(&quot;I navigate to {string} accordion&quot;)
public void i_navigate_to_accordion(String string) {
    // Write code here that turns the phrase above into concrete actions
    throw new io.cucumber.java.PendingException();
}
@Then(&quot;I should see the {string} header&quot;)
public void i_should_see_the_header(String string) {
    // Write code here that turns the phrase above into concrete actions
    throw new io.cucumber.java.PendingException();
}
@Then(&quot;I should be able to click on {string} I should be able to expand and collapse the content&quot;)
public void i_should_be_able_to_click_on_i_should_be_able_to_expand_and_collapse_the_content(String string) {
    // Write code here that turns the phrase above into concrete actions
    throw new io.cucumber.java.PendingException();
}
" type="io.cucumber.testng.UndefinedStepException">
      <![CDATA[io.cucumber.testng.UndefinedStepException: The step 'I navigate to Remortgaging page' and 3 other step(s) are undefined.
You can implement these steps using the snippet(s) below:

@When("I navigate to Remortgaging page")
public void i_navigate_to_remortgaging_page() {
    // Write code here that turns the phrase above into concrete actions
    throw new io.cucumber.java.PendingException();
}
@Then("I navigate to {string} accordion")
public void i_navigate_to_accordion(String string) {
    // Write code here that turns the phrase above into concrete actions
    throw new io.cucumber.java.PendingException();
}
@Then("I should see the {string} header")
public void i_should_see_the_header(String string) {
    // Write code here that turns the phrase above into concrete actions
    throw new io.cucumber.java.PendingException();
}
@Then("I should be able to click on {string} I should be able to expand and collapse the content")
public void i_should_be_able_to_click_on_i_should_be_able_to_expand_and_collapse_the_content(String string) {
    // Write code here that turns the phrase above into concrete actions
    throw new io.cucumber.java.PendingException();
}

at io.cucumber.core.runtime.TestCaseResultObserver.assertTestCasePassed(TestCaseResultObserver.java:69)
at io.cucumber.testng.TestCaseResultObserver.assertTestCasePassed(TestCaseResultObserver.java:23)
at io.cucumber.testng.TestNGCucumberRunner.lambda$runScenario$0(TestNGCucumberRunner.java:118)
at io.cucumber.core.runtime.CucumberExecutionContext.runTestCase(CucumberExecutionContext.java:117)
at io.cucumber.testng.TestNGCucumberRunner.runScenario(TestNGCucumberRunner.java:114)
at io.cucumber.testng.AbstractTestNGCucumberTests.runScenario(AbstractTestNGCucumberTests.java:31)
at java.base/jdk.internal.reflect.DirectMethodHandleAccessor.invoke(DirectMethodHandleAccessor.java:104)
at java.base/java.lang.reflect.Method.invoke(Method.java:578)
at org.testng.internal.MethodInvocationHelper.invokeMethod(MethodInvocationHelper.java:133)
at org.testng.internal.TestInvoker.invokeMethod(TestInvoker.java:598)
at org.testng.internal.TestInvoker.invokeTestMethod(TestInvoker.java:173)
at org.testng.internal.MethodRunner.runInSequence(MethodRunner.java:46)
at org.testng.internal.TestInvoker$MethodInvocationAgent.invoke(TestInvoker.java:824)
at org.testng.internal.TestInvoker.invokeTestMethods(TestInvoker.java:146)
at org.testng.internal.TestMethodWorker.invokeTestMethods(TestMethodWorker.java:146)
at org.testng.internal.TestMethodWorker.run(TestMethodWorker.java:128)
at java.base/java.util.ArrayList.forEach(ArrayList.java:1511)
at org.testng.TestRunner.privateRun(TestRunner.java:794)
at org.testng.TestRunner.run(TestRunner.java:596)
at org.testng.SuiteRunner.runTest(SuiteRunner.java:377)
at org.testng.SuiteRunner.runSequentially(SuiteRunner.java:371)
at org.testng.SuiteRunner.privateRun(SuiteRunner.java:332)
at org.testng.SuiteRunner.run(SuiteRunner.java:276)
at org.testng.SuiteRunnerWorker.runSuite(SuiteRunnerWorker.java:53)
at org.testng.SuiteRunnerWorker.run(SuiteRunnerWorker.java:96)
at org.testng.TestNG.runSuitesSequentially(TestNG.java:1212)
at org.testng.TestNG.runSuitesLocally(TestNG.java:1134)
at org.testng.TestNG.runSuites(TestNG.java:1063)
at org.testng.TestNG.run(TestNG.java:1031)
at org.testng.remote.AbstractRemoteTestNG.run(AbstractRemoteTestNG.java:115)
at org.testng.remote.RemoteTestNG.initAndRun(RemoteTestNG.java:251)
at org.testng.remote.RemoteTestNG.main(RemoteTestNG.java:77)
]]>
    </error>
  </testcase> <!-- runScenario -->
  <system-out/>
  <testcase classname="runners.MortgageRunner" name="runScenario" time="1.883"/>
  <system-out/>
  <testcase classname="runners.MortgageRunner" name="runScenario" time="2.652">
    <error message="no such element: Unable to locate element: {&quot;method&quot;:&quot;xpath&quot;,&quot;selector&quot;:&quot;//div[@class=&#039;masthead-small-text-container&#039;]/h1&quot;}
  (Session info: chrome=118.0.5993.70)
For documentation on this error, please visit: https://www.selenium.dev/documentation/webdriver/troubleshooting/errors#no-such-element-exception
Build info: version: &#039;4.11.0&#039;, revision: &#039;040bc5406b&#039;
System info: os.name: &#039;Windows Server 2019&#039;, os.arch: &#039;amd64&#039;, os.version: &#039;10.0&#039;, java.version: &#039;20.0.1&#039;
Driver info: org.openqa.selenium.chrome.ChromeDriver
Command: [aa9e62ad177cecac4999564efc26dbc7, findElement {using=xpath, value=//div[@class=&#039;masthead-small-text-container&#039;]/h1}]
Capabilities {acceptInsecureCerts: false, browserName: chrome, browserVersion: 118.0.5993.70, chrome: {chromedriverVersion: 118.0.5993.70 (e52f33f30b91..., userDataDir: C:\Users\MITHUN~1.HN\AppDat...}, fedcm:accounts: true, goog:chromeOptions: {debuggerAddress: localhost:52262}, networkConnectionEnabled: false, pageLoadStrategy: normal, platformName: windows, proxy: Proxy(), se:cdp: ws://localhost:52262/devtoo..., se:cdpVersion: 118.0.5993.70, setWindowRect: true, strictFileInteractability: false, timeouts: {implicit: 0, pageLoad: 300000, script: 30000}, unhandledPromptBehavior: dismiss and notify, webauthn:extension:credBlob: true, webauthn:extension:largeBlob: true, webauthn:extension:minPinLength: true, webauthn:extension:prf: true, webauthn:virtualAuthenticators: true}
Session ID: aa9e62ad177cecac4999564efc26dbc7" type="org.openqa.selenium.NoSuchElementException">
      <![CDATA[org.openqa.selenium.NoSuchElementException: no such element: Unable to locate element: {"method":"xpath","selector":"//div[@class='masthead-small-text-container']/h1"}
  (Session info: chrome=118.0.5993.70)
For documentation on this error, please visit: https://www.selenium.dev/documentation/webdriver/troubleshooting/errors#no-such-element-exception
Build info: version: '4.11.0', revision: '040bc5406b'
System info: os.name: 'Windows Server 2019', os.arch: 'amd64', os.version: '10.0', java.version: '20.0.1'
Driver info: org.openqa.selenium.chrome.ChromeDriver
Command: [aa9e62ad177cecac4999564efc26dbc7, findElement {using=xpath, value=//div[@class='masthead-small-text-container']/h1}]
Capabilities {acceptInsecureCerts: false, browserName: chrome, browserVersion: 118.0.5993.70, chrome: {chromedriverVersion: 118.0.5993.70 (e52f33f30b91..., userDataDir: C:\Users\MITHUN~1.HN\AppDat...}, fedcm:accounts: true, goog:chromeOptions: {debuggerAddress: localhost:52262}, networkConnectionEnabled: false, pageLoadStrategy: normal, platformName: windows, proxy: Proxy(), se:cdp: ws://localhost:52262/devtoo..., se:cdpVersion: 118.0.5993.70, setWindowRect: true, strictFileInteractability: false, timeouts: {implicit: 0, pageLoad: 300000, script: 30000}, unhandledPromptBehavior: dismiss and notify, webauthn:extension:credBlob: true, webauthn:extension:largeBlob: true, webauthn:extension:minPinLength: true, webauthn:extension:prf: true, webauthn:virtualAuthenticators: true}
Session ID: aa9e62ad177cecac4999564efc26dbc7
at java.base/jdk.internal.reflect.DirectConstructorHandleAccessor.newInstance(DirectConstructorHandleAccessor.java:67)
at java.base/java.lang.reflect.Constructor.newInstanceWithCaller(Constructor.java:500)
at java.base/java.lang.reflect.Constructor.newInstance(Constructor.java:484)
at org.openqa.selenium.remote.codec.w3c.W3CHttpResponseCodec.createException(W3CHttpResponseCodec.java:200)
at org.openqa.selenium.remote.codec.w3c.W3CHttpResponseCodec.decode(W3CHttpResponseCodec.java:133)
at org.openqa.selenium.remote.codec.w3c.W3CHttpResponseCodec.decode(W3CHttpResponseCodec.java:52)
at org.openqa.selenium.remote.HttpCommandExecutor.execute(HttpCommandExecutor.java:191)
at org.openqa.selenium.remote.service.DriverCommandExecutor.invokeExecute(DriverCommandExecutor.java:196)
at org.openqa.selenium.remote.service.DriverCommandExecutor.execute(DriverCommandExecutor.java:171)
at org.openqa.selenium.remote.RemoteWebDriver.execute(RemoteWebDriver.java:518)
at org.openqa.selenium.remote.ElementLocation$ElementFinder$2.findElement(ElementLocation.java:165)
at org.openqa.selenium.remote.ElementLocation.findElement(ElementLocation.java:59)
at org.openqa.selenium.remote.RemoteWebDriver.findElement(RemoteWebDriver.java:355)
at org.openqa.selenium.remote.RemoteWebDriver.findElement(RemoteWebDriver.java:349)
at org.openqa.selenium.support.pagefactory.DefaultElementLocator.findElement(DefaultElementLocator.java:68)
at org.openqa.selenium.support.pagefactory.internal.LocatingElementHandler.invoke(LocatingElementHandler.java:38)
at jdk.proxy2/jdk.proxy2.$Proxy28.getText(Unknown Source)
at utils.SeleniumDriver.GetElementText(SeleniumDriver.java:112)
at pages.actions.Mortgages_MortgagesHelpAndSupport_FeesStatementsAndBalancesActions.getPagetitle(Mortgages_MortgagesHelpAndSupport_FeesStatementsAndBalancesActions.java:113)
at Mortgages_Feature_Steps.Mortgages_MortgagesHelpAndSupport_FeesStatementsAndBalancesSteps.redirected_to_PageTitle(Mortgages_MortgagesHelpAndSupport_FeesStatementsAndBalancesSteps.java:73)
at ✽.redirected to "Mortgages help and support"(file:///C:/CMS_Automation/Co.uk_Suchismita_30_April/Website-Test-Automation-Mithun-branch/src/test/resources/Mortgages_FeatureFiles/Mortgages_MortgagesHelpAndSupport_FeesStatementsAndBalances.feature:60)
]]>
    </error>
  </testcase> <!-- runScenario -->
  <system-out/>
  <testcase classname="runners.MortgageRunner" name="runScenario" time="1.805"/>
  <system-out/>
  <testcase classname="runners.MortgageRunner" name="runScenario" time="0.829">
    <error message="The step &#039;I navigate to Remortgaging page&#039; and 3 other step(s) are undefined.
You can implement these steps using the snippet(s) below:

@When(&quot;I navigate to Remortgaging page&quot;)
public void i_navigate_to_remortgaging_page() {
    // Write code here that turns the phrase above into concrete actions
    throw new io.cucumber.java.PendingException();
}
@Then(&quot;I navigate to {string} accordion&quot;)
public void i_navigate_to_accordion(String string) {
    // Write code here that turns the phrase above into concrete actions
    throw new io.cucumber.java.PendingException();
}
@Then(&quot;I should see the {string} header&quot;)
public void i_should_see_the_header(String string) {
    // Write code here that turns the phrase above into concrete actions
    throw new io.cucumber.java.PendingException();
}
@Then(&quot;I should be able to click on {string} I should be able to expand and collapse the content&quot;)
public void i_should_be_able_to_click_on_i_should_be_able_to_expand_and_collapse_the_content(String string) {
    // Write code here that turns the phrase above into concrete actions
    throw new io.cucumber.java.PendingException();
}
" type="io.cucumber.testng.UndefinedStepException">
      <![CDATA[io.cucumber.testng.UndefinedStepException: The step 'I navigate to Remortgaging page' and 3 other step(s) are undefined.
You can implement these steps using the snippet(s) below:

@When("I navigate to Remortgaging page")
public void i_navigate_to_remortgaging_page() {
    // Write code here that turns the phrase above into concrete actions
    throw new io.cucumber.java.PendingException();
}
@Then("I navigate to {string} accordion")
public void i_navigate_to_accordion(String string) {
    // Write code here that turns the phrase above into concrete actions
    throw new io.cucumber.java.PendingException();
}
@Then("I should see the {string} header")
public void i_should_see_the_header(String string) {
    // Write code here that turns the phrase above into concrete actions
    throw new io.cucumber.java.PendingException();
}
@Then("I should be able to click on {string} I should be able to expand and collapse the content")
public void i_should_be_able_to_click_on_i_should_be_able_to_expand_and_collapse_the_content(String string) {
    // Write code here that turns the phrase above into concrete actions
    throw new io.cucumber.java.PendingException();
}

at io.cucumber.core.runtime.TestCaseResultObserver.assertTestCasePassed(TestCaseResultObserver.java:69)
at io.cucumber.testng.TestCaseResultObserver.assertTestCasePassed(TestCaseResultObserver.java:23)
at io.cucumber.testng.TestNGCucumberRunner.lambda$runScenario$0(TestNGCucumberRunner.java:118)
at io.cucumber.core.runtime.CucumberExecutionContext.runTestCase(CucumberExecutionContext.java:117)
at io.cucumber.testng.TestNGCucumberRunner.runScenario(TestNGCucumberRunner.java:114)
at io.cucumber.testng.AbstractTestNGCucumberTests.runScenario(AbstractTestNGCucumberTests.java:31)
at java.base/jdk.internal.reflect.DirectMethodHandleAccessor.invoke(DirectMethodHandleAccessor.java:104)
at java.base/java.lang.reflect.Method.invoke(Method.java:578)
at org.testng.internal.MethodInvocationHelper.invokeMethod(MethodInvocationHelper.java:133)
at org.testng.internal.TestInvoker.invokeMethod(TestInvoker.java:598)
at org.testng.internal.TestInvoker.invokeTestMethod(TestInvoker.java:173)
at org.testng.internal.MethodRunner.runInSequence(MethodRunner.java:46)
at org.testng.internal.TestInvoker$MethodInvocationAgent.invoke(TestInvoker.java:824)
at org.testng.internal.TestInvoker.invokeTestMethods(TestInvoker.java:146)
at org.testng.internal.TestMethodWorker.invokeTestMethods(TestMethodWorker.java:146)
at org.testng.internal.TestMethodWorker.run(TestMethodWorker.java:128)
at java.base/java.util.ArrayList.forEach(ArrayList.java:1511)
at org.testng.TestRunner.privateRun(TestRunner.java:794)
at org.testng.TestRunner.run(TestRunner.java:596)
at org.testng.SuiteRunner.runTest(SuiteRunner.java:377)
at org.testng.SuiteRunner.runSequentially(SuiteRunner.java:371)
at org.testng.SuiteRunner.privateRun(SuiteRunner.java:332)
at org.testng.SuiteRunner.run(SuiteRunner.java:276)
at org.testng.SuiteRunnerWorker.runSuite(SuiteRunnerWorker.java:53)
at org.testng.SuiteRunnerWorker.run(SuiteRunnerWorker.java:96)
at org.testng.TestNG.runSuitesSequentially(TestNG.java:1212)
at org.testng.TestNG.runSuitesLocally(TestNG.java:1134)
at org.testng.TestNG.runSuites(TestNG.java:1063)
at org.testng.TestNG.run(TestNG.java:1031)
at org.testng.remote.AbstractRemoteTestNG.run(AbstractRemoteTestNG.java:115)
at org.testng.remote.RemoteTestNG.initAndRun(RemoteTestNG.java:251)
at org.testng.remote.RemoteTestNG.main(RemoteTestNG.java:77)
]]>
    </error>
  </testcase> <!-- runScenario -->
  <system-out/>
  <testcase classname="runners.MortgageRunner" name="runScenario" time="1.801"/>
  <system-out/>
  <testcase classname="runners.MortgageRunner" name="runScenario" time="3.349">
    <error message="no such element: Unable to locate element: {&quot;method&quot;:&quot;xpath&quot;,&quot;selector&quot;:&quot;//*[@id=&#039;ways-to-pay&#039;]/article/div/h2&quot;}
  (Session info: chrome=118.0.5993.70)
For documentation on this error, please visit: https://www.selenium.dev/documentation/webdriver/troubleshooting/errors#no-such-element-exception
Build info: version: &#039;4.11.0&#039;, revision: &#039;040bc5406b&#039;
System info: os.name: &#039;Windows Server 2019&#039;, os.arch: &#039;amd64&#039;, os.version: &#039;10.0&#039;, java.version: &#039;20.0.1&#039;
Driver info: org.openqa.selenium.chrome.ChromeDriver
Command: [aa9e62ad177cecac4999564efc26dbc7, findElement {using=xpath, value=//*[@id=&#039;ways-to-pay&#039;]/article/div/h2}]
Capabilities {acceptInsecureCerts: false, browserName: chrome, browserVersion: 118.0.5993.70, chrome: {chromedriverVersion: 118.0.5993.70 (e52f33f30b91..., userDataDir: C:\Users\MITHUN~1.HN\AppDat...}, fedcm:accounts: true, goog:chromeOptions: {debuggerAddress: localhost:52262}, networkConnectionEnabled: false, pageLoadStrategy: normal, platformName: windows, proxy: Proxy(), se:cdp: ws://localhost:52262/devtoo..., se:cdpVersion: 118.0.5993.70, setWindowRect: true, strictFileInteractability: false, timeouts: {implicit: 0, pageLoad: 300000, script: 30000}, unhandledPromptBehavior: dismiss and notify, webauthn:extension:credBlob: true, webauthn:extension:largeBlob: true, webauthn:extension:minPinLength: true, webauthn:extension:prf: true, webauthn:virtualAuthenticators: true}
Session ID: aa9e62ad177cecac4999564efc26dbc7" type="org.openqa.selenium.NoSuchElementException">
      <![CDATA[org.openqa.selenium.NoSuchElementException: no such element: Unable to locate element: {"method":"xpath","selector":"//*[@id='ways-to-pay']/article/div/h2"}
  (Session info: chrome=118.0.5993.70)
For documentation on this error, please visit: https://www.selenium.dev/documentation/webdriver/troubleshooting/errors#no-such-element-exception
Build info: version: '4.11.0', revision: '040bc5406b'
System info: os.name: 'Windows Server 2019', os.arch: 'amd64', os.version: '10.0', java.version: '20.0.1'
Driver info: org.openqa.selenium.chrome.ChromeDriver
Command: [aa9e62ad177cecac4999564efc26dbc7, findElement {using=xpath, value=//*[@id='ways-to-pay']/article/div/h2}]
Capabilities {acceptInsecureCerts: false, browserName: chrome, browserVersion: 118.0.5993.70, chrome: {chromedriverVersion: 118.0.5993.70 (e52f33f30b91..., userDataDir: C:\Users\MITHUN~1.HN\AppDat...}, fedcm:accounts: true, goog:chromeOptions: {debuggerAddress: localhost:52262}, networkConnectionEnabled: false, pageLoadStrategy: normal, platformName: windows, proxy: Proxy(), se:cdp: ws://localhost:52262/devtoo..., se:cdpVersion: 118.0.5993.70, setWindowRect: true, strictFileInteractability: false, timeouts: {implicit: 0, pageLoad: 300000, script: 30000}, unhandledPromptBehavior: dismiss and notify, webauthn:extension:credBlob: true, webauthn:extension:largeBlob: true, webauthn:extension:minPinLength: true, webauthn:extension:prf: true, webauthn:virtualAuthenticators: true}
Session ID: aa9e62ad177cecac4999564efc26dbc7
at java.base/jdk.internal.reflect.DirectConstructorHandleAccessor.newInstance(DirectConstructorHandleAccessor.java:67)
at java.base/java.lang.reflect.Constructor.newInstanceWithCaller(Constructor.java:500)
at java.base/java.lang.reflect.Constructor.newInstance(Constructor.java:484)
at org.openqa.selenium.remote.codec.w3c.W3CHttpResponseCodec.createException(W3CHttpResponseCodec.java:200)
at org.openqa.selenium.remote.codec.w3c.W3CHttpResponseCodec.decode(W3CHttpResponseCodec.java:133)
at org.openqa.selenium.remote.codec.w3c.W3CHttpResponseCodec.decode(W3CHttpResponseCodec.java:52)
at org.openqa.selenium.remote.HttpCommandExecutor.execute(HttpCommandExecutor.java:191)
at org.openqa.selenium.remote.service.DriverCommandExecutor.invokeExecute(DriverCommandExecutor.java:196)
at org.openqa.selenium.remote.service.DriverCommandExecutor.execute(DriverCommandExecutor.java:171)
at org.openqa.selenium.remote.RemoteWebDriver.execute(RemoteWebDriver.java:518)
at org.openqa.selenium.remote.ElementLocation$ElementFinder$2.findElement(ElementLocation.java:165)
at org.openqa.selenium.remote.ElementLocation.findElement(ElementLocation.java:59)
at org.openqa.selenium.remote.RemoteWebDriver.findElement(RemoteWebDriver.java:355)
at org.openqa.selenium.remote.RemoteWebDriver.findElement(RemoteWebDriver.java:349)
at org.openqa.selenium.support.pagefactory.DefaultElementLocator.findElement(DefaultElementLocator.java:68)
at org.openqa.selenium.support.pagefactory.internal.LocatingElementHandler.invoke(LocatingElementHandler.java:38)
at jdk.proxy2/jdk.proxy2.$Proxy28.getText(Unknown Source)
at utils.SeleniumDriver.GetElementText(SeleniumDriver.java:112)
at pages.actions.Mortgages_MortgagesHelpAndSupport_PaymentsActions.getImageSectionHeader(Mortgages_MortgagesHelpAndSupport_PaymentsActions.java:51)
at Mortgages_Feature_Steps.Mortgages_MortgagesHelpAndSupport_PaymentsSteps.i_should_see_the_ImageSection_header_on_the_page(Mortgages_MortgagesHelpAndSupport_PaymentsSteps.java:66)
at ✽.I should see the "Ways to pay" header on the page(file:///C:/CMS_Automation/Co.uk_Suchismita_30_April/Website-Test-Automation-Mithun-branch/src/test/resources/Mortgages_FeatureFiles/Mortgages_MortgagesHelpAndSupport_Payments.feature:50)
]]>
    </error>
  </testcase> <!-- runScenario -->
  <system-out/>
  <testcase classname="runners.MortgageRunner" name="runScenario" time="1.769"/>
  <system-out/>
  <testcase classname="runners.MortgageRunner" name="runScenario" time="1.913">
    <failure message="expected [Fees, statements and balances] but found [Switching your mortgage]" type="java.lang.AssertionError">
      <![CDATA[java.lang.AssertionError: expected [Fees, statements and balances] but found [Switching your mortgage]
at org.testng.Assert.fail(Assert.java:99)
at org.testng.Assert.failNotEquals(Assert.java:1037)
at org.testng.Assert.assertEqualsImpl(Assert.java:140)
at org.testng.Assert.assertEquals(Assert.java:122)
at org.testng.Assert.assertEquals(Assert.java:629)
at org.testng.Assert.assertEquals(Assert.java:639)
at Mortgages_Feature_Steps.Mortgages_HelpandSupport_MortgagesHelpAndSupportSteps.i_see_PageTitle_present_on_the_page(Mortgages_HelpandSupport_MortgagesHelpAndSupportSteps.java:42)
at ✽.I see "Fees, statements and balances" present on the page(file:///C:/CMS_Automation/Co.uk_Suchismita_30_April/Website-Test-Automation-Mithun-branch/src/test/resources/Mortgages_FeatureFiles/Mortgages_HelpandSupport_MortgagesHelpandSupport.feature:25)
]]>
    </failure>
  </testcase> <!-- runScenario -->
  <system-out/>
  <testcase classname="runners.MortgageRunner" name="runScenario" time="2.733">
    <error message="no such element: Unable to locate element: {&quot;method&quot;:&quot;xpath&quot;,&quot;selector&quot;:&quot;//*[@class=&quot;umb-block__root  &quot;]/div[1]/h2[contains(text(),&#039;Commercial mortgage customers&#039;)]&quot;}
  (Session info: chrome=118.0.5993.70)
For documentation on this error, please visit: https://www.selenium.dev/documentation/webdriver/troubleshooting/errors#no-such-element-exception
Build info: version: &#039;4.11.0&#039;, revision: &#039;040bc5406b&#039;
System info: os.name: &#039;Windows Server 2019&#039;, os.arch: &#039;amd64&#039;, os.version: &#039;10.0&#039;, java.version: &#039;20.0.1&#039;
Driver info: org.openqa.selenium.chrome.ChromeDriver
Command: [aa9e62ad177cecac4999564efc26dbc7, findElement {using=xpath, value=//*[@class=&quot;umb-block__root  &quot;]/div[1]/h2[contains(text(),&#039;Commercial mortgage customers&#039;)]}]
Capabilities {acceptInsecureCerts: false, browserName: chrome, browserVersion: 118.0.5993.70, chrome: {chromedriverVersion: 118.0.5993.70 (e52f33f30b91..., userDataDir: C:\Users\MITHUN~1.HN\AppDat...}, fedcm:accounts: true, goog:chromeOptions: {debuggerAddress: localhost:52262}, networkConnectionEnabled: false, pageLoadStrategy: normal, platformName: windows, proxy: Proxy(), se:cdp: ws://localhost:52262/devtoo..., se:cdpVersion: 118.0.5993.70, setWindowRect: true, strictFileInteractability: false, timeouts: {implicit: 0, pageLoad: 300000, script: 30000}, unhandledPromptBehavior: dismiss and notify, webauthn:extension:credBlob: true, webauthn:extension:largeBlob: true, webauthn:extension:minPinLength: true, webauthn:extension:prf: true, webauthn:virtualAuthenticators: true}
Session ID: aa9e62ad177cecac4999564efc26dbc7" type="org.openqa.selenium.NoSuchElementException">
      <![CDATA[org.openqa.selenium.NoSuchElementException: no such element: Unable to locate element: {"method":"xpath","selector":"//*[@class="umb-block__root  "]/div[1]/h2[contains(text(),'Commercial mortgage customers')]"}
  (Session info: chrome=118.0.5993.70)
For documentation on this error, please visit: https://www.selenium.dev/documentation/webdriver/troubleshooting/errors#no-such-element-exception
Build info: version: '4.11.0', revision: '040bc5406b'
System info: os.name: 'Windows Server 2019', os.arch: 'amd64', os.version: '10.0', java.version: '20.0.1'
Driver info: org.openqa.selenium.chrome.ChromeDriver
Command: [aa9e62ad177cecac4999564efc26dbc7, findElement {using=xpath, value=//*[@class="umb-block__root  "]/div[1]/h2[contains(text(),'Commercial mortgage customers')]}]
Capabilities {acceptInsecureCerts: false, browserName: chrome, browserVersion: 118.0.5993.70, chrome: {chromedriverVersion: 118.0.5993.70 (e52f33f30b91..., userDataDir: C:\Users\MITHUN~1.HN\AppDat...}, fedcm:accounts: true, goog:chromeOptions: {debuggerAddress: localhost:52262}, networkConnectionEnabled: false, pageLoadStrategy: normal, platformName: windows, proxy: Proxy(), se:cdp: ws://localhost:52262/devtoo..., se:cdpVersion: 118.0.5993.70, setWindowRect: true, strictFileInteractability: false, timeouts: {implicit: 0, pageLoad: 300000, script: 30000}, unhandledPromptBehavior: dismiss and notify, webauthn:extension:credBlob: true, webauthn:extension:largeBlob: true, webauthn:extension:minPinLength: true, webauthn:extension:prf: true, webauthn:virtualAuthenticators: true}
Session ID: aa9e62ad177cecac4999564efc26dbc7
at java.base/jdk.internal.reflect.DirectConstructorHandleAccessor.newInstance(DirectConstructorHandleAccessor.java:67)
at java.base/java.lang.reflect.Constructor.newInstanceWithCaller(Constructor.java:500)
at java.base/java.lang.reflect.Constructor.newInstance(Constructor.java:484)
at org.openqa.selenium.remote.codec.w3c.W3CHttpResponseCodec.createException(W3CHttpResponseCodec.java:200)
at org.openqa.selenium.remote.codec.w3c.W3CHttpResponseCodec.decode(W3CHttpResponseCodec.java:133)
at org.openqa.selenium.remote.codec.w3c.W3CHttpResponseCodec.decode(W3CHttpResponseCodec.java:52)
at org.openqa.selenium.remote.HttpCommandExecutor.execute(HttpCommandExecutor.java:191)
at org.openqa.selenium.remote.service.DriverCommandExecutor.invokeExecute(DriverCommandExecutor.java:196)
at org.openqa.selenium.remote.service.DriverCommandExecutor.execute(DriverCommandExecutor.java:171)
at org.openqa.selenium.remote.RemoteWebDriver.execute(RemoteWebDriver.java:518)
at org.openqa.selenium.remote.ElementLocation$ElementFinder$2.findElement(ElementLocation.java:165)
at org.openqa.selenium.remote.ElementLocation.findElement(ElementLocation.java:59)
at org.openqa.selenium.remote.RemoteWebDriver.findElement(RemoteWebDriver.java:355)
at org.openqa.selenium.remote.RemoteWebDriver.findElement(RemoteWebDriver.java:349)
at org.openqa.selenium.support.pagefactory.DefaultElementLocator.findElement(DefaultElementLocator.java:68)
at org.openqa.selenium.support.pagefactory.internal.LocatingElementHandler.invoke(LocatingElementHandler.java:38)
at jdk.proxy2/jdk.proxy2.$Proxy28.getText(Unknown Source)
at pages.actions.Mortgages_MortagagesHelpAndSupport_ContactUsActions.getSubheaderTitle(Mortgages_MortagagesHelpAndSupport_ContactUsActions.java:35)
at Mortgages_Feature_Steps.Mortgages_MortagagesHelpAndSupport_ContactUsSteps.I_will_see_the_subheader_on_the_page(Mortgages_MortagagesHelpAndSupport_ContactUsSteps.java:40)
at ✽."Commercial mortgage customers" will be present on the page(file:///C:/CMS_Automation/Co.uk_Suchismita_30_April/Website-Test-Automation-Mithun-branch/src/test/resources/Mortgages_FeatureFiles/Mortgages_MortagagesHelpAndSupport_ContactUs.feature:25)
]]>
    </error>
  </testcase> <!-- runScenario -->
  <system-out/>
  <testcase classname="runners.MortgageRunner" name="runScenario" time="2.002"/>
  <system-out/>
  <testcase classname="runners.MortgageRunner" name="runScenario" time="3.440">
    <error message="no such element: Unable to locate element: {&quot;method&quot;:&quot;xpath&quot;,&quot;selector&quot;:&quot;//*[@class=&#039;umb-block__root margin-bottom &#039;]/a&quot;}
  (Session info: chrome=118.0.5993.70)
For documentation on this error, please visit: https://www.selenium.dev/documentation/webdriver/troubleshooting/errors#no-such-element-exception
Build info: version: &#039;4.11.0&#039;, revision: &#039;040bc5406b&#039;
System info: os.name: &#039;Windows Server 2019&#039;, os.arch: &#039;amd64&#039;, os.version: &#039;10.0&#039;, java.version: &#039;20.0.1&#039;
Driver info: org.openqa.selenium.chrome.ChromeDriver
Command: [aa9e62ad177cecac4999564efc26dbc7, findElement {using=xpath, value=//*[@class=&#039;umb-block__root margin-bottom &#039;]/a}]
Capabilities {acceptInsecureCerts: false, browserName: chrome, browserVersion: 118.0.5993.70, chrome: {chromedriverVersion: 118.0.5993.70 (e52f33f30b91..., userDataDir: C:\Users\MITHUN~1.HN\AppDat...}, fedcm:accounts: true, goog:chromeOptions: {debuggerAddress: localhost:52262}, networkConnectionEnabled: false, pageLoadStrategy: normal, platformName: windows, proxy: Proxy(), se:cdp: ws://localhost:52262/devtoo..., se:cdpVersion: 118.0.5993.70, setWindowRect: true, strictFileInteractability: false, timeouts: {implicit: 0, pageLoad: 300000, script: 30000}, unhandledPromptBehavior: dismiss and notify, webauthn:extension:credBlob: true, webauthn:extension:largeBlob: true, webauthn:extension:minPinLength: true, webauthn:extension:prf: true, webauthn:virtualAuthenticators: true}
Session ID: aa9e62ad177cecac4999564efc26dbc7" type="org.openqa.selenium.NoSuchElementException">
      <![CDATA[org.openqa.selenium.NoSuchElementException: no such element: Unable to locate element: {"method":"xpath","selector":"//*[@class='umb-block__root margin-bottom ']/a"}
  (Session info: chrome=118.0.5993.70)
For documentation on this error, please visit: https://www.selenium.dev/documentation/webdriver/troubleshooting/errors#no-such-element-exception
Build info: version: '4.11.0', revision: '040bc5406b'
System info: os.name: 'Windows Server 2019', os.arch: 'amd64', os.version: '10.0', java.version: '20.0.1'
Driver info: org.openqa.selenium.chrome.ChromeDriver
Command: [aa9e62ad177cecac4999564efc26dbc7, findElement {using=xpath, value=//*[@class='umb-block__root margin-bottom ']/a}]
Capabilities {acceptInsecureCerts: false, browserName: chrome, browserVersion: 118.0.5993.70, chrome: {chromedriverVersion: 118.0.5993.70 (e52f33f30b91..., userDataDir: C:\Users\MITHUN~1.HN\AppDat...}, fedcm:accounts: true, goog:chromeOptions: {debuggerAddress: localhost:52262}, networkConnectionEnabled: false, pageLoadStrategy: normal, platformName: windows, proxy: Proxy(), se:cdp: ws://localhost:52262/devtoo..., se:cdpVersion: 118.0.5993.70, setWindowRect: true, strictFileInteractability: false, timeouts: {implicit: 0, pageLoad: 300000, script: 30000}, unhandledPromptBehavior: dismiss and notify, webauthn:extension:credBlob: true, webauthn:extension:largeBlob: true, webauthn:extension:minPinLength: true, webauthn:extension:prf: true, webauthn:virtualAuthenticators: true}
Session ID: aa9e62ad177cecac4999564efc26dbc7
at java.base/jdk.internal.reflect.DirectConstructorHandleAccessor.newInstance(DirectConstructorHandleAccessor.java:67)
at java.base/java.lang.reflect.Constructor.newInstanceWithCaller(Constructor.java:500)
at java.base/java.lang.reflect.Constructor.newInstance(Constructor.java:484)
at org.openqa.selenium.remote.codec.w3c.W3CHttpResponseCodec.createException(W3CHttpResponseCodec.java:200)
at org.openqa.selenium.remote.codec.w3c.W3CHttpResponseCodec.decode(W3CHttpResponseCodec.java:133)
at org.openqa.selenium.remote.codec.w3c.W3CHttpResponseCodec.decode(W3CHttpResponseCodec.java:52)
at org.openqa.selenium.remote.HttpCommandExecutor.execute(HttpCommandExecutor.java:191)
at org.openqa.selenium.remote.service.DriverCommandExecutor.invokeExecute(DriverCommandExecutor.java:196)
at org.openqa.selenium.remote.service.DriverCommandExecutor.execute(DriverCommandExecutor.java:171)
at org.openqa.selenium.remote.RemoteWebDriver.execute(RemoteWebDriver.java:518)
at org.openqa.selenium.remote.ElementLocation$ElementFinder$2.findElement(ElementLocation.java:165)
at org.openqa.selenium.remote.ElementLocation.findElement(ElementLocation.java:59)
at org.openqa.selenium.remote.RemoteWebDriver.findElement(RemoteWebDriver.java:355)
at org.openqa.selenium.remote.RemoteWebDriver.findElement(RemoteWebDriver.java:349)
at org.openqa.selenium.support.pagefactory.DefaultElementLocator.findElement(DefaultElementLocator.java:68)
at org.openqa.selenium.support.pagefactory.internal.LocatingElementHandler.invoke(LocatingElementHandler.java:38)
at jdk.proxy2/jdk.proxy2.$Proxy28.getText(Unknown Source)
at pages.actions.Mortgages_HelpAndSupport_JargonBusterActions.getCTALinkText(Mortgages_HelpAndSupport_JargonBusterActions.java:33)
at Mortgages_Feature_Steps.Mortgages_HelpAndSupport_JargonBusterSteps.i_will_click_on_the_CTALink(Mortgages_HelpAndSupport_JargonBusterSteps.java:39)
at ✽.I will click on the "Browse our mortgages"(file:///C:/CMS_Automation/Co.uk_Suchismita_30_April/Website-Test-Automation-Mithun-branch/src/test/resources/Mortgages_FeatureFiles/Mortgages_HelpAndSupport_JargonBuster.feature:24)
]]>
    </error>
  </testcase> <!-- runScenario -->
  <system-out/>
  <testcase classname="runners.MortgageRunner" name="runScenario" time="2.500">
    <error message="no such element: Unable to locate element: {&quot;method&quot;:&quot;xpath&quot;,&quot;selector&quot;:&quot;//*[@aria-label=&#039;Ways to pay&#039;]&quot;}
  (Session info: chrome=118.0.5993.70)
For documentation on this error, please visit: https://www.selenium.dev/documentation/webdriver/troubleshooting/errors#no-such-element-exception
Build info: version: &#039;4.11.0&#039;, revision: &#039;040bc5406b&#039;
System info: os.name: &#039;Windows Server 2019&#039;, os.arch: &#039;amd64&#039;, os.version: &#039;10.0&#039;, java.version: &#039;20.0.1&#039;
Driver info: org.openqa.selenium.chrome.ChromeDriver
Command: [aa9e62ad177cecac4999564efc26dbc7, findElement {using=xpath, value=//*[@aria-label=&#039;Ways to pay&#039;]}]
Capabilities {acceptInsecureCerts: false, browserName: chrome, browserVersion: 118.0.5993.70, chrome: {chromedriverVersion: 118.0.5993.70 (e52f33f30b91..., userDataDir: C:\Users\MITHUN~1.HN\AppDat...}, fedcm:accounts: true, goog:chromeOptions: {debuggerAddress: localhost:52262}, networkConnectionEnabled: false, pageLoadStrategy: normal, platformName: windows, proxy: Proxy(), se:cdp: ws://localhost:52262/devtoo..., se:cdpVersion: 118.0.5993.70, setWindowRect: true, strictFileInteractability: false, timeouts: {implicit: 0, pageLoad: 300000, script: 30000}, unhandledPromptBehavior: dismiss and notify, webauthn:extension:credBlob: true, webauthn:extension:largeBlob: true, webauthn:extension:minPinLength: true, webauthn:extension:prf: true, webauthn:virtualAuthenticators: true}
Session ID: aa9e62ad177cecac4999564efc26dbc7" type="org.openqa.selenium.NoSuchElementException">
      <![CDATA[org.openqa.selenium.NoSuchElementException: no such element: Unable to locate element: {"method":"xpath","selector":"//*[@aria-label='Ways to pay']"}
  (Session info: chrome=118.0.5993.70)
For documentation on this error, please visit: https://www.selenium.dev/documentation/webdriver/troubleshooting/errors#no-such-element-exception
Build info: version: '4.11.0', revision: '040bc5406b'
System info: os.name: 'Windows Server 2019', os.arch: 'amd64', os.version: '10.0', java.version: '20.0.1'
Driver info: org.openqa.selenium.chrome.ChromeDriver
Command: [aa9e62ad177cecac4999564efc26dbc7, findElement {using=xpath, value=//*[@aria-label='Ways to pay']}]
Capabilities {acceptInsecureCerts: false, browserName: chrome, browserVersion: 118.0.5993.70, chrome: {chromedriverVersion: 118.0.5993.70 (e52f33f30b91..., userDataDir: C:\Users\MITHUN~1.HN\AppDat...}, fedcm:accounts: true, goog:chromeOptions: {debuggerAddress: localhost:52262}, networkConnectionEnabled: false, pageLoadStrategy: normal, platformName: windows, proxy: Proxy(), se:cdp: ws://localhost:52262/devtoo..., se:cdpVersion: 118.0.5993.70, setWindowRect: true, strictFileInteractability: false, timeouts: {implicit: 0, pageLoad: 300000, script: 30000}, unhandledPromptBehavior: dismiss and notify, webauthn:extension:credBlob: true, webauthn:extension:largeBlob: true, webauthn:extension:minPinLength: true, webauthn:extension:prf: true, webauthn:virtualAuthenticators: true}
Session ID: aa9e62ad177cecac4999564efc26dbc7
at java.base/jdk.internal.reflect.DirectConstructorHandleAccessor.newInstance(DirectConstructorHandleAccessor.java:67)
at java.base/java.lang.reflect.Constructor.newInstanceWithCaller(Constructor.java:500)
at java.base/java.lang.reflect.Constructor.newInstance(Constructor.java:484)
at org.openqa.selenium.remote.codec.w3c.W3CHttpResponseCodec.createException(W3CHttpResponseCodec.java:200)
at org.openqa.selenium.remote.codec.w3c.W3CHttpResponseCodec.decode(W3CHttpResponseCodec.java:133)
at org.openqa.selenium.remote.codec.w3c.W3CHttpResponseCodec.decode(W3CHttpResponseCodec.java:52)
at org.openqa.selenium.remote.HttpCommandExecutor.execute(HttpCommandExecutor.java:191)
at org.openqa.selenium.remote.service.DriverCommandExecutor.invokeExecute(DriverCommandExecutor.java:196)
at org.openqa.selenium.remote.service.DriverCommandExecutor.execute(DriverCommandExecutor.java:171)
at org.openqa.selenium.remote.RemoteWebDriver.execute(RemoteWebDriver.java:518)
at org.openqa.selenium.remote.ElementLocation$ElementFinder$2.findElement(ElementLocation.java:165)
at org.openqa.selenium.remote.ElementLocation.findElement(ElementLocation.java:59)
at org.openqa.selenium.remote.RemoteWebDriver.findElement(RemoteWebDriver.java:355)
at org.openqa.selenium.remote.RemoteWebDriver.findElement(RemoteWebDriver.java:349)
at org.openqa.selenium.support.pagefactory.DefaultElementLocator.findElement(DefaultElementLocator.java:68)
at org.openqa.selenium.support.pagefactory.internal.LocatingElementHandler.invoke(LocatingElementHandler.java:38)
at jdk.proxy2/jdk.proxy2.$Proxy28.getText(Unknown Source)
at utils.SeleniumDriver.GetElementText(SeleniumDriver.java:112)
at pages.actions.Mortgages_MortgagesHelpAndSupport_PaymentsActions.getNavigationBarTitles(Mortgages_MortgagesHelpAndSupport_PaymentsActions.java:38)
at Mortgages_Feature_Steps.Mortgages_MortgagesHelpAndSupport_PaymentsSteps.i_should_see_navigationBar_on_the_page(Mortgages_MortgagesHelpAndSupport_PaymentsSteps.java:59)
at ✽.I should see "Ways to pay" on the page(file:///C:/CMS_Automation/Co.uk_Suchismita_30_April/Website-Test-Automation-Mithun-branch/src/test/resources/Mortgages_FeatureFiles/Mortgages_MortgagesHelpAndSupport_Payments.feature:25)
]]>
    </error>
  </testcase> <!-- runScenario -->
  <system-out/>
  <testcase classname="runners.MortgageRunner" name="runScenario" time="2.029"/>
  <system-out/>
  <testcase classname="runners.MortgageRunner" name="runScenario" time="2.885"/>
  <system-out/>
  <testcase classname="runners.MortgageRunner" name="runScenario" time="1.829">
    <error message="no such element: Unable to locate element: {&quot;method&quot;:&quot;xpath&quot;,&quot;selector&quot;:&quot;//*[@aria-label=&#039;Why use a mortgage broker? Here’s 10 great reasons&#039;]&quot;}
  (Session info: chrome=118.0.5993.70)
For documentation on this error, please visit: https://www.selenium.dev/documentation/webdriver/troubleshooting/errors#no-such-element-exception
Build info: version: &#039;4.11.0&#039;, revision: &#039;040bc5406b&#039;
System info: os.name: &#039;Windows Server 2019&#039;, os.arch: &#039;amd64&#039;, os.version: &#039;10.0&#039;, java.version: &#039;20.0.1&#039;
Driver info: org.openqa.selenium.chrome.ChromeDriver
Command: [aa9e62ad177cecac4999564efc26dbc7, findElement {using=xpath, value=//*[@aria-label=&#039;Why use a mortgage broker? Here’s 10 great reasons&#039;]}]
Capabilities {acceptInsecureCerts: false, browserName: chrome, browserVersion: 118.0.5993.70, chrome: {chromedriverVersion: 118.0.5993.70 (e52f33f30b91..., userDataDir: C:\Users\MITHUN~1.HN\AppDat...}, fedcm:accounts: true, goog:chromeOptions: {debuggerAddress: localhost:52262}, networkConnectionEnabled: false, pageLoadStrategy: normal, platformName: windows, proxy: Proxy(), se:cdp: ws://localhost:52262/devtoo..., se:cdpVersion: 118.0.5993.70, setWindowRect: true, strictFileInteractability: false, timeouts: {implicit: 0, pageLoad: 300000, script: 30000}, unhandledPromptBehavior: dismiss and notify, webauthn:extension:credBlob: true, webauthn:extension:largeBlob: true, webauthn:extension:minPinLength: true, webauthn:extension:prf: true, webauthn:virtualAuthenticators: true}
Session ID: aa9e62ad177cecac4999564efc26dbc7" type="org.openqa.selenium.NoSuchElementException">
      <![CDATA[org.openqa.selenium.NoSuchElementException: no such element: Unable to locate element: {"method":"xpath","selector":"//*[@aria-label='Why use a mortgage broker? Here’s 10 great reasons']"}
  (Session info: chrome=118.0.5993.70)
For documentation on this error, please visit: https://www.selenium.dev/documentation/webdriver/troubleshooting/errors#no-such-element-exception
Build info: version: '4.11.0', revision: '040bc5406b'
System info: os.name: 'Windows Server 2019', os.arch: 'amd64', os.version: '10.0', java.version: '20.0.1'
Driver info: org.openqa.selenium.chrome.ChromeDriver
Command: [aa9e62ad177cecac4999564efc26dbc7, findElement {using=xpath, value=//*[@aria-label='Why use a mortgage broker? Here’s 10 great reasons']}]
Capabilities {acceptInsecureCerts: false, browserName: chrome, browserVersion: 118.0.5993.70, chrome: {chromedriverVersion: 118.0.5993.70 (e52f33f30b91..., userDataDir: C:\Users\MITHUN~1.HN\AppDat...}, fedcm:accounts: true, goog:chromeOptions: {debuggerAddress: localhost:52262}, networkConnectionEnabled: false, pageLoadStrategy: normal, platformName: windows, proxy: Proxy(), se:cdp: ws://localhost:52262/devtoo..., se:cdpVersion: 118.0.5993.70, setWindowRect: true, strictFileInteractability: false, timeouts: {implicit: 0, pageLoad: 300000, script: 30000}, unhandledPromptBehavior: dismiss and notify, webauthn:extension:credBlob: true, webauthn:extension:largeBlob: true, webauthn:extension:minPinLength: true, webauthn:extension:prf: true, webauthn:virtualAuthenticators: true}
Session ID: aa9e62ad177cecac4999564efc26dbc7
at java.base/jdk.internal.reflect.DirectConstructorHandleAccessor.newInstance(DirectConstructorHandleAccessor.java:67)
at java.base/java.lang.reflect.Constructor.newInstanceWithCaller(Constructor.java:500)
at java.base/java.lang.reflect.Constructor.newInstance(Constructor.java:484)
at org.openqa.selenium.remote.codec.w3c.W3CHttpResponseCodec.createException(W3CHttpResponseCodec.java:200)
at org.openqa.selenium.remote.codec.w3c.W3CHttpResponseCodec.decode(W3CHttpResponseCodec.java:133)
at org.openqa.selenium.remote.codec.w3c.W3CHttpResponseCodec.decode(W3CHttpResponseCodec.java:52)
at org.openqa.selenium.remote.HttpCommandExecutor.execute(HttpCommandExecutor.java:191)
at org.openqa.selenium.remote.service.DriverCommandExecutor.invokeExecute(DriverCommandExecutor.java:196)
at org.openqa.selenium.remote.service.DriverCommandExecutor.execute(DriverCommandExecutor.java:171)
at org.openqa.selenium.remote.RemoteWebDriver.execute(RemoteWebDriver.java:518)
at org.openqa.selenium.remote.ElementLocation$ElementFinder$2.findElement(ElementLocation.java:165)
at org.openqa.selenium.remote.ElementLocation.findElement(ElementLocation.java:59)
at org.openqa.selenium.remote.RemoteWebDriver.findElement(RemoteWebDriver.java:355)
at org.openqa.selenium.remote.RemoteWebDriver.findElement(RemoteWebDriver.java:349)
at org.openqa.selenium.support.pagefactory.DefaultElementLocator.findElement(DefaultElementLocator.java:68)
at org.openqa.selenium.support.pagefactory.internal.LocatingElementHandler.invoke(LocatingElementHandler.java:38)
at jdk.proxy2/jdk.proxy2.$Proxy28.getText(Unknown Source)
at pages.actions.MortgagePageActions.verifycardHeaderCTAbutton(MortgagePageActions.java:85)
at Mortgages_Feature_Steps.MortgagesPageSteps.i_should_see_the_CTA_button(MortgagesPageSteps.java:68)
at ✽.I should see the "Why use a mortgage broker? Here’s 10 great reasons" CTA button present in the page(file:///C:/CMS_Automation/Co.uk_Suchismita_30_April/Website-Test-Automation-Mithun-branch/src/test/resources/Mortgages_FeatureFiles/Mortgages.feature:42)
]]>
    </error>
  </testcase> <!-- runScenario -->
  <system-out/>
  <testcase classname="runners.MortgageRunner" name="runScenario" time="2.589"/>
  <system-out/>
  <testcase classname="runners.MortgageRunner" name="runScenario" time="2.728"/>
  <system-out/>
  <testcase classname="runners.MortgageRunner" name="runScenario" time="2.576">
    <error message="no such element: Unable to locate element: {&quot;method&quot;:&quot;xpath&quot;,&quot;selector&quot;:&quot;//*[@class=&quot;umb-block__root  &quot;]/div[1]/h2[contains(text(),&#039;Residential and buy to let mortgage customers&#039;)]&quot;}
  (Session info: chrome=118.0.5993.70)
For documentation on this error, please visit: https://www.selenium.dev/documentation/webdriver/troubleshooting/errors#no-such-element-exception
Build info: version: &#039;4.11.0&#039;, revision: &#039;040bc5406b&#039;
System info: os.name: &#039;Windows Server 2019&#039;, os.arch: &#039;amd64&#039;, os.version: &#039;10.0&#039;, java.version: &#039;20.0.1&#039;
Driver info: org.openqa.selenium.chrome.ChromeDriver
Command: [aa9e62ad177cecac4999564efc26dbc7, findElement {using=xpath, value=//*[@class=&quot;umb-block__root  &quot;]/div[1]/h2[contains(text(),&#039;Residential and buy to let mortgage customers&#039;)]}]
Capabilities {acceptInsecureCerts: false, browserName: chrome, browserVersion: 118.0.5993.70, chrome: {chromedriverVersion: 118.0.5993.70 (e52f33f30b91..., userDataDir: C:\Users\MITHUN~1.HN\AppDat...}, fedcm:accounts: true, goog:chromeOptions: {debuggerAddress: localhost:52262}, networkConnectionEnabled: false, pageLoadStrategy: normal, platformName: windows, proxy: Proxy(), se:cdp: ws://localhost:52262/devtoo..., se:cdpVersion: 118.0.5993.70, setWindowRect: true, strictFileInteractability: false, timeouts: {implicit: 0, pageLoad: 300000, script: 30000}, unhandledPromptBehavior: dismiss and notify, webauthn:extension:credBlob: true, webauthn:extension:largeBlob: true, webauthn:extension:minPinLength: true, webauthn:extension:prf: true, webauthn:virtualAuthenticators: true}
Session ID: aa9e62ad177cecac4999564efc26dbc7" type="org.openqa.selenium.NoSuchElementException">
      <![CDATA[org.openqa.selenium.NoSuchElementException: no such element: Unable to locate element: {"method":"xpath","selector":"//*[@class="umb-block__root  "]/div[1]/h2[contains(text(),'Residential and buy to let mortgage customers')]"}
  (Session info: chrome=118.0.5993.70)
For documentation on this error, please visit: https://www.selenium.dev/documentation/webdriver/troubleshooting/errors#no-such-element-exception
Build info: version: '4.11.0', revision: '040bc5406b'
System info: os.name: 'Windows Server 2019', os.arch: 'amd64', os.version: '10.0', java.version: '20.0.1'
Driver info: org.openqa.selenium.chrome.ChromeDriver
Command: [aa9e62ad177cecac4999564efc26dbc7, findElement {using=xpath, value=//*[@class="umb-block__root  "]/div[1]/h2[contains(text(),'Residential and buy to let mortgage customers')]}]
Capabilities {acceptInsecureCerts: false, browserName: chrome, browserVersion: 118.0.5993.70, chrome: {chromedriverVersion: 118.0.5993.70 (e52f33f30b91..., userDataDir: C:\Users\MITHUN~1.HN\AppDat...}, fedcm:accounts: true, goog:chromeOptions: {debuggerAddress: localhost:52262}, networkConnectionEnabled: false, pageLoadStrategy: normal, platformName: windows, proxy: Proxy(), se:cdp: ws://localhost:52262/devtoo..., se:cdpVersion: 118.0.5993.70, setWindowRect: true, strictFileInteractability: false, timeouts: {implicit: 0, pageLoad: 300000, script: 30000}, unhandledPromptBehavior: dismiss and notify, webauthn:extension:credBlob: true, webauthn:extension:largeBlob: true, webauthn:extension:minPinLength: true, webauthn:extension:prf: true, webauthn:virtualAuthenticators: true}
Session ID: aa9e62ad177cecac4999564efc26dbc7
at java.base/jdk.internal.reflect.DirectConstructorHandleAccessor.newInstance(DirectConstructorHandleAccessor.java:67)
at java.base/java.lang.reflect.Constructor.newInstanceWithCaller(Constructor.java:500)
at java.base/java.lang.reflect.Constructor.newInstance(Constructor.java:484)
at org.openqa.selenium.remote.codec.w3c.W3CHttpResponseCodec.createException(W3CHttpResponseCodec.java:200)
at org.openqa.selenium.remote.codec.w3c.W3CHttpResponseCodec.decode(W3CHttpResponseCodec.java:133)
at org.openqa.selenium.remote.codec.w3c.W3CHttpResponseCodec.decode(W3CHttpResponseCodec.java:52)
at org.openqa.selenium.remote.HttpCommandExecutor.execute(HttpCommandExecutor.java:191)
at org.openqa.selenium.remote.service.DriverCommandExecutor.invokeExecute(DriverCommandExecutor.java:196)
at org.openqa.selenium.remote.service.DriverCommandExecutor.execute(DriverCommandExecutor.java:171)
at org.openqa.selenium.remote.RemoteWebDriver.execute(RemoteWebDriver.java:518)
at org.openqa.selenium.remote.ElementLocation$ElementFinder$2.findElement(ElementLocation.java:165)
at org.openqa.selenium.remote.ElementLocation.findElement(ElementLocation.java:59)
at org.openqa.selenium.remote.RemoteWebDriver.findElement(RemoteWebDriver.java:355)
at org.openqa.selenium.remote.RemoteWebDriver.findElement(RemoteWebDriver.java:349)
at org.openqa.selenium.support.pagefactory.DefaultElementLocator.findElement(DefaultElementLocator.java:68)
at org.openqa.selenium.support.pagefactory.internal.LocatingElementHandler.invoke(LocatingElementHandler.java:38)
at jdk.proxy2/jdk.proxy2.$Proxy28.getText(Unknown Source)
at pages.actions.Mortgages_MortagagesHelpAndSupport_ContactUsActions.getSubheaderTitle(Mortgages_MortagagesHelpAndSupport_ContactUsActions.java:33)
at Mortgages_Feature_Steps.Mortgages_MortagagesHelpAndSupport_ContactUsSteps.I_will_see_the_subheader_on_the_page(Mortgages_MortagagesHelpAndSupport_ContactUsSteps.java:40)
at ✽."Residential and buy to let mortgage customers" will be present on the page(file:///C:/CMS_Automation/Co.uk_Suchismita_30_April/Website-Test-Automation-Mithun-branch/src/test/resources/Mortgages_FeatureFiles/Mortgages_MortagagesHelpAndSupport_ContactUs.feature:25)
]]>
    </error>
  </testcase> <!-- runScenario -->
  <system-out/>
  <testcase classname="runners.MortgageRunner" name="runScenario" time="0.929">
    <failure message="Unable to click&quot;Commerical Mortgages&quot; using javascript click" type="java.lang.AssertionError">
      <![CDATA[java.lang.AssertionError: Unable to click"Commerical Mortgages" using javascript click
at org.testng.Assert.fail(Assert.java:99)
at utils.SeleniumDriver.clickElement(SeleniumDriver.java:153)
at pages.actions.Mortgages_CommercialMortgagesActions.clickTheLink(Mortgages_CommercialMortgagesActions.java:24)
at Mortgages_Feature_Steps.Mortgages_CommercialMortgagesSteps.i_navigated_to_commercial_mortgages_page(Mortgages_CommercialMortgagesSteps.java:35)
at ✽.I navigated to Commercial mortgages page(file:///C:/CMS_Automation/Co.uk_Suchismita_30_April/Website-Test-Automation-Mithun-branch/src/test/resources/Mortgages_FeatureFiles/Mortgages_CommercialMortgages.feature:21)
]]>
    </failure>
  </testcase> <!-- runScenario -->
  <system-out/>
  <testcase classname="runners.MortgageRunner" name="runScenario" time="0.795">
    <error message="The step &#039;I navigate to Remortgaging page&#039; and 3 other step(s) are undefined.
You can implement these steps using the snippet(s) below:

@When(&quot;I navigate to Remortgaging page&quot;)
public void i_navigate_to_remortgaging_page() {
    // Write code here that turns the phrase above into concrete actions
    throw new io.cucumber.java.PendingException();
}
@Then(&quot;I navigate to {string} accordion&quot;)
public void i_navigate_to_accordion(String string) {
    // Write code here that turns the phrase above into concrete actions
    throw new io.cucumber.java.PendingException();
}
@Then(&quot;I should see the {string} header&quot;)
public void i_should_see_the_header(String string) {
    // Write code here that turns the phrase above into concrete actions
    throw new io.cucumber.java.PendingException();
}
@Then(&quot;I should be able to click on {string} I should be able to expand and collapse the content&quot;)
public void i_should_be_able_to_click_on_i_should_be_able_to_expand_and_collapse_the_content(String string) {
    // Write code here that turns the phrase above into concrete actions
    throw new io.cucumber.java.PendingException();
}
" type="io.cucumber.testng.UndefinedStepException">
      <![CDATA[io.cucumber.testng.UndefinedStepException: The step 'I navigate to Remortgaging page' and 3 other step(s) are undefined.
You can implement these steps using the snippet(s) below:

@When("I navigate to Remortgaging page")
public void i_navigate_to_remortgaging_page() {
    // Write code here that turns the phrase above into concrete actions
    throw new io.cucumber.java.PendingException();
}
@Then("I navigate to {string} accordion")
public void i_navigate_to_accordion(String string) {
    // Write code here that turns the phrase above into concrete actions
    throw new io.cucumber.java.PendingException();
}
@Then("I should see the {string} header")
public void i_should_see_the_header(String string) {
    // Write code here that turns the phrase above into concrete actions
    throw new io.cucumber.java.PendingException();
}
@Then("I should be able to click on {string} I should be able to expand and collapse the content")
public void i_should_be_able_to_click_on_i_should_be_able_to_expand_and_collapse_the_content(String string) {
    // Write code here that turns the phrase above into concrete actions
    throw new io.cucumber.java.PendingException();
}

at io.cucumber.core.runtime.TestCaseResultObserver.assertTestCasePassed(TestCaseResultObserver.java:69)
at io.cucumber.testng.TestCaseResultObserver.assertTestCasePassed(TestCaseResultObserver.java:23)
at io.cucumber.testng.TestNGCucumberRunner.lambda$runScenario$0(TestNGCucumberRunner.java:118)
at io.cucumber.core.runtime.CucumberExecutionContext.runTestCase(CucumberExecutionContext.java:117)
at io.cucumber.testng.TestNGCucumberRunner.runScenario(TestNGCucumberRunner.java:114)
at io.cucumber.testng.AbstractTestNGCucumberTests.runScenario(AbstractTestNGCucumberTests.java:31)
at java.base/jdk.internal.reflect.DirectMethodHandleAccessor.invoke(DirectMethodHandleAccessor.java:104)
at java.base/java.lang.reflect.Method.invoke(Method.java:578)
at org.testng.internal.MethodInvocationHelper.invokeMethod(MethodInvocationHelper.java:133)
at org.testng.internal.TestInvoker.invokeMethod(TestInvoker.java:598)
at org.testng.internal.TestInvoker.invokeTestMethod(TestInvoker.java:173)
at org.testng.internal.MethodRunner.runInSequence(MethodRunner.java:46)
at org.testng.internal.TestInvoker$MethodInvocationAgent.invoke(TestInvoker.java:824)
at org.testng.internal.TestInvoker.invokeTestMethods(TestInvoker.java:146)
at org.testng.internal.TestMethodWorker.invokeTestMethods(TestMethodWorker.java:146)
at org.testng.internal.TestMethodWorker.run(TestMethodWorker.java:128)
at java.base/java.util.ArrayList.forEach(ArrayList.java:1511)
at org.testng.TestRunner.privateRun(TestRunner.java:794)
at org.testng.TestRunner.run(TestRunner.java:596)
at org.testng.SuiteRunner.runTest(SuiteRunner.java:377)
at org.testng.SuiteRunner.runSequentially(SuiteRunner.java:371)
at org.testng.SuiteRunner.privateRun(SuiteRunner.java:332)
at org.testng.SuiteRunner.run(SuiteRunner.java:276)
at org.testng.SuiteRunnerWorker.runSuite(SuiteRunnerWorker.java:53)
at org.testng.SuiteRunnerWorker.run(SuiteRunnerWorker.java:96)
at org.testng.TestNG.runSuitesSequentially(TestNG.java:1212)
at org.testng.TestNG.runSuitesLocally(TestNG.java:1134)
at org.testng.TestNG.runSuites(TestNG.java:1063)
at org.testng.TestNG.run(TestNG.java:1031)
at org.testng.remote.AbstractRemoteTestNG.run(AbstractRemoteTestNG.java:115)
at org.testng.remote.RemoteTestNG.initAndRun(RemoteTestNG.java:251)
at org.testng.remote.RemoteTestNG.main(RemoteTestNG.java:77)
]]>
    </error>
  </testcase> <!-- runScenario -->
  <system-out/>
  <testcase classname="runners.MortgageRunner" name="runScenario" time="0.881">
    <failure message="Unable to click&quot;Commerical Mortgages&quot; using javascript click" type="java.lang.AssertionError">
      <![CDATA[java.lang.AssertionError: Unable to click"Commerical Mortgages" using javascript click
at org.testng.Assert.fail(Assert.java:99)
at utils.SeleniumDriver.clickElement(SeleniumDriver.java:153)
at pages.actions.Mortgages_CommercialMortgagesActions.clickTheLink(Mortgages_CommercialMortgagesActions.java:24)
at Mortgages_Feature_Steps.Mortgages_CommercialMortgagesSteps.i_navigated_to_commercial_mortgages_page(Mortgages_CommercialMortgagesSteps.java:35)
at ✽.I navigated to Commercial mortgages page(file:///C:/CMS_Automation/Co.uk_Suchismita_30_April/Website-Test-Automation-Mithun-branch/src/test/resources/Mortgages_FeatureFiles/Mortgages_CommercialMortgages.feature:44)
]]>
    </failure>
  </testcase> <!-- runScenario -->
  <system-out/>
  <testcase classname="runners.MortgageRunner" name="runScenario" time="2.612">
    <error message="no such element: Unable to locate element: {&quot;method&quot;:&quot;xpath&quot;,&quot;selector&quot;:&quot;//*[@id=&#039;faqs&#039;]/div/h2&quot;}
  (Session info: chrome=118.0.5993.70)
For documentation on this error, please visit: https://www.selenium.dev/documentation/webdriver/troubleshooting/errors#no-such-element-exception
Build info: version: &#039;4.11.0&#039;, revision: &#039;040bc5406b&#039;
System info: os.name: &#039;Windows Server 2019&#039;, os.arch: &#039;amd64&#039;, os.version: &#039;10.0&#039;, java.version: &#039;20.0.1&#039;
Driver info: org.openqa.selenium.chrome.ChromeDriver
Command: [aa9e62ad177cecac4999564efc26dbc7, findElement {using=xpath, value=//*[@id=&#039;faqs&#039;]/div/h2}]
Capabilities {acceptInsecureCerts: false, browserName: chrome, browserVersion: 118.0.5993.70, chrome: {chromedriverVersion: 118.0.5993.70 (e52f33f30b91..., userDataDir: C:\Users\MITHUN~1.HN\AppDat...}, fedcm:accounts: true, goog:chromeOptions: {debuggerAddress: localhost:52262}, networkConnectionEnabled: false, pageLoadStrategy: normal, platformName: windows, proxy: Proxy(), se:cdp: ws://localhost:52262/devtoo..., se:cdpVersion: 118.0.5993.70, setWindowRect: true, strictFileInteractability: false, timeouts: {implicit: 0, pageLoad: 300000, script: 30000}, unhandledPromptBehavior: dismiss and notify, webauthn:extension:credBlob: true, webauthn:extension:largeBlob: true, webauthn:extension:minPinLength: true, webauthn:extension:prf: true, webauthn:virtualAuthenticators: true}
Session ID: aa9e62ad177cecac4999564efc26dbc7" type="org.openqa.selenium.NoSuchElementException">
      <![CDATA[org.openqa.selenium.NoSuchElementException: no such element: Unable to locate element: {"method":"xpath","selector":"//*[@id='faqs']/div/h2"}
  (Session info: chrome=118.0.5993.70)
For documentation on this error, please visit: https://www.selenium.dev/documentation/webdriver/troubleshooting/errors#no-such-element-exception
Build info: version: '4.11.0', revision: '040bc5406b'
System info: os.name: 'Windows Server 2019', os.arch: 'amd64', os.version: '10.0', java.version: '20.0.1'
Driver info: org.openqa.selenium.chrome.ChromeDriver
Command: [aa9e62ad177cecac4999564efc26dbc7, findElement {using=xpath, value=//*[@id='faqs']/div/h2}]
Capabilities {acceptInsecureCerts: false, browserName: chrome, browserVersion: 118.0.5993.70, chrome: {chromedriverVersion: 118.0.5993.70 (e52f33f30b91..., userDataDir: C:\Users\MITHUN~1.HN\AppDat...}, fedcm:accounts: true, goog:chromeOptions: {debuggerAddress: localhost:52262}, networkConnectionEnabled: false, pageLoadStrategy: normal, platformName: windows, proxy: Proxy(), se:cdp: ws://localhost:52262/devtoo..., se:cdpVersion: 118.0.5993.70, setWindowRect: true, strictFileInteractability: false, timeouts: {implicit: 0, pageLoad: 300000, script: 30000}, unhandledPromptBehavior: dismiss and notify, webauthn:extension:credBlob: true, webauthn:extension:largeBlob: true, webauthn:extension:minPinLength: true, webauthn:extension:prf: true, webauthn:virtualAuthenticators: true}
Session ID: aa9e62ad177cecac4999564efc26dbc7
at java.base/jdk.internal.reflect.DirectConstructorHandleAccessor.newInstance(DirectConstructorHandleAccessor.java:67)
at java.base/java.lang.reflect.Constructor.newInstanceWithCaller(Constructor.java:500)
at java.base/java.lang.reflect.Constructor.newInstance(Constructor.java:484)
at org.openqa.selenium.remote.codec.w3c.W3CHttpResponseCodec.createException(W3CHttpResponseCodec.java:200)
at org.openqa.selenium.remote.codec.w3c.W3CHttpResponseCodec.decode(W3CHttpResponseCodec.java:133)
at org.openqa.selenium.remote.codec.w3c.W3CHttpResponseCodec.decode(W3CHttpResponseCodec.java:52)
at org.openqa.selenium.remote.HttpCommandExecutor.execute(HttpCommandExecutor.java:191)
at org.openqa.selenium.remote.service.DriverCommandExecutor.invokeExecute(DriverCommandExecutor.java:196)
at org.openqa.selenium.remote.service.DriverCommandExecutor.execute(DriverCommandExecutor.java:171)
at org.openqa.selenium.remote.RemoteWebDriver.execute(RemoteWebDriver.java:518)
at org.openqa.selenium.remote.ElementLocation$ElementFinder$2.findElement(ElementLocation.java:165)
at org.openqa.selenium.remote.ElementLocation.findElement(ElementLocation.java:59)
at org.openqa.selenium.remote.RemoteWebDriver.findElement(RemoteWebDriver.java:355)
at org.openqa.selenium.remote.RemoteWebDriver.findElement(RemoteWebDriver.java:349)
at org.openqa.selenium.support.pagefactory.DefaultElementLocator.findElement(DefaultElementLocator.java:68)
at org.openqa.selenium.support.pagefactory.internal.LocatingElementHandler.invoke(LocatingElementHandler.java:38)
at jdk.proxy2/jdk.proxy2.$Proxy28.getText(Unknown Source)
at utils.SeleniumDriver.GetElementText(SeleniumDriver.java:112)
at pages.actions.Mortgages_MortgagesHelpAndSupport_PaymentsActions.getFAQsheader(Mortgages_MortgagesHelpAndSupport_PaymentsActions.java:87)
at Mortgages_Feature_Steps.Mortgages_MortgagesHelpAndSupport_PaymentsSteps.i_should_see_the_payment_FAQs_header_on_page(Mortgages_MortgagesHelpAndSupport_PaymentsSteps.java:93)
at ✽.I should see the Payments FAQs header "Frequently asked questions" on page(file:///C:/CMS_Automation/Co.uk_Suchismita_30_April/Website-Test-Automation-Mithun-branch/src/test/resources/Mortgages_FeatureFiles/Mortgages_MortgagesHelpAndSupport_Payments.feature:59)
]]>
    </error>
  </testcase> <!-- runScenario -->
  <system-out/>
  <testcase classname="runners.MortgageRunner" name="runScenario" time="1.563">
    <error message="Invalid value: Complaints" type="java.lang.IllegalArgumentException">
      <![CDATA[java.lang.IllegalArgumentException: Invalid value: Complaints
at pages.actions.Mortgages_HelpAndSupportActions.getCardHeaderOnPage(Mortgages_HelpAndSupportActions.java:56)
at Mortgages_Feature_Steps.Mortgages_HelpAndSupportSteps.i_see_the_cardheader_on_the_page(Mortgages_HelpAndSupportSteps.java:39)
at ✽.I see the "Complaints" Cards on the page(file:///C:/CMS_Automation/Co.uk_Suchismita_30_April/Website-Test-Automation-Mithun-branch/src/test/resources/Mortgages_FeatureFiles/Mortgages_HelpAndSupport.feature:23)
]]>
    </error>
  </testcase> <!-- runScenario -->
  <system-out/>
  <testcase classname="runners.MortgageRunner" name="runScenario" time="10.920">
    <error message="no such element: Unable to locate element: {&quot;method&quot;:&quot;xpath&quot;,&quot;selector&quot;:&quot;//*[@id=&quot;Applying for a mortgage with Aldermore FAQs&quot;]/div/h2&quot;}
  (Session info: chrome=118.0.5993.70)
For documentation on this error, please visit: https://www.selenium.dev/documentation/webdriver/troubleshooting/errors#no-such-element-exception
Build info: version: &#039;4.11.0&#039;, revision: &#039;040bc5406b&#039;
System info: os.name: &#039;Windows Server 2019&#039;, os.arch: &#039;amd64&#039;, os.version: &#039;10.0&#039;, java.version: &#039;20.0.1&#039;
Driver info: org.openqa.selenium.chrome.ChromeDriver
Command: [aa9e62ad177cecac4999564efc26dbc7, findElement {using=xpath, value=//*[@id=&quot;Applying for a mortgage with Aldermore FAQs&quot;]/div/h2}]
Capabilities {acceptInsecureCerts: false, browserName: chrome, browserVersion: 118.0.5993.70, chrome: {chromedriverVersion: 118.0.5993.70 (e52f33f30b91..., userDataDir: C:\Users\MITHUN~1.HN\AppDat...}, fedcm:accounts: true, goog:chromeOptions: {debuggerAddress: localhost:52262}, networkConnectionEnabled: false, pageLoadStrategy: normal, platformName: windows, proxy: Proxy(), se:cdp: ws://localhost:52262/devtoo..., se:cdpVersion: 118.0.5993.70, setWindowRect: true, strictFileInteractability: false, timeouts: {implicit: 0, pageLoad: 300000, script: 30000}, unhandledPromptBehavior: dismiss and notify, webauthn:extension:credBlob: true, webauthn:extension:largeBlob: true, webauthn:extension:minPinLength: true, webauthn:extension:prf: true, webauthn:virtualAuthenticators: true}
Session ID: aa9e62ad177cecac4999564efc26dbc7" type="org.openqa.selenium.NoSuchElementException">
      <![CDATA[org.openqa.selenium.NoSuchElementException: no such element: Unable to locate element: {"method":"xpath","selector":"//*[@id="Applying for a mortgage with Aldermore FAQs"]/div/h2"}
  (Session info: chrome=118.0.5993.70)
For documentation on this error, please visit: https://www.selenium.dev/documentation/webdriver/troubleshooting/errors#no-such-element-exception
Build info: version: '4.11.0', revision: '040bc5406b'
System info: os.name: 'Windows Server 2019', os.arch: 'amd64', os.version: '10.0', java.version: '20.0.1'
Driver info: org.openqa.selenium.chrome.ChromeDriver
Command: [aa9e62ad177cecac4999564efc26dbc7, findElement {using=xpath, value=//*[@id="Applying for a mortgage with Aldermore FAQs"]/div/h2}]
Capabilities {acceptInsecureCerts: false, browserName: chrome, browserVersion: 118.0.5993.70, chrome: {chromedriverVersion: 118.0.5993.70 (e52f33f30b91..., userDataDir: C:\Users\MITHUN~1.HN\AppDat...}, fedcm:accounts: true, goog:chromeOptions: {debuggerAddress: localhost:52262}, networkConnectionEnabled: false, pageLoadStrategy: normal, platformName: windows, proxy: Proxy(), se:cdp: ws://localhost:52262/devtoo..., se:cdpVersion: 118.0.5993.70, setWindowRect: true, strictFileInteractability: false, timeouts: {implicit: 0, pageLoad: 300000, script: 30000}, unhandledPromptBehavior: dismiss and notify, webauthn:extension:credBlob: true, webauthn:extension:largeBlob: true, webauthn:extension:minPinLength: true, webauthn:extension:prf: true, webauthn:virtualAuthenticators: true}
Session ID: aa9e62ad177cecac4999564efc26dbc7
at java.base/jdk.internal.reflect.DirectConstructorHandleAccessor.newInstance(DirectConstructorHandleAccessor.java:67)
at java.base/java.lang.reflect.Constructor.newInstanceWithCaller(Constructor.java:500)
at java.base/java.lang.reflect.Constructor.newInstance(Constructor.java:484)
at org.openqa.selenium.remote.codec.w3c.W3CHttpResponseCodec.createException(W3CHttpResponseCodec.java:200)
at org.openqa.selenium.remote.codec.w3c.W3CHttpResponseCodec.decode(W3CHttpResponseCodec.java:133)
at org.openqa.selenium.remote.codec.w3c.W3CHttpResponseCodec.decode(W3CHttpResponseCodec.java:52)
at org.openqa.selenium.remote.HttpCommandExecutor.execute(HttpCommandExecutor.java:191)
at org.openqa.selenium.remote.service.DriverCommandExecutor.invokeExecute(DriverCommandExecutor.java:196)
at org.openqa.selenium.remote.service.DriverCommandExecutor.execute(DriverCommandExecutor.java:171)
at org.openqa.selenium.remote.RemoteWebDriver.execute(RemoteWebDriver.java:518)
at org.openqa.selenium.remote.ElementLocation$ElementFinder$2.findElement(ElementLocation.java:165)
at org.openqa.selenium.remote.ElementLocation.findElement(ElementLocation.java:59)
at org.openqa.selenium.remote.RemoteWebDriver.findElement(RemoteWebDriver.java:355)
at org.openqa.selenium.remote.RemoteWebDriver.findElement(RemoteWebDriver.java:349)
at org.openqa.selenium.support.pagefactory.DefaultElementLocator.findElement(DefaultElementLocator.java:68)
at org.openqa.selenium.support.pagefactory.internal.LocatingElementHandler.invoke(LocatingElementHandler.java:38)
at jdk.proxy2/jdk.proxy2.$Proxy28.getText(Unknown Source)
at pages.actions.Mortgages_MortgagesHelpAndSupport_MortgagesFAQActions.getSubheader(Mortgages_MortgagesHelpAndSupport_MortgagesFAQActions.java:36)
at Mortgages_Feature_Steps.Mortgages_MortgagesHelpAndSupport_MortgagesFAQStpes.i_will_see_the_header_on_page(Mortgages_MortgagesHelpAndSupport_MortgagesFAQStpes.java:42)
at ✽.I will see the "Applying for a mortgage with Aldermore" on the page(file:///C:/CMS_Automation/Co.uk_Suchismita_30_April/Website-Test-Automation-Mithun-branch/src/test/resources/Mortgages_FeatureFiles/Mortgages_MortgagesHelpAndSupport_MortgagesFAQ.feature:23)
]]>
    </error>
  </testcase> <!-- runScenario -->
  <system-out/>
  <testcase classname="runners.MortgageRunner" name="runScenario" time="2.735"/>
  <system-out/>
  <testcase classname="runners.MortgageRunner" name="runScenario" time="2.557">
    <error message="no such element: Unable to locate element: {&quot;method&quot;:&quot;xpath&quot;,&quot;selector&quot;:&quot;/html/body/div[2]/div/div[2]/div/div[7]/div[1]/button/h3&quot;}
  (Session info: chrome=118.0.5993.70)
For documentation on this error, please visit: https://www.selenium.dev/documentation/webdriver/troubleshooting/errors#no-such-element-exception
Build info: version: &#039;4.11.0&#039;, revision: &#039;040bc5406b&#039;
System info: os.name: &#039;Windows Server 2019&#039;, os.arch: &#039;amd64&#039;, os.version: &#039;10.0&#039;, java.version: &#039;20.0.1&#039;
Driver info: org.openqa.selenium.chrome.ChromeDriver
Command: [aa9e62ad177cecac4999564efc26dbc7, findElement {using=xpath, value=/html/body/div[2]/div/div[2]/div/div[7]/div[1]/button/h3}]
Capabilities {acceptInsecureCerts: false, browserName: chrome, browserVersion: 118.0.5993.70, chrome: {chromedriverVersion: 118.0.5993.70 (e52f33f30b91..., userDataDir: C:\Users\MITHUN~1.HN\AppDat...}, fedcm:accounts: true, goog:chromeOptions: {debuggerAddress: localhost:52262}, networkConnectionEnabled: false, pageLoadStrategy: normal, platformName: windows, proxy: Proxy(), se:cdp: ws://localhost:52262/devtoo..., se:cdpVersion: 118.0.5993.70, setWindowRect: true, strictFileInteractability: false, timeouts: {implicit: 0, pageLoad: 300000, script: 30000}, unhandledPromptBehavior: dismiss and notify, webauthn:extension:credBlob: true, webauthn:extension:largeBlob: true, webauthn:extension:minPinLength: true, webauthn:extension:prf: true, webauthn:virtualAuthenticators: true}
Session ID: aa9e62ad177cecac4999564efc26dbc7" type="org.openqa.selenium.NoSuchElementException">
      <![CDATA[org.openqa.selenium.NoSuchElementException: no such element: Unable to locate element: {"method":"xpath","selector":"/html/body/div[2]/div/div[2]/div/div[7]/div[1]/button/h3"}
  (Session info: chrome=118.0.5993.70)
For documentation on this error, please visit: https://www.selenium.dev/documentation/webdriver/troubleshooting/errors#no-such-element-exception
Build info: version: '4.11.0', revision: '040bc5406b'
System info: os.name: 'Windows Server 2019', os.arch: 'amd64', os.version: '10.0', java.version: '20.0.1'
Driver info: org.openqa.selenium.chrome.ChromeDriver
Command: [aa9e62ad177cecac4999564efc26dbc7, findElement {using=xpath, value=/html/body/div[2]/div/div[2]/div/div[7]/div[1]/button/h3}]
Capabilities {acceptInsecureCerts: false, browserName: chrome, browserVersion: 118.0.5993.70, chrome: {chromedriverVersion: 118.0.5993.70 (e52f33f30b91..., userDataDir: C:\Users\MITHUN~1.HN\AppDat...}, fedcm:accounts: true, goog:chromeOptions: {debuggerAddress: localhost:52262}, networkConnectionEnabled: false, pageLoadStrategy: normal, platformName: windows, proxy: Proxy(), se:cdp: ws://localhost:52262/devtoo..., se:cdpVersion: 118.0.5993.70, setWindowRect: true, strictFileInteractability: false, timeouts: {implicit: 0, pageLoad: 300000, script: 30000}, unhandledPromptBehavior: dismiss and notify, webauthn:extension:credBlob: true, webauthn:extension:largeBlob: true, webauthn:extension:minPinLength: true, webauthn:extension:prf: true, webauthn:virtualAuthenticators: true}
Session ID: aa9e62ad177cecac4999564efc26dbc7
at java.base/jdk.internal.reflect.DirectConstructorHandleAccessor.newInstance(DirectConstructorHandleAccessor.java:67)
at java.base/java.lang.reflect.Constructor.newInstanceWithCaller(Constructor.java:500)
at java.base/java.lang.reflect.Constructor.newInstance(Constructor.java:484)
at org.openqa.selenium.remote.codec.w3c.W3CHttpResponseCodec.createException(W3CHttpResponseCodec.java:200)
at org.openqa.selenium.remote.codec.w3c.W3CHttpResponseCodec.decode(W3CHttpResponseCodec.java:133)
at org.openqa.selenium.remote.codec.w3c.W3CHttpResponseCodec.decode(W3CHttpResponseCodec.java:52)
at org.openqa.selenium.remote.HttpCommandExecutor.execute(HttpCommandExecutor.java:191)
at org.openqa.selenium.remote.service.DriverCommandExecutor.invokeExecute(DriverCommandExecutor.java:196)
at org.openqa.selenium.remote.service.DriverCommandExecutor.execute(DriverCommandExecutor.java:171)
at org.openqa.selenium.remote.RemoteWebDriver.execute(RemoteWebDriver.java:518)
at org.openqa.selenium.remote.ElementLocation$ElementFinder$2.findElement(ElementLocation.java:165)
at org.openqa.selenium.remote.ElementLocation.findElement(ElementLocation.java:59)
at org.openqa.selenium.remote.RemoteWebDriver.findElement(RemoteWebDriver.java:355)
at org.openqa.selenium.remote.RemoteWebDriver.findElement(RemoteWebDriver.java:349)
at org.openqa.selenium.support.pagefactory.DefaultElementLocator.findElement(DefaultElementLocator.java:68)
at org.openqa.selenium.support.pagefactory.internal.LocatingElementHandler.invoke(LocatingElementHandler.java:38)
at jdk.proxy2/jdk.proxy2.$Proxy28.getText(Unknown Source)
at utils.SeleniumDriver.GetElementText(SeleniumDriver.java:112)
at pages.actions.Mortgages_MortgagesHelp_ManagingAndMakingChangesToYourMortgageActions.getSubheaderTitle(Mortgages_MortgagesHelp_ManagingAndMakingChangesToYourMortgageActions.java:49)
at Mortgages_Feature_Steps.Mortgages_MortgagesHelp_ManagingAndMakingChangesToYourMortgageSteps.i_should_see_the_subheader_present_under_header_title(Mortgages_MortgagesHelp_ManagingAndMakingChangesToYourMortgageSteps.java:47)
at ✽.I should see the "How do I switch to a new mortgage rate?" present under header Title.(file:///C:/CMS_Automation/Co.uk_Suchismita_30_April/Website-Test-Automation-Mithun-branch/src/test/resources/Mortgages_FeatureFiles/Mortgages_MortgagesHelp_ManagingAndMakingChangesToYourMortgage.feature:34)
]]>
    </error>
  </testcase> <!-- runScenario -->
  <system-out/>
  <testcase classname="runners.MortgageRunner" name="runScenario" time="1.700"/>
  <system-out/>
  <testcase classname="runners.MortgageRunner" name="runScenario" time="0.902">
    <failure message="Unable to click&quot;Commerical Mortgages&quot; using javascript click" type="java.lang.AssertionError">
      <![CDATA[java.lang.AssertionError: Unable to click"Commerical Mortgages" using javascript click
at org.testng.Assert.fail(Assert.java:99)
at utils.SeleniumDriver.clickElement(SeleniumDriver.java:153)
at pages.actions.Mortgages_CommercialMortgagesActions.clickTheLink(Mortgages_CommercialMortgagesActions.java:24)
at Mortgages_Feature_Steps.Mortgages_CommercialMortgagesSteps.i_navigated_to_commercial_mortgages_page(Mortgages_CommercialMortgagesSteps.java:35)
at ✽.I navigated to Commercial mortgages page(file:///C:/CMS_Automation/Co.uk_Suchismita_30_April/Website-Test-Automation-Mithun-branch/src/test/resources/Mortgages_FeatureFiles/Mortgages_CommercialMortgages.feature:56)
]]>
    </failure>
  </testcase> <!-- runScenario -->
  <system-out/>
  <testcase classname="runners.MortgageRunner" name="runScenario" time="1.829">
    <error message="no such element: Unable to locate element: {&quot;method&quot;:&quot;xpath&quot;,&quot;selector&quot;:&quot;//*[@class=&#039;card-title-link__section-narrow&#039;]/article[1]/*[contains(text(),&#039;Divorce and mortgages – What you need to know&#039;)]&quot;}
  (Session info: chrome=118.0.5993.70)
For documentation on this error, please visit: https://www.selenium.dev/documentation/webdriver/troubleshooting/errors#no-such-element-exception
Build info: version: &#039;4.11.0&#039;, revision: &#039;040bc5406b&#039;
System info: os.name: &#039;Windows Server 2019&#039;, os.arch: &#039;amd64&#039;, os.version: &#039;10.0&#039;, java.version: &#039;20.0.1&#039;
Driver info: org.openqa.selenium.chrome.ChromeDriver
Command: [aa9e62ad177cecac4999564efc26dbc7, findElement {using=xpath, value=//*[@class=&#039;card-title-link__section-narrow&#039;]/article[1]/*[contains(text(),&#039;Divorce and mortgages – What you need to know&#039;)]}]
Capabilities {acceptInsecureCerts: false, browserName: chrome, browserVersion: 118.0.5993.70, chrome: {chromedriverVersion: 118.0.5993.70 (e52f33f30b91..., userDataDir: C:\Users\MITHUN~1.HN\AppDat...}, fedcm:accounts: true, goog:chromeOptions: {debuggerAddress: localhost:52262}, networkConnectionEnabled: false, pageLoadStrategy: normal, platformName: windows, proxy: Proxy(), se:cdp: ws://localhost:52262/devtoo..., se:cdpVersion: 118.0.5993.70, setWindowRect: true, strictFileInteractability: false, timeouts: {implicit: 0, pageLoad: 300000, script: 30000}, unhandledPromptBehavior: dismiss and notify, webauthn:extension:credBlob: true, webauthn:extension:largeBlob: true, webauthn:extension:minPinLength: true, webauthn:extension:prf: true, webauthn:virtualAuthenticators: true}
Session ID: aa9e62ad177cecac4999564efc26dbc7" type="org.openqa.selenium.NoSuchElementException">
      <![CDATA[org.openqa.selenium.NoSuchElementException: no such element: Unable to locate element: {"method":"xpath","selector":"//*[@class='card-title-link__section-narrow']/article[1]/*[contains(text(),'Divorce and mortgages – What you need to know')]"}
  (Session info: chrome=118.0.5993.70)
For documentation on this error, please visit: https://www.selenium.dev/documentation/webdriver/troubleshooting/errors#no-such-element-exception
Build info: version: '4.11.0', revision: '040bc5406b'
System info: os.name: 'Windows Server 2019', os.arch: 'amd64', os.version: '10.0', java.version: '20.0.1'
Driver info: org.openqa.selenium.chrome.ChromeDriver
Command: [aa9e62ad177cecac4999564efc26dbc7, findElement {using=xpath, value=//*[@class='card-title-link__section-narrow']/article[1]/*[contains(text(),'Divorce and mortgages – What you need to know')]}]
Capabilities {acceptInsecureCerts: false, browserName: chrome, browserVersion: 118.0.5993.70, chrome: {chromedriverVersion: 118.0.5993.70 (e52f33f30b91..., userDataDir: C:\Users\MITHUN~1.HN\AppDat...}, fedcm:accounts: true, goog:chromeOptions: {debuggerAddress: localhost:52262}, networkConnectionEnabled: false, pageLoadStrategy: normal, platformName: windows, proxy: Proxy(), se:cdp: ws://localhost:52262/devtoo..., se:cdpVersion: 118.0.5993.70, setWindowRect: true, strictFileInteractability: false, timeouts: {implicit: 0, pageLoad: 300000, script: 30000}, unhandledPromptBehavior: dismiss and notify, webauthn:extension:credBlob: true, webauthn:extension:largeBlob: true, webauthn:extension:minPinLength: true, webauthn:extension:prf: true, webauthn:virtualAuthenticators: true}
Session ID: aa9e62ad177cecac4999564efc26dbc7
at java.base/jdk.internal.reflect.DirectConstructorHandleAccessor.newInstance(DirectConstructorHandleAccessor.java:67)
at java.base/java.lang.reflect.Constructor.newInstanceWithCaller(Constructor.java:500)
at java.base/java.lang.reflect.Constructor.newInstance(Constructor.java:484)
at org.openqa.selenium.remote.codec.w3c.W3CHttpResponseCodec.createException(W3CHttpResponseCodec.java:200)
at org.openqa.selenium.remote.codec.w3c.W3CHttpResponseCodec.decode(W3CHttpResponseCodec.java:133)
at org.openqa.selenium.remote.codec.w3c.W3CHttpResponseCodec.decode(W3CHttpResponseCodec.java:52)
at org.openqa.selenium.remote.HttpCommandExecutor.execute(HttpCommandExecutor.java:191)
at org.openqa.selenium.remote.service.DriverCommandExecutor.invokeExecute(DriverCommandExecutor.java:196)
at org.openqa.selenium.remote.service.DriverCommandExecutor.execute(DriverCommandExecutor.java:171)
at org.openqa.selenium.remote.RemoteWebDriver.execute(RemoteWebDriver.java:518)
at org.openqa.selenium.remote.ElementLocation$ElementFinder$2.findElement(ElementLocation.java:165)
at org.openqa.selenium.remote.ElementLocation.findElement(ElementLocation.java:59)
at org.openqa.selenium.remote.RemoteWebDriver.findElement(RemoteWebDriver.java:355)
at org.openqa.selenium.remote.RemoteWebDriver.findElement(RemoteWebDriver.java:349)
at org.openqa.selenium.support.pagefactory.DefaultElementLocator.findElement(DefaultElementLocator.java:68)
at org.openqa.selenium.support.pagefactory.internal.LocatingElementHandler.invoke(LocatingElementHandler.java:38)
at jdk.proxy2/jdk.proxy2.$Proxy28.getText(Unknown Source)
at pages.actions.Mortgages_ResidentialMortgagesPageActions.verifycardHeaderCTAbutton(Mortgages_ResidentialMortgagesPageActions.java:52)
at Mortgages_Feature_Steps.Mortgages_ResidentialMortgagesPageSteps.i_should_see_the_cardHeader_CTA_button_on_Residential_mortgages_page(Mortgages_ResidentialMortgagesPageSteps.java:45)
at ✽.I should see the "Divorce and mortgages – What you need to know" CTA button on Residential mortgages page(file:///C:/CMS_Automation/Co.uk_Suchismita_30_April/Website-Test-Automation-Mithun-branch/src/test/resources/Mortgages_FeatureFiles/Mortgages_ResidentialMortgages.feature:38)
]]>
    </error>
  </testcase> <!-- runScenario -->
  <system-out/>
  <testcase classname="runners.MortgageRunner" name="runScenario" time="1.919"/>
  <system-out/>
  <testcase classname="runners.MortgageRunner" name="runScenario" time="2.163">
    <error message="no such element: Unable to locate element: {&quot;method&quot;:&quot;xpath&quot;,&quot;selector&quot;:&quot;//div[@class=&quot;umb-block__root  &quot;]/div/span/section/ul/li[1]/a/span&quot;}
  (Session info: chrome=118.0.5993.70)
For documentation on this error, please visit: https://www.selenium.dev/documentation/webdriver/troubleshooting/errors#no-such-element-exception
Build info: version: &#039;4.11.0&#039;, revision: &#039;040bc5406b&#039;
System info: os.name: &#039;Windows Server 2019&#039;, os.arch: &#039;amd64&#039;, os.version: &#039;10.0&#039;, java.version: &#039;20.0.1&#039;
Driver info: org.openqa.selenium.chrome.ChromeDriver
Command: [aa9e62ad177cecac4999564efc26dbc7, findElement {using=xpath, value=//div[@class=&quot;umb-block__root  &quot;]/div/span/section/ul/li[1]/a/span}]
Capabilities {acceptInsecureCerts: false, browserName: chrome, browserVersion: 118.0.5993.70, chrome: {chromedriverVersion: 118.0.5993.70 (e52f33f30b91..., userDataDir: C:\Users\MITHUN~1.HN\AppDat...}, fedcm:accounts: true, goog:chromeOptions: {debuggerAddress: localhost:52262}, networkConnectionEnabled: false, pageLoadStrategy: normal, platformName: windows, proxy: Proxy(), se:cdp: ws://localhost:52262/devtoo..., se:cdpVersion: 118.0.5993.70, setWindowRect: true, strictFileInteractability: false, timeouts: {implicit: 0, pageLoad: 300000, script: 30000}, unhandledPromptBehavior: dismiss and notify, webauthn:extension:credBlob: true, webauthn:extension:largeBlob: true, webauthn:extension:minPinLength: true, webauthn:extension:prf: true, webauthn:virtualAuthenticators: true}
Session ID: aa9e62ad177cecac4999564efc26dbc7" type="org.openqa.selenium.NoSuchElementException">
      <![CDATA[org.openqa.selenium.NoSuchElementException: no such element: Unable to locate element: {"method":"xpath","selector":"//div[@class="umb-block__root  "]/div/span/section/ul/li[1]/a/span"}
  (Session info: chrome=118.0.5993.70)
For documentation on this error, please visit: https://www.selenium.dev/documentation/webdriver/troubleshooting/errors#no-such-element-exception
Build info: version: '4.11.0', revision: '040bc5406b'
System info: os.name: 'Windows Server 2019', os.arch: 'amd64', os.version: '10.0', java.version: '20.0.1'
Driver info: org.openqa.selenium.chrome.ChromeDriver
Command: [aa9e62ad177cecac4999564efc26dbc7, findElement {using=xpath, value=//div[@class="umb-block__root  "]/div/span/section/ul/li[1]/a/span}]
Capabilities {acceptInsecureCerts: false, browserName: chrome, browserVersion: 118.0.5993.70, chrome: {chromedriverVersion: 118.0.5993.70 (e52f33f30b91..., userDataDir: C:\Users\MITHUN~1.HN\AppDat...}, fedcm:accounts: true, goog:chromeOptions: {debuggerAddress: localhost:52262}, networkConnectionEnabled: false, pageLoadStrategy: normal, platformName: windows, proxy: Proxy(), se:cdp: ws://localhost:52262/devtoo..., se:cdpVersion: 118.0.5993.70, setWindowRect: true, strictFileInteractability: false, timeouts: {implicit: 0, pageLoad: 300000, script: 30000}, unhandledPromptBehavior: dismiss and notify, webauthn:extension:credBlob: true, webauthn:extension:largeBlob: true, webauthn:extension:minPinLength: true, webauthn:extension:prf: true, webauthn:virtualAuthenticators: true}
Session ID: aa9e62ad177cecac4999564efc26dbc7
at java.base/jdk.internal.reflect.DirectConstructorHandleAccessor.newInstance(DirectConstructorHandleAccessor.java:67)
at java.base/java.lang.reflect.Constructor.newInstanceWithCaller(Constructor.java:500)
at java.base/java.lang.reflect.Constructor.newInstance(Constructor.java:484)
at org.openqa.selenium.remote.codec.w3c.W3CHttpResponseCodec.createException(W3CHttpResponseCodec.java:200)
at org.openqa.selenium.remote.codec.w3c.W3CHttpResponseCodec.decode(W3CHttpResponseCodec.java:133)
at org.openqa.selenium.remote.codec.w3c.W3CHttpResponseCodec.decode(W3CHttpResponseCodec.java:52)
at org.openqa.selenium.remote.HttpCommandExecutor.execute(HttpCommandExecutor.java:191)
at org.openqa.selenium.remote.service.DriverCommandExecutor.invokeExecute(DriverCommandExecutor.java:196)
at org.openqa.selenium.remote.service.DriverCommandExecutor.execute(DriverCommandExecutor.java:171)
at org.openqa.selenium.remote.RemoteWebDriver.execute(RemoteWebDriver.java:518)
at org.openqa.selenium.remote.ElementLocation$ElementFinder$2.findElement(ElementLocation.java:165)
at org.openqa.selenium.remote.ElementLocation.findElement(ElementLocation.java:59)
at org.openqa.selenium.remote.RemoteWebDriver.findElement(RemoteWebDriver.java:355)
at org.openqa.selenium.remote.RemoteWebDriver.findElement(RemoteWebDriver.java:349)
at org.openqa.selenium.support.pagefactory.DefaultElementLocator.findElement(DefaultElementLocator.java:68)
at org.openqa.selenium.support.pagefactory.internal.LocatingElementHandler.invoke(LocatingElementHandler.java:38)
at jdk.proxy2/jdk.proxy2.$Proxy28.getText(Unknown Source)
at pages.actions.MortgagePageActions.getQuickLinkOption1(MortgagePageActions.java:154)
at Mortgages_Feature_Steps.MortgagesPageSteps.i_should_see_the_first_option_in_the_blackbox_section(MortgagesPageSteps.java:202)
at ✽.I should see the first "Buy to let mortgages" in the BlackBox Section(file:///C:/CMS_Automation/Co.uk_Suchismita_30_April/Website-Test-Automation-Mithun-branch/src/test/resources/Mortgages_FeatureFiles/Mortgages.feature:144)
]]>
    </error>
  </testcase> <!-- runScenario -->
  <system-out/>
  <testcase classname="runners.MortgageRunner" name="runScenario" time="1.786"/>
  <system-out/>
  <testcase classname="runners.MortgageRunner" name="runScenario" time="2.689">
    <failure message="expected [Buy to Let Mortgages for Limited Companies - Aldermore Bank] but found [Buy to Let Mortgages for Limited Companies | Aldermore Bank]" type="java.lang.AssertionError">
      <![CDATA[java.lang.AssertionError: expected [Buy to Let Mortgages for Limited Companies - Aldermore Bank] but found [Buy to Let Mortgages for Limited Companies | Aldermore Bank]
at org.testng.Assert.fail(Assert.java:99)
at org.testng.Assert.failNotEquals(Assert.java:1037)
at org.testng.Assert.assertEqualsImpl(Assert.java:140)
at org.testng.Assert.assertEquals(Assert.java:122)
at org.testng.Assert.assertEquals(Assert.java:629)
at org.testng.Assert.assertEquals(Assert.java:639)
at Mortgages_Feature_Steps.MortgagesPageSteps.I_should_click_Buy_to_let_for_limited_companies_card_and_should_be_redirected_to_(MortgagesPageSteps.java:189)
at ✽.I should click Buy to let for limited companies card and should be redirected to "Buy to Let Mortgages for Limited Companies - Aldermore Bank"(file:///C:/CMS_Automation/Co.uk_Suchismita_30_April/Website-Test-Automation-Mithun-branch/src/test/resources/Mortgages_FeatureFiles/Mortgages.feature:116)
]]>
    </failure>
  </testcase> <!-- runScenario -->
  <system-out/>
  <testcase classname="runners.MortgageRunner" name="runScenario" time="1.598"/>
  <system-out/>
  <testcase classname="runners.MortgageRunner" name="runScenario" time="3.780"/>
  <system-out/>
  <testcase classname="runners.MortgageRunner" name="runScenario" time="1.854"/>
  <system-out/>
  <testcase classname="runners.MortgageRunner" name="runScenario" time="1.932">
    <error message="no such element: Unable to locate element: {&quot;method&quot;:&quot;xpath&quot;,&quot;selector&quot;:&quot;//*[@class=&#039;card-title-link__section-narrow&#039;]/article[1]/*[contains(text(),&#039;Divorce and mortgages – What you need to know&#039;)]&quot;}
  (Session info: chrome=118.0.5993.70)
For documentation on this error, please visit: https://www.selenium.dev/documentation/webdriver/troubleshooting/errors#no-such-element-exception
Build info: version: &#039;4.11.0&#039;, revision: &#039;040bc5406b&#039;
System info: os.name: &#039;Windows Server 2019&#039;, os.arch: &#039;amd64&#039;, os.version: &#039;10.0&#039;, java.version: &#039;20.0.1&#039;
Driver info: org.openqa.selenium.chrome.ChromeDriver
Command: [aa9e62ad177cecac4999564efc26dbc7, findElement {using=xpath, value=//*[@class=&#039;card-title-link__section-narrow&#039;]/article[1]/*[contains(text(),&#039;Divorce and mortgages – What you need to know&#039;)]}]
Capabilities {acceptInsecureCerts: false, browserName: chrome, browserVersion: 118.0.5993.70, chrome: {chromedriverVersion: 118.0.5993.70 (e52f33f30b91..., userDataDir: C:\Users\MITHUN~1.HN\AppDat...}, fedcm:accounts: true, goog:chromeOptions: {debuggerAddress: localhost:52262}, networkConnectionEnabled: false, pageLoadStrategy: normal, platformName: windows, proxy: Proxy(), se:cdp: ws://localhost:52262/devtoo..., se:cdpVersion: 118.0.5993.70, setWindowRect: true, strictFileInteractability: false, timeouts: {implicit: 0, pageLoad: 300000, script: 30000}, unhandledPromptBehavior: dismiss and notify, webauthn:extension:credBlob: true, webauthn:extension:largeBlob: true, webauthn:extension:minPinLength: true, webauthn:extension:prf: true, webauthn:virtualAuthenticators: true}
Session ID: aa9e62ad177cecac4999564efc26dbc7" type="org.openqa.selenium.NoSuchElementException">
      <![CDATA[org.openqa.selenium.NoSuchElementException: no such element: Unable to locate element: {"method":"xpath","selector":"//*[@class='card-title-link__section-narrow']/article[1]/*[contains(text(),'Divorce and mortgages – What you need to know')]"}
  (Session info: chrome=118.0.5993.70)
For documentation on this error, please visit: https://www.selenium.dev/documentation/webdriver/troubleshooting/errors#no-such-element-exception
Build info: version: '4.11.0', revision: '040bc5406b'
System info: os.name: 'Windows Server 2019', os.arch: 'amd64', os.version: '10.0', java.version: '20.0.1'
Driver info: org.openqa.selenium.chrome.ChromeDriver
Command: [aa9e62ad177cecac4999564efc26dbc7, findElement {using=xpath, value=//*[@class='card-title-link__section-narrow']/article[1]/*[contains(text(),'Divorce and mortgages – What you need to know')]}]
Capabilities {acceptInsecureCerts: false, browserName: chrome, browserVersion: 118.0.5993.70, chrome: {chromedriverVersion: 118.0.5993.70 (e52f33f30b91..., userDataDir: C:\Users\MITHUN~1.HN\AppDat...}, fedcm:accounts: true, goog:chromeOptions: {debuggerAddress: localhost:52262}, networkConnectionEnabled: false, pageLoadStrategy: normal, platformName: windows, proxy: Proxy(), se:cdp: ws://localhost:52262/devtoo..., se:cdpVersion: 118.0.5993.70, setWindowRect: true, strictFileInteractability: false, timeouts: {implicit: 0, pageLoad: 300000, script: 30000}, unhandledPromptBehavior: dismiss and notify, webauthn:extension:credBlob: true, webauthn:extension:largeBlob: true, webauthn:extension:minPinLength: true, webauthn:extension:prf: true, webauthn:virtualAuthenticators: true}
Session ID: aa9e62ad177cecac4999564efc26dbc7
at java.base/jdk.internal.reflect.DirectConstructorHandleAccessor.newInstance(DirectConstructorHandleAccessor.java:67)
at java.base/java.lang.reflect.Constructor.newInstanceWithCaller(Constructor.java:500)
at java.base/java.lang.reflect.Constructor.newInstance(Constructor.java:484)
at org.openqa.selenium.remote.codec.w3c.W3CHttpResponseCodec.createException(W3CHttpResponseCodec.java:200)
at org.openqa.selenium.remote.codec.w3c.W3CHttpResponseCodec.decode(W3CHttpResponseCodec.java:133)
at org.openqa.selenium.remote.codec.w3c.W3CHttpResponseCodec.decode(W3CHttpResponseCodec.java:52)
at org.openqa.selenium.remote.HttpCommandExecutor.execute(HttpCommandExecutor.java:191)
at org.openqa.selenium.remote.service.DriverCommandExecutor.invokeExecute(DriverCommandExecutor.java:196)
at org.openqa.selenium.remote.service.DriverCommandExecutor.execute(DriverCommandExecutor.java:171)
at org.openqa.selenium.remote.RemoteWebDriver.execute(RemoteWebDriver.java:518)
at org.openqa.selenium.remote.ElementLocation$ElementFinder$2.findElement(ElementLocation.java:165)
at org.openqa.selenium.remote.ElementLocation.findElement(ElementLocation.java:59)
at org.openqa.selenium.remote.RemoteWebDriver.findElement(RemoteWebDriver.java:355)
at org.openqa.selenium.remote.RemoteWebDriver.findElement(RemoteWebDriver.java:349)
at org.openqa.selenium.support.pagefactory.DefaultElementLocator.findElement(DefaultElementLocator.java:68)
at org.openqa.selenium.support.pagefactory.internal.LocatingElementHandler.invoke(LocatingElementHandler.java:38)
at jdk.proxy2/jdk.proxy2.$Proxy28.getText(Unknown Source)
at pages.actions.Mortgages_ResidentialMortgagesPageActions.verifycardHeaderCTAbutton(Mortgages_ResidentialMortgagesPageActions.java:52)
at Mortgages_Feature_Steps.Mortgages_ResidentialMortgagesPageSteps.i_should_see_the_cardHeader_CTA_button_on_Residential_mortgages_page(Mortgages_ResidentialMortgagesPageSteps.java:45)
at ✽.I should see the "Divorce and mortgages – What you need to know" CTA button on Residential mortgages page(file:///C:/CMS_Automation/Co.uk_Suchismita_30_April/Website-Test-Automation-Mithun-branch/src/test/resources/Mortgages_FeatureFiles/Mortgages_ResidentialMortgages.feature:24)
]]>
    </error>
  </testcase> <!-- runScenario -->
  <system-out/>
  <testcase classname="runners.MortgageRunner" name="runScenario" time="1.807"/>
  <system-out/>
  <testcase classname="runners.MortgageRunner" name="runScenario" time="1.773"/>
  <system-out/>
  <testcase classname="runners.MortgageRunner" name="runScenario" time="1.759"/>
  <system-out/>
  <testcase classname="runners.MortgageRunner" name="runScenario" time="2.473">
    <error message="no such element: Unable to locate element: {&quot;method&quot;:&quot;xpath&quot;,&quot;selector&quot;:&quot;/html/body/div[2]/div/div[2]/div/div[2]/div[1]/button/h3&quot;}
  (Session info: chrome=118.0.5993.70)
For documentation on this error, please visit: https://www.selenium.dev/documentation/webdriver/troubleshooting/errors#no-such-element-exception
Build info: version: &#039;4.11.0&#039;, revision: &#039;040bc5406b&#039;
System info: os.name: &#039;Windows Server 2019&#039;, os.arch: &#039;amd64&#039;, os.version: &#039;10.0&#039;, java.version: &#039;20.0.1&#039;
Driver info: org.openqa.selenium.chrome.ChromeDriver
Command: [aa9e62ad177cecac4999564efc26dbc7, findElement {using=xpath, value=/html/body/div[2]/div/div[2]/div/div[2]/div[1]/button/h3}]
Capabilities {acceptInsecureCerts: false, browserName: chrome, browserVersion: 118.0.5993.70, chrome: {chromedriverVersion: 118.0.5993.70 (e52f33f30b91..., userDataDir: C:\Users\MITHUN~1.HN\AppDat...}, fedcm:accounts: true, goog:chromeOptions: {debuggerAddress: localhost:52262}, networkConnectionEnabled: false, pageLoadStrategy: normal, platformName: windows, proxy: Proxy(), se:cdp: ws://localhost:52262/devtoo..., se:cdpVersion: 118.0.5993.70, setWindowRect: true, strictFileInteractability: false, timeouts: {implicit: 0, pageLoad: 300000, script: 30000}, unhandledPromptBehavior: dismiss and notify, webauthn:extension:credBlob: true, webauthn:extension:largeBlob: true, webauthn:extension:minPinLength: true, webauthn:extension:prf: true, webauthn:virtualAuthenticators: true}
Session ID: aa9e62ad177cecac4999564efc26dbc7" type="org.openqa.selenium.NoSuchElementException">
      <![CDATA[org.openqa.selenium.NoSuchElementException: no such element: Unable to locate element: {"method":"xpath","selector":"/html/body/div[2]/div/div[2]/div/div[2]/div[1]/button/h3"}
  (Session info: chrome=118.0.5993.70)
For documentation on this error, please visit: https://www.selenium.dev/documentation/webdriver/troubleshooting/errors#no-such-element-exception
Build info: version: '4.11.0', revision: '040bc5406b'
System info: os.name: 'Windows Server 2019', os.arch: 'amd64', os.version: '10.0', java.version: '20.0.1'
Driver info: org.openqa.selenium.chrome.ChromeDriver
Command: [aa9e62ad177cecac4999564efc26dbc7, findElement {using=xpath, value=/html/body/div[2]/div/div[2]/div/div[2]/div[1]/button/h3}]
Capabilities {acceptInsecureCerts: false, browserName: chrome, browserVersion: 118.0.5993.70, chrome: {chromedriverVersion: 118.0.5993.70 (e52f33f30b91..., userDataDir: C:\Users\MITHUN~1.HN\AppDat...}, fedcm:accounts: true, goog:chromeOptions: {debuggerAddress: localhost:52262}, networkConnectionEnabled: false, pageLoadStrategy: normal, platformName: windows, proxy: Proxy(), se:cdp: ws://localhost:52262/devtoo..., se:cdpVersion: 118.0.5993.70, setWindowRect: true, strictFileInteractability: false, timeouts: {implicit: 0, pageLoad: 300000, script: 30000}, unhandledPromptBehavior: dismiss and notify, webauthn:extension:credBlob: true, webauthn:extension:largeBlob: true, webauthn:extension:minPinLength: true, webauthn:extension:prf: true, webauthn:virtualAuthenticators: true}
Session ID: aa9e62ad177cecac4999564efc26dbc7
at java.base/jdk.internal.reflect.DirectConstructorHandleAccessor.newInstance(DirectConstructorHandleAccessor.java:67)
at java.base/java.lang.reflect.Constructor.newInstanceWithCaller(Constructor.java:500)
at java.base/java.lang.reflect.Constructor.newInstance(Constructor.java:484)
at org.openqa.selenium.remote.codec.w3c.W3CHttpResponseCodec.createException(W3CHttpResponseCodec.java:200)
at org.openqa.selenium.remote.codec.w3c.W3CHttpResponseCodec.decode(W3CHttpResponseCodec.java:133)
at org.openqa.selenium.remote.codec.w3c.W3CHttpResponseCodec.decode(W3CHttpResponseCodec.java:52)
at org.openqa.selenium.remote.HttpCommandExecutor.execute(HttpCommandExecutor.java:191)
at org.openqa.selenium.remote.service.DriverCommandExecutor.invokeExecute(DriverCommandExecutor.java:196)
at org.openqa.selenium.remote.service.DriverCommandExecutor.execute(DriverCommandExecutor.java:171)
at org.openqa.selenium.remote.RemoteWebDriver.execute(RemoteWebDriver.java:518)
at org.openqa.selenium.remote.ElementLocation$ElementFinder$2.findElement(ElementLocation.java:165)
at org.openqa.selenium.remote.ElementLocation.findElement(ElementLocation.java:59)
at org.openqa.selenium.remote.RemoteWebDriver.findElement(RemoteWebDriver.java:355)
at org.openqa.selenium.remote.RemoteWebDriver.findElement(RemoteWebDriver.java:349)
at org.openqa.selenium.support.pagefactory.DefaultElementLocator.findElement(DefaultElementLocator.java:68)
at org.openqa.selenium.support.pagefactory.internal.LocatingElementHandler.invoke(LocatingElementHandler.java:38)
at jdk.proxy2/jdk.proxy2.$Proxy28.getText(Unknown Source)
at utils.SeleniumDriver.GetElementText(SeleniumDriver.java:112)
at pages.actions.Mortgages_MortgagesHelp_ManagingAndMakingChangesToYourMortgageActions.getSubheaderTitle(Mortgages_MortgagesHelp_ManagingAndMakingChangesToYourMortgageActions.java:39)
at Mortgages_Feature_Steps.Mortgages_MortgagesHelp_ManagingAndMakingChangesToYourMortgageSteps.i_should_see_the_subheader_present_under_header_title(Mortgages_MortgagesHelp_ManagingAndMakingChangesToYourMortgageSteps.java:47)
at ✽.I should see the "Can I change my repayment type?" present under header Title.(file:///C:/CMS_Automation/Co.uk_Suchismita_30_April/Website-Test-Automation-Mithun-branch/src/test/resources/Mortgages_FeatureFiles/Mortgages_MortgagesHelp_ManagingAndMakingChangesToYourMortgage.feature:34)
]]>
    </error>
  </testcase> <!-- runScenario -->
  <system-out/>
  <testcase classname="runners.MortgageRunner" name="runScenario" time="2.842">
    <error message="no such element: Unable to locate element: {&quot;method&quot;:&quot;xpath&quot;,&quot;selector&quot;:&quot;//*[@aria-label=&#039;Your first payment&#039;]&quot;}
  (Session info: chrome=118.0.5993.70)
For documentation on this error, please visit: https://www.selenium.dev/documentation/webdriver/troubleshooting/errors#no-such-element-exception
Build info: version: &#039;4.11.0&#039;, revision: &#039;040bc5406b&#039;
System info: os.name: &#039;Windows Server 2019&#039;, os.arch: &#039;amd64&#039;, os.version: &#039;10.0&#039;, java.version: &#039;20.0.1&#039;
Driver info: org.openqa.selenium.chrome.ChromeDriver
Command: [aa9e62ad177cecac4999564efc26dbc7, findElement {using=xpath, value=//*[@aria-label=&#039;Your first payment&#039;]}]
Capabilities {acceptInsecureCerts: false, browserName: chrome, browserVersion: 118.0.5993.70, chrome: {chromedriverVersion: 118.0.5993.70 (e52f33f30b91..., userDataDir: C:\Users\MITHUN~1.HN\AppDat...}, fedcm:accounts: true, goog:chromeOptions: {debuggerAddress: localhost:52262}, networkConnectionEnabled: false, pageLoadStrategy: normal, platformName: windows, proxy: Proxy(), se:cdp: ws://localhost:52262/devtoo..., se:cdpVersion: 118.0.5993.70, setWindowRect: true, strictFileInteractability: false, timeouts: {implicit: 0, pageLoad: 300000, script: 30000}, unhandledPromptBehavior: dismiss and notify, webauthn:extension:credBlob: true, webauthn:extension:largeBlob: true, webauthn:extension:minPinLength: true, webauthn:extension:prf: true, webauthn:virtualAuthenticators: true}
Session ID: aa9e62ad177cecac4999564efc26dbc7" type="org.openqa.selenium.NoSuchElementException">
      <![CDATA[org.openqa.selenium.NoSuchElementException: no such element: Unable to locate element: {"method":"xpath","selector":"//*[@aria-label='Your first payment']"}
  (Session info: chrome=118.0.5993.70)
For documentation on this error, please visit: https://www.selenium.dev/documentation/webdriver/troubleshooting/errors#no-such-element-exception
Build info: version: '4.11.0', revision: '040bc5406b'
System info: os.name: 'Windows Server 2019', os.arch: 'amd64', os.version: '10.0', java.version: '20.0.1'
Driver info: org.openqa.selenium.chrome.ChromeDriver
Command: [aa9e62ad177cecac4999564efc26dbc7, findElement {using=xpath, value=//*[@aria-label='Your first payment']}]
Capabilities {acceptInsecureCerts: false, browserName: chrome, browserVersion: 118.0.5993.70, chrome: {chromedriverVersion: 118.0.5993.70 (e52f33f30b91..., userDataDir: C:\Users\MITHUN~1.HN\AppDat...}, fedcm:accounts: true, goog:chromeOptions: {debuggerAddress: localhost:52262}, networkConnectionEnabled: false, pageLoadStrategy: normal, platformName: windows, proxy: Proxy(), se:cdp: ws://localhost:52262/devtoo..., se:cdpVersion: 118.0.5993.70, setWindowRect: true, strictFileInteractability: false, timeouts: {implicit: 0, pageLoad: 300000, script: 30000}, unhandledPromptBehavior: dismiss and notify, webauthn:extension:credBlob: true, webauthn:extension:largeBlob: true, webauthn:extension:minPinLength: true, webauthn:extension:prf: true, webauthn:virtualAuthenticators: true}
Session ID: aa9e62ad177cecac4999564efc26dbc7
at java.base/jdk.internal.reflect.DirectConstructorHandleAccessor.newInstance(DirectConstructorHandleAccessor.java:67)
at java.base/java.lang.reflect.Constructor.newInstanceWithCaller(Constructor.java:500)
at java.base/java.lang.reflect.Constructor.newInstance(Constructor.java:484)
at org.openqa.selenium.remote.codec.w3c.W3CHttpResponseCodec.createException(W3CHttpResponseCodec.java:200)
at org.openqa.selenium.remote.codec.w3c.W3CHttpResponseCodec.decode(W3CHttpResponseCodec.java:133)
at org.openqa.selenium.remote.codec.w3c.W3CHttpResponseCodec.decode(W3CHttpResponseCodec.java:52)
at org.openqa.selenium.remote.HttpCommandExecutor.execute(HttpCommandExecutor.java:191)
at org.openqa.selenium.remote.service.DriverCommandExecutor.invokeExecute(DriverCommandExecutor.java:196)
at org.openqa.selenium.remote.service.DriverCommandExecutor.execute(DriverCommandExecutor.java:171)
at org.openqa.selenium.remote.RemoteWebDriver.execute(RemoteWebDriver.java:518)
at org.openqa.selenium.remote.ElementLocation$ElementFinder$2.findElement(ElementLocation.java:165)
at org.openqa.selenium.remote.ElementLocation.findElement(ElementLocation.java:59)
at org.openqa.selenium.remote.RemoteWebDriver.findElement(RemoteWebDriver.java:355)
at org.openqa.selenium.remote.RemoteWebDriver.findElement(RemoteWebDriver.java:349)
at org.openqa.selenium.support.pagefactory.DefaultElementLocator.findElement(DefaultElementLocator.java:68)
at org.openqa.selenium.support.pagefactory.internal.LocatingElementHandler.invoke(LocatingElementHandler.java:38)
at jdk.proxy2/jdk.proxy2.$Proxy28.getText(Unknown Source)
at utils.SeleniumDriver.GetElementText(SeleniumDriver.java:112)
at pages.actions.Mortgages_MortgagesHelpAndSupport_PaymentsActions.getNavigationBarTitles(Mortgages_MortgagesHelpAndSupport_PaymentsActions.java:36)
at Mortgages_Feature_Steps.Mortgages_MortgagesHelpAndSupport_PaymentsSteps.i_should_see_navigationBar_on_the_page(Mortgages_MortgagesHelpAndSupport_PaymentsSteps.java:59)
at ✽.I should see "Your first payment" on the page(file:///C:/CMS_Automation/Co.uk_Suchismita_30_April/Website-Test-Automation-Mithun-branch/src/test/resources/Mortgages_FeatureFiles/Mortgages_MortgagesHelpAndSupport_Payments.feature:25)
]]>
    </error>
  </testcase> <!-- runScenario -->
  <system-out/>
  <testcase classname="runners.MortgageRunner" name="runScenario" time="2.513">
    <error message="no such element: Unable to locate element: {&quot;method&quot;:&quot;xpath&quot;,&quot;selector&quot;:&quot;//*[@id=&quot;General mortgage FAQs&quot;]/div/h2&quot;}
  (Session info: chrome=118.0.5993.70)
For documentation on this error, please visit: https://www.selenium.dev/documentation/webdriver/troubleshooting/errors#no-such-element-exception
Build info: version: &#039;4.11.0&#039;, revision: &#039;040bc5406b&#039;
System info: os.name: &#039;Windows Server 2019&#039;, os.arch: &#039;amd64&#039;, os.version: &#039;10.0&#039;, java.version: &#039;20.0.1&#039;
Driver info: org.openqa.selenium.chrome.ChromeDriver
Command: [aa9e62ad177cecac4999564efc26dbc7, findElement {using=xpath, value=//*[@id=&quot;General mortgage FAQs&quot;]/div/h2}]
Capabilities {acceptInsecureCerts: false, browserName: chrome, browserVersion: 118.0.5993.70, chrome: {chromedriverVersion: 118.0.5993.70 (e52f33f30b91..., userDataDir: C:\Users\MITHUN~1.HN\AppDat...}, fedcm:accounts: true, goog:chromeOptions: {debuggerAddress: localhost:52262}, networkConnectionEnabled: false, pageLoadStrategy: normal, platformName: windows, proxy: Proxy(), se:cdp: ws://localhost:52262/devtoo..., se:cdpVersion: 118.0.5993.70, setWindowRect: true, strictFileInteractability: false, timeouts: {implicit: 0, pageLoad: 300000, script: 30000}, unhandledPromptBehavior: dismiss and notify, webauthn:extension:credBlob: true, webauthn:extension:largeBlob: true, webauthn:extension:minPinLength: true, webauthn:extension:prf: true, webauthn:virtualAuthenticators: true}
Session ID: aa9e62ad177cecac4999564efc26dbc7" type="org.openqa.selenium.NoSuchElementException">
      <![CDATA[org.openqa.selenium.NoSuchElementException: no such element: Unable to locate element: {"method":"xpath","selector":"//*[@id="General mortgage FAQs"]/div/h2"}
  (Session info: chrome=118.0.5993.70)
For documentation on this error, please visit: https://www.selenium.dev/documentation/webdriver/troubleshooting/errors#no-such-element-exception
Build info: version: '4.11.0', revision: '040bc5406b'
System info: os.name: 'Windows Server 2019', os.arch: 'amd64', os.version: '10.0', java.version: '20.0.1'
Driver info: org.openqa.selenium.chrome.ChromeDriver
Command: [aa9e62ad177cecac4999564efc26dbc7, findElement {using=xpath, value=//*[@id="General mortgage FAQs"]/div/h2}]
Capabilities {acceptInsecureCerts: false, browserName: chrome, browserVersion: 118.0.5993.70, chrome: {chromedriverVersion: 118.0.5993.70 (e52f33f30b91..., userDataDir: C:\Users\MITHUN~1.HN\AppDat...}, fedcm:accounts: true, goog:chromeOptions: {debuggerAddress: localhost:52262}, networkConnectionEnabled: false, pageLoadStrategy: normal, platformName: windows, proxy: Proxy(), se:cdp: ws://localhost:52262/devtoo..., se:cdpVersion: 118.0.5993.70, setWindowRect: true, strictFileInteractability: false, timeouts: {implicit: 0, pageLoad: 300000, script: 30000}, unhandledPromptBehavior: dismiss and notify, webauthn:extension:credBlob: true, webauthn:extension:largeBlob: true, webauthn:extension:minPinLength: true, webauthn:extension:prf: true, webauthn:virtualAuthenticators: true}
Session ID: aa9e62ad177cecac4999564efc26dbc7
at java.base/jdk.internal.reflect.DirectConstructorHandleAccessor.newInstance(DirectConstructorHandleAccessor.java:67)
at java.base/java.lang.reflect.Constructor.newInstanceWithCaller(Constructor.java:500)
at java.base/java.lang.reflect.Constructor.newInstance(Constructor.java:484)
at org.openqa.selenium.remote.codec.w3c.W3CHttpResponseCodec.createException(W3CHttpResponseCodec.java:200)
at org.openqa.selenium.remote.codec.w3c.W3CHttpResponseCodec.decode(W3CHttpResponseCodec.java:133)
at org.openqa.selenium.remote.codec.w3c.W3CHttpResponseCodec.decode(W3CHttpResponseCodec.java:52)
at org.openqa.selenium.remote.HttpCommandExecutor.execute(HttpCommandExecutor.java:191)
at org.openqa.selenium.remote.service.DriverCommandExecutor.invokeExecute(DriverCommandExecutor.java:196)
at org.openqa.selenium.remote.service.DriverCommandExecutor.execute(DriverCommandExecutor.java:171)
at org.openqa.selenium.remote.RemoteWebDriver.execute(RemoteWebDriver.java:518)
at org.openqa.selenium.remote.ElementLocation$ElementFinder$2.findElement(ElementLocation.java:165)
at org.openqa.selenium.remote.ElementLocation.findElement(ElementLocation.java:59)
at org.openqa.selenium.remote.RemoteWebDriver.findElement(RemoteWebDriver.java:355)
at org.openqa.selenium.remote.RemoteWebDriver.findElement(RemoteWebDriver.java:349)
at org.openqa.selenium.support.pagefactory.DefaultElementLocator.findElement(DefaultElementLocator.java:68)
at org.openqa.selenium.support.pagefactory.internal.LocatingElementHandler.invoke(LocatingElementHandler.java:38)
at jdk.proxy2/jdk.proxy2.$Proxy28.getText(Unknown Source)
at pages.actions.Mortgages_MortgagesHelpAndSupport_MortgagesFAQActions.getSubheader(Mortgages_MortgagesHelpAndSupport_MortgagesFAQActions.java:34)
at Mortgages_Feature_Steps.Mortgages_MortgagesHelpAndSupport_MortgagesFAQStpes.i_will_see_the_header_on_page(Mortgages_MortgagesHelpAndSupport_MortgagesFAQStpes.java:42)
at ✽.I will see the "General mortgage FAQs" on the page(file:///C:/CMS_Automation/Co.uk_Suchismita_30_April/Website-Test-Automation-Mithun-branch/src/test/resources/Mortgages_FeatureFiles/Mortgages_MortgagesHelpAndSupport_MortgagesFAQ.feature:23)
]]>
    </error>
  </testcase> <!-- runScenario -->
  <system-out/>
  <testcase classname="runners.MortgageRunner" name="runScenario" time="1.887"/>
  <system-out/>
  <testcase classname="runners.MortgageRunner" name="runScenario" time="1.805"/>
  <system-out/>
  <testcase classname="runners.MortgageRunner" name="runScenario" time="1.797"/>
  <system-out/>
  <testcase classname="runners.MortgageRunner" name="runScenario" time="1.756">
    <error message="no such element: Unable to locate element: {&quot;method&quot;:&quot;xpath&quot;,&quot;selector&quot;:&quot;//*[@class=&quot;umb-block__root margin-bottom margin-side&quot;]/ul/li[4]/article/a&quot;}
  (Session info: chrome=118.0.5993.70)
For documentation on this error, please visit: https://www.selenium.dev/documentation/webdriver/troubleshooting/errors#no-such-element-exception
Build info: version: &#039;4.11.0&#039;, revision: &#039;040bc5406b&#039;
System info: os.name: &#039;Windows Server 2019&#039;, os.arch: &#039;amd64&#039;, os.version: &#039;10.0&#039;, java.version: &#039;20.0.1&#039;
Driver info: org.openqa.selenium.chrome.ChromeDriver
Command: [aa9e62ad177cecac4999564efc26dbc7, findElement {using=xpath, value=//*[@class=&quot;umb-block__root margin-bottom margin-side&quot;]/ul/li[4]/article/a}]
Capabilities {acceptInsecureCerts: false, browserName: chrome, browserVersion: 118.0.5993.70, chrome: {chromedriverVersion: 118.0.5993.70 (e52f33f30b91..., userDataDir: C:\Users\MITHUN~1.HN\AppDat...}, fedcm:accounts: true, goog:chromeOptions: {debuggerAddress: localhost:52262}, networkConnectionEnabled: false, pageLoadStrategy: normal, platformName: windows, proxy: Proxy(), se:cdp: ws://localhost:52262/devtoo..., se:cdpVersion: 118.0.5993.70, setWindowRect: true, strictFileInteractability: false, timeouts: {implicit: 0, pageLoad: 300000, script: 30000}, unhandledPromptBehavior: dismiss and notify, webauthn:extension:credBlob: true, webauthn:extension:largeBlob: true, webauthn:extension:minPinLength: true, webauthn:extension:prf: true, webauthn:virtualAuthenticators: true}
Session ID: aa9e62ad177cecac4999564efc26dbc7" type="org.openqa.selenium.NoSuchElementException">
      <![CDATA[org.openqa.selenium.NoSuchElementException: no such element: Unable to locate element: {"method":"xpath","selector":"//*[@class="umb-block__root margin-bottom margin-side"]/ul/li[4]/article/a"}
  (Session info: chrome=118.0.5993.70)
For documentation on this error, please visit: https://www.selenium.dev/documentation/webdriver/troubleshooting/errors#no-such-element-exception
Build info: version: '4.11.0', revision: '040bc5406b'
System info: os.name: 'Windows Server 2019', os.arch: 'amd64', os.version: '10.0', java.version: '20.0.1'
Driver info: org.openqa.selenium.chrome.ChromeDriver
Command: [aa9e62ad177cecac4999564efc26dbc7, findElement {using=xpath, value=//*[@class="umb-block__root margin-bottom margin-side"]/ul/li[4]/article/a}]
Capabilities {acceptInsecureCerts: false, browserName: chrome, browserVersion: 118.0.5993.70, chrome: {chromedriverVersion: 118.0.5993.70 (e52f33f30b91..., userDataDir: C:\Users\MITHUN~1.HN\AppDat...}, fedcm:accounts: true, goog:chromeOptions: {debuggerAddress: localhost:52262}, networkConnectionEnabled: false, pageLoadStrategy: normal, platformName: windows, proxy: Proxy(), se:cdp: ws://localhost:52262/devtoo..., se:cdpVersion: 118.0.5993.70, setWindowRect: true, strictFileInteractability: false, timeouts: {implicit: 0, pageLoad: 300000, script: 30000}, unhandledPromptBehavior: dismiss and notify, webauthn:extension:credBlob: true, webauthn:extension:largeBlob: true, webauthn:extension:minPinLength: true, webauthn:extension:prf: true, webauthn:virtualAuthenticators: true}
Session ID: aa9e62ad177cecac4999564efc26dbc7
at java.base/jdk.internal.reflect.DirectConstructorHandleAccessor.newInstance(DirectConstructorHandleAccessor.java:67)
at java.base/java.lang.reflect.Constructor.newInstanceWithCaller(Constructor.java:500)
at java.base/java.lang.reflect.Constructor.newInstance(Constructor.java:484)
at org.openqa.selenium.remote.codec.w3c.W3CHttpResponseCodec.createException(W3CHttpResponseCodec.java:200)
at org.openqa.selenium.remote.codec.w3c.W3CHttpResponseCodec.decode(W3CHttpResponseCodec.java:133)
at org.openqa.selenium.remote.codec.w3c.W3CHttpResponseCodec.decode(W3CHttpResponseCodec.java:52)
at org.openqa.selenium.remote.HttpCommandExecutor.execute(HttpCommandExecutor.java:191)
at org.openqa.selenium.remote.service.DriverCommandExecutor.invokeExecute(DriverCommandExecutor.java:196)
at org.openqa.selenium.remote.service.DriverCommandExecutor.execute(DriverCommandExecutor.java:171)
at org.openqa.selenium.remote.RemoteWebDriver.execute(RemoteWebDriver.java:518)
at org.openqa.selenium.remote.ElementLocation$ElementFinder$2.findElement(ElementLocation.java:165)
at org.openqa.selenium.remote.ElementLocation.findElement(ElementLocation.java:59)
at org.openqa.selenium.remote.RemoteWebDriver.findElement(RemoteWebDriver.java:355)
at org.openqa.selenium.remote.RemoteWebDriver.findElement(RemoteWebDriver.java:349)
at org.openqa.selenium.support.pagefactory.DefaultElementLocator.findElement(DefaultElementLocator.java:68)
at org.openqa.selenium.support.pagefactory.internal.LocatingElementHandler.invoke(LocatingElementHandler.java:38)
at jdk.proxy2/jdk.proxy2.$Proxy28.getText(Unknown Source)
at pages.actions.Mortgages_BuyToLetMortgagesForLimitedCompaniesActions.getCardHeaderTitle(Mortgages_BuyToLetMortgagesForLimitedCompaniesActions.java:86)
at Mortgages_Feature_Steps.Mortgages_BuyToLetMortgagesForLimitedCompaniesSteps.i_should_see_the_cardheader_present_on_the_page(Mortgages_BuyToLetMortgagesForLimitedCompaniesSteps.java:65)
at ✽."Understanding complex buy to let mortgages: 5 things you need to know" is present on the page(file:///C:/CMS_Automation/Co.uk_Suchismita_30_April/Website-Test-Automation-Mithun-branch/src/test/resources/Mortgages_FeatureFiles/Mortgages_BuyToLetMortgages_BuyToLetMortgagesForLimitedCompanies.feature:55)
]]>
    </error>
  </testcase> <!-- runScenario -->
  <system-out/>
  <testcase classname="runners.MortgageRunner" name="runScenario" time="2.218"/>
  <system-out/>
  <testcase classname="runners.MortgageRunner" name="runScenario" time="2.430">
    <error message="no such element: Unable to locate element: {&quot;method&quot;:&quot;xpath&quot;,&quot;selector&quot;:&quot;//*[@id=&#039;remaining-balance&#039;]/div/p[1]/span&quot;}
  (Session info: chrome=118.0.5993.70)
For documentation on this error, please visit: https://www.selenium.dev/documentation/webdriver/troubleshooting/errors#no-such-element-exception
Build info: version: &#039;4.11.0&#039;, revision: &#039;040bc5406b&#039;
System info: os.name: &#039;Windows Server 2019&#039;, os.arch: &#039;amd64&#039;, os.version: &#039;10.0&#039;, java.version: &#039;20.0.1&#039;
Driver info: org.openqa.selenium.chrome.ChromeDriver
Command: [aa9e62ad177cecac4999564efc26dbc7, findElement {using=xpath, value=//*[@id=&#039;remaining-balance&#039;]/div/p[1]/span}]
Capabilities {acceptInsecureCerts: false, browserName: chrome, browserVersion: 118.0.5993.70, chrome: {chromedriverVersion: 118.0.5993.70 (e52f33f30b91..., userDataDir: C:\Users\MITHUN~1.HN\AppDat...}, fedcm:accounts: true, goog:chromeOptions: {debuggerAddress: localhost:52262}, networkConnectionEnabled: false, pageLoadStrategy: normal, platformName: windows, proxy: Proxy(), se:cdp: ws://localhost:52262/devtoo..., se:cdpVersion: 118.0.5993.70, setWindowRect: true, strictFileInteractability: false, timeouts: {implicit: 0, pageLoad: 300000, script: 30000}, unhandledPromptBehavior: dismiss and notify, webauthn:extension:credBlob: true, webauthn:extension:largeBlob: true, webauthn:extension:minPinLength: true, webauthn:extension:prf: true, webauthn:virtualAuthenticators: true}
Session ID: aa9e62ad177cecac4999564efc26dbc7" type="org.openqa.selenium.NoSuchElementException">
      <![CDATA[org.openqa.selenium.NoSuchElementException: no such element: Unable to locate element: {"method":"xpath","selector":"//*[@id='remaining-balance']/div/p[1]/span"}
  (Session info: chrome=118.0.5993.70)
For documentation on this error, please visit: https://www.selenium.dev/documentation/webdriver/troubleshooting/errors#no-such-element-exception
Build info: version: '4.11.0', revision: '040bc5406b'
System info: os.name: 'Windows Server 2019', os.arch: 'amd64', os.version: '10.0', java.version: '20.0.1'
Driver info: org.openqa.selenium.chrome.ChromeDriver
Command: [aa9e62ad177cecac4999564efc26dbc7, findElement {using=xpath, value=//*[@id='remaining-balance']/div/p[1]/span}]
Capabilities {acceptInsecureCerts: false, browserName: chrome, browserVersion: 118.0.5993.70, chrome: {chromedriverVersion: 118.0.5993.70 (e52f33f30b91..., userDataDir: C:\Users\MITHUN~1.HN\AppDat...}, fedcm:accounts: true, goog:chromeOptions: {debuggerAddress: localhost:52262}, networkConnectionEnabled: false, pageLoadStrategy: normal, platformName: windows, proxy: Proxy(), se:cdp: ws://localhost:52262/devtoo..., se:cdpVersion: 118.0.5993.70, setWindowRect: true, strictFileInteractability: false, timeouts: {implicit: 0, pageLoad: 300000, script: 30000}, unhandledPromptBehavior: dismiss and notify, webauthn:extension:credBlob: true, webauthn:extension:largeBlob: true, webauthn:extension:minPinLength: true, webauthn:extension:prf: true, webauthn:virtualAuthenticators: true}
Session ID: aa9e62ad177cecac4999564efc26dbc7
at java.base/jdk.internal.reflect.DirectConstructorHandleAccessor.newInstance(DirectConstructorHandleAccessor.java:67)
at java.base/java.lang.reflect.Constructor.newInstanceWithCaller(Constructor.java:500)
at java.base/java.lang.reflect.Constructor.newInstance(Constructor.java:484)
at org.openqa.selenium.remote.codec.w3c.W3CHttpResponseCodec.createException(W3CHttpResponseCodec.java:200)
at org.openqa.selenium.remote.codec.w3c.W3CHttpResponseCodec.decode(W3CHttpResponseCodec.java:133)
at org.openqa.selenium.remote.codec.w3c.W3CHttpResponseCodec.decode(W3CHttpResponseCodec.java:52)
at org.openqa.selenium.remote.HttpCommandExecutor.execute(HttpCommandExecutor.java:191)
at org.openqa.selenium.remote.service.DriverCommandExecutor.invokeExecute(DriverCommandExecutor.java:196)
at org.openqa.selenium.remote.service.DriverCommandExecutor.execute(DriverCommandExecutor.java:171)
at org.openqa.selenium.remote.RemoteWebDriver.execute(RemoteWebDriver.java:518)
at org.openqa.selenium.remote.ElementLocation$ElementFinder$2.findElement(ElementLocation.java:165)
at org.openqa.selenium.remote.ElementLocation.findElement(ElementLocation.java:59)
at org.openqa.selenium.remote.RemoteWebDriver.findElement(RemoteWebDriver.java:355)
at org.openqa.selenium.remote.RemoteWebDriver.findElement(RemoteWebDriver.java:349)
at org.openqa.selenium.support.pagefactory.DefaultElementLocator.findElement(DefaultElementLocator.java:68)
at org.openqa.selenium.support.pagefactory.internal.LocatingElementHandler.invoke(LocatingElementHandler.java:38)
at jdk.proxy2/jdk.proxy2.$Proxy28.getText(Unknown Source)
at pages.actions.Mortgages_MortgagesHelpAndSupport_FeesStatementsAndBalancesActions.getUSPsectionOptons(Mortgages_MortgagesHelpAndSupport_FeesStatementsAndBalancesActions.java:36)
at Mortgages_Feature_Steps.Mortgages_MortgagesHelpAndSupport_FeesStatementsAndBalancesSteps.i_should_see_USPSection_present_on_the_page(Mortgages_MortgagesHelpAndSupport_FeesStatementsAndBalancesSteps.java:40)
at ✽."Your remaining balance." present on the page to be validated(file:///C:/CMS_Automation/Co.uk_Suchismita_30_April/Website-Test-Automation-Mithun-branch/src/test/resources/Mortgages_FeatureFiles/Mortgages_MortgagesHelpAndSupport_FeesStatementsAndBalances.feature:23)
]]>
    </error>
  </testcase> <!-- runScenario -->
  <system-out/>
  <testcase classname="runners.MortgageRunner" name="runScenario" time="1.880"/>
  <system-out/>
  <testcase classname="runners.MortgageRunner" name="runScenario" time="1.731">
    <failure message="expected [Applying for a mortgage] but found [Mortgage jargon buster]" type="java.lang.AssertionError">
      <![CDATA[java.lang.AssertionError: expected [Applying for a mortgage] but found [Mortgage jargon buster]
at org.testng.Assert.fail(Assert.java:99)
at org.testng.Assert.failNotEquals(Assert.java:1037)
at org.testng.Assert.assertEqualsImpl(Assert.java:140)
at org.testng.Assert.assertEquals(Assert.java:122)
at org.testng.Assert.assertEquals(Assert.java:629)
at org.testng.Assert.assertEquals(Assert.java:639)
at Mortgages_Feature_Steps.Mortgages_HelpandSupport_MortgagesHelpAndSupportSteps.i_see_PageTitle_present_on_the_page(Mortgages_HelpandSupport_MortgagesHelpAndSupportSteps.java:42)
at ✽.I see "Applying for a mortgage" present on the page(file:///C:/CMS_Automation/Co.uk_Suchismita_30_April/Website-Test-Automation-Mithun-branch/src/test/resources/Mortgages_FeatureFiles/Mortgages_HelpandSupport_MortgagesHelpandSupport.feature:25)
]]>
    </failure>
  </testcase> <!-- runScenario -->
  <system-out/>
  <testcase classname="runners.MortgageRunner" name="runScenario" time="1.600">
    <failure message="Unable to click&quot;Borrowing More&quot; using javascript click" type="java.lang.AssertionError">
      <![CDATA[java.lang.AssertionError: Unable to click"Borrowing More" using javascript click
at org.testng.Assert.fail(Assert.java:99)
at utils.SeleniumDriver.clickElement(SeleniumDriver.java:153)
at pages.actions.Mortgages_MortgagesHelpAndSupport_BorrowingMoreOnYourMortgageActions.clickedCTAbutton(Mortgages_MortgagesHelpAndSupport_BorrowingMoreOnYourMortgageActions.java:26)
at Mortgages_Feature_Steps.Mortgages_MortgagesHelpAndSupport_BorrowingMoreOnYourMortgageSteps.i_naviagte_borrowing_more_on_your_mortgages_page(Mortgages_MortgagesHelpAndSupport_BorrowingMoreOnYourMortgageSteps.java:37)
at ✽.I navigate to Borrowing more on your mortgage page(file:///C:/CMS_Automation/Co.uk_Suchismita_30_April/Website-Test-Automation-Mithun-branch/src/test/resources/Mortgages_FeatureFiles/Mortgages_MortgagesHelpAndSupport_BorrowingMoreOnYourMortgage.feature:23)
]]>
    </failure>
  </testcase> <!-- runScenario -->
  <system-out/>
  <testcase classname="runners.MortgageRunner" name="runScenario" time="2.658">
    <failure message="expected [Commercial Mortgages - Aldermore Bank] but found [Commercial Mortgages | Aldermore Bank]" type="java.lang.AssertionError">
      <![CDATA[java.lang.AssertionError: expected [Commercial Mortgages - Aldermore Bank] but found [Commercial Mortgages | Aldermore Bank]
at org.testng.Assert.fail(Assert.java:99)
at org.testng.Assert.failNotEquals(Assert.java:1037)
at org.testng.Assert.assertEqualsImpl(Assert.java:140)
at org.testng.Assert.assertEquals(Assert.java:122)
at org.testng.Assert.assertEquals(Assert.java:629)
at org.testng.Assert.assertEquals(Assert.java:639)
at Mortgages_Feature_Steps.MortgagesPageSteps.I_should_click_Commercial_mortgages_and_should_be_redirected_to_(MortgagesPageSteps.java:165)
at ✽.I should click Commercial mortgages and should be redirected to "Commercial Mortgages - Aldermore Bank"(file:///C:/CMS_Automation/Co.uk_Suchismita_30_April/Website-Test-Automation-Mithun-branch/src/test/resources/Mortgages_FeatureFiles/Mortgages.feature:88)
]]>
    </failure>
  </testcase> <!-- runScenario -->
  <system-out/>
  <testcase classname="runners.MortgageRunner" name="runScenario" time="1.881"/>
  <system-out/>
  <testcase classname="runners.MortgageRunner" name="runScenario" time="1.739"/>
  <system-out/>
  <testcase classname="runners.MortgageRunner" name="runScenario" time="1.666">
    <error message="no such element: Unable to locate element: {&quot;method&quot;:&quot;xpath&quot;,&quot;selector&quot;:&quot;//*[@class=&quot;umb-block__root margin-bottom &quot;]/div/span/section/ul/li[3]/span/a&quot;}
  (Session info: chrome=118.0.5993.70)
For documentation on this error, please visit: https://www.selenium.dev/documentation/webdriver/troubleshooting/errors#no-such-element-exception
Build info: version: &#039;4.11.0&#039;, revision: &#039;040bc5406b&#039;
System info: os.name: &#039;Windows Server 2019&#039;, os.arch: &#039;amd64&#039;, os.version: &#039;10.0&#039;, java.version: &#039;20.0.1&#039;
Driver info: org.openqa.selenium.chrome.ChromeDriver
Command: [aa9e62ad177cecac4999564efc26dbc7, findElement {using=xpath, value=//*[@class=&quot;umb-block__root margin-bottom &quot;]/div/span/section/ul/li[3]/span/a}]
Capabilities {acceptInsecureCerts: false, browserName: chrome, browserVersion: 118.0.5993.70, chrome: {chromedriverVersion: 118.0.5993.70 (e52f33f30b91..., userDataDir: C:\Users\MITHUN~1.HN\AppDat...}, fedcm:accounts: true, goog:chromeOptions: {debuggerAddress: localhost:52262}, networkConnectionEnabled: false, pageLoadStrategy: normal, platformName: windows, proxy: Proxy(), se:cdp: ws://localhost:52262/devtoo..., se:cdpVersion: 118.0.5993.70, setWindowRect: true, strictFileInteractability: false, timeouts: {implicit: 0, pageLoad: 300000, script: 30000}, unhandledPromptBehavior: dismiss and notify, webauthn:extension:credBlob: true, webauthn:extension:largeBlob: true, webauthn:extension:minPinLength: true, webauthn:extension:prf: true, webauthn:virtualAuthenticators: true}
Session ID: aa9e62ad177cecac4999564efc26dbc7" type="org.openqa.selenium.NoSuchElementException">
      <![CDATA[org.openqa.selenium.NoSuchElementException: no such element: Unable to locate element: {"method":"xpath","selector":"//*[@class="umb-block__root margin-bottom "]/div/span/section/ul/li[3]/span/a"}
  (Session info: chrome=118.0.5993.70)
For documentation on this error, please visit: https://www.selenium.dev/documentation/webdriver/troubleshooting/errors#no-such-element-exception
Build info: version: '4.11.0', revision: '040bc5406b'
System info: os.name: 'Windows Server 2019', os.arch: 'amd64', os.version: '10.0', java.version: '20.0.1'
Driver info: org.openqa.selenium.chrome.ChromeDriver
Command: [aa9e62ad177cecac4999564efc26dbc7, findElement {using=xpath, value=//*[@class="umb-block__root margin-bottom "]/div/span/section/ul/li[3]/span/a}]
Capabilities {acceptInsecureCerts: false, browserName: chrome, browserVersion: 118.0.5993.70, chrome: {chromedriverVersion: 118.0.5993.70 (e52f33f30b91..., userDataDir: C:\Users\MITHUN~1.HN\AppDat...}, fedcm:accounts: true, goog:chromeOptions: {debuggerAddress: localhost:52262}, networkConnectionEnabled: false, pageLoadStrategy: normal, platformName: windows, proxy: Proxy(), se:cdp: ws://localhost:52262/devtoo..., se:cdpVersion: 118.0.5993.70, setWindowRect: true, strictFileInteractability: false, timeouts: {implicit: 0, pageLoad: 300000, script: 30000}, unhandledPromptBehavior: dismiss and notify, webauthn:extension:credBlob: true, webauthn:extension:largeBlob: true, webauthn:extension:minPinLength: true, webauthn:extension:prf: true, webauthn:virtualAuthenticators: true}
Session ID: aa9e62ad177cecac4999564efc26dbc7
at java.base/jdk.internal.reflect.DirectConstructorHandleAccessor.newInstance(DirectConstructorHandleAccessor.java:67)
at java.base/java.lang.reflect.Constructor.newInstanceWithCaller(Constructor.java:500)
at java.base/java.lang.reflect.Constructor.newInstance(Constructor.java:484)
at org.openqa.selenium.remote.codec.w3c.W3CHttpResponseCodec.createException(W3CHttpResponseCodec.java:200)
at org.openqa.selenium.remote.codec.w3c.W3CHttpResponseCodec.decode(W3CHttpResponseCodec.java:133)
at org.openqa.selenium.remote.codec.w3c.W3CHttpResponseCodec.decode(W3CHttpResponseCodec.java:52)
at org.openqa.selenium.remote.HttpCommandExecutor.execute(HttpCommandExecutor.java:191)
at org.openqa.selenium.remote.service.DriverCommandExecutor.invokeExecute(DriverCommandExecutor.java:196)
at org.openqa.selenium.remote.service.DriverCommandExecutor.execute(DriverCommandExecutor.java:171)
at org.openqa.selenium.remote.RemoteWebDriver.execute(RemoteWebDriver.java:518)
at org.openqa.selenium.remote.ElementLocation$ElementFinder$2.findElement(ElementLocation.java:165)
at org.openqa.selenium.remote.ElementLocation.findElement(ElementLocation.java:59)
at org.openqa.selenium.remote.RemoteWebDriver.findElement(RemoteWebDriver.java:355)
at org.openqa.selenium.remote.RemoteWebDriver.findElement(RemoteWebDriver.java:349)
at org.openqa.selenium.support.pagefactory.DefaultElementLocator.findElement(DefaultElementLocator.java:68)
at org.openqa.selenium.support.pagefactory.internal.LocatingElementHandler.invoke(LocatingElementHandler.java:38)
at jdk.proxy2/jdk.proxy2.$Proxy28.getText(Unknown Source)
at utils.SeleniumDriver.GetElementText(SeleniumDriver.java:112)
at pages.actions.Mortgages_HelpAndSupport_BorrowingMoreActions.ClickTheLinkOnQuickLinkSection(Mortgages_HelpAndSupport_BorrowingMoreActions.java:52)
at Mortgages_Feature_Steps.Mortgages_HelpAndSupport_BorrowingMoreSteps.i_will_click_the_link_on_the_QuickLinkSection(Mortgages_HelpAndSupport_BorrowingMoreSteps.java:51)
at ✽.I will click the "Income and expenditure" on the QuickLinkSection(file:///C:/CMS_Automation/Co.uk_Suchismita_30_April/Website-Test-Automation-Mithun-branch/src/test/resources/Mortgages_FeatureFiles/Mortgages_HelpAndSupport_BorrowingMore.feature:48)
]]>
    </error>
  </testcase> <!-- runScenario -->
  <system-out/>
  <testcase classname="runners.MortgageRunner" name="runScenario" time="1.788">
    <failure message="expected [Switching your mortgage] but found [Payments]" type="java.lang.AssertionError">
      <![CDATA[java.lang.AssertionError: expected [Switching your mortgage] but found [Payments]
at org.testng.Assert.fail(Assert.java:99)
at org.testng.Assert.failNotEquals(Assert.java:1037)
at org.testng.Assert.assertEqualsImpl(Assert.java:140)
at org.testng.Assert.assertEquals(Assert.java:122)
at org.testng.Assert.assertEquals(Assert.java:629)
at org.testng.Assert.assertEquals(Assert.java:639)
at Mortgages_Feature_Steps.Mortgages_HelpandSupport_MortgagesHelpAndSupportSteps.i_see_PageTitle_present_on_the_page(Mortgages_HelpandSupport_MortgagesHelpAndSupportSteps.java:42)
at ✽.I see "Switching your mortgage" present on the page(file:///C:/CMS_Automation/Co.uk_Suchismita_30_April/Website-Test-Automation-Mithun-branch/src/test/resources/Mortgages_FeatureFiles/Mortgages_HelpandSupport_MortgagesHelpandSupport.feature:25)
]]>
    </failure>
  </testcase> <!-- runScenario -->
  <system-out/>
  <testcase classname="runners.MortgageRunner" name="runScenario" time="1.795">
    <failure message="Unable to click&quot;Borrowing More&quot; using javascript click" type="java.lang.AssertionError">
      <![CDATA[java.lang.AssertionError: Unable to click"Borrowing More" using javascript click
at org.testng.Assert.fail(Assert.java:99)
at utils.SeleniumDriver.clickElement(SeleniumDriver.java:153)
at pages.actions.Mortgages_MortgagesHelpAndSupport_BorrowingMoreOnYourMortgageActions.clickedCTAbutton(Mortgages_MortgagesHelpAndSupport_BorrowingMoreOnYourMortgageActions.java:26)
at Mortgages_Feature_Steps.Mortgages_MortgagesHelpAndSupport_BorrowingMoreOnYourMortgageSteps.i_naviagte_borrowing_more_on_your_mortgages_page(Mortgages_MortgagesHelpAndSupport_BorrowingMoreOnYourMortgageSteps.java:37)
at ✽.I navigate to Borrowing more on your mortgage page(file:///C:/CMS_Automation/Co.uk_Suchismita_30_April/Website-Test-Automation-Mithun-branch/src/test/resources/Mortgages_FeatureFiles/Mortgages_MortgagesHelpAndSupport_BorrowingMoreOnYourMortgage.feature:34)
]]>
    </failure>
  </testcase> <!-- runScenario -->
  <system-out/>
  <testcase classname="runners.MortgageRunner" name="runScenario" time="2.797">
    <failure message="expected [Mortgages for First Time Buyers - Aldermore Bank] but found [Mortgages for First Time Buyers | Aldermore Bank]" type="java.lang.AssertionError">
      <![CDATA[java.lang.AssertionError: expected [Mortgages for First Time Buyers - Aldermore Bank] but found [Mortgages for First Time Buyers | Aldermore Bank]
at org.testng.Assert.fail(Assert.java:99)
at org.testng.Assert.failNotEquals(Assert.java:1037)
at org.testng.Assert.assertEqualsImpl(Assert.java:140)
at org.testng.Assert.assertEquals(Assert.java:122)
at org.testng.Assert.assertEquals(Assert.java:629)
at org.testng.Assert.assertEquals(Assert.java:639)
at Mortgages_Feature_Steps.MortgagesPageSteps.i_should_click_on_First_time_buyer_mortgages_card_present_on_page_and_should_be_redirected_to_respective_page(MortgagesPageSteps.java:157)
at ✽.I should click First time buyer mortgages and should be redirected to "Mortgages for First Time Buyers - Aldermore Bank"(file:///C:/CMS_Automation/Co.uk_Suchismita_30_April/Website-Test-Automation-Mithun-branch/src/test/resources/Mortgages_FeatureFiles/Mortgages.feature:78)
]]>
    </failure>
  </testcase> <!-- runScenario -->
  <system-out/>
  <testcase classname="runners.MortgageRunner" name="runScenario" time="3.120">
    <error message="no such element: Unable to locate element: {&quot;method&quot;:&quot;xpath&quot;,&quot;selector&quot;:&quot;//*[@id=&#039;certificate-of-interest&#039;]/div/p[1]/span&quot;}
  (Session info: chrome=118.0.5993.70)
For documentation on this error, please visit: https://www.selenium.dev/documentation/webdriver/troubleshooting/errors#no-such-element-exception
Build info: version: &#039;4.11.0&#039;, revision: &#039;040bc5406b&#039;
System info: os.name: &#039;Windows Server 2019&#039;, os.arch: &#039;amd64&#039;, os.version: &#039;10.0&#039;, java.version: &#039;20.0.1&#039;
Driver info: org.openqa.selenium.chrome.ChromeDriver
Command: [aa9e62ad177cecac4999564efc26dbc7, findElement {using=xpath, value=//*[@id=&#039;certificate-of-interest&#039;]/div/p[1]/span}]
Capabilities {acceptInsecureCerts: false, browserName: chrome, browserVersion: 118.0.5993.70, chrome: {chromedriverVersion: 118.0.5993.70 (e52f33f30b91..., userDataDir: C:\Users\MITHUN~1.HN\AppDat...}, fedcm:accounts: true, goog:chromeOptions: {debuggerAddress: localhost:52262}, networkConnectionEnabled: false, pageLoadStrategy: normal, platformName: windows, proxy: Proxy(), se:cdp: ws://localhost:52262/devtoo..., se:cdpVersion: 118.0.5993.70, setWindowRect: true, strictFileInteractability: false, timeouts: {implicit: 0, pageLoad: 300000, script: 30000}, unhandledPromptBehavior: dismiss and notify, webauthn:extension:credBlob: true, webauthn:extension:largeBlob: true, webauthn:extension:minPinLength: true, webauthn:extension:prf: true, webauthn:virtualAuthenticators: true}
Session ID: aa9e62ad177cecac4999564efc26dbc7" type="org.openqa.selenium.NoSuchElementException">
      <![CDATA[org.openqa.selenium.NoSuchElementException: no such element: Unable to locate element: {"method":"xpath","selector":"//*[@id='certificate-of-interest']/div/p[1]/span"}
  (Session info: chrome=118.0.5993.70)
For documentation on this error, please visit: https://www.selenium.dev/documentation/webdriver/troubleshooting/errors#no-such-element-exception
Build info: version: '4.11.0', revision: '040bc5406b'
System info: os.name: 'Windows Server 2019', os.arch: 'amd64', os.version: '10.0', java.version: '20.0.1'
Driver info: org.openqa.selenium.chrome.ChromeDriver
Command: [aa9e62ad177cecac4999564efc26dbc7, findElement {using=xpath, value=//*[@id='certificate-of-interest']/div/p[1]/span}]
Capabilities {acceptInsecureCerts: false, browserName: chrome, browserVersion: 118.0.5993.70, chrome: {chromedriverVersion: 118.0.5993.70 (e52f33f30b91..., userDataDir: C:\Users\MITHUN~1.HN\AppDat...}, fedcm:accounts: true, goog:chromeOptions: {debuggerAddress: localhost:52262}, networkConnectionEnabled: false, pageLoadStrategy: normal, platformName: windows, proxy: Proxy(), se:cdp: ws://localhost:52262/devtoo..., se:cdpVersion: 118.0.5993.70, setWindowRect: true, strictFileInteractability: false, timeouts: {implicit: 0, pageLoad: 300000, script: 30000}, unhandledPromptBehavior: dismiss and notify, webauthn:extension:credBlob: true, webauthn:extension:largeBlob: true, webauthn:extension:minPinLength: true, webauthn:extension:prf: true, webauthn:virtualAuthenticators: true}
Session ID: aa9e62ad177cecac4999564efc26dbc7
at java.base/jdk.internal.reflect.DirectConstructorHandleAccessor.newInstance(DirectConstructorHandleAccessor.java:67)
at java.base/java.lang.reflect.Constructor.newInstanceWithCaller(Constructor.java:500)
at java.base/java.lang.reflect.Constructor.newInstance(Constructor.java:484)
at org.openqa.selenium.remote.codec.w3c.W3CHttpResponseCodec.createException(W3CHttpResponseCodec.java:200)
at org.openqa.selenium.remote.codec.w3c.W3CHttpResponseCodec.decode(W3CHttpResponseCodec.java:133)
at org.openqa.selenium.remote.codec.w3c.W3CHttpResponseCodec.decode(W3CHttpResponseCodec.java:52)
at org.openqa.selenium.remote.HttpCommandExecutor.execute(HttpCommandExecutor.java:191)
at org.openqa.selenium.remote.service.DriverCommandExecutor.invokeExecute(DriverCommandExecutor.java:196)
at org.openqa.selenium.remote.service.DriverCommandExecutor.execute(DriverCommandExecutor.java:171)
at org.openqa.selenium.remote.RemoteWebDriver.execute(RemoteWebDriver.java:518)
at org.openqa.selenium.remote.ElementLocation$ElementFinder$2.findElement(ElementLocation.java:165)
at org.openqa.selenium.remote.ElementLocation.findElement(ElementLocation.java:59)
at org.openqa.selenium.remote.RemoteWebDriver.findElement(RemoteWebDriver.java:355)
at org.openqa.selenium.remote.RemoteWebDriver.findElement(RemoteWebDriver.java:349)
at org.openqa.selenium.support.pagefactory.DefaultElementLocator.findElement(DefaultElementLocator.java:68)
at org.openqa.selenium.support.pagefactory.internal.LocatingElementHandler.invoke(LocatingElementHandler.java:38)
at jdk.proxy2/jdk.proxy2.$Proxy28.getText(Unknown Source)
at pages.actions.Mortgages_MortgagesHelpAndSupport_FeesStatementsAndBalancesActions.getUSPsectionOptons(Mortgages_MortgagesHelpAndSupport_FeesStatementsAndBalancesActions.java:38)
at Mortgages_Feature_Steps.Mortgages_MortgagesHelpAndSupport_FeesStatementsAndBalancesSteps.i_should_see_USPSection_present_on_the_page(Mortgages_MortgagesHelpAndSupport_FeesStatementsAndBalancesSteps.java:40)
at ✽."Your certificate of interest" present on the page to be validated(file:///C:/CMS_Automation/Co.uk_Suchismita_30_April/Website-Test-Automation-Mithun-branch/src/test/resources/Mortgages_FeatureFiles/Mortgages_MortgagesHelpAndSupport_FeesStatementsAndBalances.feature:23)
]]>
    </error>
  </testcase> <!-- runScenario -->
  <system-out/>
  <testcase classname="runners.MortgageRunner" name="runScenario" time="1.588">
    <failure message="Unable to click&quot;Borrowing More&quot; using javascript click" type="java.lang.AssertionError">
      <![CDATA[java.lang.AssertionError: Unable to click"Borrowing More" using javascript click
at org.testng.Assert.fail(Assert.java:99)
at utils.SeleniumDriver.clickElement(SeleniumDriver.java:153)
at pages.actions.Mortgages_MortgagesHelpAndSupport_BorrowingMoreOnYourMortgageActions.clickedCTAbutton(Mortgages_MortgagesHelpAndSupport_BorrowingMoreOnYourMortgageActions.java:26)
at Mortgages_Feature_Steps.Mortgages_MortgagesHelpAndSupport_BorrowingMoreOnYourMortgageSteps.clickedCTAbutton(Mortgages_MortgagesHelpAndSupport_BorrowingMoreOnYourMortgageSteps.java:25)
at ✽.clicked Card CTA button(file:///C:/CMS_Automation/Co.uk_Suchismita_30_April/Website-Test-Automation-Mithun-branch/src/test/resources/Mortgages_FeatureFiles/Mortgages_MortgagesHelpAndSupport_BorrowingMoreOnYourMortgage.feature:14)
]]>
    </failure>
  </testcase> <!-- runScenario -->
  <system-out/>
  <testcase classname="runners.MortgageRunner" name="runScenario" time="2.408">
    <error message="no such element: Unable to locate element: {&quot;method&quot;:&quot;xpath&quot;,&quot;selector&quot;:&quot;//*[@id=&#039;AMR&#039;]/div/p[1]/span&quot;}
  (Session info: chrome=118.0.5993.70)
For documentation on this error, please visit: https://www.selenium.dev/documentation/webdriver/troubleshooting/errors#no-such-element-exception
Build info: version: &#039;4.11.0&#039;, revision: &#039;040bc5406b&#039;
System info: os.name: &#039;Windows Server 2019&#039;, os.arch: &#039;amd64&#039;, os.version: &#039;10.0&#039;, java.version: &#039;20.0.1&#039;
Driver info: org.openqa.selenium.chrome.ChromeDriver
Command: [aa9e62ad177cecac4999564efc26dbc7, findElement {using=xpath, value=//*[@id=&#039;AMR&#039;]/div/p[1]/span}]
Capabilities {acceptInsecureCerts: false, browserName: chrome, browserVersion: 118.0.5993.70, chrome: {chromedriverVersion: 118.0.5993.70 (e52f33f30b91..., userDataDir: C:\Users\MITHUN~1.HN\AppDat...}, fedcm:accounts: true, goog:chromeOptions: {debuggerAddress: localhost:52262}, networkConnectionEnabled: false, pageLoadStrategy: normal, platformName: windows, proxy: Proxy(), se:cdp: ws://localhost:52262/devtoo..., se:cdpVersion: 118.0.5993.70, setWindowRect: true, strictFileInteractability: false, timeouts: {implicit: 0, pageLoad: 300000, script: 30000}, unhandledPromptBehavior: dismiss and notify, webauthn:extension:credBlob: true, webauthn:extension:largeBlob: true, webauthn:extension:minPinLength: true, webauthn:extension:prf: true, webauthn:virtualAuthenticators: true}
Session ID: aa9e62ad177cecac4999564efc26dbc7" type="org.openqa.selenium.NoSuchElementException">
      <![CDATA[org.openqa.selenium.NoSuchElementException: no such element: Unable to locate element: {"method":"xpath","selector":"//*[@id='AMR']/div/p[1]/span"}
  (Session info: chrome=118.0.5993.70)
For documentation on this error, please visit: https://www.selenium.dev/documentation/webdriver/troubleshooting/errors#no-such-element-exception
Build info: version: '4.11.0', revision: '040bc5406b'
System info: os.name: 'Windows Server 2019', os.arch: 'amd64', os.version: '10.0', java.version: '20.0.1'
Driver info: org.openqa.selenium.chrome.ChromeDriver
Command: [aa9e62ad177cecac4999564efc26dbc7, findElement {using=xpath, value=//*[@id='AMR']/div/p[1]/span}]
Capabilities {acceptInsecureCerts: false, browserName: chrome, browserVersion: 118.0.5993.70, chrome: {chromedriverVersion: 118.0.5993.70 (e52f33f30b91..., userDataDir: C:\Users\MITHUN~1.HN\AppDat...}, fedcm:accounts: true, goog:chromeOptions: {debuggerAddress: localhost:52262}, networkConnectionEnabled: false, pageLoadStrategy: normal, platformName: windows, proxy: Proxy(), se:cdp: ws://localhost:52262/devtoo..., se:cdpVersion: 118.0.5993.70, setWindowRect: true, strictFileInteractability: false, timeouts: {implicit: 0, pageLoad: 300000, script: 30000}, unhandledPromptBehavior: dismiss and notify, webauthn:extension:credBlob: true, webauthn:extension:largeBlob: true, webauthn:extension:minPinLength: true, webauthn:extension:prf: true, webauthn:virtualAuthenticators: true}
Session ID: aa9e62ad177cecac4999564efc26dbc7
at java.base/jdk.internal.reflect.DirectConstructorHandleAccessor.newInstance(DirectConstructorHandleAccessor.java:67)
at java.base/java.lang.reflect.Constructor.newInstanceWithCaller(Constructor.java:500)
at java.base/java.lang.reflect.Constructor.newInstance(Constructor.java:484)
at org.openqa.selenium.remote.codec.w3c.W3CHttpResponseCodec.createException(W3CHttpResponseCodec.java:200)
at org.openqa.selenium.remote.codec.w3c.W3CHttpResponseCodec.decode(W3CHttpResponseCodec.java:133)
at org.openqa.selenium.remote.codec.w3c.W3CHttpResponseCodec.decode(W3CHttpResponseCodec.java:52)
at org.openqa.selenium.remote.HttpCommandExecutor.execute(HttpCommandExecutor.java:191)
at org.openqa.selenium.remote.service.DriverCommandExecutor.invokeExecute(DriverCommandExecutor.java:196)
at org.openqa.selenium.remote.service.DriverCommandExecutor.execute(DriverCommandExecutor.java:171)
at org.openqa.selenium.remote.RemoteWebDriver.execute(RemoteWebDriver.java:518)
at org.openqa.selenium.remote.ElementLocation$ElementFinder$2.findElement(ElementLocation.java:165)
at org.openqa.selenium.remote.ElementLocation.findElement(ElementLocation.java:59)
at org.openqa.selenium.remote.RemoteWebDriver.findElement(RemoteWebDriver.java:355)
at org.openqa.selenium.remote.RemoteWebDriver.findElement(RemoteWebDriver.java:349)
at org.openqa.selenium.support.pagefactory.DefaultElementLocator.findElement(DefaultElementLocator.java:68)
at org.openqa.selenium.support.pagefactory.internal.LocatingElementHandler.invoke(LocatingElementHandler.java:38)
at jdk.proxy2/jdk.proxy2.$Proxy28.getText(Unknown Source)
at pages.actions.Mortgages_MortgagesHelpAndSupport_PaymentsActions.getTheSubHeader(Mortgages_MortgagesHelpAndSupport_PaymentsActions.java:57)
at Mortgages_Feature_Steps.Mortgages_MortgagesHelpAndSupport_PaymentsSteps.i_verify_the_header_on_the_page(Mortgages_MortgagesHelpAndSupport_PaymentsSteps.java:73)
at ✽.I verify the "The Aldermore Managed Rate and variable rate mortgages." on the page(file:///C:/CMS_Automation/Co.uk_Suchismita_30_April/Website-Test-Automation-Mithun-branch/src/test/resources/Mortgages_FeatureFiles/Mortgages_MortgagesHelpAndSupport_Payments.feature:38)
]]>
    </error>
  </testcase> <!-- runScenario -->
  <system-out/>
  <testcase classname="runners.MortgageRunner" name="runScenario" time="1.251">
    <failure message="Unable to click&quot;Commerical Mortgages&quot; using javascript click" type="java.lang.AssertionError">
      <![CDATA[java.lang.AssertionError: Unable to click"Commerical Mortgages" using javascript click
at org.testng.Assert.fail(Assert.java:99)
at utils.SeleniumDriver.clickElement(SeleniumDriver.java:153)
at pages.actions.Mortgages_CommercialMortgagesActions.clickTheLink(Mortgages_CommercialMortgagesActions.java:24)
at Mortgages_Feature_Steps.Mortgages_CommercialMortgagesSteps.i_navigated_to_commercial_mortgages_page(Mortgages_CommercialMortgagesSteps.java:35)
at ✽.I navigated to Commercial mortgages page(file:///C:/CMS_Automation/Co.uk_Suchismita_30_April/Website-Test-Automation-Mithun-branch/src/test/resources/Mortgages_FeatureFiles/Mortgages_CommercialMortgages.feature:21)
]]>
    </failure>
  </testcase> <!-- runScenario -->
  <system-out/>
  <testcase classname="runners.MortgageRunner" name="runScenario" time="1.662">
    <error message="no such element: Unable to locate element: {&quot;method&quot;:&quot;xpath&quot;,&quot;selector&quot;:&quot;//*[@class=&#039;umb-block__root margin-bottom margin-side&#039;]/ul/li[4]/article/a&quot;}
  (Session info: chrome=118.0.5993.70)
For documentation on this error, please visit: https://www.selenium.dev/documentation/webdriver/troubleshooting/errors#no-such-element-exception
Build info: version: &#039;4.11.0&#039;, revision: &#039;040bc5406b&#039;
System info: os.name: &#039;Windows Server 2019&#039;, os.arch: &#039;amd64&#039;, os.version: &#039;10.0&#039;, java.version: &#039;20.0.1&#039;
Driver info: org.openqa.selenium.chrome.ChromeDriver
Command: [aa9e62ad177cecac4999564efc26dbc7, findElement {using=xpath, value=//*[@class=&#039;umb-block__root margin-bottom margin-side&#039;]/ul/li[4]/article/a}]
Capabilities {acceptInsecureCerts: false, browserName: chrome, browserVersion: 118.0.5993.70, chrome: {chromedriverVersion: 118.0.5993.70 (e52f33f30b91..., userDataDir: C:\Users\MITHUN~1.HN\AppDat...}, fedcm:accounts: true, goog:chromeOptions: {debuggerAddress: localhost:52262}, networkConnectionEnabled: false, pageLoadStrategy: normal, platformName: windows, proxy: Proxy(), se:cdp: ws://localhost:52262/devtoo..., se:cdpVersion: 118.0.5993.70, setWindowRect: true, strictFileInteractability: false, timeouts: {implicit: 0, pageLoad: 300000, script: 30000}, unhandledPromptBehavior: dismiss and notify, webauthn:extension:credBlob: true, webauthn:extension:largeBlob: true, webauthn:extension:minPinLength: true, webauthn:extension:prf: true, webauthn:virtualAuthenticators: true}
Session ID: aa9e62ad177cecac4999564efc26dbc7" type="org.openqa.selenium.NoSuchElementException">
      <![CDATA[org.openqa.selenium.NoSuchElementException: no such element: Unable to locate element: {"method":"xpath","selector":"//*[@class='umb-block__root margin-bottom margin-side']/ul/li[4]/article/a"}
  (Session info: chrome=118.0.5993.70)
For documentation on this error, please visit: https://www.selenium.dev/documentation/webdriver/troubleshooting/errors#no-such-element-exception
Build info: version: '4.11.0', revision: '040bc5406b'
System info: os.name: 'Windows Server 2019', os.arch: 'amd64', os.version: '10.0', java.version: '20.0.1'
Driver info: org.openqa.selenium.chrome.ChromeDriver
Command: [aa9e62ad177cecac4999564efc26dbc7, findElement {using=xpath, value=//*[@class='umb-block__root margin-bottom margin-side']/ul/li[4]/article/a}]
Capabilities {acceptInsecureCerts: false, browserName: chrome, browserVersion: 118.0.5993.70, chrome: {chromedriverVersion: 118.0.5993.70 (e52f33f30b91..., userDataDir: C:\Users\MITHUN~1.HN\AppDat...}, fedcm:accounts: true, goog:chromeOptions: {debuggerAddress: localhost:52262}, networkConnectionEnabled: false, pageLoadStrategy: normal, platformName: windows, proxy: Proxy(), se:cdp: ws://localhost:52262/devtoo..., se:cdpVersion: 118.0.5993.70, setWindowRect: true, strictFileInteractability: false, timeouts: {implicit: 0, pageLoad: 300000, script: 30000}, unhandledPromptBehavior: dismiss and notify, webauthn:extension:credBlob: true, webauthn:extension:largeBlob: true, webauthn:extension:minPinLength: true, webauthn:extension:prf: true, webauthn:virtualAuthenticators: true}
Session ID: aa9e62ad177cecac4999564efc26dbc7
at java.base/jdk.internal.reflect.DirectConstructorHandleAccessor.newInstance(DirectConstructorHandleAccessor.java:67)
at java.base/java.lang.reflect.Constructor.newInstanceWithCaller(Constructor.java:500)
at java.base/java.lang.reflect.Constructor.newInstance(Constructor.java:484)
at org.openqa.selenium.remote.codec.w3c.W3CHttpResponseCodec.createException(W3CHttpResponseCodec.java:200)
at org.openqa.selenium.remote.codec.w3c.W3CHttpResponseCodec.decode(W3CHttpResponseCodec.java:133)
at org.openqa.selenium.remote.codec.w3c.W3CHttpResponseCodec.decode(W3CHttpResponseCodec.java:52)
at org.openqa.selenium.remote.HttpCommandExecutor.execute(HttpCommandExecutor.java:191)
at org.openqa.selenium.remote.service.DriverCommandExecutor.invokeExecute(DriverCommandExecutor.java:196)
at org.openqa.selenium.remote.service.DriverCommandExecutor.execute(DriverCommandExecutor.java:171)
at org.openqa.selenium.remote.RemoteWebDriver.execute(RemoteWebDriver.java:518)
at org.openqa.selenium.remote.ElementLocation$ElementFinder$2.findElement(ElementLocation.java:165)
at org.openqa.selenium.remote.ElementLocation.findElement(ElementLocation.java:59)
at org.openqa.selenium.remote.RemoteWebDriver.findElement(RemoteWebDriver.java:355)
at org.openqa.selenium.remote.RemoteWebDriver.findElement(RemoteWebDriver.java:349)
at org.openqa.selenium.support.pagefactory.DefaultElementLocator.findElement(DefaultElementLocator.java:68)
at org.openqa.selenium.support.pagefactory.internal.LocatingElementHandler.invoke(LocatingElementHandler.java:38)
at jdk.proxy2/jdk.proxy2.$Proxy28.getText(Unknown Source)
at pages.actions.Mortgages_BuyToLetMortgagesActions.verifycardHeaderCTAbutton(Mortgages_BuyToLetMortgagesActions.java:131)
at Mortgages_Feature_Steps.Mortgages_BuyToLetMortgagesSteps.i_should_see_the_CTA_button(Mortgages_BuyToLetMortgagesSteps.java:122)
at ✽.I should see "Understanding complex buy to let mortgages: 5 things you need to know" CTA button on the page(file:///C:/CMS_Automation/Co.uk_Suchismita_30_April/Website-Test-Automation-Mithun-branch/src/test/resources/Mortgages_FeatureFiles/Mortgages_BuyToLetMortgages.feature:90)
]]>
    </error>
  </testcase> <!-- runScenario -->
  <system-out/>
  <testcase classname="runners.MortgageRunner" name="runScenario" time="1.683"/>
  <system-out/>
  <testcase classname="runners.MortgageRunner" name="runScenario" time="1.750"/>
  <system-out/>
  <testcase classname="runners.MortgageRunner" name="runScenario" time="1.827"/>
  <system-out/>
  <testcase classname="runners.MortgageRunner" name="runScenario" time="1.639"/>
  <system-out/>
  <testcase classname="runners.MortgageRunner" name="runScenario" time="2.107"/>
  <system-out/>
  <testcase classname="runners.MortgageRunner" name="runScenario" time="1.018">
    <error message="no such element: Unable to locate element: {&quot;method&quot;:&quot;xpath&quot;,&quot;selector&quot;:&quot;//li[@class=&#039;navigation-menu__dropdown-single-menu__item&#039;]/*[@aria-label=&#039;Commercial mortgages&#039;]&quot;}
  (Session info: chrome=118.0.5993.70)
For documentation on this error, please visit: https://www.selenium.dev/documentation/webdriver/troubleshooting/errors#no-such-element-exception
Build info: version: &#039;4.11.0&#039;, revision: &#039;040bc5406b&#039;
System info: os.name: &#039;Windows Server 2019&#039;, os.arch: &#039;amd64&#039;, os.version: &#039;10.0&#039;, java.version: &#039;20.0.1&#039;
Driver info: org.openqa.selenium.chrome.ChromeDriver
Command: [aa9e62ad177cecac4999564efc26dbc7, findElement {using=xpath, value=//li[@class=&#039;navigation-menu__dropdown-single-menu__item&#039;]/*[@aria-label=&#039;Commercial mortgages&#039;]}]
Capabilities {acceptInsecureCerts: false, browserName: chrome, browserVersion: 118.0.5993.70, chrome: {chromedriverVersion: 118.0.5993.70 (e52f33f30b91..., userDataDir: C:\Users\MITHUN~1.HN\AppDat...}, fedcm:accounts: true, goog:chromeOptions: {debuggerAddress: localhost:52262}, networkConnectionEnabled: false, pageLoadStrategy: normal, platformName: windows, proxy: Proxy(), se:cdp: ws://localhost:52262/devtoo..., se:cdpVersion: 118.0.5993.70, setWindowRect: true, strictFileInteractability: false, timeouts: {implicit: 0, pageLoad: 300000, script: 30000}, unhandledPromptBehavior: dismiss and notify, webauthn:extension:credBlob: true, webauthn:extension:largeBlob: true, webauthn:extension:minPinLength: true, webauthn:extension:prf: true, webauthn:virtualAuthenticators: true}
Session ID: aa9e62ad177cecac4999564efc26dbc7" type="org.openqa.selenium.NoSuchElementException">
      <![CDATA[org.openqa.selenium.NoSuchElementException: no such element: Unable to locate element: {"method":"xpath","selector":"//li[@class='navigation-menu__dropdown-single-menu__item']/*[@aria-label='Commercial mortgages']"}
  (Session info: chrome=118.0.5993.70)
For documentation on this error, please visit: https://www.selenium.dev/documentation/webdriver/troubleshooting/errors#no-such-element-exception
Build info: version: '4.11.0', revision: '040bc5406b'
System info: os.name: 'Windows Server 2019', os.arch: 'amd64', os.version: '10.0', java.version: '20.0.1'
Driver info: org.openqa.selenium.chrome.ChromeDriver
Command: [aa9e62ad177cecac4999564efc26dbc7, findElement {using=xpath, value=//li[@class='navigation-menu__dropdown-single-menu__item']/*[@aria-label='Commercial mortgages']}]
Capabilities {acceptInsecureCerts: false, browserName: chrome, browserVersion: 118.0.5993.70, chrome: {chromedriverVersion: 118.0.5993.70 (e52f33f30b91..., userDataDir: C:\Users\MITHUN~1.HN\AppDat...}, fedcm:accounts: true, goog:chromeOptions: {debuggerAddress: localhost:52262}, networkConnectionEnabled: false, pageLoadStrategy: normal, platformName: windows, proxy: Proxy(), se:cdp: ws://localhost:52262/devtoo..., se:cdpVersion: 118.0.5993.70, setWindowRect: true, strictFileInteractability: false, timeouts: {implicit: 0, pageLoad: 300000, script: 30000}, unhandledPromptBehavior: dismiss and notify, webauthn:extension:credBlob: true, webauthn:extension:largeBlob: true, webauthn:extension:minPinLength: true, webauthn:extension:prf: true, webauthn:virtualAuthenticators: true}
Session ID: aa9e62ad177cecac4999564efc26dbc7
at java.base/jdk.internal.reflect.DirectConstructorHandleAccessor.newInstance(DirectConstructorHandleAccessor.java:67)
at java.base/java.lang.reflect.Constructor.newInstanceWithCaller(Constructor.java:500)
at java.base/java.lang.reflect.Constructor.newInstance(Constructor.java:484)
at org.openqa.selenium.remote.codec.w3c.W3CHttpResponseCodec.createException(W3CHttpResponseCodec.java:200)
at org.openqa.selenium.remote.codec.w3c.W3CHttpResponseCodec.decode(W3CHttpResponseCodec.java:133)
at org.openqa.selenium.remote.codec.w3c.W3CHttpResponseCodec.decode(W3CHttpResponseCodec.java:52)
at org.openqa.selenium.remote.HttpCommandExecutor.execute(HttpCommandExecutor.java:191)
at org.openqa.selenium.remote.service.DriverCommandExecutor.invokeExecute(DriverCommandExecutor.java:196)
at org.openqa.selenium.remote.service.DriverCommandExecutor.execute(DriverCommandExecutor.java:171)
at org.openqa.selenium.remote.RemoteWebDriver.execute(RemoteWebDriver.java:518)
at org.openqa.selenium.remote.ElementLocation$ElementFinder$2.findElement(ElementLocation.java:165)
at org.openqa.selenium.remote.ElementLocation.findElement(ElementLocation.java:59)
at org.openqa.selenium.remote.RemoteWebDriver.findElement(RemoteWebDriver.java:355)
at org.openqa.selenium.remote.RemoteWebDriver.findElement(RemoteWebDriver.java:349)
at org.openqa.selenium.support.pagefactory.DefaultElementLocator.findElement(DefaultElementLocator.java:68)
at org.openqa.selenium.support.pagefactory.internal.LocatingElementHandler.invoke(LocatingElementHandler.java:38)
at jdk.proxy2/jdk.proxy2.$Proxy28.getText(Unknown Source)
at pages.actions.Mortgages_CommercialMortgagesActions.getCommericalDropdownOption(Mortgages_CommercialMortgagesActions.java:20)
at Mortgages_Feature_Steps.Mortgages_CommercialMortgagesSteps.i_see_the_headerlink_as_option(Mortgages_CommercialMortgagesSteps.java:15)
at ✽.I see the "Commercial mortgages" as option(file:///C:/CMS_Automation/Co.uk_Suchismita_30_April/Website-Test-Automation-Mithun-branch/src/test/resources/Mortgages_FeatureFiles/Mortgages_CommercialMortgages.feature:11)
]]>
    </error>
  </testcase> <!-- runScenario -->
  <system-out/>
  <testcase classname="runners.MortgageRunner" name="runScenario" time="2.255">
    <error message="no such element: Unable to locate element: {&quot;method&quot;:&quot;xpath&quot;,&quot;selector&quot;:&quot;//*[@class=&#039;umb-block__root margin-bottom margin-side&#039;]/ul/li[1]/div/a&quot;}
  (Session info: chrome=118.0.5993.70)
For documentation on this error, please visit: https://www.selenium.dev/documentation/webdriver/troubleshooting/errors#no-such-element-exception
Build info: version: &#039;4.11.0&#039;, revision: &#039;040bc5406b&#039;
System info: os.name: &#039;Windows Server 2019&#039;, os.arch: &#039;amd64&#039;, os.version: &#039;10.0&#039;, java.version: &#039;20.0.1&#039;
Driver info: org.openqa.selenium.chrome.ChromeDriver
Command: [aa9e62ad177cecac4999564efc26dbc7, findElement {using=xpath, value=//*[@class=&#039;umb-block__root margin-bottom margin-side&#039;]/ul/li[1]/div/a}]
Capabilities {acceptInsecureCerts: false, browserName: chrome, browserVersion: 118.0.5993.70, chrome: {chromedriverVersion: 118.0.5993.70 (e52f33f30b91..., userDataDir: C:\Users\MITHUN~1.HN\AppDat...}, fedcm:accounts: true, goog:chromeOptions: {debuggerAddress: localhost:52262}, networkConnectionEnabled: false, pageLoadStrategy: normal, platformName: windows, proxy: Proxy(), se:cdp: ws://localhost:52262/devtoo..., se:cdpVersion: 118.0.5993.70, setWindowRect: true, strictFileInteractability: false, timeouts: {implicit: 0, pageLoad: 300000, script: 30000}, unhandledPromptBehavior: dismiss and notify, webauthn:extension:credBlob: true, webauthn:extension:largeBlob: true, webauthn:extension:minPinLength: true, webauthn:extension:prf: true, webauthn:virtualAuthenticators: true}
Session ID: aa9e62ad177cecac4999564efc26dbc7" type="org.openqa.selenium.NoSuchElementException">
      <![CDATA[org.openqa.selenium.NoSuchElementException: no such element: Unable to locate element: {"method":"xpath","selector":"//*[@class='umb-block__root margin-bottom margin-side']/ul/li[1]/div/a"}
  (Session info: chrome=118.0.5993.70)
For documentation on this error, please visit: https://www.selenium.dev/documentation/webdriver/troubleshooting/errors#no-such-element-exception
Build info: version: '4.11.0', revision: '040bc5406b'
System info: os.name: 'Windows Server 2019', os.arch: 'amd64', os.version: '10.0', java.version: '20.0.1'
Driver info: org.openqa.selenium.chrome.ChromeDriver
Command: [aa9e62ad177cecac4999564efc26dbc7, findElement {using=xpath, value=//*[@class='umb-block__root margin-bottom margin-side']/ul/li[1]/div/a}]
Capabilities {acceptInsecureCerts: false, browserName: chrome, browserVersion: 118.0.5993.70, chrome: {chromedriverVersion: 118.0.5993.70 (e52f33f30b91..., userDataDir: C:\Users\MITHUN~1.HN\AppDat...}, fedcm:accounts: true, goog:chromeOptions: {debuggerAddress: localhost:52262}, networkConnectionEnabled: false, pageLoadStrategy: normal, platformName: windows, proxy: Proxy(), se:cdp: ws://localhost:52262/devtoo..., se:cdpVersion: 118.0.5993.70, setWindowRect: true, strictFileInteractability: false, timeouts: {implicit: 0, pageLoad: 300000, script: 30000}, unhandledPromptBehavior: dismiss and notify, webauthn:extension:credBlob: true, webauthn:extension:largeBlob: true, webauthn:extension:minPinLength: true, webauthn:extension:prf: true, webauthn:virtualAuthenticators: true}
Session ID: aa9e62ad177cecac4999564efc26dbc7
at java.base/jdk.internal.reflect.DirectConstructorHandleAccessor.newInstance(DirectConstructorHandleAccessor.java:67)
at java.base/java.lang.reflect.Constructor.newInstanceWithCaller(Constructor.java:500)
at java.base/java.lang.reflect.Constructor.newInstance(Constructor.java:484)
at org.openqa.selenium.remote.codec.w3c.W3CHttpResponseCodec.createException(W3CHttpResponseCodec.java:200)
at org.openqa.selenium.remote.codec.w3c.W3CHttpResponseCodec.decode(W3CHttpResponseCodec.java:133)
at org.openqa.selenium.remote.codec.w3c.W3CHttpResponseCodec.decode(W3CHttpResponseCodec.java:52)
at org.openqa.selenium.remote.HttpCommandExecutor.execute(HttpCommandExecutor.java:191)
at org.openqa.selenium.remote.service.DriverCommandExecutor.invokeExecute(DriverCommandExecutor.java:196)
at org.openqa.selenium.remote.service.DriverCommandExecutor.execute(DriverCommandExecutor.java:171)
at org.openqa.selenium.remote.RemoteWebDriver.execute(RemoteWebDriver.java:518)
at org.openqa.selenium.remote.ElementLocation$ElementFinder$2.findElement(ElementLocation.java:165)
at org.openqa.selenium.remote.ElementLocation.findElement(ElementLocation.java:59)
at org.openqa.selenium.remote.RemoteWebDriver.findElement(RemoteWebDriver.java:355)
at org.openqa.selenium.remote.RemoteWebDriver.findElement(RemoteWebDriver.java:349)
at org.openqa.selenium.support.pagefactory.DefaultElementLocator.findElement(DefaultElementLocator.java:68)
at org.openqa.selenium.support.pagefactory.internal.LocatingElementHandler.invoke(LocatingElementHandler.java:38)
at jdk.proxy2/jdk.proxy2.$Proxy28.getText(Unknown Source)
at pages.actions.Mortgages_ResidentialMortgages_MortgagesForCustomersWithCreditIssuePageActions.verifyTheCardHeader(Mortgages_ResidentialMortgages_MortgagesForCustomersWithCreditIssuePageActions.java:60)
at Mortgages_Feature_Steps.Mortgages_ResidentialMortgages_MortgagesForCustomersWithCreditIssuePageStep.i_should_see_cardheader_present_on_the_page(Mortgages_ResidentialMortgages_MortgagesForCustomersWithCreditIssuePageStep.java:97)
at ✽.I should see "First time buyer mortgages" present on the page(file:///C:/CMS_Automation/Co.uk_Suchismita_30_April/Website-Test-Automation-Mithun-branch/src/test/resources/Mortgages_FeatureFiles/Mortgages_ResidentialMortgages_MortgagesForCustomersWithCreditIssue.feature:50)
]]>
    </error>
  </testcase> <!-- runScenario -->
  <system-out/>
  <testcase classname="runners.MortgageRunner" name="runScenario" time="0.722">
    <error message="The step &#039;I navigate to Remortgaging page&#039; and 3 other step(s) are undefined.
You can implement these steps using the snippet(s) below:

@When(&quot;I navigate to Remortgaging page&quot;)
public void i_navigate_to_remortgaging_page() {
    // Write code here that turns the phrase above into concrete actions
    throw new io.cucumber.java.PendingException();
}
@Then(&quot;I navigate to {string} accordion&quot;)
public void i_navigate_to_accordion(String string) {
    // Write code here that turns the phrase above into concrete actions
    throw new io.cucumber.java.PendingException();
}
@Then(&quot;I should see the {string} header&quot;)
public void i_should_see_the_header(String string) {
    // Write code here that turns the phrase above into concrete actions
    throw new io.cucumber.java.PendingException();
}
@Then(&quot;I should be able to click on {string} I should be able to expand and collapse the content&quot;)
public void i_should_be_able_to_click_on_i_should_be_able_to_expand_and_collapse_the_content(String string) {
    // Write code here that turns the phrase above into concrete actions
    throw new io.cucumber.java.PendingException();
}
" type="io.cucumber.testng.UndefinedStepException">
      <![CDATA[io.cucumber.testng.UndefinedStepException: The step 'I navigate to Remortgaging page' and 3 other step(s) are undefined.
You can implement these steps using the snippet(s) below:

@When("I navigate to Remortgaging page")
public void i_navigate_to_remortgaging_page() {
    // Write code here that turns the phrase above into concrete actions
    throw new io.cucumber.java.PendingException();
}
@Then("I navigate to {string} accordion")
public void i_navigate_to_accordion(String string) {
    // Write code here that turns the phrase above into concrete actions
    throw new io.cucumber.java.PendingException();
}
@Then("I should see the {string} header")
public void i_should_see_the_header(String string) {
    // Write code here that turns the phrase above into concrete actions
    throw new io.cucumber.java.PendingException();
}
@Then("I should be able to click on {string} I should be able to expand and collapse the content")
public void i_should_be_able_to_click_on_i_should_be_able_to_expand_and_collapse_the_content(String string) {
    // Write code here that turns the phrase above into concrete actions
    throw new io.cucumber.java.PendingException();
}

at io.cucumber.core.runtime.TestCaseResultObserver.assertTestCasePassed(TestCaseResultObserver.java:69)
at io.cucumber.testng.TestCaseResultObserver.assertTestCasePassed(TestCaseResultObserver.java:23)
at io.cucumber.testng.TestNGCucumberRunner.lambda$runScenario$0(TestNGCucumberRunner.java:118)
at io.cucumber.core.runtime.CucumberExecutionContext.runTestCase(CucumberExecutionContext.java:117)
at io.cucumber.testng.TestNGCucumberRunner.runScenario(TestNGCucumberRunner.java:114)
at io.cucumber.testng.AbstractTestNGCucumberTests.runScenario(AbstractTestNGCucumberTests.java:31)
at java.base/jdk.internal.reflect.DirectMethodHandleAccessor.invoke(DirectMethodHandleAccessor.java:104)
at java.base/java.lang.reflect.Method.invoke(Method.java:578)
at org.testng.internal.MethodInvocationHelper.invokeMethod(MethodInvocationHelper.java:133)
at org.testng.internal.TestInvoker.invokeMethod(TestInvoker.java:598)
at org.testng.internal.TestInvoker.invokeTestMethod(TestInvoker.java:173)
at org.testng.internal.MethodRunner.runInSequence(MethodRunner.java:46)
at org.testng.internal.TestInvoker$MethodInvocationAgent.invoke(TestInvoker.java:824)
at org.testng.internal.TestInvoker.invokeTestMethods(TestInvoker.java:146)
at org.testng.internal.TestMethodWorker.invokeTestMethods(TestMethodWorker.java:146)
at org.testng.internal.TestMethodWorker.run(TestMethodWorker.java:128)
at java.base/java.util.ArrayList.forEach(ArrayList.java:1511)
at org.testng.TestRunner.privateRun(TestRunner.java:794)
at org.testng.TestRunner.run(TestRunner.java:596)
at org.testng.SuiteRunner.runTest(SuiteRunner.java:377)
at org.testng.SuiteRunner.runSequentially(SuiteRunner.java:371)
at org.testng.SuiteRunner.privateRun(SuiteRunner.java:332)
at org.testng.SuiteRunner.run(SuiteRunner.java:276)
at org.testng.SuiteRunnerWorker.runSuite(SuiteRunnerWorker.java:53)
at org.testng.SuiteRunnerWorker.run(SuiteRunnerWorker.java:96)
at org.testng.TestNG.runSuitesSequentially(TestNG.java:1212)
at org.testng.TestNG.runSuitesLocally(TestNG.java:1134)
at org.testng.TestNG.runSuites(TestNG.java:1063)
at org.testng.TestNG.run(TestNG.java:1031)
at org.testng.remote.AbstractRemoteTestNG.run(AbstractRemoteTestNG.java:115)
at org.testng.remote.RemoteTestNG.initAndRun(RemoteTestNG.java:251)
at org.testng.remote.RemoteTestNG.main(RemoteTestNG.java:77)
]]>
    </error>
  </testcase> <!-- runScenario -->
  <system-out/>
  <testcase classname="runners.MortgageRunner" name="runScenario" time="1.722">
    <failure message="expected [Looking to make a buy to let investment? Check out Manchester…] but found [Understanding complex buy to let mortgages]" type="java.lang.AssertionError">
      <![CDATA[java.lang.AssertionError: expected [Looking to make a buy to let investment? Check out Manchester…] but found [Understanding complex buy to let mortgages]
at org.testng.Assert.fail(Assert.java:99)
at org.testng.Assert.failNotEquals(Assert.java:1037)
at org.testng.Assert.assertEqualsImpl(Assert.java:140)
at org.testng.Assert.assertEquals(Assert.java:122)
at org.testng.Assert.assertEquals(Assert.java:629)
at org.testng.Assert.assertEquals(Assert.java:639)
at Mortgages_Feature_Steps.Mortgages_BuyToLetMortgagesForLimitedCompaniesSteps.i_should_see_the_cardheader_present_on_the_page(Mortgages_BuyToLetMortgagesForLimitedCompaniesSteps.java:67)
at ✽."Looking to make a buy to let investment? Check out Manchester…" is present on the page(file:///C:/CMS_Automation/Co.uk_Suchismita_30_April/Website-Test-Automation-Mithun-branch/src/test/resources/Mortgages_FeatureFiles/Mortgages_BuyToLetMortgages_BuyToLetMortgagesForLimitedCompanies.feature:55)
]]>
    </failure>
  </testcase> <!-- runScenario -->
  <system-out/>
  <testcase classname="runners.MortgageRunner" name="runScenario" time="2.429">
    <error message="no such element: Unable to locate element: {&quot;method&quot;:&quot;xpath&quot;,&quot;selector&quot;:&quot;//*[@class=&#039;umb-block__root margin-bottom margin-side&#039;]/ul/li[2]/div/div[1]/h2&quot;}
  (Session info: chrome=118.0.5993.70)
For documentation on this error, please visit: https://www.selenium.dev/documentation/webdriver/troubleshooting/errors#no-such-element-exception
Build info: version: &#039;4.11.0&#039;, revision: &#039;040bc5406b&#039;
System info: os.name: &#039;Windows Server 2019&#039;, os.arch: &#039;amd64&#039;, os.version: &#039;10.0&#039;, java.version: &#039;20.0.1&#039;
Driver info: org.openqa.selenium.chrome.ChromeDriver
Command: [aa9e62ad177cecac4999564efc26dbc7, findElement {using=xpath, value=//*[@class=&#039;umb-block__root margin-bottom margin-side&#039;]/ul/li[2]/div/div[1]/h2}]
Capabilities {acceptInsecureCerts: false, browserName: chrome, browserVersion: 118.0.5993.70, chrome: {chromedriverVersion: 118.0.5993.70 (e52f33f30b91..., userDataDir: C:\Users\MITHUN~1.HN\AppDat...}, fedcm:accounts: true, goog:chromeOptions: {debuggerAddress: localhost:52262}, networkConnectionEnabled: false, pageLoadStrategy: normal, platformName: windows, proxy: Proxy(), se:cdp: ws://localhost:52262/devtoo..., se:cdpVersion: 118.0.5993.70, setWindowRect: true, strictFileInteractability: false, timeouts: {implicit: 0, pageLoad: 300000, script: 30000}, unhandledPromptBehavior: dismiss and notify, webauthn:extension:credBlob: true, webauthn:extension:largeBlob: true, webauthn:extension:minPinLength: true, webauthn:extension:prf: true, webauthn:virtualAuthenticators: true}
Session ID: aa9e62ad177cecac4999564efc26dbc7" type="org.openqa.selenium.NoSuchElementException">
      <![CDATA[org.openqa.selenium.NoSuchElementException: no such element: Unable to locate element: {"method":"xpath","selector":"//*[@class='umb-block__root margin-bottom margin-side']/ul/li[2]/div/div[1]/h2"}
  (Session info: chrome=118.0.5993.70)
For documentation on this error, please visit: https://www.selenium.dev/documentation/webdriver/troubleshooting/errors#no-such-element-exception
Build info: version: '4.11.0', revision: '040bc5406b'
System info: os.name: 'Windows Server 2019', os.arch: 'amd64', os.version: '10.0', java.version: '20.0.1'
Driver info: org.openqa.selenium.chrome.ChromeDriver
Command: [aa9e62ad177cecac4999564efc26dbc7, findElement {using=xpath, value=//*[@class='umb-block__root margin-bottom margin-side']/ul/li[2]/div/div[1]/h2}]
Capabilities {acceptInsecureCerts: false, browserName: chrome, browserVersion: 118.0.5993.70, chrome: {chromedriverVersion: 118.0.5993.70 (e52f33f30b91..., userDataDir: C:\Users\MITHUN~1.HN\AppDat...}, fedcm:accounts: true, goog:chromeOptions: {debuggerAddress: localhost:52262}, networkConnectionEnabled: false, pageLoadStrategy: normal, platformName: windows, proxy: Proxy(), se:cdp: ws://localhost:52262/devtoo..., se:cdpVersion: 118.0.5993.70, setWindowRect: true, strictFileInteractability: false, timeouts: {implicit: 0, pageLoad: 300000, script: 30000}, unhandledPromptBehavior: dismiss and notify, webauthn:extension:credBlob: true, webauthn:extension:largeBlob: true, webauthn:extension:minPinLength: true, webauthn:extension:prf: true, webauthn:virtualAuthenticators: true}
Session ID: aa9e62ad177cecac4999564efc26dbc7
at java.base/jdk.internal.reflect.DirectConstructorHandleAccessor.newInstance(DirectConstructorHandleAccessor.java:67)
at java.base/java.lang.reflect.Constructor.newInstanceWithCaller(Constructor.java:500)
at java.base/java.lang.reflect.Constructor.newInstance(Constructor.java:484)
at org.openqa.selenium.remote.codec.w3c.W3CHttpResponseCodec.createException(W3CHttpResponseCodec.java:200)
at org.openqa.selenium.remote.codec.w3c.W3CHttpResponseCodec.decode(W3CHttpResponseCodec.java:133)
at org.openqa.selenium.remote.codec.w3c.W3CHttpResponseCodec.decode(W3CHttpResponseCodec.java:52)
at org.openqa.selenium.remote.HttpCommandExecutor.execute(HttpCommandExecutor.java:191)
at org.openqa.selenium.remote.service.DriverCommandExecutor.invokeExecute(DriverCommandExecutor.java:196)
at org.openqa.selenium.remote.service.DriverCommandExecutor.execute(DriverCommandExecutor.java:171)
at org.openqa.selenium.remote.RemoteWebDriver.execute(RemoteWebDriver.java:518)
at org.openqa.selenium.remote.ElementLocation$ElementFinder$2.findElement(ElementLocation.java:165)
at org.openqa.selenium.remote.ElementLocation.findElement(ElementLocation.java:59)
at org.openqa.selenium.remote.RemoteWebDriver.findElement(RemoteWebDriver.java:355)
at org.openqa.selenium.remote.RemoteWebDriver.findElement(RemoteWebDriver.java:349)
at org.openqa.selenium.support.pagefactory.DefaultElementLocator.findElement(DefaultElementLocator.java:68)
at org.openqa.selenium.support.pagefactory.internal.LocatingElementHandler.invoke(LocatingElementHandler.java:38)
at jdk.proxy2/jdk.proxy2.$Proxy28.getText(Unknown Source)
at pages.actions.Mortgages_MortgagesHelpAndSupport_MortgagesFAQActions.getCardsName(Mortgages_MortgagesHelpAndSupport_MortgagesFAQActions.java:50)
at Mortgages_Feature_Steps.Mortgages_MortgagesHelpAndSupport_MortgagesFAQStpes.i_see_cards_present_on_the_page(Mortgages_MortgagesHelpAndSupport_MortgagesFAQStpes.java:50)
at ✽."Borrowing more" present on the page(file:///C:/CMS_Automation/Co.uk_Suchismita_30_April/Website-Test-Automation-Mithun-branch/src/test/resources/Mortgages_FeatureFiles/Mortgages_MortgagesHelpAndSupport_MortgagesFAQ.feature:34)
]]>
    </error>
  </testcase> <!-- runScenario -->
  <system-out/>
  <testcase classname="runners.MortgageRunner" name="runScenario" time="1.869">
    <failure message="expected [Mortgage jargon buster] but found [Mortgage Charter]" type="java.lang.AssertionError">
      <![CDATA[java.lang.AssertionError: expected [Mortgage jargon buster] but found [Mortgage Charter]
at org.testng.Assert.fail(Assert.java:99)
at org.testng.Assert.failNotEquals(Assert.java:1037)
at org.testng.Assert.assertEqualsImpl(Assert.java:140)
at org.testng.Assert.assertEquals(Assert.java:122)
at org.testng.Assert.assertEquals(Assert.java:629)
at org.testng.Assert.assertEquals(Assert.java:639)
at Mortgages_Feature_Steps.Mortgages_HelpAndSupport_JargonBusterSteps.CardName_CTA_button(Mortgages_HelpAndSupport_JargonBusterSteps.java:17)
at ✽."Mortgage jargon buster" CTA button(file:///C:/CMS_Automation/Co.uk_Suchismita_30_April/Website-Test-Automation-Mithun-branch/src/test/resources/Mortgages_FeatureFiles/Mortgages_HelpAndSupport_JargonBuster.feature:12)
]]>
    </failure>
  </testcase> <!-- runScenario -->
  <system-out/>
  <testcase classname="runners.MortgageRunner" name="runScenario" time="1.757">
    <failure message="expected [Help us to understand the bigger picture] but found [Your finances]" type="java.lang.AssertionError">
      <![CDATA[java.lang.AssertionError: expected [Help us to understand the bigger picture] but found [Your finances]
at org.testng.Assert.fail(Assert.java:99)
at org.testng.Assert.failNotEquals(Assert.java:1037)
at org.testng.Assert.assertEqualsImpl(Assert.java:140)
at org.testng.Assert.assertEquals(Assert.java:122)
at org.testng.Assert.assertEquals(Assert.java:629)
at org.testng.Assert.assertEquals(Assert.java:639)
at Mortgages_Feature_Steps.Mortgages_HelpAndSupport_MoneyWorriesSteps.i_see_the_header_present_on_the_page(Mortgages_HelpAndSupport_MoneyWorriesSteps.java:49)
at ✽.I see the "Help us to understand the bigger picture" header present on the page(file:///C:/CMS_Automation/Co.uk_Suchismita_30_April/Website-Test-Automation-Mithun-branch/src/test/resources/Mortgages_FeatureFiles/Mortgages_Help&Support_MoneyWorries.feature:38)
]]>
    </failure>
  </testcase> <!-- runScenario -->
  <system-out/>
  <testcase classname="runners.MortgageRunner" name="runScenario" time="2.448">
    <error message="no such element: Unable to locate element: {&quot;method&quot;:&quot;xpath&quot;,&quot;selector&quot;:&quot;//div[@class=&#039;masthead-text-container&#039;]/h1&quot;}
  (Session info: chrome=118.0.5993.70)
For documentation on this error, please visit: https://www.selenium.dev/documentation/webdriver/troubleshooting/errors#no-such-element-exception
Build info: version: &#039;4.11.0&#039;, revision: &#039;040bc5406b&#039;
System info: os.name: &#039;Windows Server 2019&#039;, os.arch: &#039;amd64&#039;, os.version: &#039;10.0&#039;, java.version: &#039;20.0.1&#039;
Driver info: org.openqa.selenium.chrome.ChromeDriver
Command: [aa9e62ad177cecac4999564efc26dbc7, findElement {using=xpath, value=//div[@class=&#039;masthead-text-container&#039;]/h1}]
Capabilities {acceptInsecureCerts: false, browserName: chrome, browserVersion: 118.0.5993.70, chrome: {chromedriverVersion: 118.0.5993.70 (e52f33f30b91..., userDataDir: C:\Users\MITHUN~1.HN\AppDat...}, fedcm:accounts: true, goog:chromeOptions: {debuggerAddress: localhost:52262}, networkConnectionEnabled: false, pageLoadStrategy: normal, platformName: windows, proxy: Proxy(), se:cdp: ws://localhost:52262/devtoo..., se:cdpVersion: 118.0.5993.70, setWindowRect: true, strictFileInteractability: false, timeouts: {implicit: 0, pageLoad: 300000, script: 30000}, unhandledPromptBehavior: dismiss and notify, webauthn:extension:credBlob: true, webauthn:extension:largeBlob: true, webauthn:extension:minPinLength: true, webauthn:extension:prf: true, webauthn:virtualAuthenticators: true}
Session ID: aa9e62ad177cecac4999564efc26dbc7" type="org.openqa.selenium.NoSuchElementException">
      <![CDATA[org.openqa.selenium.NoSuchElementException: no such element: Unable to locate element: {"method":"xpath","selector":"//div[@class='masthead-text-container']/h1"}
  (Session info: chrome=118.0.5993.70)
For documentation on this error, please visit: https://www.selenium.dev/documentation/webdriver/troubleshooting/errors#no-such-element-exception
Build info: version: '4.11.0', revision: '040bc5406b'
System info: os.name: 'Windows Server 2019', os.arch: 'amd64', os.version: '10.0', java.version: '20.0.1'
Driver info: org.openqa.selenium.chrome.ChromeDriver
Command: [aa9e62ad177cecac4999564efc26dbc7, findElement {using=xpath, value=//div[@class='masthead-text-container']/h1}]
Capabilities {acceptInsecureCerts: false, browserName: chrome, browserVersion: 118.0.5993.70, chrome: {chromedriverVersion: 118.0.5993.70 (e52f33f30b91..., userDataDir: C:\Users\MITHUN~1.HN\AppDat...}, fedcm:accounts: true, goog:chromeOptions: {debuggerAddress: localhost:52262}, networkConnectionEnabled: false, pageLoadStrategy: normal, platformName: windows, proxy: Proxy(), se:cdp: ws://localhost:52262/devtoo..., se:cdpVersion: 118.0.5993.70, setWindowRect: true, strictFileInteractability: false, timeouts: {implicit: 0, pageLoad: 300000, script: 30000}, unhandledPromptBehavior: dismiss and notify, webauthn:extension:credBlob: true, webauthn:extension:largeBlob: true, webauthn:extension:minPinLength: true, webauthn:extension:prf: true, webauthn:virtualAuthenticators: true}
Session ID: aa9e62ad177cecac4999564efc26dbc7
at java.base/jdk.internal.reflect.DirectConstructorHandleAccessor.newInstance(DirectConstructorHandleAccessor.java:67)
at java.base/java.lang.reflect.Constructor.newInstanceWithCaller(Constructor.java:500)
at java.base/java.lang.reflect.Constructor.newInstance(Constructor.java:484)
at org.openqa.selenium.remote.codec.w3c.W3CHttpResponseCodec.createException(W3CHttpResponseCodec.java:200)
at org.openqa.selenium.remote.codec.w3c.W3CHttpResponseCodec.decode(W3CHttpResponseCodec.java:133)
at org.openqa.selenium.remote.codec.w3c.W3CHttpResponseCodec.decode(W3CHttpResponseCodec.java:52)
at org.openqa.selenium.remote.HttpCommandExecutor.execute(HttpCommandExecutor.java:191)
at org.openqa.selenium.remote.service.DriverCommandExecutor.invokeExecute(DriverCommandExecutor.java:196)
at org.openqa.selenium.remote.service.DriverCommandExecutor.execute(DriverCommandExecutor.java:171)
at org.openqa.selenium.remote.RemoteWebDriver.execute(RemoteWebDriver.java:518)
at org.openqa.selenium.remote.ElementLocation$ElementFinder$2.findElement(ElementLocation.java:165)
at org.openqa.selenium.remote.ElementLocation.findElement(ElementLocation.java:59)
at org.openqa.selenium.remote.RemoteWebDriver.findElement(RemoteWebDriver.java:355)
at org.openqa.selenium.remote.RemoteWebDriver.findElement(RemoteWebDriver.java:349)
at org.openqa.selenium.support.pagefactory.DefaultElementLocator.findElement(DefaultElementLocator.java:68)
at org.openqa.selenium.support.pagefactory.internal.LocatingElementHandler.invoke(LocatingElementHandler.java:38)
at jdk.proxy2/jdk.proxy2.$Proxy28.getText(Unknown Source)
at utils.SeleniumDriver.GetElementText(SeleniumDriver.java:112)
at pages.actions.Mortgages_MortgagesHelpAndSupport_FeesStatementsAndBalancesActions.getPageTitle(Mortgages_MortgagesHelpAndSupport_FeesStatementsAndBalancesActions.java:27)
at Mortgages_Feature_Steps.Mortgages_MortgagesHelpAndSupport_FeesStatementsAndBalancesSteps.Naviagated_to_respective_pageTitle(Mortgages_MortgagesHelpAndSupport_FeesStatementsAndBalancesSteps.java:28)
at ✽.Naviagated to respective "Fees, statements and balances" page(file:///C:/CMS_Automation/Co.uk_Suchismita_30_April/Website-Test-Automation-Mithun-branch/src/test/resources/Mortgages_FeatureFiles/Mortgages_MortgagesHelpAndSupport_FeesStatementsAndBalances.feature:14)
]]>
    </error>
  </testcase> <!-- runScenario -->
  <system-out/>
  <testcase classname="runners.MortgageRunner" name="runScenario" time="2.589">
    <error message="no such element: Unable to locate element: {&quot;method&quot;:&quot;xpath&quot;,&quot;selector&quot;:&quot;//*[@id=&#039;Who can switch?&#039;]/article/div[1]/h2&quot;}
  (Session info: chrome=118.0.5993.70)
For documentation on this error, please visit: https://www.selenium.dev/documentation/webdriver/troubleshooting/errors#no-such-element-exception
Build info: version: &#039;4.11.0&#039;, revision: &#039;040bc5406b&#039;
System info: os.name: &#039;Windows Server 2019&#039;, os.arch: &#039;amd64&#039;, os.version: &#039;10.0&#039;, java.version: &#039;20.0.1&#039;
Driver info: org.openqa.selenium.chrome.ChromeDriver
Command: [aa9e62ad177cecac4999564efc26dbc7, findElement {using=xpath, value=//*[@id=&#039;Who can switch?&#039;]/article/div[1]/h2}]
Capabilities {acceptInsecureCerts: false, browserName: chrome, browserVersion: 118.0.5993.70, chrome: {chromedriverVersion: 118.0.5993.70 (e52f33f30b91..., userDataDir: C:\Users\MITHUN~1.HN\AppDat...}, fedcm:accounts: true, goog:chromeOptions: {debuggerAddress: localhost:52262}, networkConnectionEnabled: false, pageLoadStrategy: normal, platformName: windows, proxy: Proxy(), se:cdp: ws://localhost:52262/devtoo..., se:cdpVersion: 118.0.5993.70, setWindowRect: true, strictFileInteractability: false, timeouts: {implicit: 0, pageLoad: 300000, script: 30000}, unhandledPromptBehavior: dismiss and notify, webauthn:extension:credBlob: true, webauthn:extension:largeBlob: true, webauthn:extension:minPinLength: true, webauthn:extension:prf: true, webauthn:virtualAuthenticators: true}
Session ID: aa9e62ad177cecac4999564efc26dbc7" type="org.openqa.selenium.NoSuchElementException">
      <![CDATA[org.openqa.selenium.NoSuchElementException: no such element: Unable to locate element: {"method":"xpath","selector":"//*[@id='Who can switch?']/article/div[1]/h2"}
  (Session info: chrome=118.0.5993.70)
For documentation on this error, please visit: https://www.selenium.dev/documentation/webdriver/troubleshooting/errors#no-such-element-exception
Build info: version: '4.11.0', revision: '040bc5406b'
System info: os.name: 'Windows Server 2019', os.arch: 'amd64', os.version: '10.0', java.version: '20.0.1'
Driver info: org.openqa.selenium.chrome.ChromeDriver
Command: [aa9e62ad177cecac4999564efc26dbc7, findElement {using=xpath, value=//*[@id='Who can switch?']/article/div[1]/h2}]
Capabilities {acceptInsecureCerts: false, browserName: chrome, browserVersion: 118.0.5993.70, chrome: {chromedriverVersion: 118.0.5993.70 (e52f33f30b91..., userDataDir: C:\Users\MITHUN~1.HN\AppDat...}, fedcm:accounts: true, goog:chromeOptions: {debuggerAddress: localhost:52262}, networkConnectionEnabled: false, pageLoadStrategy: normal, platformName: windows, proxy: Proxy(), se:cdp: ws://localhost:52262/devtoo..., se:cdpVersion: 118.0.5993.70, setWindowRect: true, strictFileInteractability: false, timeouts: {implicit: 0, pageLoad: 300000, script: 30000}, unhandledPromptBehavior: dismiss and notify, webauthn:extension:credBlob: true, webauthn:extension:largeBlob: true, webauthn:extension:minPinLength: true, webauthn:extension:prf: true, webauthn:virtualAuthenticators: true}
Session ID: aa9e62ad177cecac4999564efc26dbc7
at java.base/jdk.internal.reflect.DirectConstructorHandleAccessor.newInstance(DirectConstructorHandleAccessor.java:67)
at java.base/java.lang.reflect.Constructor.newInstanceWithCaller(Constructor.java:500)
at java.base/java.lang.reflect.Constructor.newInstance(Constructor.java:484)
at org.openqa.selenium.remote.codec.w3c.W3CHttpResponseCodec.createException(W3CHttpResponseCodec.java:200)
at org.openqa.selenium.remote.codec.w3c.W3CHttpResponseCodec.decode(W3CHttpResponseCodec.java:133)
at org.openqa.selenium.remote.codec.w3c.W3CHttpResponseCodec.decode(W3CHttpResponseCodec.java:52)
at org.openqa.selenium.remote.HttpCommandExecutor.execute(HttpCommandExecutor.java:191)
at org.openqa.selenium.remote.service.DriverCommandExecutor.invokeExecute(DriverCommandExecutor.java:196)
at org.openqa.selenium.remote.service.DriverCommandExecutor.execute(DriverCommandExecutor.java:171)
at org.openqa.selenium.remote.RemoteWebDriver.execute(RemoteWebDriver.java:518)
at org.openqa.selenium.remote.ElementLocation$ElementFinder$2.findElement(ElementLocation.java:165)
at org.openqa.selenium.remote.ElementLocation.findElement(ElementLocation.java:59)
at org.openqa.selenium.remote.RemoteWebDriver.findElement(RemoteWebDriver.java:355)
at org.openqa.selenium.remote.RemoteWebDriver.findElement(RemoteWebDriver.java:349)
at org.openqa.selenium.support.pagefactory.DefaultElementLocator.findElement(DefaultElementLocator.java:68)
at org.openqa.selenium.support.pagefactory.internal.LocatingElementHandler.invoke(LocatingElementHandler.java:38)
at jdk.proxy2/jdk.proxy2.$Proxy28.getText(Unknown Source)
at pages.actions.Mortgages_HelpAndSupport_SwitchingYourMortgagesActions.getImageSectionheader(Mortgages_HelpAndSupport_SwitchingYourMortgagesActions.java:54)
at Mortgages_Feature_Steps.Mortgages_HelpAndSupport_SwitchingYourMortgagesSteps.ImageSection_header_present_on_page(Mortgages_HelpAndSupport_SwitchingYourMortgagesSteps.java:48)
at ✽."Who can switch?" header present on page(file:///C:/CMS_Automation/Co.uk_Suchismita_30_April/Website-Test-Automation-Mithun-branch/src/test/resources/Mortgages_FeatureFiles/Mortgages_HelpAndSupport_SwitchingYourMortgages.feature:36)
]]>
    </error>
  </testcase> <!-- runScenario -->
  <system-out/>
  <testcase classname="runners.MortgageRunner" name="runScenario" time="1.849"/>
  <system-out/>
  <testcase classname="runners.MortgageRunner" name="runScenario" time="1.737"/>
  <system-out/>
  <testcase classname="runners.MortgageRunner" name="runScenario" time="2.664">
    <error message="no such element: Unable to locate element: {&quot;method&quot;:&quot;xpath&quot;,&quot;selector&quot;:&quot;//*[@id=&#039;When can you switch?&#039;]/article/div[1]/h2&quot;}
  (Session info: chrome=118.0.5993.70)
For documentation on this error, please visit: https://www.selenium.dev/documentation/webdriver/troubleshooting/errors#no-such-element-exception
Build info: version: &#039;4.11.0&#039;, revision: &#039;040bc5406b&#039;
System info: os.name: &#039;Windows Server 2019&#039;, os.arch: &#039;amd64&#039;, os.version: &#039;10.0&#039;, java.version: &#039;20.0.1&#039;
Driver info: org.openqa.selenium.chrome.ChromeDriver
Command: [aa9e62ad177cecac4999564efc26dbc7, findElement {using=xpath, value=//*[@id=&#039;When can you switch?&#039;]/article/div[1]/h2}]
Capabilities {acceptInsecureCerts: false, browserName: chrome, browserVersion: 118.0.5993.70, chrome: {chromedriverVersion: 118.0.5993.70 (e52f33f30b91..., userDataDir: C:\Users\MITHUN~1.HN\AppDat...}, fedcm:accounts: true, goog:chromeOptions: {debuggerAddress: localhost:52262}, networkConnectionEnabled: false, pageLoadStrategy: normal, platformName: windows, proxy: Proxy(), se:cdp: ws://localhost:52262/devtoo..., se:cdpVersion: 118.0.5993.70, setWindowRect: true, strictFileInteractability: false, timeouts: {implicit: 0, pageLoad: 300000, script: 30000}, unhandledPromptBehavior: dismiss and notify, webauthn:extension:credBlob: true, webauthn:extension:largeBlob: true, webauthn:extension:minPinLength: true, webauthn:extension:prf: true, webauthn:virtualAuthenticators: true}
Session ID: aa9e62ad177cecac4999564efc26dbc7" type="org.openqa.selenium.NoSuchElementException">
      <![CDATA[org.openqa.selenium.NoSuchElementException: no such element: Unable to locate element: {"method":"xpath","selector":"//*[@id='When can you switch?']/article/div[1]/h2"}
  (Session info: chrome=118.0.5993.70)
For documentation on this error, please visit: https://www.selenium.dev/documentation/webdriver/troubleshooting/errors#no-such-element-exception
Build info: version: '4.11.0', revision: '040bc5406b'
System info: os.name: 'Windows Server 2019', os.arch: 'amd64', os.version: '10.0', java.version: '20.0.1'
Driver info: org.openqa.selenium.chrome.ChromeDriver
Command: [aa9e62ad177cecac4999564efc26dbc7, findElement {using=xpath, value=//*[@id='When can you switch?']/article/div[1]/h2}]
Capabilities {acceptInsecureCerts: false, browserName: chrome, browserVersion: 118.0.5993.70, chrome: {chromedriverVersion: 118.0.5993.70 (e52f33f30b91..., userDataDir: C:\Users\MITHUN~1.HN\AppDat...}, fedcm:accounts: true, goog:chromeOptions: {debuggerAddress: localhost:52262}, networkConnectionEnabled: false, pageLoadStrategy: normal, platformName: windows, proxy: Proxy(), se:cdp: ws://localhost:52262/devtoo..., se:cdpVersion: 118.0.5993.70, setWindowRect: true, strictFileInteractability: false, timeouts: {implicit: 0, pageLoad: 300000, script: 30000}, unhandledPromptBehavior: dismiss and notify, webauthn:extension:credBlob: true, webauthn:extension:largeBlob: true, webauthn:extension:minPinLength: true, webauthn:extension:prf: true, webauthn:virtualAuthenticators: true}
Session ID: aa9e62ad177cecac4999564efc26dbc7
at java.base/jdk.internal.reflect.DirectConstructorHandleAccessor.newInstance(DirectConstructorHandleAccessor.java:67)
at java.base/java.lang.reflect.Constructor.newInstanceWithCaller(Constructor.java:500)
at java.base/java.lang.reflect.Constructor.newInstance(Constructor.java:484)
at org.openqa.selenium.remote.codec.w3c.W3CHttpResponseCodec.createException(W3CHttpResponseCodec.java:200)
at org.openqa.selenium.remote.codec.w3c.W3CHttpResponseCodec.decode(W3CHttpResponseCodec.java:133)
at org.openqa.selenium.remote.codec.w3c.W3CHttpResponseCodec.decode(W3CHttpResponseCodec.java:52)
at org.openqa.selenium.remote.HttpCommandExecutor.execute(HttpCommandExecutor.java:191)
at org.openqa.selenium.remote.service.DriverCommandExecutor.invokeExecute(DriverCommandExecutor.java:196)
at org.openqa.selenium.remote.service.DriverCommandExecutor.execute(DriverCommandExecutor.java:171)
at org.openqa.selenium.remote.RemoteWebDriver.execute(RemoteWebDriver.java:518)
at org.openqa.selenium.remote.ElementLocation$ElementFinder$2.findElement(ElementLocation.java:165)
at org.openqa.selenium.remote.ElementLocation.findElement(ElementLocation.java:59)
at org.openqa.selenium.remote.RemoteWebDriver.findElement(RemoteWebDriver.java:355)
at org.openqa.selenium.remote.RemoteWebDriver.findElement(RemoteWebDriver.java:349)
at org.openqa.selenium.support.pagefactory.DefaultElementLocator.findElement(DefaultElementLocator.java:68)
at org.openqa.selenium.support.pagefactory.internal.LocatingElementHandler.invoke(LocatingElementHandler.java:38)
at jdk.proxy2/jdk.proxy2.$Proxy28.getText(Unknown Source)
at pages.actions.Mortgages_HelpAndSupport_SwitchingYourMortgagesActions.getImageSectionheader(Mortgages_HelpAndSupport_SwitchingYourMortgagesActions.java:52)
at Mortgages_Feature_Steps.Mortgages_HelpAndSupport_SwitchingYourMortgagesSteps.ImageSection_header_present_on_page(Mortgages_HelpAndSupport_SwitchingYourMortgagesSteps.java:48)
at ✽."When can you switch?" header present on page(file:///C:/CMS_Automation/Co.uk_Suchismita_30_April/Website-Test-Automation-Mithun-branch/src/test/resources/Mortgages_FeatureFiles/Mortgages_HelpAndSupport_SwitchingYourMortgages.feature:36)
]]>
    </error>
  </testcase> <!-- runScenario -->
  <system-out/>
  <testcase classname="runners.MortgageRunner" name="runScenario" time="1.896"/>
  <system-out/>
  <testcase classname="runners.MortgageRunner" name="runScenario" time="2.485">
    <error message="no such element: Unable to locate element: {&quot;method&quot;:&quot;xpath&quot;,&quot;selector&quot;:&quot;/html/body/div[2]/div/div[2]/div/div[8]/div[1]/button/h3&quot;}
  (Session info: chrome=118.0.5993.70)
For documentation on this error, please visit: https://www.selenium.dev/documentation/webdriver/troubleshooting/errors#no-such-element-exception
Build info: version: &#039;4.11.0&#039;, revision: &#039;040bc5406b&#039;
System info: os.name: &#039;Windows Server 2019&#039;, os.arch: &#039;amd64&#039;, os.version: &#039;10.0&#039;, java.version: &#039;20.0.1&#039;
Driver info: org.openqa.selenium.chrome.ChromeDriver
Command: [aa9e62ad177cecac4999564efc26dbc7, findElement {using=xpath, value=/html/body/div[2]/div/div[2]/div/div[8]/div[1]/button/h3}]
Capabilities {acceptInsecureCerts: false, browserName: chrome, browserVersion: 118.0.5993.70, chrome: {chromedriverVersion: 118.0.5993.70 (e52f33f30b91..., userDataDir: C:\Users\MITHUN~1.HN\AppDat...}, fedcm:accounts: true, goog:chromeOptions: {debuggerAddress: localhost:52262}, networkConnectionEnabled: false, pageLoadStrategy: normal, platformName: windows, proxy: Proxy(), se:cdp: ws://localhost:52262/devtoo..., se:cdpVersion: 118.0.5993.70, setWindowRect: true, strictFileInteractability: false, timeouts: {implicit: 0, pageLoad: 300000, script: 30000}, unhandledPromptBehavior: dismiss and notify, webauthn:extension:credBlob: true, webauthn:extension:largeBlob: true, webauthn:extension:minPinLength: true, webauthn:extension:prf: true, webauthn:virtualAuthenticators: true}
Session ID: aa9e62ad177cecac4999564efc26dbc7" type="org.openqa.selenium.NoSuchElementException">
      <![CDATA[org.openqa.selenium.NoSuchElementException: no such element: Unable to locate element: {"method":"xpath","selector":"/html/body/div[2]/div/div[2]/div/div[8]/div[1]/button/h3"}
  (Session info: chrome=118.0.5993.70)
For documentation on this error, please visit: https://www.selenium.dev/documentation/webdriver/troubleshooting/errors#no-such-element-exception
Build info: version: '4.11.0', revision: '040bc5406b'
System info: os.name: 'Windows Server 2019', os.arch: 'amd64', os.version: '10.0', java.version: '20.0.1'
Driver info: org.openqa.selenium.chrome.ChromeDriver
Command: [aa9e62ad177cecac4999564efc26dbc7, findElement {using=xpath, value=/html/body/div[2]/div/div[2]/div/div[8]/div[1]/button/h3}]
Capabilities {acceptInsecureCerts: false, browserName: chrome, browserVersion: 118.0.5993.70, chrome: {chromedriverVersion: 118.0.5993.70 (e52f33f30b91..., userDataDir: C:\Users\MITHUN~1.HN\AppDat...}, fedcm:accounts: true, goog:chromeOptions: {debuggerAddress: localhost:52262}, networkConnectionEnabled: false, pageLoadStrategy: normal, platformName: windows, proxy: Proxy(), se:cdp: ws://localhost:52262/devtoo..., se:cdpVersion: 118.0.5993.70, setWindowRect: true, strictFileInteractability: false, timeouts: {implicit: 0, pageLoad: 300000, script: 30000}, unhandledPromptBehavior: dismiss and notify, webauthn:extension:credBlob: true, webauthn:extension:largeBlob: true, webauthn:extension:minPinLength: true, webauthn:extension:prf: true, webauthn:virtualAuthenticators: true}
Session ID: aa9e62ad177cecac4999564efc26dbc7
at java.base/jdk.internal.reflect.DirectConstructorHandleAccessor.newInstance(DirectConstructorHandleAccessor.java:67)
at java.base/java.lang.reflect.Constructor.newInstanceWithCaller(Constructor.java:500)
at java.base/java.lang.reflect.Constructor.newInstance(Constructor.java:484)
at org.openqa.selenium.remote.codec.w3c.W3CHttpResponseCodec.createException(W3CHttpResponseCodec.java:200)
at org.openqa.selenium.remote.codec.w3c.W3CHttpResponseCodec.decode(W3CHttpResponseCodec.java:133)
at org.openqa.selenium.remote.codec.w3c.W3CHttpResponseCodec.decode(W3CHttpResponseCodec.java:52)
at org.openqa.selenium.remote.HttpCommandExecutor.execute(HttpCommandExecutor.java:191)
at org.openqa.selenium.remote.service.DriverCommandExecutor.invokeExecute(DriverCommandExecutor.java:196)
at org.openqa.selenium.remote.service.DriverCommandExecutor.execute(DriverCommandExecutor.java:171)
at org.openqa.selenium.remote.RemoteWebDriver.execute(RemoteWebDriver.java:518)
at org.openqa.selenium.remote.ElementLocation$ElementFinder$2.findElement(ElementLocation.java:165)
at org.openqa.selenium.remote.ElementLocation.findElement(ElementLocation.java:59)
at org.openqa.selenium.remote.RemoteWebDriver.findElement(RemoteWebDriver.java:355)
at org.openqa.selenium.remote.RemoteWebDriver.findElement(RemoteWebDriver.java:349)
at org.openqa.selenium.support.pagefactory.DefaultElementLocator.findElement(DefaultElementLocator.java:68)
at org.openqa.selenium.support.pagefactory.internal.LocatingElementHandler.invoke(LocatingElementHandler.java:38)
at jdk.proxy2/jdk.proxy2.$Proxy28.getText(Unknown Source)
at utils.SeleniumDriver.GetElementText(SeleniumDriver.java:112)
at pages.actions.Mortgages_MortgagesHelp_ManagingAndMakingChangesToYourMortgageActions.getSubheaderTitle(Mortgages_MortgagesHelp_ManagingAndMakingChangesToYourMortgageActions.java:51)
at Mortgages_Feature_Steps.Mortgages_MortgagesHelp_ManagingAndMakingChangesToYourMortgageSteps.i_should_see_the_subheader_present_under_header_title(Mortgages_MortgagesHelp_ManagingAndMakingChangesToYourMortgageSteps.java:47)
at ✽.I should see the "I would like to start renting my home. Can you help?" present under header Title.(file:///C:/CMS_Automation/Co.uk_Suchismita_30_April/Website-Test-Automation-Mithun-branch/src/test/resources/Mortgages_FeatureFiles/Mortgages_MortgagesHelp_ManagingAndMakingChangesToYourMortgage.feature:34)
]]>
    </error>
  </testcase> <!-- runScenario -->
  <system-out/>
  <testcase classname="runners.MortgageRunner" name="runScenario" time="2.661"/>
  <system-out/>
  <testcase classname="runners.MortgageRunner" name="runScenario" time="2.597">
    <error message="no such element: Unable to locate element: {&quot;method&quot;:&quot;xpath&quot;,&quot;selector&quot;:&quot;//div[@class = &#039;masthead-text-container&#039;]/h1&quot;}
  (Session info: chrome=118.0.5993.70)
For documentation on this error, please visit: https://www.selenium.dev/documentation/webdriver/troubleshooting/errors#no-such-element-exception
Build info: version: &#039;4.11.0&#039;, revision: &#039;040bc5406b&#039;
System info: os.name: &#039;Windows Server 2019&#039;, os.arch: &#039;amd64&#039;, os.version: &#039;10.0&#039;, java.version: &#039;20.0.1&#039;
Driver info: org.openqa.selenium.chrome.ChromeDriver
Command: [aa9e62ad177cecac4999564efc26dbc7, findElement {using=xpath, value=//div[@class = &#039;masthead-text-container&#039;]/h1}]
Capabilities {acceptInsecureCerts: false, browserName: chrome, browserVersion: 118.0.5993.70, chrome: {chromedriverVersion: 118.0.5993.70 (e52f33f30b91..., userDataDir: C:\Users\MITHUN~1.HN\AppDat...}, fedcm:accounts: true, goog:chromeOptions: {debuggerAddress: localhost:52262}, networkConnectionEnabled: false, pageLoadStrategy: normal, platformName: windows, proxy: Proxy(), se:cdp: ws://localhost:52262/devtoo..., se:cdpVersion: 118.0.5993.70, setWindowRect: true, strictFileInteractability: false, timeouts: {implicit: 0, pageLoad: 300000, script: 30000}, unhandledPromptBehavior: dismiss and notify, webauthn:extension:credBlob: true, webauthn:extension:largeBlob: true, webauthn:extension:minPinLength: true, webauthn:extension:prf: true, webauthn:virtualAuthenticators: true}
Session ID: aa9e62ad177cecac4999564efc26dbc7" type="org.openqa.selenium.NoSuchElementException">
      <![CDATA[org.openqa.selenium.NoSuchElementException: no such element: Unable to locate element: {"method":"xpath","selector":"//div[@class = 'masthead-text-container']/h1"}
  (Session info: chrome=118.0.5993.70)
For documentation on this error, please visit: https://www.selenium.dev/documentation/webdriver/troubleshooting/errors#no-such-element-exception
Build info: version: '4.11.0', revision: '040bc5406b'
System info: os.name: 'Windows Server 2019', os.arch: 'amd64', os.version: '10.0', java.version: '20.0.1'
Driver info: org.openqa.selenium.chrome.ChromeDriver
Command: [aa9e62ad177cecac4999564efc26dbc7, findElement {using=xpath, value=//div[@class = 'masthead-text-container']/h1}]
Capabilities {acceptInsecureCerts: false, browserName: chrome, browserVersion: 118.0.5993.70, chrome: {chromedriverVersion: 118.0.5993.70 (e52f33f30b91..., userDataDir: C:\Users\MITHUN~1.HN\AppDat...}, fedcm:accounts: true, goog:chromeOptions: {debuggerAddress: localhost:52262}, networkConnectionEnabled: false, pageLoadStrategy: normal, platformName: windows, proxy: Proxy(), se:cdp: ws://localhost:52262/devtoo..., se:cdpVersion: 118.0.5993.70, setWindowRect: true, strictFileInteractability: false, timeouts: {implicit: 0, pageLoad: 300000, script: 30000}, unhandledPromptBehavior: dismiss and notify, webauthn:extension:credBlob: true, webauthn:extension:largeBlob: true, webauthn:extension:minPinLength: true, webauthn:extension:prf: true, webauthn:virtualAuthenticators: true}
Session ID: aa9e62ad177cecac4999564efc26dbc7
at java.base/jdk.internal.reflect.DirectConstructorHandleAccessor.newInstance(DirectConstructorHandleAccessor.java:67)
at java.base/java.lang.reflect.Constructor.newInstanceWithCaller(Constructor.java:500)
at java.base/java.lang.reflect.Constructor.newInstance(Constructor.java:484)
at org.openqa.selenium.remote.codec.w3c.W3CHttpResponseCodec.createException(W3CHttpResponseCodec.java:200)
at org.openqa.selenium.remote.codec.w3c.W3CHttpResponseCodec.decode(W3CHttpResponseCodec.java:133)
at org.openqa.selenium.remote.codec.w3c.W3CHttpResponseCodec.decode(W3CHttpResponseCodec.java:52)
at org.openqa.selenium.remote.HttpCommandExecutor.execute(HttpCommandExecutor.java:191)
at org.openqa.selenium.remote.service.DriverCommandExecutor.invokeExecute(DriverCommandExecutor.java:196)
at org.openqa.selenium.remote.service.DriverCommandExecutor.execute(DriverCommandExecutor.java:171)
at org.openqa.selenium.remote.RemoteWebDriver.execute(RemoteWebDriver.java:518)
at org.openqa.selenium.remote.ElementLocation$ElementFinder$2.findElement(ElementLocation.java:165)
at org.openqa.selenium.remote.ElementLocation.findElement(ElementLocation.java:59)
at org.openqa.selenium.remote.RemoteWebDriver.findElement(RemoteWebDriver.java:355)
at org.openqa.selenium.remote.RemoteWebDriver.findElement(RemoteWebDriver.java:349)
at org.openqa.selenium.support.pagefactory.DefaultElementLocator.findElement(DefaultElementLocator.java:68)
at org.openqa.selenium.support.pagefactory.internal.LocatingElementHandler.invoke(LocatingElementHandler.java:38)
at jdk.proxy2/jdk.proxy2.$Proxy28.getText(Unknown Source)
at utils.SeleniumDriver.GetElementText(SeleniumDriver.java:112)
at pages.actions.Mortgages_MortgagesHelpAndSupport_PaymentsActions.getPageTitle(Mortgages_MortgagesHelpAndSupport_PaymentsActions.java:30)
at Mortgages_Feature_Steps.Mortgages_MortgagesHelpAndSupport_PaymentsSteps.i_should_be_navigated_to_respective_page(Mortgages_MortgagesHelpAndSupport_PaymentsSteps.java:47)
at ✽.I should be naviagated to respective "Your mortgage payments" page(file:///C:/CMS_Automation/Co.uk_Suchismita_30_April/Website-Test-Automation-Mithun-branch/src/test/resources/Mortgages_FeatureFiles/Mortgages_MortgagesHelpAndSupport_Payments.feature:16)
]]>
    </error>
  </testcase> <!-- runScenario -->
  <system-out/>
  <testcase classname="runners.MortgageRunner" name="runScenario" time="0.927">
    <failure message="Unable to click&quot;Commerical Mortgages&quot; using javascript click" type="java.lang.AssertionError">
      <![CDATA[java.lang.AssertionError: Unable to click"Commerical Mortgages" using javascript click
at org.testng.Assert.fail(Assert.java:99)
at utils.SeleniumDriver.clickElement(SeleniumDriver.java:153)
at pages.actions.Mortgages_CommercialMortgagesActions.clickTheLink(Mortgages_CommercialMortgagesActions.java:24)
at Mortgages_Feature_Steps.Mortgages_CommercialMortgagesSteps.i_navigated_to_commercial_mortgages_page(Mortgages_CommercialMortgagesSteps.java:35)
at ✽.I navigated to Commercial mortgages page(file:///C:/CMS_Automation/Co.uk_Suchismita_30_April/Website-Test-Automation-Mithun-branch/src/test/resources/Mortgages_FeatureFiles/Mortgages_CommercialMortgages.feature:44)
]]>
    </failure>
  </testcase> <!-- runScenario -->
  <system-out/>
  <testcase classname="runners.MortgageRunner" name="runScenario" time="1.659"/>
  <system-out/>
  <testcase classname="runners.MortgageRunner" name="runScenario" time="1.898"/>
  <system-out/>
  <testcase classname="runners.MortgageRunner" name="runScenario" time="1.782"/>
  <system-out/>
  <testcase classname="runners.MortgageRunner" name="runScenario" time="1.745"/>
  <system-out/>
  <testcase classname="runners.MortgageRunner" name="runScenario" time="1.719">
    <failure message="expected [Divorce and mortgages – What you need to know] but found [Unexpected Costs to Remember When Buying Your First House]" type="java.lang.AssertionError">
      <![CDATA[java.lang.AssertionError: expected [Divorce and mortgages – What you need to know] but found [Unexpected Costs to Remember When Buying Your First House]
at org.testng.Assert.fail(Assert.java:99)
at org.testng.Assert.failNotEquals(Assert.java:1037)
at org.testng.Assert.assertEqualsImpl(Assert.java:140)
at org.testng.Assert.assertEquals(Assert.java:122)
at org.testng.Assert.assertEquals(Assert.java:629)
at org.testng.Assert.assertEquals(Assert.java:639)
at Mortgages_Feature_Steps.Mortgages_ResidentialMortgages_FirstTimeBuyerMortgagesPageSteps.i_should_see_cards_present_on_the_first_timer_buyer(Mortgages_ResidentialMortgages_FirstTimeBuyerMortgagesPageSteps.java:87)
at ✽.I should see "Divorce and mortgages – What you need to know" present on the First Timer Buyer Page(file:///C:/CMS_Automation/Co.uk_Suchismita_30_April/Website-Test-Automation-Mithun-branch/src/test/resources/Mortgages_FeatureFiles/Mortgages_ResidentialMortgages_FirstTimeBuyerMortgages.feature:44)
]]>
    </failure>
  </testcase> <!-- runScenario -->
  <system-out/>
  <testcase classname="runners.MortgageRunner" name="runScenario" time="1.715">
    <failure message="expected [Self-employed? Here&#039;s 6 top tips to help you get a mortgage] but found [6 Top Tips to Help you get a Mortgage if you&#039;re self employed]" type="java.lang.AssertionError">
      <![CDATA[java.lang.AssertionError: expected [Self-employed? Here's 6 top tips to help you get a mortgage] but found [6 Top Tips to Help you get a Mortgage if you're self employed]
at org.testng.Assert.fail(Assert.java:99)
at org.testng.Assert.failNotEquals(Assert.java:1037)
at org.testng.Assert.assertEqualsImpl(Assert.java:140)
at org.testng.Assert.assertEquals(Assert.java:122)
at org.testng.Assert.assertEquals(Assert.java:629)
at org.testng.Assert.assertEquals(Assert.java:639)
at Mortgages_Feature_Steps.Mortgages_ResidentialMortgages_SelfEmployedMortgagesPageSteps.i_should_see_cardheader_present_on_the_page(Mortgages_ResidentialMortgages_SelfEmployedMortgagesPageSteps.java:106)
at ✽.I should see "Self-employed? Here's 6 top tips to help you get a mortgage" present on page(file:///C:/CMS_Automation/Co.uk_Suchismita_30_April/Website-Test-Automation-Mithun-branch/src/test/resources/Mortgages_FeatureFiles/Mortgages_ResidentialMortgages_SelfEmployedMortgages.feature:46)
]]>
    </failure>
  </testcase> <!-- runScenario -->
  <system-out/>
  <testcase classname="runners.MortgageRunner" name="runScenario" time="2.459">
    <error message="no such element: Unable to locate element: {&quot;method&quot;:&quot;xpath&quot;,&quot;selector&quot;:&quot;//*[@class=&#039;umb-block__root  &#039;]/ul/li[4]/article/h2&quot;}
  (Session info: chrome=118.0.5993.70)
For documentation on this error, please visit: https://www.selenium.dev/documentation/webdriver/troubleshooting/errors#no-such-element-exception
Build info: version: &#039;4.11.0&#039;, revision: &#039;040bc5406b&#039;
System info: os.name: &#039;Windows Server 2019&#039;, os.arch: &#039;amd64&#039;, os.version: &#039;10.0&#039;, java.version: &#039;20.0.1&#039;
Driver info: org.openqa.selenium.chrome.ChromeDriver
Command: [aa9e62ad177cecac4999564efc26dbc7, findElement {using=xpath, value=//*[@class=&#039;umb-block__root  &#039;]/ul/li[4]/article/h2}]
Capabilities {acceptInsecureCerts: false, browserName: chrome, browserVersion: 118.0.5993.70, chrome: {chromedriverVersion: 118.0.5993.70 (e52f33f30b91..., userDataDir: C:\Users\MITHUN~1.HN\AppDat...}, fedcm:accounts: true, goog:chromeOptions: {debuggerAddress: localhost:52262}, networkConnectionEnabled: false, pageLoadStrategy: normal, platformName: windows, proxy: Proxy(), se:cdp: ws://localhost:52262/devtoo..., se:cdpVersion: 118.0.5993.70, setWindowRect: true, strictFileInteractability: false, timeouts: {implicit: 0, pageLoad: 300000, script: 30000}, unhandledPromptBehavior: dismiss and notify, webauthn:extension:credBlob: true, webauthn:extension:largeBlob: true, webauthn:extension:minPinLength: true, webauthn:extension:prf: true, webauthn:virtualAuthenticators: true}
Session ID: aa9e62ad177cecac4999564efc26dbc7" type="org.openqa.selenium.NoSuchElementException">
      <![CDATA[org.openqa.selenium.NoSuchElementException: no such element: Unable to locate element: {"method":"xpath","selector":"//*[@class='umb-block__root  ']/ul/li[4]/article/h2"}
  (Session info: chrome=118.0.5993.70)
For documentation on this error, please visit: https://www.selenium.dev/documentation/webdriver/troubleshooting/errors#no-such-element-exception
Build info: version: '4.11.0', revision: '040bc5406b'
System info: os.name: 'Windows Server 2019', os.arch: 'amd64', os.version: '10.0', java.version: '20.0.1'
Driver info: org.openqa.selenium.chrome.ChromeDriver
Command: [aa9e62ad177cecac4999564efc26dbc7, findElement {using=xpath, value=//*[@class='umb-block__root  ']/ul/li[4]/article/h2}]
Capabilities {acceptInsecureCerts: false, browserName: chrome, browserVersion: 118.0.5993.70, chrome: {chromedriverVersion: 118.0.5993.70 (e52f33f30b91..., userDataDir: C:\Users\MITHUN~1.HN\AppDat...}, fedcm:accounts: true, goog:chromeOptions: {debuggerAddress: localhost:52262}, networkConnectionEnabled: false, pageLoadStrategy: normal, platformName: windows, proxy: Proxy(), se:cdp: ws://localhost:52262/devtoo..., se:cdpVersion: 118.0.5993.70, setWindowRect: true, strictFileInteractability: false, timeouts: {implicit: 0, pageLoad: 300000, script: 30000}, unhandledPromptBehavior: dismiss and notify, webauthn:extension:credBlob: true, webauthn:extension:largeBlob: true, webauthn:extension:minPinLength: true, webauthn:extension:prf: true, webauthn:virtualAuthenticators: true}
Session ID: aa9e62ad177cecac4999564efc26dbc7
at java.base/jdk.internal.reflect.DirectConstructorHandleAccessor.newInstance(DirectConstructorHandleAccessor.java:67)
at java.base/java.lang.reflect.Constructor.newInstanceWithCaller(Constructor.java:500)
at java.base/java.lang.reflect.Constructor.newInstance(Constructor.java:484)
at org.openqa.selenium.remote.codec.w3c.W3CHttpResponseCodec.createException(W3CHttpResponseCodec.java:200)
at org.openqa.selenium.remote.codec.w3c.W3CHttpResponseCodec.decode(W3CHttpResponseCodec.java:133)
at org.openqa.selenium.remote.codec.w3c.W3CHttpResponseCodec.decode(W3CHttpResponseCodec.java:52)
at org.openqa.selenium.remote.HttpCommandExecutor.execute(HttpCommandExecutor.java:191)
at org.openqa.selenium.remote.service.DriverCommandExecutor.invokeExecute(DriverCommandExecutor.java:196)
at org.openqa.selenium.remote.service.DriverCommandExecutor.execute(DriverCommandExecutor.java:171)
at org.openqa.selenium.remote.RemoteWebDriver.execute(RemoteWebDriver.java:518)
at org.openqa.selenium.remote.ElementLocation$ElementFinder$2.findElement(ElementLocation.java:165)
at org.openqa.selenium.remote.ElementLocation.findElement(ElementLocation.java:59)
at org.openqa.selenium.remote.RemoteWebDriver.findElement(RemoteWebDriver.java:355)
at org.openqa.selenium.remote.RemoteWebDriver.findElement(RemoteWebDriver.java:349)
at org.openqa.selenium.support.pagefactory.DefaultElementLocator.findElement(DefaultElementLocator.java:68)
at org.openqa.selenium.support.pagefactory.internal.LocatingElementHandler.invoke(LocatingElementHandler.java:38)
at jdk.proxy2/jdk.proxy2.$Proxy28.getText(Unknown Source)
at pages.actions.Mortgages_HelpAndSupport_SwitchingYourMortgagesActions.getSubheader(Mortgages_HelpAndSupport_SwitchingYourMortgagesActions.java:43)
at Mortgages_Feature_Steps.Mortgages_HelpAndSupport_SwitchingYourMortgagesSteps.I_see_subheader_on_the_page(Mortgages_HelpAndSupport_SwitchingYourMortgagesSteps.java:41)
at ✽.I can see "Switch early" on the page(file:///C:/CMS_Automation/Co.uk_Suchismita_30_April/Website-Test-Automation-Mithun-branch/src/test/resources/Mortgages_FeatureFiles/Mortgages_HelpAndSupport_SwitchingYourMortgages.feature:23)
]]>
    </error>
  </testcase> <!-- runScenario -->
  <system-out/>
  <testcase classname="runners.MortgageRunner" name="runScenario" time="1.806">
    <failure message="expected [Mortgage jargon buster] but found [Mortgage Charter]" type="java.lang.AssertionError">
      <![CDATA[java.lang.AssertionError: expected [Mortgage jargon buster] but found [Mortgage Charter]
at org.testng.Assert.fail(Assert.java:99)
at org.testng.Assert.failNotEquals(Assert.java:1037)
at org.testng.Assert.assertEqualsImpl(Assert.java:140)
at org.testng.Assert.assertEquals(Assert.java:122)
at org.testng.Assert.assertEquals(Assert.java:629)
at org.testng.Assert.assertEquals(Assert.java:639)
at Mortgages_Feature_Steps.Mortgages_HelpandSupport_MortgagesHelpAndSupportSteps.i_see_PageTitle_present_on_the_page(Mortgages_HelpandSupport_MortgagesHelpAndSupportSteps.java:42)
at ✽.I see "Mortgage jargon buster" present on the page(file:///C:/CMS_Automation/Co.uk_Suchismita_30_April/Website-Test-Automation-Mithun-branch/src/test/resources/Mortgages_FeatureFiles/Mortgages_HelpandSupport_MortgagesHelpandSupport.feature:25)
]]>
    </failure>
  </testcase> <!-- runScenario -->
  <system-out/>
  <testcase classname="runners.MortgageRunner" name="runScenario" time="1.790">
    <error message="no such element: Unable to locate element: {&quot;method&quot;:&quot;xpath&quot;,&quot;selector&quot;:&quot;//*[@class=&#039;umb-block__root margin-bottom &#039;]/article/div[1]/div[2]/a&quot;}
  (Session info: chrome=118.0.5993.70)
For documentation on this error, please visit: https://www.selenium.dev/documentation/webdriver/troubleshooting/errors#no-such-element-exception
Build info: version: &#039;4.11.0&#039;, revision: &#039;040bc5406b&#039;
System info: os.name: &#039;Windows Server 2019&#039;, os.arch: &#039;amd64&#039;, os.version: &#039;10.0&#039;, java.version: &#039;20.0.1&#039;
Driver info: org.openqa.selenium.chrome.ChromeDriver
Command: [aa9e62ad177cecac4999564efc26dbc7, findElement {using=xpath, value=//*[@class=&#039;umb-block__root margin-bottom &#039;]/article/div[1]/div[2]/a}]
Capabilities {acceptInsecureCerts: false, browserName: chrome, browserVersion: 118.0.5993.70, chrome: {chromedriverVersion: 118.0.5993.70 (e52f33f30b91..., userDataDir: C:\Users\MITHUN~1.HN\AppDat...}, fedcm:accounts: true, goog:chromeOptions: {debuggerAddress: localhost:52262}, networkConnectionEnabled: false, pageLoadStrategy: normal, platformName: windows, proxy: Proxy(), se:cdp: ws://localhost:52262/devtoo..., se:cdpVersion: 118.0.5993.70, setWindowRect: true, strictFileInteractability: false, timeouts: {implicit: 0, pageLoad: 300000, script: 30000}, unhandledPromptBehavior: dismiss and notify, webauthn:extension:credBlob: true, webauthn:extension:largeBlob: true, webauthn:extension:minPinLength: true, webauthn:extension:prf: true, webauthn:virtualAuthenticators: true}
Session ID: aa9e62ad177cecac4999564efc26dbc7" type="org.openqa.selenium.NoSuchElementException">
      <![CDATA[org.openqa.selenium.NoSuchElementException: no such element: Unable to locate element: {"method":"xpath","selector":"//*[@class='umb-block__root margin-bottom ']/article/div[1]/div[2]/a"}
  (Session info: chrome=118.0.5993.70)
For documentation on this error, please visit: https://www.selenium.dev/documentation/webdriver/troubleshooting/errors#no-such-element-exception
Build info: version: '4.11.0', revision: '040bc5406b'
System info: os.name: 'Windows Server 2019', os.arch: 'amd64', os.version: '10.0', java.version: '20.0.1'
Driver info: org.openqa.selenium.chrome.ChromeDriver
Command: [aa9e62ad177cecac4999564efc26dbc7, findElement {using=xpath, value=//*[@class='umb-block__root margin-bottom ']/article/div[1]/div[2]/a}]
Capabilities {acceptInsecureCerts: false, browserName: chrome, browserVersion: 118.0.5993.70, chrome: {chromedriverVersion: 118.0.5993.70 (e52f33f30b91..., userDataDir: C:\Users\MITHUN~1.HN\AppDat...}, fedcm:accounts: true, goog:chromeOptions: {debuggerAddress: localhost:52262}, networkConnectionEnabled: false, pageLoadStrategy: normal, platformName: windows, proxy: Proxy(), se:cdp: ws://localhost:52262/devtoo..., se:cdpVersion: 118.0.5993.70, setWindowRect: true, strictFileInteractability: false, timeouts: {implicit: 0, pageLoad: 300000, script: 30000}, unhandledPromptBehavior: dismiss and notify, webauthn:extension:credBlob: true, webauthn:extension:largeBlob: true, webauthn:extension:minPinLength: true, webauthn:extension:prf: true, webauthn:virtualAuthenticators: true}
Session ID: aa9e62ad177cecac4999564efc26dbc7
at java.base/jdk.internal.reflect.DirectConstructorHandleAccessor.newInstance(DirectConstructorHandleAccessor.java:67)
at java.base/java.lang.reflect.Constructor.newInstanceWithCaller(Constructor.java:500)
at java.base/java.lang.reflect.Constructor.newInstance(Constructor.java:484)
at org.openqa.selenium.remote.codec.w3c.W3CHttpResponseCodec.createException(W3CHttpResponseCodec.java:200)
at org.openqa.selenium.remote.codec.w3c.W3CHttpResponseCodec.decode(W3CHttpResponseCodec.java:133)
at org.openqa.selenium.remote.codec.w3c.W3CHttpResponseCodec.decode(W3CHttpResponseCodec.java:52)
at org.openqa.selenium.remote.HttpCommandExecutor.execute(HttpCommandExecutor.java:191)
at org.openqa.selenium.remote.service.DriverCommandExecutor.invokeExecute(DriverCommandExecutor.java:196)
at org.openqa.selenium.remote.service.DriverCommandExecutor.execute(DriverCommandExecutor.java:171)
at org.openqa.selenium.remote.RemoteWebDriver.execute(RemoteWebDriver.java:518)
at org.openqa.selenium.remote.ElementLocation$ElementFinder$2.findElement(ElementLocation.java:165)
at org.openqa.selenium.remote.ElementLocation.findElement(ElementLocation.java:59)
at org.openqa.selenium.remote.RemoteWebDriver.findElement(RemoteWebDriver.java:355)
at org.openqa.selenium.remote.RemoteWebDriver.findElement(RemoteWebDriver.java:349)
at org.openqa.selenium.support.pagefactory.DefaultElementLocator.findElement(DefaultElementLocator.java:68)
at org.openqa.selenium.support.pagefactory.internal.LocatingElementHandler.invoke(LocatingElementHandler.java:38)
at jdk.proxy2/jdk.proxy2.$Proxy28.isDisplayed(Unknown Source)
at utils.SeleniumDriver.isElementPresent(SeleniumDriver.java:106)
at pages.actions.Mortgages_ResidentialMortgages_FirstTimeBuyerMortgagesActions.verifytheCTAbuttonPresent(Mortgages_ResidentialMortgages_FirstTimeBuyerMortgagesActions.java:85)
at Mortgages_Feature_Steps.Mortgages_ResidentialMortgages_FirstTimeBuyerMortgagesPageSteps.i_should_Click_the_CTA_button_present_on_the_Image_section(Mortgages_ResidentialMortgages_FirstTimeBuyerMortgagesPageSteps.java:94)
at ✽.I should click the CTA button present on the Image section(file:///C:/CMS_Automation/Co.uk_Suchismita_30_April/Website-Test-Automation-Mithun-branch/src/test/resources/Mortgages_FeatureFiles/Mortgages_ResidentialMortgages_FirstTimeBuyerMortgages.feature:57)
]]>
    </error>
  </testcase> <!-- runScenario -->
  <system-out/>
  <testcase classname="runners.MortgageRunner" name="runScenario" time="1.651"/>
  <system-out/>
  <testcase classname="runners.MortgageRunner" name="runScenario" time="1.756"/>
  <system-out/>
  <testcase classname="runners.MortgageRunner" name="runScenario" time="1.622"/>
  <system-out/>
  <testcase classname="runners.MortgageRunner" name="runScenario" time="3.367">
    <error message="no such element: Unable to locate element: {&quot;method&quot;:&quot;xpath&quot;,&quot;selector&quot;:&quot;//div[@class=&#039;masthead-text-container__small&#039;]/h1&quot;}
  (Session info: chrome=118.0.5993.70)
For documentation on this error, please visit: https://www.selenium.dev/documentation/webdriver/troubleshooting/errors#no-such-element-exception
Build info: version: &#039;4.11.0&#039;, revision: &#039;040bc5406b&#039;
System info: os.name: &#039;Windows Server 2019&#039;, os.arch: &#039;amd64&#039;, os.version: &#039;10.0&#039;, java.version: &#039;20.0.1&#039;
Driver info: org.openqa.selenium.chrome.ChromeDriver
Command: [aa9e62ad177cecac4999564efc26dbc7, findElement {using=xpath, value=//div[@class=&#039;masthead-text-container__small&#039;]/h1}]
Capabilities {acceptInsecureCerts: false, browserName: chrome, browserVersion: 118.0.5993.70, chrome: {chromedriverVersion: 118.0.5993.70 (e52f33f30b91..., userDataDir: C:\Users\MITHUN~1.HN\AppDat...}, fedcm:accounts: true, goog:chromeOptions: {debuggerAddress: localhost:52262}, networkConnectionEnabled: false, pageLoadStrategy: normal, platformName: windows, proxy: Proxy(), se:cdp: ws://localhost:52262/devtoo..., se:cdpVersion: 118.0.5993.70, setWindowRect: true, strictFileInteractability: false, timeouts: {implicit: 0, pageLoad: 300000, script: 30000}, unhandledPromptBehavior: dismiss and notify, webauthn:extension:credBlob: true, webauthn:extension:largeBlob: true, webauthn:extension:minPinLength: true, webauthn:extension:prf: true, webauthn:virtualAuthenticators: true}
Session ID: aa9e62ad177cecac4999564efc26dbc7" type="org.openqa.selenium.NoSuchElementException">
      <![CDATA[org.openqa.selenium.NoSuchElementException: no such element: Unable to locate element: {"method":"xpath","selector":"//div[@class='masthead-text-container__small']/h1"}
  (Session info: chrome=118.0.5993.70)
For documentation on this error, please visit: https://www.selenium.dev/documentation/webdriver/troubleshooting/errors#no-such-element-exception
Build info: version: '4.11.0', revision: '040bc5406b'
System info: os.name: 'Windows Server 2019', os.arch: 'amd64', os.version: '10.0', java.version: '20.0.1'
Driver info: org.openqa.selenium.chrome.ChromeDriver
Command: [aa9e62ad177cecac4999564efc26dbc7, findElement {using=xpath, value=//div[@class='masthead-text-container__small']/h1}]
Capabilities {acceptInsecureCerts: false, browserName: chrome, browserVersion: 118.0.5993.70, chrome: {chromedriverVersion: 118.0.5993.70 (e52f33f30b91..., userDataDir: C:\Users\MITHUN~1.HN\AppDat...}, fedcm:accounts: true, goog:chromeOptions: {debuggerAddress: localhost:52262}, networkConnectionEnabled: false, pageLoadStrategy: normal, platformName: windows, proxy: Proxy(), se:cdp: ws://localhost:52262/devtoo..., se:cdpVersion: 118.0.5993.70, setWindowRect: true, strictFileInteractability: false, timeouts: {implicit: 0, pageLoad: 300000, script: 30000}, unhandledPromptBehavior: dismiss and notify, webauthn:extension:credBlob: true, webauthn:extension:largeBlob: true, webauthn:extension:minPinLength: true, webauthn:extension:prf: true, webauthn:virtualAuthenticators: true}
Session ID: aa9e62ad177cecac4999564efc26dbc7
at java.base/jdk.internal.reflect.DirectConstructorHandleAccessor.newInstance(DirectConstructorHandleAccessor.java:67)
at java.base/java.lang.reflect.Constructor.newInstanceWithCaller(Constructor.java:500)
at java.base/java.lang.reflect.Constructor.newInstance(Constructor.java:484)
at org.openqa.selenium.remote.codec.w3c.W3CHttpResponseCodec.createException(W3CHttpResponseCodec.java:200)
at org.openqa.selenium.remote.codec.w3c.W3CHttpResponseCodec.decode(W3CHttpResponseCodec.java:133)
at org.openqa.selenium.remote.codec.w3c.W3CHttpResponseCodec.decode(W3CHttpResponseCodec.java:52)
at org.openqa.selenium.remote.HttpCommandExecutor.execute(HttpCommandExecutor.java:191)
at org.openqa.selenium.remote.service.DriverCommandExecutor.invokeExecute(DriverCommandExecutor.java:196)
at org.openqa.selenium.remote.service.DriverCommandExecutor.execute(DriverCommandExecutor.java:171)
at org.openqa.selenium.remote.RemoteWebDriver.execute(RemoteWebDriver.java:518)
at org.openqa.selenium.remote.ElementLocation$ElementFinder$2.findElement(ElementLocation.java:165)
at org.openqa.selenium.remote.ElementLocation.findElement(ElementLocation.java:59)
at org.openqa.selenium.remote.RemoteWebDriver.findElement(RemoteWebDriver.java:355)
at org.openqa.selenium.remote.RemoteWebDriver.findElement(RemoteWebDriver.java:349)
at org.openqa.selenium.support.pagefactory.DefaultElementLocator.findElement(DefaultElementLocator.java:68)
at org.openqa.selenium.support.pagefactory.internal.LocatingElementHandler.invoke(LocatingElementHandler.java:38)
at jdk.proxy2/jdk.proxy2.$Proxy28.getText(Unknown Source)
at utils.SeleniumDriver.GetElementText(SeleniumDriver.java:112)
at pages.actions.Mortgages_HelpAndSupport_SupportTailoredToYouActions.getCardPageTitle(Mortgages_HelpAndSupport_SupportTailoredToYouActions.java:63)
at Mortgages_Feature_Steps.Mortgages_HelpAndSupport_SupportTailoredToYouSteps.Clicked_on_link_present_on_the_image_section_and_redirected_to_PageTitle(Mortgages_HelpAndSupport_SupportTailoredToYouSteps.java:47)
at ✽."Support for asset finance customers with money worries" present on the Image Section and redirected to "404 - page not found"(file:///C:/CMS_Automation/Co.uk_Suchismita_30_April/Website-Test-Automation-Mithun-branch/src/test/resources/Mortgages_FeatureFiles/Mortgages_HelpAndSupport_SupportTailoredToYou.feature:37)
]]>
    </error>
  </testcase> <!-- runScenario -->
  <system-out/>
  <testcase classname="runners.MortgageRunner" name="runScenario" time="2.742"/>
  <system-out/>
  <testcase classname="runners.MortgageRunner" name="runScenario" time="1.743"/>
  <system-out/>
  <testcase classname="runners.MortgageRunner" name="runScenario" time="0.909">
    <failure message="Unable to click&quot;Commerical Mortgages&quot; using javascript click" type="java.lang.AssertionError">
      <![CDATA[java.lang.AssertionError: Unable to click"Commerical Mortgages" using javascript click
at org.testng.Assert.fail(Assert.java:99)
at utils.SeleniumDriver.clickElement(SeleniumDriver.java:153)
at pages.actions.Mortgages_CommercialMortgagesActions.clickTheLink(Mortgages_CommercialMortgagesActions.java:24)
at Mortgages_Feature_Steps.Mortgages_CommercialMortgagesSteps.i_navigated_to_commercial_mortgages_page(Mortgages_CommercialMortgagesSteps.java:35)
at ✽.I navigated to Commercial mortgages page(file:///C:/CMS_Automation/Co.uk_Suchismita_30_April/Website-Test-Automation-Mithun-branch/src/test/resources/Mortgages_FeatureFiles/Mortgages_CommercialMortgages.feature:33)
]]>
    </failure>
  </testcase> <!-- runScenario -->
  <system-out/>
  <testcase classname="runners.MortgageRunner" name="runScenario" time="0.944">
    <failure message="Unable to click&quot;Commerical Mortgages&quot; using javascript click" type="java.lang.AssertionError">
      <![CDATA[java.lang.AssertionError: Unable to click"Commerical Mortgages" using javascript click
at org.testng.Assert.fail(Assert.java:99)
at utils.SeleniumDriver.clickElement(SeleniumDriver.java:153)
at pages.actions.Mortgages_CommercialMortgagesActions.clickTheLink(Mortgages_CommercialMortgagesActions.java:24)
at Mortgages_Feature_Steps.Mortgages_CommercialMortgagesSteps.i_navigated_to_commercial_mortgages_page(Mortgages_CommercialMortgagesSteps.java:35)
at ✽.I navigated to Commercial mortgages page(file:///C:/CMS_Automation/Co.uk_Suchismita_30_April/Website-Test-Automation-Mithun-branch/src/test/resources/Mortgages_FeatureFiles/Mortgages_CommercialMortgages.feature:21)
]]>
    </failure>
  </testcase> <!-- runScenario -->
  <system-out/>
  <testcase classname="runners.MortgageRunner" name="runScenario" time="0.828">
    <error message="The step &#039;I navigate to Remortgaging page&#039; is undefined.
You can implement this step using the snippet(s) below:

@When(&quot;I navigate to Remortgaging page&quot;)
public void i_navigate_to_remortgaging_page() {
    // Write code here that turns the phrase above into concrete actions
    throw new io.cucumber.java.PendingException();
}
" type="io.cucumber.testng.UndefinedStepException">
      <![CDATA[io.cucumber.testng.UndefinedStepException: The step 'I navigate to Remortgaging page' is undefined.
You can implement this step using the snippet(s) below:

@When("I navigate to Remortgaging page")
public void i_navigate_to_remortgaging_page() {
    // Write code here that turns the phrase above into concrete actions
    throw new io.cucumber.java.PendingException();
}

at io.cucumber.core.runtime.TestCaseResultObserver.assertTestCasePassed(TestCaseResultObserver.java:69)
at io.cucumber.testng.TestCaseResultObserver.assertTestCasePassed(TestCaseResultObserver.java:23)
at io.cucumber.testng.TestNGCucumberRunner.lambda$runScenario$0(TestNGCucumberRunner.java:118)
at io.cucumber.core.runtime.CucumberExecutionContext.runTestCase(CucumberExecutionContext.java:117)
at io.cucumber.testng.TestNGCucumberRunner.runScenario(TestNGCucumberRunner.java:114)
at io.cucumber.testng.AbstractTestNGCucumberTests.runScenario(AbstractTestNGCucumberTests.java:31)
at java.base/jdk.internal.reflect.DirectMethodHandleAccessor.invoke(DirectMethodHandleAccessor.java:104)
at java.base/java.lang.reflect.Method.invoke(Method.java:578)
at org.testng.internal.MethodInvocationHelper.invokeMethod(MethodInvocationHelper.java:133)
at org.testng.internal.TestInvoker.invokeMethod(TestInvoker.java:598)
at org.testng.internal.TestInvoker.invokeTestMethod(TestInvoker.java:173)
at org.testng.internal.MethodRunner.runInSequence(MethodRunner.java:46)
at org.testng.internal.TestInvoker$MethodInvocationAgent.invoke(TestInvoker.java:824)
at org.testng.internal.TestInvoker.invokeTestMethods(TestInvoker.java:146)
at org.testng.internal.TestMethodWorker.invokeTestMethods(TestMethodWorker.java:146)
at org.testng.internal.TestMethodWorker.run(TestMethodWorker.java:128)
at java.base/java.util.ArrayList.forEach(ArrayList.java:1511)
at org.testng.TestRunner.privateRun(TestRunner.java:794)
at org.testng.TestRunner.run(TestRunner.java:596)
at org.testng.SuiteRunner.runTest(SuiteRunner.java:377)
at org.testng.SuiteRunner.runSequentially(SuiteRunner.java:371)
at org.testng.SuiteRunner.privateRun(SuiteRunner.java:332)
at org.testng.SuiteRunner.run(SuiteRunner.java:276)
at org.testng.SuiteRunnerWorker.runSuite(SuiteRunnerWorker.java:53)
at org.testng.SuiteRunnerWorker.run(SuiteRunnerWorker.java:96)
at org.testng.TestNG.runSuitesSequentially(TestNG.java:1212)
at org.testng.TestNG.runSuitesLocally(TestNG.java:1134)
at org.testng.TestNG.runSuites(TestNG.java:1063)
at org.testng.TestNG.run(TestNG.java:1031)
at org.testng.remote.AbstractRemoteTestNG.run(AbstractRemoteTestNG.java:115)
at org.testng.remote.RemoteTestNG.initAndRun(RemoteTestNG.java:251)
at org.testng.remote.RemoteTestNG.main(RemoteTestNG.java:77)
]]>
    </error>
  </testcase> <!-- runScenario -->
  <system-out/>
  <testcase classname="runners.MortgageRunner" name="runScenario" time="2.026"/>
  <system-out/>
  <testcase classname="runners.MortgageRunner" name="runScenario" time="1.652">
    <failure message="Unable to click&quot;Borrowing More&quot; using javascript click" type="java.lang.AssertionError">
      <![CDATA[java.lang.AssertionError: Unable to click"Borrowing More" using javascript click
at org.testng.Assert.fail(Assert.java:99)
at utils.SeleniumDriver.clickElement(SeleniumDriver.java:153)
at pages.actions.Mortgages_MortgagesHelpAndSupport_BorrowingMoreOnYourMortgageActions.clickedCTAbutton(Mortgages_MortgagesHelpAndSupport_BorrowingMoreOnYourMortgageActions.java:26)
at Mortgages_Feature_Steps.Mortgages_MortgagesHelpAndSupport_BorrowingMoreOnYourMortgageSteps.i_naviagte_borrowing_more_on_your_mortgages_page(Mortgages_MortgagesHelpAndSupport_BorrowingMoreOnYourMortgageSteps.java:37)
at ✽.I navigate to Borrowing more on your mortgage page(file:///C:/CMS_Automation/Co.uk_Suchismita_30_April/Website-Test-Automation-Mithun-branch/src/test/resources/Mortgages_FeatureFiles/Mortgages_MortgagesHelpAndSupport_BorrowingMoreOnYourMortgage.feature:23)
]]>
    </failure>
  </testcase> <!-- runScenario -->
  <system-out/>
  <testcase classname="runners.MortgageRunner" name="runScenario" time="2.495">
    <error message="no such element: Unable to locate element: {&quot;method&quot;:&quot;xpath&quot;,&quot;selector&quot;:&quot;//*[@class=&#039;umb-block__root  &#039;]/div/span/section/h2&quot;}
  (Session info: chrome=118.0.5993.70)
For documentation on this error, please visit: https://www.selenium.dev/documentation/webdriver/troubleshooting/errors#no-such-element-exception
Build info: version: &#039;4.11.0&#039;, revision: &#039;040bc5406b&#039;
System info: os.name: &#039;Windows Server 2019&#039;, os.arch: &#039;amd64&#039;, os.version: &#039;10.0&#039;, java.version: &#039;20.0.1&#039;
Driver info: org.openqa.selenium.chrome.ChromeDriver
Command: [aa9e62ad177cecac4999564efc26dbc7, findElement {using=xpath, value=//*[@class=&#039;umb-block__root  &#039;]/div/span/section/h2}]
Capabilities {acceptInsecureCerts: false, browserName: chrome, browserVersion: 118.0.5993.70, chrome: {chromedriverVersion: 118.0.5993.70 (e52f33f30b91..., userDataDir: C:\Users\MITHUN~1.HN\AppDat...}, fedcm:accounts: true, goog:chromeOptions: {debuggerAddress: localhost:52262}, networkConnectionEnabled: false, pageLoadStrategy: normal, platformName: windows, proxy: Proxy(), se:cdp: ws://localhost:52262/devtoo..., se:cdpVersion: 118.0.5993.70, setWindowRect: true, strictFileInteractability: false, timeouts: {implicit: 0, pageLoad: 300000, script: 30000}, unhandledPromptBehavior: dismiss and notify, webauthn:extension:credBlob: true, webauthn:extension:largeBlob: true, webauthn:extension:minPinLength: true, webauthn:extension:prf: true, webauthn:virtualAuthenticators: true}
Session ID: aa9e62ad177cecac4999564efc26dbc7" type="org.openqa.selenium.NoSuchElementException">
      <![CDATA[org.openqa.selenium.NoSuchElementException: no such element: Unable to locate element: {"method":"xpath","selector":"//*[@class='umb-block__root  ']/div/span/section/h2"}
  (Session info: chrome=118.0.5993.70)
For documentation on this error, please visit: https://www.selenium.dev/documentation/webdriver/troubleshooting/errors#no-such-element-exception
Build info: version: '4.11.0', revision: '040bc5406b'
System info: os.name: 'Windows Server 2019', os.arch: 'amd64', os.version: '10.0', java.version: '20.0.1'
Driver info: org.openqa.selenium.chrome.ChromeDriver
Command: [aa9e62ad177cecac4999564efc26dbc7, findElement {using=xpath, value=//*[@class='umb-block__root  ']/div/span/section/h2}]
Capabilities {acceptInsecureCerts: false, browserName: chrome, browserVersion: 118.0.5993.70, chrome: {chromedriverVersion: 118.0.5993.70 (e52f33f30b91..., userDataDir: C:\Users\MITHUN~1.HN\AppDat...}, fedcm:accounts: true, goog:chromeOptions: {debuggerAddress: localhost:52262}, networkConnectionEnabled: false, pageLoadStrategy: normal, platformName: windows, proxy: Proxy(), se:cdp: ws://localhost:52262/devtoo..., se:cdpVersion: 118.0.5993.70, setWindowRect: true, strictFileInteractability: false, timeouts: {implicit: 0, pageLoad: 300000, script: 30000}, unhandledPromptBehavior: dismiss and notify, webauthn:extension:credBlob: true, webauthn:extension:largeBlob: true, webauthn:extension:minPinLength: true, webauthn:extension:prf: true, webauthn:virtualAuthenticators: true}
Session ID: aa9e62ad177cecac4999564efc26dbc7
at java.base/jdk.internal.reflect.DirectConstructorHandleAccessor.newInstance(DirectConstructorHandleAccessor.java:67)
at java.base/java.lang.reflect.Constructor.newInstanceWithCaller(Constructor.java:500)
at java.base/java.lang.reflect.Constructor.newInstance(Constructor.java:484)
at org.openqa.selenium.remote.codec.w3c.W3CHttpResponseCodec.createException(W3CHttpResponseCodec.java:200)
at org.openqa.selenium.remote.codec.w3c.W3CHttpResponseCodec.decode(W3CHttpResponseCodec.java:133)
at org.openqa.selenium.remote.codec.w3c.W3CHttpResponseCodec.decode(W3CHttpResponseCodec.java:52)
at org.openqa.selenium.remote.HttpCommandExecutor.execute(HttpCommandExecutor.java:191)
at org.openqa.selenium.remote.service.DriverCommandExecutor.invokeExecute(DriverCommandExecutor.java:196)
at org.openqa.selenium.remote.service.DriverCommandExecutor.execute(DriverCommandExecutor.java:171)
at org.openqa.selenium.remote.RemoteWebDriver.execute(RemoteWebDriver.java:518)
at org.openqa.selenium.remote.ElementLocation$ElementFinder$2.findElement(ElementLocation.java:165)
at org.openqa.selenium.remote.ElementLocation.findElement(ElementLocation.java:59)
at org.openqa.selenium.remote.RemoteWebDriver.findElement(RemoteWebDriver.java:355)
at org.openqa.selenium.remote.RemoteWebDriver.findElement(RemoteWebDriver.java:349)
at org.openqa.selenium.support.pagefactory.DefaultElementLocator.findElement(DefaultElementLocator.java:68)
at org.openqa.selenium.support.pagefactory.internal.LocatingElementHandler.invoke(LocatingElementHandler.java:38)
at jdk.proxy2/jdk.proxy2.$Proxy28.getText(Unknown Source)
at pages.actions.Mortgages_HelpAndSupport_SwitchingYourMortgagesActions.getSubheader(Mortgages_HelpAndSupport_SwitchingYourMortgagesActions.java:35)
at Mortgages_Feature_Steps.Mortgages_HelpAndSupport_SwitchingYourMortgagesSteps.I_see_subheader_on_the_page(Mortgages_HelpAndSupport_SwitchingYourMortgagesSteps.java:41)
at ✽.I can see "Ready to switch?" on the page(file:///C:/CMS_Automation/Co.uk_Suchismita_30_April/Website-Test-Automation-Mithun-branch/src/test/resources/Mortgages_FeatureFiles/Mortgages_HelpAndSupport_SwitchingYourMortgages.feature:23)
]]>
    </error>
  </testcase> <!-- runScenario -->
  <system-out/>
  <testcase classname="runners.MortgageRunner" name="runScenario" time="2.146"/>
  <system-out/>
  <testcase classname="runners.MortgageRunner" name="runScenario" time="2.851">
    <error message="no such element: Unable to locate element: {&quot;method&quot;:&quot;xpath&quot;,&quot;selector&quot;:&quot;//*[@id=&#039;repay-balance&#039;]/div/p[1]/span&quot;}
  (Session info: chrome=118.0.5993.70)
For documentation on this error, please visit: https://www.selenium.dev/documentation/webdriver/troubleshooting/errors#no-such-element-exception
Build info: version: &#039;4.11.0&#039;, revision: &#039;040bc5406b&#039;
System info: os.name: &#039;Windows Server 2019&#039;, os.arch: &#039;amd64&#039;, os.version: &#039;10.0&#039;, java.version: &#039;20.0.1&#039;
Driver info: org.openqa.selenium.chrome.ChromeDriver
Command: [aa9e62ad177cecac4999564efc26dbc7, findElement {using=xpath, value=//*[@id=&#039;repay-balance&#039;]/div/p[1]/span}]
Capabilities {acceptInsecureCerts: false, browserName: chrome, browserVersion: 118.0.5993.70, chrome: {chromedriverVersion: 118.0.5993.70 (e52f33f30b91..., userDataDir: C:\Users\MITHUN~1.HN\AppDat...}, fedcm:accounts: true, goog:chromeOptions: {debuggerAddress: localhost:52262}, networkConnectionEnabled: false, pageLoadStrategy: normal, platformName: windows, proxy: Proxy(), se:cdp: ws://localhost:52262/devtoo..., se:cdpVersion: 118.0.5993.70, setWindowRect: true, strictFileInteractability: false, timeouts: {implicit: 0, pageLoad: 300000, script: 30000}, unhandledPromptBehavior: dismiss and notify, webauthn:extension:credBlob: true, webauthn:extension:largeBlob: true, webauthn:extension:minPinLength: true, webauthn:extension:prf: true, webauthn:virtualAuthenticators: true}
Session ID: aa9e62ad177cecac4999564efc26dbc7" type="org.openqa.selenium.NoSuchElementException">
      <![CDATA[org.openqa.selenium.NoSuchElementException: no such element: Unable to locate element: {"method":"xpath","selector":"//*[@id='repay-balance']/div/p[1]/span"}
  (Session info: chrome=118.0.5993.70)
For documentation on this error, please visit: https://www.selenium.dev/documentation/webdriver/troubleshooting/errors#no-such-element-exception
Build info: version: '4.11.0', revision: '040bc5406b'
System info: os.name: 'Windows Server 2019', os.arch: 'amd64', os.version: '10.0', java.version: '20.0.1'
Driver info: org.openqa.selenium.chrome.ChromeDriver
Command: [aa9e62ad177cecac4999564efc26dbc7, findElement {using=xpath, value=//*[@id='repay-balance']/div/p[1]/span}]
Capabilities {acceptInsecureCerts: false, browserName: chrome, browserVersion: 118.0.5993.70, chrome: {chromedriverVersion: 118.0.5993.70 (e52f33f30b91..., userDataDir: C:\Users\MITHUN~1.HN\AppDat...}, fedcm:accounts: true, goog:chromeOptions: {debuggerAddress: localhost:52262}, networkConnectionEnabled: false, pageLoadStrategy: normal, platformName: windows, proxy: Proxy(), se:cdp: ws://localhost:52262/devtoo..., se:cdpVersion: 118.0.5993.70, setWindowRect: true, strictFileInteractability: false, timeouts: {implicit: 0, pageLoad: 300000, script: 30000}, unhandledPromptBehavior: dismiss and notify, webauthn:extension:credBlob: true, webauthn:extension:largeBlob: true, webauthn:extension:minPinLength: true, webauthn:extension:prf: true, webauthn:virtualAuthenticators: true}
Session ID: aa9e62ad177cecac4999564efc26dbc7
at java.base/jdk.internal.reflect.DirectConstructorHandleAccessor.newInstance(DirectConstructorHandleAccessor.java:67)
at java.base/java.lang.reflect.Constructor.newInstanceWithCaller(Constructor.java:500)
at java.base/java.lang.reflect.Constructor.newInstance(Constructor.java:484)
at org.openqa.selenium.remote.codec.w3c.W3CHttpResponseCodec.createException(W3CHttpResponseCodec.java:200)
at org.openqa.selenium.remote.codec.w3c.W3CHttpResponseCodec.decode(W3CHttpResponseCodec.java:133)
at org.openqa.selenium.remote.codec.w3c.W3CHttpResponseCodec.decode(W3CHttpResponseCodec.java:52)
at org.openqa.selenium.remote.HttpCommandExecutor.execute(HttpCommandExecutor.java:191)
at org.openqa.selenium.remote.service.DriverCommandExecutor.invokeExecute(DriverCommandExecutor.java:196)
at org.openqa.selenium.remote.service.DriverCommandExecutor.execute(DriverCommandExecutor.java:171)
at org.openqa.selenium.remote.RemoteWebDriver.execute(RemoteWebDriver.java:518)
at org.openqa.selenium.remote.ElementLocation$ElementFinder$2.findElement(ElementLocation.java:165)
at org.openqa.selenium.remote.ElementLocation.findElement(ElementLocation.java:59)
at org.openqa.selenium.remote.RemoteWebDriver.findElement(RemoteWebDriver.java:355)
at org.openqa.selenium.remote.RemoteWebDriver.findElement(RemoteWebDriver.java:349)
at org.openqa.selenium.support.pagefactory.DefaultElementLocator.findElement(DefaultElementLocator.java:68)
at org.openqa.selenium.support.pagefactory.internal.LocatingElementHandler.invoke(LocatingElementHandler.java:38)
at jdk.proxy2/jdk.proxy2.$Proxy28.getText(Unknown Source)
at pages.actions.Mortgages_MortgagesHelpAndSupport_PaymentsActions.getTheSubHeader(Mortgages_MortgagesHelpAndSupport_PaymentsActions.java:59)
at Mortgages_Feature_Steps.Mortgages_MortgagesHelpAndSupport_PaymentsSteps.i_verify_the_header_on_the_page(Mortgages_MortgagesHelpAndSupport_PaymentsSteps.java:73)
at ✽.I verify the "Repaying the outstanding balance on your mortgage." on the page(file:///C:/CMS_Automation/Co.uk_Suchismita_30_April/Website-Test-Automation-Mithun-branch/src/test/resources/Mortgages_FeatureFiles/Mortgages_MortgagesHelpAndSupport_Payments.feature:38)
]]>
    </error>
  </testcase> <!-- runScenario -->
  <system-out/>
  <testcase classname="runners.MortgageRunner" name="runScenario" time="2.759"/>
  <system-out/>
  <testcase classname="runners.MortgageRunner" name="runScenario" time="2.619">
    <error message="no such element: Unable to locate element: {&quot;method&quot;:&quot;xpath&quot;,&quot;selector&quot;:&quot;//*[@class=&#039;umb-block__root margin-bottom margin-side&#039;]/ul/li[1]/div/div[1]/h2&quot;}
  (Session info: chrome=118.0.5993.70)
For documentation on this error, please visit: https://www.selenium.dev/documentation/webdriver/troubleshooting/errors#no-such-element-exception
Build info: version: &#039;4.11.0&#039;, revision: &#039;040bc5406b&#039;
System info: os.name: &#039;Windows Server 2019&#039;, os.arch: &#039;amd64&#039;, os.version: &#039;10.0&#039;, java.version: &#039;20.0.1&#039;
Driver info: org.openqa.selenium.chrome.ChromeDriver
Command: [aa9e62ad177cecac4999564efc26dbc7, findElement {using=xpath, value=//*[@class=&#039;umb-block__root margin-bottom margin-side&#039;]/ul/li[1]/div/div[1]/h2}]
Capabilities {acceptInsecureCerts: false, browserName: chrome, browserVersion: 118.0.5993.70, chrome: {chromedriverVersion: 118.0.5993.70 (e52f33f30b91..., userDataDir: C:\Users\MITHUN~1.HN\AppDat...}, fedcm:accounts: true, goog:chromeOptions: {debuggerAddress: localhost:52262}, networkConnectionEnabled: false, pageLoadStrategy: normal, platformName: windows, proxy: Proxy(), se:cdp: ws://localhost:52262/devtoo..., se:cdpVersion: 118.0.5993.70, setWindowRect: true, strictFileInteractability: false, timeouts: {implicit: 0, pageLoad: 300000, script: 30000}, unhandledPromptBehavior: dismiss and notify, webauthn:extension:credBlob: true, webauthn:extension:largeBlob: true, webauthn:extension:minPinLength: true, webauthn:extension:prf: true, webauthn:virtualAuthenticators: true}
Session ID: aa9e62ad177cecac4999564efc26dbc7" type="org.openqa.selenium.NoSuchElementException">
      <![CDATA[org.openqa.selenium.NoSuchElementException: no such element: Unable to locate element: {"method":"xpath","selector":"//*[@class='umb-block__root margin-bottom margin-side']/ul/li[1]/div/div[1]/h2"}
  (Session info: chrome=118.0.5993.70)
For documentation on this error, please visit: https://www.selenium.dev/documentation/webdriver/troubleshooting/errors#no-such-element-exception
Build info: version: '4.11.0', revision: '040bc5406b'
System info: os.name: 'Windows Server 2019', os.arch: 'amd64', os.version: '10.0', java.version: '20.0.1'
Driver info: org.openqa.selenium.chrome.ChromeDriver
Command: [aa9e62ad177cecac4999564efc26dbc7, findElement {using=xpath, value=//*[@class='umb-block__root margin-bottom margin-side']/ul/li[1]/div/div[1]/h2}]
Capabilities {acceptInsecureCerts: false, browserName: chrome, browserVersion: 118.0.5993.70, chrome: {chromedriverVersion: 118.0.5993.70 (e52f33f30b91..., userDataDir: C:\Users\MITHUN~1.HN\AppDat...}, fedcm:accounts: true, goog:chromeOptions: {debuggerAddress: localhost:52262}, networkConnectionEnabled: false, pageLoadStrategy: normal, platformName: windows, proxy: Proxy(), se:cdp: ws://localhost:52262/devtoo..., se:cdpVersion: 118.0.5993.70, setWindowRect: true, strictFileInteractability: false, timeouts: {implicit: 0, pageLoad: 300000, script: 30000}, unhandledPromptBehavior: dismiss and notify, webauthn:extension:credBlob: true, webauthn:extension:largeBlob: true, webauthn:extension:minPinLength: true, webauthn:extension:prf: true, webauthn:virtualAuthenticators: true}
Session ID: aa9e62ad177cecac4999564efc26dbc7
at java.base/jdk.internal.reflect.DirectConstructorHandleAccessor.newInstance(DirectConstructorHandleAccessor.java:67)
at java.base/java.lang.reflect.Constructor.newInstanceWithCaller(Constructor.java:500)
at java.base/java.lang.reflect.Constructor.newInstance(Constructor.java:484)
at org.openqa.selenium.remote.codec.w3c.W3CHttpResponseCodec.createException(W3CHttpResponseCodec.java:200)
at org.openqa.selenium.remote.codec.w3c.W3CHttpResponseCodec.decode(W3CHttpResponseCodec.java:133)
at org.openqa.selenium.remote.codec.w3c.W3CHttpResponseCodec.decode(W3CHttpResponseCodec.java:52)
at org.openqa.selenium.remote.HttpCommandExecutor.execute(HttpCommandExecutor.java:191)
at org.openqa.selenium.remote.service.DriverCommandExecutor.invokeExecute(DriverCommandExecutor.java:196)
at org.openqa.selenium.remote.service.DriverCommandExecutor.execute(DriverCommandExecutor.java:171)
at org.openqa.selenium.remote.RemoteWebDriver.execute(RemoteWebDriver.java:518)
at org.openqa.selenium.remote.ElementLocation$ElementFinder$2.findElement(ElementLocation.java:165)
at org.openqa.selenium.remote.ElementLocation.findElement(ElementLocation.java:59)
at org.openqa.selenium.remote.RemoteWebDriver.findElement(RemoteWebDriver.java:355)
at org.openqa.selenium.remote.RemoteWebDriver.findElement(RemoteWebDriver.java:349)
at org.openqa.selenium.support.pagefactory.DefaultElementLocator.findElement(DefaultElementLocator.java:68)
at org.openqa.selenium.support.pagefactory.internal.LocatingElementHandler.invoke(LocatingElementHandler.java:38)
at jdk.proxy2/jdk.proxy2.$Proxy28.getText(Unknown Source)
at pages.actions.Mortgages_MortgagesHelpAndSupport_MortgagesFAQActions.getCardsName(Mortgages_MortgagesHelpAndSupport_MortgagesFAQActions.java:48)
at Mortgages_Feature_Steps.Mortgages_MortgagesHelpAndSupport_MortgagesFAQStpes.i_see_cards_present_on_the_page(Mortgages_MortgagesHelpAndSupport_MortgagesFAQStpes.java:50)
at ✽."Mortgages help and support" present on the page(file:///C:/CMS_Automation/Co.uk_Suchismita_30_April/Website-Test-Automation-Mithun-branch/src/test/resources/Mortgages_FeatureFiles/Mortgages_MortgagesHelpAndSupport_MortgagesFAQ.feature:34)
]]>
    </error>
  </testcase> <!-- runScenario -->
  <system-out/>
  <testcase classname="runners.MortgageRunner" name="runScenario" time="1.699"/>
  <system-out/>
  <testcase classname="runners.MortgageRunner" name="runScenario" time="3.452">
    <error message="no such element: Unable to locate element: {&quot;method&quot;:&quot;xpath&quot;,&quot;selector&quot;:&quot;//div[@class=&#039;masthead-text-container__small&#039;]/h1&quot;}
  (Session info: chrome=118.0.5993.70)
For documentation on this error, please visit: https://www.selenium.dev/documentation/webdriver/troubleshooting/errors#no-such-element-exception
Build info: version: &#039;4.11.0&#039;, revision: &#039;040bc5406b&#039;
System info: os.name: &#039;Windows Server 2019&#039;, os.arch: &#039;amd64&#039;, os.version: &#039;10.0&#039;, java.version: &#039;20.0.1&#039;
Driver info: org.openqa.selenium.chrome.ChromeDriver
Command: [aa9e62ad177cecac4999564efc26dbc7, findElement {using=xpath, value=//div[@class=&#039;masthead-text-container__small&#039;]/h1}]
Capabilities {acceptInsecureCerts: false, browserName: chrome, browserVersion: 118.0.5993.70, chrome: {chromedriverVersion: 118.0.5993.70 (e52f33f30b91..., userDataDir: C:\Users\MITHUN~1.HN\AppDat...}, fedcm:accounts: true, goog:chromeOptions: {debuggerAddress: localhost:52262}, networkConnectionEnabled: false, pageLoadStrategy: normal, platformName: windows, proxy: Proxy(), se:cdp: ws://localhost:52262/devtoo..., se:cdpVersion: 118.0.5993.70, setWindowRect: true, strictFileInteractability: false, timeouts: {implicit: 0, pageLoad: 300000, script: 30000}, unhandledPromptBehavior: dismiss and notify, webauthn:extension:credBlob: true, webauthn:extension:largeBlob: true, webauthn:extension:minPinLength: true, webauthn:extension:prf: true, webauthn:virtualAuthenticators: true}
Session ID: aa9e62ad177cecac4999564efc26dbc7" type="org.openqa.selenium.NoSuchElementException">
      <![CDATA[org.openqa.selenium.NoSuchElementException: no such element: Unable to locate element: {"method":"xpath","selector":"//div[@class='masthead-text-container__small']/h1"}
  (Session info: chrome=118.0.5993.70)
For documentation on this error, please visit: https://www.selenium.dev/documentation/webdriver/troubleshooting/errors#no-such-element-exception
Build info: version: '4.11.0', revision: '040bc5406b'
System info: os.name: 'Windows Server 2019', os.arch: 'amd64', os.version: '10.0', java.version: '20.0.1'
Driver info: org.openqa.selenium.chrome.ChromeDriver
Command: [aa9e62ad177cecac4999564efc26dbc7, findElement {using=xpath, value=//div[@class='masthead-text-container__small']/h1}]
Capabilities {acceptInsecureCerts: false, browserName: chrome, browserVersion: 118.0.5993.70, chrome: {chromedriverVersion: 118.0.5993.70 (e52f33f30b91..., userDataDir: C:\Users\MITHUN~1.HN\AppDat...}, fedcm:accounts: true, goog:chromeOptions: {debuggerAddress: localhost:52262}, networkConnectionEnabled: false, pageLoadStrategy: normal, platformName: windows, proxy: Proxy(), se:cdp: ws://localhost:52262/devtoo..., se:cdpVersion: 118.0.5993.70, setWindowRect: true, strictFileInteractability: false, timeouts: {implicit: 0, pageLoad: 300000, script: 30000}, unhandledPromptBehavior: dismiss and notify, webauthn:extension:credBlob: true, webauthn:extension:largeBlob: true, webauthn:extension:minPinLength: true, webauthn:extension:prf: true, webauthn:virtualAuthenticators: true}
Session ID: aa9e62ad177cecac4999564efc26dbc7
at java.base/jdk.internal.reflect.DirectConstructorHandleAccessor.newInstance(DirectConstructorHandleAccessor.java:67)
at java.base/java.lang.reflect.Constructor.newInstanceWithCaller(Constructor.java:500)
at java.base/java.lang.reflect.Constructor.newInstance(Constructor.java:484)
at org.openqa.selenium.remote.codec.w3c.W3CHttpResponseCodec.createException(W3CHttpResponseCodec.java:200)
at org.openqa.selenium.remote.codec.w3c.W3CHttpResponseCodec.decode(W3CHttpResponseCodec.java:133)
at org.openqa.selenium.remote.codec.w3c.W3CHttpResponseCodec.decode(W3CHttpResponseCodec.java:52)
at org.openqa.selenium.remote.HttpCommandExecutor.execute(HttpCommandExecutor.java:191)
at org.openqa.selenium.remote.service.DriverCommandExecutor.invokeExecute(DriverCommandExecutor.java:196)
at org.openqa.selenium.remote.service.DriverCommandExecutor.execute(DriverCommandExecutor.java:171)
at org.openqa.selenium.remote.RemoteWebDriver.execute(RemoteWebDriver.java:518)
at org.openqa.selenium.remote.ElementLocation$ElementFinder$2.findElement(ElementLocation.java:165)
at org.openqa.selenium.remote.ElementLocation.findElement(ElementLocation.java:59)
at org.openqa.selenium.remote.RemoteWebDriver.findElement(RemoteWebDriver.java:355)
at org.openqa.selenium.remote.RemoteWebDriver.findElement(RemoteWebDriver.java:349)
at org.openqa.selenium.support.pagefactory.DefaultElementLocator.findElement(DefaultElementLocator.java:68)
at org.openqa.selenium.support.pagefactory.internal.LocatingElementHandler.invoke(LocatingElementHandler.java:38)
at jdk.proxy2/jdk.proxy2.$Proxy28.getText(Unknown Source)
at utils.SeleniumDriver.GetElementText(SeleniumDriver.java:112)
at pages.actions.Mortgages_HelpAndSupport_SupportTailoredToYouActions.getCardPageTitle(Mortgages_HelpAndSupport_SupportTailoredToYouActions.java:63)
at Mortgages_Feature_Steps.Mortgages_HelpAndSupport_SupportTailoredToYouSteps.Clicked_on_link_present_on_the_image_section_and_redirected_to_PageTitle(Mortgages_HelpAndSupport_SupportTailoredToYouSteps.java:47)
at ✽."Support for mortgage customers with money worries" present on the Image Section and redirected to "404 - page not found"(file:///C:/CMS_Automation/Co.uk_Suchismita_30_April/Website-Test-Automation-Mithun-branch/src/test/resources/Mortgages_FeatureFiles/Mortgages_HelpAndSupport_SupportTailoredToYou.feature:37)
]]>
    </error>
  </testcase> <!-- runScenario -->
  <system-out/>
  <testcase classname="runners.MortgageRunner" name="runScenario" time="1.787"/>
  <system-out/>
  <testcase classname="runners.MortgageRunner" name="runScenario" time="1.838"/>
  <system-out/>
  <testcase classname="runners.MortgageRunner" name="runScenario" time="2.500">
    <error message="no such element: Unable to locate element: {&quot;method&quot;:&quot;xpath&quot;,&quot;selector&quot;:&quot;/html/body/div[2]/div/div[2]/div/div[3]/div[1]/button/h3&quot;}
  (Session info: chrome=118.0.5993.70)
For documentation on this error, please visit: https://www.selenium.dev/documentation/webdriver/troubleshooting/errors#no-such-element-exception
Build info: version: &#039;4.11.0&#039;, revision: &#039;040bc5406b&#039;
System info: os.name: &#039;Windows Server 2019&#039;, os.arch: &#039;amd64&#039;, os.version: &#039;10.0&#039;, java.version: &#039;20.0.1&#039;
Driver info: org.openqa.selenium.chrome.ChromeDriver
Command: [aa9e62ad177cecac4999564efc26dbc7, findElement {using=xpath, value=/html/body/div[2]/div/div[2]/div/div[3]/div[1]/button/h3}]
Capabilities {acceptInsecureCerts: false, browserName: chrome, browserVersion: 118.0.5993.70, chrome: {chromedriverVersion: 118.0.5993.70 (e52f33f30b91..., userDataDir: C:\Users\MITHUN~1.HN\AppDat...}, fedcm:accounts: true, goog:chromeOptions: {debuggerAddress: localhost:52262}, networkConnectionEnabled: false, pageLoadStrategy: normal, platformName: windows, proxy: Proxy(), se:cdp: ws://localhost:52262/devtoo..., se:cdpVersion: 118.0.5993.70, setWindowRect: true, strictFileInteractability: false, timeouts: {implicit: 0, pageLoad: 300000, script: 30000}, unhandledPromptBehavior: dismiss and notify, webauthn:extension:credBlob: true, webauthn:extension:largeBlob: true, webauthn:extension:minPinLength: true, webauthn:extension:prf: true, webauthn:virtualAuthenticators: true}
Session ID: aa9e62ad177cecac4999564efc26dbc7" type="org.openqa.selenium.NoSuchElementException">
      <![CDATA[org.openqa.selenium.NoSuchElementException: no such element: Unable to locate element: {"method":"xpath","selector":"/html/body/div[2]/div/div[2]/div/div[3]/div[1]/button/h3"}
  (Session info: chrome=118.0.5993.70)
For documentation on this error, please visit: https://www.selenium.dev/documentation/webdriver/troubleshooting/errors#no-such-element-exception
Build info: version: '4.11.0', revision: '040bc5406b'
System info: os.name: 'Windows Server 2019', os.arch: 'amd64', os.version: '10.0', java.version: '20.0.1'
Driver info: org.openqa.selenium.chrome.ChromeDriver
Command: [aa9e62ad177cecac4999564efc26dbc7, findElement {using=xpath, value=/html/body/div[2]/div/div[2]/div/div[3]/div[1]/button/h3}]
Capabilities {acceptInsecureCerts: false, browserName: chrome, browserVersion: 118.0.5993.70, chrome: {chromedriverVersion: 118.0.5993.70 (e52f33f30b91..., userDataDir: C:\Users\MITHUN~1.HN\AppDat...}, fedcm:accounts: true, goog:chromeOptions: {debuggerAddress: localhost:52262}, networkConnectionEnabled: false, pageLoadStrategy: normal, platformName: windows, proxy: Proxy(), se:cdp: ws://localhost:52262/devtoo..., se:cdpVersion: 118.0.5993.70, setWindowRect: true, strictFileInteractability: false, timeouts: {implicit: 0, pageLoad: 300000, script: 30000}, unhandledPromptBehavior: dismiss and notify, webauthn:extension:credBlob: true, webauthn:extension:largeBlob: true, webauthn:extension:minPinLength: true, webauthn:extension:prf: true, webauthn:virtualAuthenticators: true}
Session ID: aa9e62ad177cecac4999564efc26dbc7
at java.base/jdk.internal.reflect.DirectConstructorHandleAccessor.newInstance(DirectConstructorHandleAccessor.java:67)
at java.base/java.lang.reflect.Constructor.newInstanceWithCaller(Constructor.java:500)
at java.base/java.lang.reflect.Constructor.newInstance(Constructor.java:484)
at org.openqa.selenium.remote.codec.w3c.W3CHttpResponseCodec.createException(W3CHttpResponseCodec.java:200)
at org.openqa.selenium.remote.codec.w3c.W3CHttpResponseCodec.decode(W3CHttpResponseCodec.java:133)
at org.openqa.selenium.remote.codec.w3c.W3CHttpResponseCodec.decode(W3CHttpResponseCodec.java:52)
at org.openqa.selenium.remote.HttpCommandExecutor.execute(HttpCommandExecutor.java:191)
at org.openqa.selenium.remote.service.DriverCommandExecutor.invokeExecute(DriverCommandExecutor.java:196)
at org.openqa.selenium.remote.service.DriverCommandExecutor.execute(DriverCommandExecutor.java:171)
at org.openqa.selenium.remote.RemoteWebDriver.execute(RemoteWebDriver.java:518)
at org.openqa.selenium.remote.ElementLocation$ElementFinder$2.findElement(ElementLocation.java:165)
at org.openqa.selenium.remote.ElementLocation.findElement(ElementLocation.java:59)
at org.openqa.selenium.remote.RemoteWebDriver.findElement(RemoteWebDriver.java:355)
at org.openqa.selenium.remote.RemoteWebDriver.findElement(RemoteWebDriver.java:349)
at org.openqa.selenium.support.pagefactory.DefaultElementLocator.findElement(DefaultElementLocator.java:68)
at org.openqa.selenium.support.pagefactory.internal.LocatingElementHandler.invoke(LocatingElementHandler.java:38)
at jdk.proxy2/jdk.proxy2.$Proxy28.getText(Unknown Source)
at utils.SeleniumDriver.GetElementText(SeleniumDriver.java:112)
at pages.actions.Mortgages_MortgagesHelp_ManagingAndMakingChangesToYourMortgageActions.getSubheaderTitle(Mortgages_MortgagesHelp_ManagingAndMakingChangesToYourMortgageActions.java:41)
at Mortgages_Feature_Steps.Mortgages_MortgagesHelp_ManagingAndMakingChangesToYourMortgageSteps.i_should_see_the_subheader_present_under_header_title(Mortgages_MortgagesHelp_ManagingAndMakingChangesToYourMortgageSteps.java:47)
at ✽.I should see the "I'd like to move home - can I take my existing mortgage with me?" present under header Title.(file:///C:/CMS_Automation/Co.uk_Suchismita_30_April/Website-Test-Automation-Mithun-branch/src/test/resources/Mortgages_FeatureFiles/Mortgages_MortgagesHelp_ManagingAndMakingChangesToYourMortgage.feature:34)
]]>
    </error>
  </testcase> <!-- runScenario -->
  <system-out/>
  <testcase classname="runners.MortgageRunner" name="runScenario" time="2.585">
    <error message="no such element: Unable to locate element: {&quot;method&quot;:&quot;xpath&quot;,&quot;selector&quot;:&quot;//*[@class=&#039;umb-block__root  &#039;]/ul/li[2]/article/h2&quot;}
  (Session info: chrome=118.0.5993.70)
For documentation on this error, please visit: https://www.selenium.dev/documentation/webdriver/troubleshooting/errors#no-such-element-exception
Build info: version: &#039;4.11.0&#039;, revision: &#039;040bc5406b&#039;
System info: os.name: &#039;Windows Server 2019&#039;, os.arch: &#039;amd64&#039;, os.version: &#039;10.0&#039;, java.version: &#039;20.0.1&#039;
Driver info: org.openqa.selenium.chrome.ChromeDriver
Command: [aa9e62ad177cecac4999564efc26dbc7, findElement {using=xpath, value=//*[@class=&#039;umb-block__root  &#039;]/ul/li[2]/article/h2}]
Capabilities {acceptInsecureCerts: false, browserName: chrome, browserVersion: 118.0.5993.70, chrome: {chromedriverVersion: 118.0.5993.70 (e52f33f30b91..., userDataDir: C:\Users\MITHUN~1.HN\AppDat...}, fedcm:accounts: true, goog:chromeOptions: {debuggerAddress: localhost:52262}, networkConnectionEnabled: false, pageLoadStrategy: normal, platformName: windows, proxy: Proxy(), se:cdp: ws://localhost:52262/devtoo..., se:cdpVersion: 118.0.5993.70, setWindowRect: true, strictFileInteractability: false, timeouts: {implicit: 0, pageLoad: 300000, script: 30000}, unhandledPromptBehavior: dismiss and notify, webauthn:extension:credBlob: true, webauthn:extension:largeBlob: true, webauthn:extension:minPinLength: true, webauthn:extension:prf: true, webauthn:virtualAuthenticators: true}
Session ID: aa9e62ad177cecac4999564efc26dbc7" type="org.openqa.selenium.NoSuchElementException">
      <![CDATA[org.openqa.selenium.NoSuchElementException: no such element: Unable to locate element: {"method":"xpath","selector":"//*[@class='umb-block__root  ']/ul/li[2]/article/h2"}
  (Session info: chrome=118.0.5993.70)
For documentation on this error, please visit: https://www.selenium.dev/documentation/webdriver/troubleshooting/errors#no-such-element-exception
Build info: version: '4.11.0', revision: '040bc5406b'
System info: os.name: 'Windows Server 2019', os.arch: 'amd64', os.version: '10.0', java.version: '20.0.1'
Driver info: org.openqa.selenium.chrome.ChromeDriver
Command: [aa9e62ad177cecac4999564efc26dbc7, findElement {using=xpath, value=//*[@class='umb-block__root  ']/ul/li[2]/article/h2}]
Capabilities {acceptInsecureCerts: false, browserName: chrome, browserVersion: 118.0.5993.70, chrome: {chromedriverVersion: 118.0.5993.70 (e52f33f30b91..., userDataDir: C:\Users\MITHUN~1.HN\AppDat...}, fedcm:accounts: true, goog:chromeOptions: {debuggerAddress: localhost:52262}, networkConnectionEnabled: false, pageLoadStrategy: normal, platformName: windows, proxy: Proxy(), se:cdp: ws://localhost:52262/devtoo..., se:cdpVersion: 118.0.5993.70, setWindowRect: true, strictFileInteractability: false, timeouts: {implicit: 0, pageLoad: 300000, script: 30000}, unhandledPromptBehavior: dismiss and notify, webauthn:extension:credBlob: true, webauthn:extension:largeBlob: true, webauthn:extension:minPinLength: true, webauthn:extension:prf: true, webauthn:virtualAuthenticators: true}
Session ID: aa9e62ad177cecac4999564efc26dbc7
at java.base/jdk.internal.reflect.DirectConstructorHandleAccessor.newInstance(DirectConstructorHandleAccessor.java:67)
at java.base/java.lang.reflect.Constructor.newInstanceWithCaller(Constructor.java:500)
at java.base/java.lang.reflect.Constructor.newInstance(Constructor.java:484)
at org.openqa.selenium.remote.codec.w3c.W3CHttpResponseCodec.createException(W3CHttpResponseCodec.java:200)
at org.openqa.selenium.remote.codec.w3c.W3CHttpResponseCodec.decode(W3CHttpResponseCodec.java:133)
at org.openqa.selenium.remote.codec.w3c.W3CHttpResponseCodec.decode(W3CHttpResponseCodec.java:52)
at org.openqa.selenium.remote.HttpCommandExecutor.execute(HttpCommandExecutor.java:191)
at org.openqa.selenium.remote.service.DriverCommandExecutor.invokeExecute(DriverCommandExecutor.java:196)
at org.openqa.selenium.remote.service.DriverCommandExecutor.execute(DriverCommandExecutor.java:171)
at org.openqa.selenium.remote.RemoteWebDriver.execute(RemoteWebDriver.java:518)
at org.openqa.selenium.remote.ElementLocation$ElementFinder$2.findElement(ElementLocation.java:165)
at org.openqa.selenium.remote.ElementLocation.findElement(ElementLocation.java:59)
at org.openqa.selenium.remote.RemoteWebDriver.findElement(RemoteWebDriver.java:355)
at org.openqa.selenium.remote.RemoteWebDriver.findElement(RemoteWebDriver.java:349)
at org.openqa.selenium.support.pagefactory.DefaultElementLocator.findElement(DefaultElementLocator.java:68)
at org.openqa.selenium.support.pagefactory.internal.LocatingElementHandler.invoke(LocatingElementHandler.java:38)
at jdk.proxy2/jdk.proxy2.$Proxy28.getText(Unknown Source)
at pages.actions.Mortgages_HelpAndSupport_SwitchingYourMortgagesActions.getSubheader(Mortgages_HelpAndSupport_SwitchingYourMortgagesActions.java:39)
at Mortgages_Feature_Steps.Mortgages_HelpAndSupport_SwitchingYourMortgagesSteps.I_see_subheader_on_the_page(Mortgages_HelpAndSupport_SwitchingYourMortgagesSteps.java:41)
at ✽.I can see "Hassle free" on the page(file:///C:/CMS_Automation/Co.uk_Suchismita_30_April/Website-Test-Automation-Mithun-branch/src/test/resources/Mortgages_FeatureFiles/Mortgages_HelpAndSupport_SwitchingYourMortgages.feature:23)
]]>
    </error>
  </testcase> <!-- runScenario -->
  <system-out/>
  <testcase classname="runners.MortgageRunner" name="runScenario" time="2.848">
    <failure message="expected [Mortgages for customers with credit problems - Aldermore Bank] but found [Mortgages for customers with credit problems| Aldermore Bank]" type="java.lang.AssertionError">
      <![CDATA[java.lang.AssertionError: expected [Mortgages for customers with credit problems - Aldermore Bank] but found [Mortgages for customers with credit problems| Aldermore Bank]
at org.testng.Assert.fail(Assert.java:99)
at org.testng.Assert.failNotEquals(Assert.java:1037)
at org.testng.Assert.assertEqualsImpl(Assert.java:140)
at org.testng.Assert.assertEquals(Assert.java:122)
at org.testng.Assert.assertEquals(Assert.java:629)
at org.testng.Assert.assertEquals(Assert.java:639)
at Mortgages_Feature_Steps.MortgagesPageSteps.i_should_click_on_card_present_on_mortgage_page_and_should_be_redirected_to_respective_page(MortgagesPageSteps.java:141)
at ✽.I should click customers with credit issues card and should be redirected to "Mortgages for customers with credit problems - Aldermore Bank"(file:///C:/CMS_Automation/Co.uk_Suchismita_30_April/Website-Test-Automation-Mithun-branch/src/test/resources/Mortgages_FeatureFiles/Mortgages.feature:58)
]]>
    </failure>
  </testcase> <!-- runScenario -->
  <system-out/>
  <testcase classname="runners.MortgageRunner" name="runScenario" time="1.728">
    <error message="Invalid value: Looking to make a buy to let investment? Check out Manchester…" type="java.lang.IllegalArgumentException">
      <![CDATA[java.lang.IllegalArgumentException: Invalid value: Looking to make a buy to let investment? Check out Manchester…
at pages.actions.Mortgages_BuyToLetMortgagesActions.verifycardHeaderCTAbutton(Mortgages_BuyToLetMortgagesActions.java:133)
at Mortgages_Feature_Steps.Mortgages_BuyToLetMortgagesSteps.i_should_see_the_CTA_button(Mortgages_BuyToLetMortgagesSteps.java:122)
at ✽.I should see "Looking to make a buy to let investment? Check out Manchester…" CTA button on the page(file:///C:/CMS_Automation/Co.uk_Suchismita_30_April/Website-Test-Automation-Mithun-branch/src/test/resources/Mortgages_FeatureFiles/Mortgages_BuyToLetMortgages.feature:90)
]]>
    </error>
  </testcase> <!-- runScenario -->
  <system-out/>
  <testcase classname="runners.MortgageRunner" name="runScenario" time="1.787">
    <failure message="expected [Customers with money worries] but found [Mortgage customers with money worries]" type="java.lang.AssertionError">
      <![CDATA[java.lang.AssertionError: expected [Customers with money worries] but found [Mortgage customers with money worries]
at org.testng.Assert.fail(Assert.java:99)
at org.testng.Assert.failNotEquals(Assert.java:1037)
at org.testng.Assert.assertEqualsImpl(Assert.java:140)
at org.testng.Assert.assertEquals(Assert.java:122)
at org.testng.Assert.assertEquals(Assert.java:629)
at org.testng.Assert.assertEquals(Assert.java:639)
at Mortgages_Feature_Steps.Mortgages_HelpAndSupport_MoneyWorriesSteps.redirected_page_should_be_displyed(Mortgages_HelpAndSupport_MoneyWorriesSteps.java:30)
at ✽."Customers with money worries" Redirected page should be displayed(file:///C:/CMS_Automation/Co.uk_Suchismita_30_April/Website-Test-Automation-Mithun-branch/src/test/resources/Mortgages_FeatureFiles/Mortgages_Help&Support_MoneyWorries.feature:15)
]]>
    </failure>
  </testcase> <!-- runScenario -->
  <system-out/>
  <testcase classname="runners.MortgageRunner" name="runScenario" time="2.962">
    <error message="no such element: Unable to locate element: {&quot;method&quot;:&quot;xpath&quot;,&quot;selector&quot;:&quot;//*[@class=&#039;umb-block__root  &#039;]/ul/li[3]/article/h2&quot;}
  (Session info: chrome=118.0.5993.70)
For documentation on this error, please visit: https://www.selenium.dev/documentation/webdriver/troubleshooting/errors#no-such-element-exception
Build info: version: &#039;4.11.0&#039;, revision: &#039;040bc5406b&#039;
System info: os.name: &#039;Windows Server 2019&#039;, os.arch: &#039;amd64&#039;, os.version: &#039;10.0&#039;, java.version: &#039;20.0.1&#039;
Driver info: org.openqa.selenium.chrome.ChromeDriver
Command: [aa9e62ad177cecac4999564efc26dbc7, findElement {using=xpath, value=//*[@class=&#039;umb-block__root  &#039;]/ul/li[3]/article/h2}]
Capabilities {acceptInsecureCerts: false, browserName: chrome, browserVersion: 118.0.5993.70, chrome: {chromedriverVersion: 118.0.5993.70 (e52f33f30b91..., userDataDir: C:\Users\MITHUN~1.HN\AppDat...}, fedcm:accounts: true, goog:chromeOptions: {debuggerAddress: localhost:52262}, networkConnectionEnabled: false, pageLoadStrategy: normal, platformName: windows, proxy: Proxy(), se:cdp: ws://localhost:52262/devtoo..., se:cdpVersion: 118.0.5993.70, setWindowRect: true, strictFileInteractability: false, timeouts: {implicit: 0, pageLoad: 300000, script: 30000}, unhandledPromptBehavior: dismiss and notify, webauthn:extension:credBlob: true, webauthn:extension:largeBlob: true, webauthn:extension:minPinLength: true, webauthn:extension:prf: true, webauthn:virtualAuthenticators: true}
Session ID: aa9e62ad177cecac4999564efc26dbc7" type="org.openqa.selenium.NoSuchElementException">
      <![CDATA[org.openqa.selenium.NoSuchElementException: no such element: Unable to locate element: {"method":"xpath","selector":"//*[@class='umb-block__root  ']/ul/li[3]/article/h2"}
  (Session info: chrome=118.0.5993.70)
For documentation on this error, please visit: https://www.selenium.dev/documentation/webdriver/troubleshooting/errors#no-such-element-exception
Build info: version: '4.11.0', revision: '040bc5406b'
System info: os.name: 'Windows Server 2019', os.arch: 'amd64', os.version: '10.0', java.version: '20.0.1'
Driver info: org.openqa.selenium.chrome.ChromeDriver
Command: [aa9e62ad177cecac4999564efc26dbc7, findElement {using=xpath, value=//*[@class='umb-block__root  ']/ul/li[3]/article/h2}]
Capabilities {acceptInsecureCerts: false, browserName: chrome, browserVersion: 118.0.5993.70, chrome: {chromedriverVersion: 118.0.5993.70 (e52f33f30b91..., userDataDir: C:\Users\MITHUN~1.HN\AppDat...}, fedcm:accounts: true, goog:chromeOptions: {debuggerAddress: localhost:52262}, networkConnectionEnabled: false, pageLoadStrategy: normal, platformName: windows, proxy: Proxy(), se:cdp: ws://localhost:52262/devtoo..., se:cdpVersion: 118.0.5993.70, setWindowRect: true, strictFileInteractability: false, timeouts: {implicit: 0, pageLoad: 300000, script: 30000}, unhandledPromptBehavior: dismiss and notify, webauthn:extension:credBlob: true, webauthn:extension:largeBlob: true, webauthn:extension:minPinLength: true, webauthn:extension:prf: true, webauthn:virtualAuthenticators: true}
Session ID: aa9e62ad177cecac4999564efc26dbc7
at java.base/jdk.internal.reflect.DirectConstructorHandleAccessor.newInstance(DirectConstructorHandleAccessor.java:67)
at java.base/java.lang.reflect.Constructor.newInstanceWithCaller(Constructor.java:500)
at java.base/java.lang.reflect.Constructor.newInstance(Constructor.java:484)
at org.openqa.selenium.remote.codec.w3c.W3CHttpResponseCodec.createException(W3CHttpResponseCodec.java:200)
at org.openqa.selenium.remote.codec.w3c.W3CHttpResponseCodec.decode(W3CHttpResponseCodec.java:133)
at org.openqa.selenium.remote.codec.w3c.W3CHttpResponseCodec.decode(W3CHttpResponseCodec.java:52)
at org.openqa.selenium.remote.HttpCommandExecutor.execute(HttpCommandExecutor.java:191)
at org.openqa.selenium.remote.service.DriverCommandExecutor.invokeExecute(DriverCommandExecutor.java:196)
at org.openqa.selenium.remote.service.DriverCommandExecutor.execute(DriverCommandExecutor.java:171)
at org.openqa.selenium.remote.RemoteWebDriver.execute(RemoteWebDriver.java:518)
at org.openqa.selenium.remote.ElementLocation$ElementFinder$2.findElement(ElementLocation.java:165)
at org.openqa.selenium.remote.ElementLocation.findElement(ElementLocation.java:59)
at org.openqa.selenium.remote.RemoteWebDriver.findElement(RemoteWebDriver.java:355)
at org.openqa.selenium.remote.RemoteWebDriver.findElement(RemoteWebDriver.java:349)
at org.openqa.selenium.support.pagefactory.DefaultElementLocator.findElement(DefaultElementLocator.java:68)
at org.openqa.selenium.support.pagefactory.internal.LocatingElementHandler.invoke(LocatingElementHandler.java:38)
at jdk.proxy2/jdk.proxy2.$Proxy28.getText(Unknown Source)
at pages.actions.Mortgages_HelpAndSupport_SwitchingYourMortgagesActions.getSubheader(Mortgages_HelpAndSupport_SwitchingYourMortgagesActions.java:41)
at Mortgages_Feature_Steps.Mortgages_HelpAndSupport_SwitchingYourMortgagesSteps.I_see_subheader_on_the_page(Mortgages_HelpAndSupport_SwitchingYourMortgagesSteps.java:41)
at ✽.I can see "Dedicated support" on the page(file:///C:/CMS_Automation/Co.uk_Suchismita_30_April/Website-Test-Automation-Mithun-branch/src/test/resources/Mortgages_FeatureFiles/Mortgages_HelpAndSupport_SwitchingYourMortgages.feature:23)
]]>
    </error>
  </testcase> <!-- runScenario -->
  <system-out/>
  <testcase classname="runners.MortgageRunner" name="runScenario" time="1.783">
    <error message="Invalid value: Business finance help" type="java.lang.IllegalArgumentException">
      <![CDATA[java.lang.IllegalArgumentException: Invalid value: Business finance help
at pages.actions.Mortgages_HelpAndSupportActions.getCardHeaderOnPage(Mortgages_HelpAndSupportActions.java:56)
at Mortgages_Feature_Steps.Mortgages_HelpAndSupportSteps.i_see_the_cardheader_on_the_page(Mortgages_HelpAndSupportSteps.java:39)
at ✽.I see the "Business finance help" Cards on the page(file:///C:/CMS_Automation/Co.uk_Suchismita_30_April/Website-Test-Automation-Mithun-branch/src/test/resources/Mortgages_FeatureFiles/Mortgages_HelpAndSupport.feature:23)
]]>
    </error>
  </testcase> <!-- runScenario -->
  <system-out/>
  <testcase classname="runners.MortgageRunner" name="runScenario" time="2.341">
    <error message="no such element: Unable to locate element: {&quot;method&quot;:&quot;xpath&quot;,&quot;selector&quot;:&quot;//*[@id=&#039;annual-statement&#039;]/div/p[2]/span&quot;}
  (Session info: chrome=118.0.5993.70)
For documentation on this error, please visit: https://www.selenium.dev/documentation/webdriver/troubleshooting/errors#no-such-element-exception
Build info: version: &#039;4.11.0&#039;, revision: &#039;040bc5406b&#039;
System info: os.name: &#039;Windows Server 2019&#039;, os.arch: &#039;amd64&#039;, os.version: &#039;10.0&#039;, java.version: &#039;20.0.1&#039;
Driver info: org.openqa.selenium.chrome.ChromeDriver
Command: [aa9e62ad177cecac4999564efc26dbc7, findElement {using=xpath, value=//*[@id=&#039;annual-statement&#039;]/div/p[2]/span}]
Capabilities {acceptInsecureCerts: false, browserName: chrome, browserVersion: 118.0.5993.70, chrome: {chromedriverVersion: 118.0.5993.70 (e52f33f30b91..., userDataDir: C:\Users\MITHUN~1.HN\AppDat...}, fedcm:accounts: true, goog:chromeOptions: {debuggerAddress: localhost:52262}, networkConnectionEnabled: false, pageLoadStrategy: normal, platformName: windows, proxy: Proxy(), se:cdp: ws://localhost:52262/devtoo..., se:cdpVersion: 118.0.5993.70, setWindowRect: true, strictFileInteractability: false, timeouts: {implicit: 0, pageLoad: 300000, script: 30000}, unhandledPromptBehavior: dismiss and notify, webauthn:extension:credBlob: true, webauthn:extension:largeBlob: true, webauthn:extension:minPinLength: true, webauthn:extension:prf: true, webauthn:virtualAuthenticators: true}
Session ID: aa9e62ad177cecac4999564efc26dbc7" type="org.openqa.selenium.NoSuchElementException">
      <![CDATA[org.openqa.selenium.NoSuchElementException: no such element: Unable to locate element: {"method":"xpath","selector":"//*[@id='annual-statement']/div/p[2]/span"}
  (Session info: chrome=118.0.5993.70)
For documentation on this error, please visit: https://www.selenium.dev/documentation/webdriver/troubleshooting/errors#no-such-element-exception
Build info: version: '4.11.0', revision: '040bc5406b'
System info: os.name: 'Windows Server 2019', os.arch: 'amd64', os.version: '10.0', java.version: '20.0.1'
Driver info: org.openqa.selenium.chrome.ChromeDriver
Command: [aa9e62ad177cecac4999564efc26dbc7, findElement {using=xpath, value=//*[@id='annual-statement']/div/p[2]/span}]
Capabilities {acceptInsecureCerts: false, browserName: chrome, browserVersion: 118.0.5993.70, chrome: {chromedriverVersion: 118.0.5993.70 (e52f33f30b91..., userDataDir: C:\Users\MITHUN~1.HN\AppDat...}, fedcm:accounts: true, goog:chromeOptions: {debuggerAddress: localhost:52262}, networkConnectionEnabled: false, pageLoadStrategy: normal, platformName: windows, proxy: Proxy(), se:cdp: ws://localhost:52262/devtoo..., se:cdpVersion: 118.0.5993.70, setWindowRect: true, strictFileInteractability: false, timeouts: {implicit: 0, pageLoad: 300000, script: 30000}, unhandledPromptBehavior: dismiss and notify, webauthn:extension:credBlob: true, webauthn:extension:largeBlob: true, webauthn:extension:minPinLength: true, webauthn:extension:prf: true, webauthn:virtualAuthenticators: true}
Session ID: aa9e62ad177cecac4999564efc26dbc7
at java.base/jdk.internal.reflect.DirectConstructorHandleAccessor.newInstance(DirectConstructorHandleAccessor.java:67)
at java.base/java.lang.reflect.Constructor.newInstanceWithCaller(Constructor.java:500)
at java.base/java.lang.reflect.Constructor.newInstance(Constructor.java:484)
at org.openqa.selenium.remote.codec.w3c.W3CHttpResponseCodec.createException(W3CHttpResponseCodec.java:200)
at org.openqa.selenium.remote.codec.w3c.W3CHttpResponseCodec.decode(W3CHttpResponseCodec.java:133)
at org.openqa.selenium.remote.codec.w3c.W3CHttpResponseCodec.decode(W3CHttpResponseCodec.java:52)
at org.openqa.selenium.remote.HttpCommandExecutor.execute(HttpCommandExecutor.java:191)
at org.openqa.selenium.remote.service.DriverCommandExecutor.invokeExecute(DriverCommandExecutor.java:196)
at org.openqa.selenium.remote.service.DriverCommandExecutor.execute(DriverCommandExecutor.java:171)
at org.openqa.selenium.remote.RemoteWebDriver.execute(RemoteWebDriver.java:518)
at org.openqa.selenium.remote.ElementLocation$ElementFinder$2.findElement(ElementLocation.java:165)
at org.openqa.selenium.remote.ElementLocation.findElement(ElementLocation.java:59)
at org.openqa.selenium.remote.RemoteWebDriver.findElement(RemoteWebDriver.java:355)
at org.openqa.selenium.remote.RemoteWebDriver.findElement(RemoteWebDriver.java:349)
at org.openqa.selenium.support.pagefactory.DefaultElementLocator.findElement(DefaultElementLocator.java:68)
at org.openqa.selenium.support.pagefactory.internal.LocatingElementHandler.invoke(LocatingElementHandler.java:38)
at jdk.proxy2/jdk.proxy2.$Proxy28.getText(Unknown Source)
at pages.actions.Mortgages_MortgagesHelpAndSupport_FeesStatementsAndBalancesActions.getUSPsectionOptons(Mortgages_MortgagesHelpAndSupport_FeesStatementsAndBalancesActions.java:34)
at Mortgages_Feature_Steps.Mortgages_MortgagesHelpAndSupport_FeesStatementsAndBalancesSteps.i_should_see_USPSection_present_on_the_page(Mortgages_MortgagesHelpAndSupport_FeesStatementsAndBalancesSteps.java:40)
at ✽."Your annual statement" present on the page to be validated(file:///C:/CMS_Automation/Co.uk_Suchismita_30_April/Website-Test-Automation-Mithun-branch/src/test/resources/Mortgages_FeatureFiles/Mortgages_MortgagesHelpAndSupport_FeesStatementsAndBalances.feature:23)
]]>
    </error>
  </testcase> <!-- runScenario -->
  <system-out/>
  <testcase classname="runners.MortgageRunner" name="runScenario" time="2.785">
    <error message="no such element: Unable to locate element: {&quot;method&quot;:&quot;xpath&quot;,&quot;selector&quot;:&quot;/html/body/div[2]/div/div[2]/div/div[4]/div[1]/button/h3&quot;}
  (Session info: chrome=118.0.5993.70)
For documentation on this error, please visit: https://www.selenium.dev/documentation/webdriver/troubleshooting/errors#no-such-element-exception
Build info: version: &#039;4.11.0&#039;, revision: &#039;040bc5406b&#039;
System info: os.name: &#039;Windows Server 2019&#039;, os.arch: &#039;amd64&#039;, os.version: &#039;10.0&#039;, java.version: &#039;20.0.1&#039;
Driver info: org.openqa.selenium.chrome.ChromeDriver
Command: [aa9e62ad177cecac4999564efc26dbc7, findElement {using=xpath, value=/html/body/div[2]/div/div[2]/div/div[4]/div[1]/button/h3}]
Capabilities {acceptInsecureCerts: false, browserName: chrome, browserVersion: 118.0.5993.70, chrome: {chromedriverVersion: 118.0.5993.70 (e52f33f30b91..., userDataDir: C:\Users\MITHUN~1.HN\AppDat...}, fedcm:accounts: true, goog:chromeOptions: {debuggerAddress: localhost:52262}, networkConnectionEnabled: false, pageLoadStrategy: normal, platformName: windows, proxy: Proxy(), se:cdp: ws://localhost:52262/devtoo..., se:cdpVersion: 118.0.5993.70, setWindowRect: true, strictFileInteractability: false, timeouts: {implicit: 0, pageLoad: 300000, script: 30000}, unhandledPromptBehavior: dismiss and notify, webauthn:extension:credBlob: true, webauthn:extension:largeBlob: true, webauthn:extension:minPinLength: true, webauthn:extension:prf: true, webauthn:virtualAuthenticators: true}
Session ID: aa9e62ad177cecac4999564efc26dbc7" type="org.openqa.selenium.NoSuchElementException">
      <![CDATA[org.openqa.selenium.NoSuchElementException: no such element: Unable to locate element: {"method":"xpath","selector":"/html/body/div[2]/div/div[2]/div/div[4]/div[1]/button/h3"}
  (Session info: chrome=118.0.5993.70)
For documentation on this error, please visit: https://www.selenium.dev/documentation/webdriver/troubleshooting/errors#no-such-element-exception
Build info: version: '4.11.0', revision: '040bc5406b'
System info: os.name: 'Windows Server 2019', os.arch: 'amd64', os.version: '10.0', java.version: '20.0.1'
Driver info: org.openqa.selenium.chrome.ChromeDriver
Command: [aa9e62ad177cecac4999564efc26dbc7, findElement {using=xpath, value=/html/body/div[2]/div/div[2]/div/div[4]/div[1]/button/h3}]
Capabilities {acceptInsecureCerts: false, browserName: chrome, browserVersion: 118.0.5993.70, chrome: {chromedriverVersion: 118.0.5993.70 (e52f33f30b91..., userDataDir: C:\Users\MITHUN~1.HN\AppDat...}, fedcm:accounts: true, goog:chromeOptions: {debuggerAddress: localhost:52262}, networkConnectionEnabled: false, pageLoadStrategy: normal, platformName: windows, proxy: Proxy(), se:cdp: ws://localhost:52262/devtoo..., se:cdpVersion: 118.0.5993.70, setWindowRect: true, strictFileInteractability: false, timeouts: {implicit: 0, pageLoad: 300000, script: 30000}, unhandledPromptBehavior: dismiss and notify, webauthn:extension:credBlob: true, webauthn:extension:largeBlob: true, webauthn:extension:minPinLength: true, webauthn:extension:prf: true, webauthn:virtualAuthenticators: true}
Session ID: aa9e62ad177cecac4999564efc26dbc7
at java.base/jdk.internal.reflect.DirectConstructorHandleAccessor.newInstance(DirectConstructorHandleAccessor.java:67)
at java.base/java.lang.reflect.Constructor.newInstanceWithCaller(Constructor.java:500)
at java.base/java.lang.reflect.Constructor.newInstance(Constructor.java:484)
at org.openqa.selenium.remote.codec.w3c.W3CHttpResponseCodec.createException(W3CHttpResponseCodec.java:200)
at org.openqa.selenium.remote.codec.w3c.W3CHttpResponseCodec.decode(W3CHttpResponseCodec.java:133)
at org.openqa.selenium.remote.codec.w3c.W3CHttpResponseCodec.decode(W3CHttpResponseCodec.java:52)
at org.openqa.selenium.remote.HttpCommandExecutor.execute(HttpCommandExecutor.java:191)
at org.openqa.selenium.remote.service.DriverCommandExecutor.invokeExecute(DriverCommandExecutor.java:196)
at org.openqa.selenium.remote.service.DriverCommandExecutor.execute(DriverCommandExecutor.java:171)
at org.openqa.selenium.remote.RemoteWebDriver.execute(RemoteWebDriver.java:518)
at org.openqa.selenium.remote.ElementLocation$ElementFinder$2.findElement(ElementLocation.java:165)
at org.openqa.selenium.remote.ElementLocation.findElement(ElementLocation.java:59)
at org.openqa.selenium.remote.RemoteWebDriver.findElement(RemoteWebDriver.java:355)
at org.openqa.selenium.remote.RemoteWebDriver.findElement(RemoteWebDriver.java:349)
at org.openqa.selenium.support.pagefactory.DefaultElementLocator.findElement(DefaultElementLocator.java:68)
at org.openqa.selenium.support.pagefactory.internal.LocatingElementHandler.invoke(LocatingElementHandler.java:38)
at jdk.proxy2/jdk.proxy2.$Proxy28.getText(Unknown Source)
at utils.SeleniumDriver.GetElementText(SeleniumDriver.java:112)
at pages.actions.Mortgages_MortgagesHelp_ManagingAndMakingChangesToYourMortgageActions.getSubheaderTitle(Mortgages_MortgagesHelp_ManagingAndMakingChangesToYourMortgageActions.java:43)
at Mortgages_Feature_Steps.Mortgages_MortgagesHelp_ManagingAndMakingChangesToYourMortgageSteps.i_should_see_the_subheader_present_under_header_title(Mortgages_MortgagesHelp_ManagingAndMakingChangesToYourMortgageSteps.java:47)
at ✽.I should see the "How do I change the name on my mortgage?" present under header Title.(file:///C:/CMS_Automation/Co.uk_Suchismita_30_April/Website-Test-Automation-Mithun-branch/src/test/resources/Mortgages_FeatureFiles/Mortgages_MortgagesHelp_ManagingAndMakingChangesToYourMortgage.feature:34)
]]>
    </error>
  </testcase> <!-- runScenario -->
  <system-out/>
  <testcase classname="runners.MortgageRunner" name="runScenario" time="1.688">
    <error message="no such element: Unable to locate element: {&quot;method&quot;:&quot;xpath&quot;,&quot;selector&quot;:&quot;//*[@class=&quot;umb-block__root margin-bottom margin-side&quot;]/ul/li[2]/div/a&quot;}
  (Session info: chrome=118.0.5993.70)
For documentation on this error, please visit: https://www.selenium.dev/documentation/webdriver/troubleshooting/errors#no-such-element-exception
Build info: version: &#039;4.11.0&#039;, revision: &#039;040bc5406b&#039;
System info: os.name: &#039;Windows Server 2019&#039;, os.arch: &#039;amd64&#039;, os.version: &#039;10.0&#039;, java.version: &#039;20.0.1&#039;
Driver info: org.openqa.selenium.chrome.ChromeDriver
Command: [aa9e62ad177cecac4999564efc26dbc7, findElement {using=xpath, value=//*[@class=&quot;umb-block__root margin-bottom margin-side&quot;]/ul/li[2]/div/a}]
Capabilities {acceptInsecureCerts: false, browserName: chrome, browserVersion: 118.0.5993.70, chrome: {chromedriverVersion: 118.0.5993.70 (e52f33f30b91..., userDataDir: C:\Users\MITHUN~1.HN\AppDat...}, fedcm:accounts: true, goog:chromeOptions: {debuggerAddress: localhost:52262}, networkConnectionEnabled: false, pageLoadStrategy: normal, platformName: windows, proxy: Proxy(), se:cdp: ws://localhost:52262/devtoo..., se:cdpVersion: 118.0.5993.70, setWindowRect: true, strictFileInteractability: false, timeouts: {implicit: 0, pageLoad: 300000, script: 30000}, unhandledPromptBehavior: dismiss and notify, webauthn:extension:credBlob: true, webauthn:extension:largeBlob: true, webauthn:extension:minPinLength: true, webauthn:extension:prf: true, webauthn:virtualAuthenticators: true}
Session ID: aa9e62ad177cecac4999564efc26dbc7" type="org.openqa.selenium.NoSuchElementException">
      <![CDATA[org.openqa.selenium.NoSuchElementException: no such element: Unable to locate element: {"method":"xpath","selector":"//*[@class="umb-block__root margin-bottom margin-side"]/ul/li[2]/div/a"}
  (Session info: chrome=118.0.5993.70)
For documentation on this error, please visit: https://www.selenium.dev/documentation/webdriver/troubleshooting/errors#no-such-element-exception
Build info: version: '4.11.0', revision: '040bc5406b'
System info: os.name: 'Windows Server 2019', os.arch: 'amd64', os.version: '10.0', java.version: '20.0.1'
Driver info: org.openqa.selenium.chrome.ChromeDriver
Command: [aa9e62ad177cecac4999564efc26dbc7, findElement {using=xpath, value=//*[@class="umb-block__root margin-bottom margin-side"]/ul/li[2]/div/a}]
Capabilities {acceptInsecureCerts: false, browserName: chrome, browserVersion: 118.0.5993.70, chrome: {chromedriverVersion: 118.0.5993.70 (e52f33f30b91..., userDataDir: C:\Users\MITHUN~1.HN\AppDat...}, fedcm:accounts: true, goog:chromeOptions: {debuggerAddress: localhost:52262}, networkConnectionEnabled: false, pageLoadStrategy: normal, platformName: windows, proxy: Proxy(), se:cdp: ws://localhost:52262/devtoo..., se:cdpVersion: 118.0.5993.70, setWindowRect: true, strictFileInteractability: false, timeouts: {implicit: 0, pageLoad: 300000, script: 30000}, unhandledPromptBehavior: dismiss and notify, webauthn:extension:credBlob: true, webauthn:extension:largeBlob: true, webauthn:extension:minPinLength: true, webauthn:extension:prf: true, webauthn:virtualAuthenticators: true}
Session ID: aa9e62ad177cecac4999564efc26dbc7
at java.base/jdk.internal.reflect.DirectConstructorHandleAccessor.newInstance(DirectConstructorHandleAccessor.java:67)
at java.base/java.lang.reflect.Constructor.newInstanceWithCaller(Constructor.java:500)
at java.base/java.lang.reflect.Constructor.newInstance(Constructor.java:484)
at org.openqa.selenium.remote.codec.w3c.W3CHttpResponseCodec.createException(W3CHttpResponseCodec.java:200)
at org.openqa.selenium.remote.codec.w3c.W3CHttpResponseCodec.decode(W3CHttpResponseCodec.java:133)
at org.openqa.selenium.remote.codec.w3c.W3CHttpResponseCodec.decode(W3CHttpResponseCodec.java:52)
at org.openqa.selenium.remote.HttpCommandExecutor.execute(HttpCommandExecutor.java:191)
at org.openqa.selenium.remote.service.DriverCommandExecutor.invokeExecute(DriverCommandExecutor.java:196)
at org.openqa.selenium.remote.service.DriverCommandExecutor.execute(DriverCommandExecutor.java:171)
at org.openqa.selenium.remote.RemoteWebDriver.execute(RemoteWebDriver.java:518)
at org.openqa.selenium.remote.ElementLocation$ElementFinder$2.findElement(ElementLocation.java:165)
at org.openqa.selenium.remote.ElementLocation.findElement(ElementLocation.java:59)
at org.openqa.selenium.remote.RemoteWebDriver.findElement(RemoteWebDriver.java:355)
at org.openqa.selenium.remote.RemoteWebDriver.findElement(RemoteWebDriver.java:349)
at org.openqa.selenium.support.pagefactory.DefaultElementLocator.findElement(DefaultElementLocator.java:68)
at org.openqa.selenium.support.pagefactory.internal.LocatingElementHandler.invoke(LocatingElementHandler.java:38)
at jdk.proxy2/jdk.proxy2.$Proxy28.getText(Unknown Source)
at pages.actions.Mortgages_ResidentialMortgages_MortgagesForCustomersWithCreditIssuePageActions.verifyTheCardHeader(Mortgages_ResidentialMortgages_MortgagesForCustomersWithCreditIssuePageActions.java:63)
at Mortgages_Feature_Steps.Mortgages_ResidentialMortgages_MortgagesForCustomersWithCreditIssuePageStep.i_should_see_cardheader_present_on_the_page(Mortgages_ResidentialMortgages_MortgagesForCustomersWithCreditIssuePageStep.java:97)
at ✽.I should see "Self-employed mortgages" present on the page(file:///C:/CMS_Automation/Co.uk_Suchismita_30_April/Website-Test-Automation-Mithun-branch/src/test/resources/Mortgages_FeatureFiles/Mortgages_ResidentialMortgages_MortgagesForCustomersWithCreditIssue.feature:50)
]]>
    </error>
  </testcase> <!-- runScenario -->
  <system-out/>
  <testcase classname="runners.MortgageRunner" name="runScenario" time="1.842">
    <failure message="expected [Mortgages contact information] but found [Applying for a mortgage]" type="java.lang.AssertionError">
      <![CDATA[java.lang.AssertionError: expected [Mortgages contact information] but found [Applying for a mortgage]
at org.testng.Assert.fail(Assert.java:99)
at org.testng.Assert.failNotEquals(Assert.java:1037)
at org.testng.Assert.assertEqualsImpl(Assert.java:140)
at org.testng.Assert.assertEquals(Assert.java:122)
at org.testng.Assert.assertEquals(Assert.java:629)
at org.testng.Assert.assertEquals(Assert.java:639)
at Mortgages_Feature_Steps.Mortgages_HelpandSupport_MortgagesHelpAndSupportSteps.i_see_PageTitle_present_on_the_page(Mortgages_HelpandSupport_MortgagesHelpAndSupportSteps.java:42)
at ✽.I see "Mortgages contact information" present on the page(file:///C:/CMS_Automation/Co.uk_Suchismita_30_April/Website-Test-Automation-Mithun-branch/src/test/resources/Mortgages_FeatureFiles/Mortgages_HelpandSupport_MortgagesHelpandSupport.feature:25)
]]>
    </failure>
  </testcase> <!-- runScenario -->
  <system-out/>
  <testcase classname="runners.MortgageRunner" name="runScenario" time="2.623"/>
  <system-out/>
  <testcase classname="runners.MortgageRunner" name="runScenario" time="0.890">
    <failure message="Unable to click&quot;Commerical Mortgages&quot; using javascript click" type="java.lang.AssertionError">
      <![CDATA[java.lang.AssertionError: Unable to click"Commerical Mortgages" using javascript click
at org.testng.Assert.fail(Assert.java:99)
at utils.SeleniumDriver.clickElement(SeleniumDriver.java:153)
at pages.actions.Mortgages_CommercialMortgagesActions.clickTheLink(Mortgages_CommercialMortgagesActions.java:24)
at Mortgages_Feature_Steps.Mortgages_CommercialMortgagesSteps.i_navigated_to_commercial_mortgages_page(Mortgages_CommercialMortgagesSteps.java:35)
at ✽.I navigated to Commercial mortgages page(file:///C:/CMS_Automation/Co.uk_Suchismita_30_April/Website-Test-Automation-Mithun-branch/src/test/resources/Mortgages_FeatureFiles/Mortgages_CommercialMortgages.feature:33)
]]>
    </failure>
  </testcase> <!-- runScenario -->
  <system-out/>
  <testcase classname="runners.MortgageRunner" name="runScenario" time="1.650">
    <failure message="expected [Mortgage FAQs] but found [Mortgage jargon buster]" type="java.lang.AssertionError">
      <![CDATA[java.lang.AssertionError: expected [Mortgage FAQs] but found [Mortgage jargon buster]
at org.testng.Assert.fail(Assert.java:99)
at org.testng.Assert.failNotEquals(Assert.java:1037)
at org.testng.Assert.assertEqualsImpl(Assert.java:140)
at org.testng.Assert.assertEquals(Assert.java:122)
at org.testng.Assert.assertEquals(Assert.java:629)
at org.testng.Assert.assertEquals(Assert.java:639)
at Mortgages_Feature_Steps.Mortgages_MortgagesHelpAndSupport_MortgagesFAQStpes.CTA_button_card_name_displayed(Mortgages_MortgagesHelpAndSupport_MortgagesFAQStpes.java:20)
at ✽.CTA button "Mortgage FAQs" displayed(file:///C:/CMS_Automation/Co.uk_Suchismita_30_April/Website-Test-Automation-Mithun-branch/src/test/resources/Mortgages_FeatureFiles/Mortgages_MortgagesHelpAndSupport_MortgagesFAQ.feature:12)
]]>
    </failure>
  </testcase> <!-- runScenario -->
  <system-out/>
  <testcase classname="runners.MortgageRunner" name="runScenario" time="2.640">
    <error message="no such element: Unable to locate element: {&quot;method&quot;:&quot;xpath&quot;,&quot;selector&quot;:&quot;//*[@id=&quot;c5d3c78c-e9f5-40ff-a5e5-e6d5ecfd41a0&quot;]/div/h2&quot;}
  (Session info: chrome=118.0.5993.70)
For documentation on this error, please visit: https://www.selenium.dev/documentation/webdriver/troubleshooting/errors#no-such-element-exception
Build info: version: &#039;4.11.0&#039;, revision: &#039;040bc5406b&#039;
System info: os.name: &#039;Windows Server 2019&#039;, os.arch: &#039;amd64&#039;, os.version: &#039;10.0&#039;, java.version: &#039;20.0.1&#039;
Driver info: org.openqa.selenium.chrome.ChromeDriver
Command: [aa9e62ad177cecac4999564efc26dbc7, findElement {using=xpath, value=//*[@id=&quot;c5d3c78c-e9f5-40ff-a5e5-e6d5ecfd41a0&quot;]/div/h2}]
Capabilities {acceptInsecureCerts: false, browserName: chrome, browserVersion: 118.0.5993.70, chrome: {chromedriverVersion: 118.0.5993.70 (e52f33f30b91..., userDataDir: C:\Users\MITHUN~1.HN\AppDat...}, fedcm:accounts: true, goog:chromeOptions: {debuggerAddress: localhost:52262}, networkConnectionEnabled: false, pageLoadStrategy: normal, platformName: windows, proxy: Proxy(), se:cdp: ws://localhost:52262/devtoo..., se:cdpVersion: 118.0.5993.70, setWindowRect: true, strictFileInteractability: false, timeouts: {implicit: 0, pageLoad: 300000, script: 30000}, unhandledPromptBehavior: dismiss and notify, webauthn:extension:credBlob: true, webauthn:extension:largeBlob: true, webauthn:extension:minPinLength: true, webauthn:extension:prf: true, webauthn:virtualAuthenticators: true}
Session ID: aa9e62ad177cecac4999564efc26dbc7" type="org.openqa.selenium.NoSuchElementException">
      <![CDATA[org.openqa.selenium.NoSuchElementException: no such element: Unable to locate element: {"method":"xpath","selector":"//*[@id="c5d3c78c-e9f5-40ff-a5e5-e6d5ecfd41a0"]/div/h2"}
  (Session info: chrome=118.0.5993.70)
For documentation on this error, please visit: https://www.selenium.dev/documentation/webdriver/troubleshooting/errors#no-such-element-exception
Build info: version: '4.11.0', revision: '040bc5406b'
System info: os.name: 'Windows Server 2019', os.arch: 'amd64', os.version: '10.0', java.version: '20.0.1'
Driver info: org.openqa.selenium.chrome.ChromeDriver
Command: [aa9e62ad177cecac4999564efc26dbc7, findElement {using=xpath, value=//*[@id="c5d3c78c-e9f5-40ff-a5e5-e6d5ecfd41a0"]/div/h2}]
Capabilities {acceptInsecureCerts: false, browserName: chrome, browserVersion: 118.0.5993.70, chrome: {chromedriverVersion: 118.0.5993.70 (e52f33f30b91..., userDataDir: C:\Users\MITHUN~1.HN\AppDat...}, fedcm:accounts: true, goog:chromeOptions: {debuggerAddress: localhost:52262}, networkConnectionEnabled: false, pageLoadStrategy: normal, platformName: windows, proxy: Proxy(), se:cdp: ws://localhost:52262/devtoo..., se:cdpVersion: 118.0.5993.70, setWindowRect: true, strictFileInteractability: false, timeouts: {implicit: 0, pageLoad: 300000, script: 30000}, unhandledPromptBehavior: dismiss and notify, webauthn:extension:credBlob: true, webauthn:extension:largeBlob: true, webauthn:extension:minPinLength: true, webauthn:extension:prf: true, webauthn:virtualAuthenticators: true}
Session ID: aa9e62ad177cecac4999564efc26dbc7
at java.base/jdk.internal.reflect.DirectConstructorHandleAccessor.newInstance(DirectConstructorHandleAccessor.java:67)
at java.base/java.lang.reflect.Constructor.newInstanceWithCaller(Constructor.java:500)
at java.base/java.lang.reflect.Constructor.newInstance(Constructor.java:484)
at org.openqa.selenium.remote.codec.w3c.W3CHttpResponseCodec.createException(W3CHttpResponseCodec.java:200)
at org.openqa.selenium.remote.codec.w3c.W3CHttpResponseCodec.decode(W3CHttpResponseCodec.java:133)
at org.openqa.selenium.remote.codec.w3c.W3CHttpResponseCodec.decode(W3CHttpResponseCodec.java:52)
at org.openqa.selenium.remote.HttpCommandExecutor.execute(HttpCommandExecutor.java:191)
at org.openqa.selenium.remote.service.DriverCommandExecutor.invokeExecute(DriverCommandExecutor.java:196)
at org.openqa.selenium.remote.service.DriverCommandExecutor.execute(DriverCommandExecutor.java:171)
at org.openqa.selenium.remote.RemoteWebDriver.execute(RemoteWebDriver.java:518)
at org.openqa.selenium.remote.ElementLocation$ElementFinder$2.findElement(ElementLocation.java:165)
at org.openqa.selenium.remote.ElementLocation.findElement(ElementLocation.java:59)
at org.openqa.selenium.remote.RemoteWebDriver.findElement(RemoteWebDriver.java:355)
at org.openqa.selenium.remote.RemoteWebDriver.findElement(RemoteWebDriver.java:349)
at org.openqa.selenium.support.pagefactory.DefaultElementLocator.findElement(DefaultElementLocator.java:68)
at org.openqa.selenium.support.pagefactory.internal.LocatingElementHandler.invoke(LocatingElementHandler.java:38)
at jdk.proxy2/jdk.proxy2.$Proxy28.getText(Unknown Source)
at pages.actions.Mortgages_MortgagesHelpAndSupport_MortgagesFAQActions.getSubheader(Mortgages_MortgagesHelpAndSupport_MortgagesFAQActions.java:38)
at Mortgages_Feature_Steps.Mortgages_MortgagesHelpAndSupport_MortgagesFAQStpes.i_will_see_the_header_on_page(Mortgages_MortgagesHelpAndSupport_MortgagesFAQStpes.java:42)
at ✽.I will see the "Existing Aldermore customers" on the page(file:///C:/CMS_Automation/Co.uk_Suchismita_30_April/Website-Test-Automation-Mithun-branch/src/test/resources/Mortgages_FeatureFiles/Mortgages_MortgagesHelpAndSupport_MortgagesFAQ.feature:23)
]]>
    </error>
  </testcase> <!-- runScenario -->
  <system-out/>
  <testcase classname="runners.MortgageRunner" name="runScenario" time="0.975">
    <failure message="expected [Support for mortgage customers] but found [Borrowing more]" type="java.lang.AssertionError">
      <![CDATA[java.lang.AssertionError: expected [Support for mortgage customers] but found [Borrowing more]
at org.testng.Assert.fail(Assert.java:99)
at org.testng.Assert.failNotEquals(Assert.java:1037)
at org.testng.Assert.assertEqualsImpl(Assert.java:140)
at org.testng.Assert.assertEquals(Assert.java:122)
at org.testng.Assert.assertEquals(Assert.java:629)
at org.testng.Assert.assertEquals(Assert.java:639)
at Mortgages_Feature_Steps.Mortgages_HelpAndSupport_BorrowingMoreSteps.i_should_see_the_dropdow_as_options(Mortgages_HelpAndSupport_BorrowingMoreSteps.java:17)
at ✽.I should see the "Support for mortgage customers" as options(file:///C:/CMS_Automation/Co.uk_Suchismita_30_April/Website-Test-Automation-Mithun-branch/src/test/resources/Mortgages_FeatureFiles/Mortgages_SupportForMortgageCustomers.feature:11)
]]>
    </failure>
  </testcase> <!-- runScenario -->
  <system-out/>
  <testcase classname="runners.MortgageRunner" name="runScenario" time="1.780"/>
  <system-out/>
  <testcase classname="runners.MortgageRunner" name="runScenario" time="0.815">
    <failure message="Unable to click&quot;Commerical Mortgages&quot; using javascript click" type="java.lang.AssertionError">
      <![CDATA[java.lang.AssertionError: Unable to click"Commerical Mortgages" using javascript click
at org.testng.Assert.fail(Assert.java:99)
at utils.SeleniumDriver.clickElement(SeleniumDriver.java:153)
at pages.actions.Mortgages_CommercialMortgagesActions.clickTheLink(Mortgages_CommercialMortgagesActions.java:24)
at Mortgages_Feature_Steps.Mortgages_CommercialMortgagesSteps.i_navigated_to_commercial_mortgages_page(Mortgages_CommercialMortgagesSteps.java:35)
at ✽.I navigated to Commercial mortgages page(file:///C:/CMS_Automation/Co.uk_Suchismita_30_April/Website-Test-Automation-Mithun-branch/src/test/resources/Mortgages_FeatureFiles/Mortgages_CommercialMortgages.feature:44)
]]>
    </failure>
  </testcase> <!-- runScenario -->
  <system-out/>
  <testcase classname="runners.MortgageRunner" name="runScenario" time="1.725">
    <error message="no such element: Unable to locate element: {&quot;method&quot;:&quot;xpath&quot;,&quot;selector&quot;:&quot;//div[@class=&#039;image-copy-default__container&#039;]/h2[contains(text(),&#039;Real life stories&#039;)]&quot;}
  (Session info: chrome=118.0.5993.70)
For documentation on this error, please visit: https://www.selenium.dev/documentation/webdriver/troubleshooting/errors#no-such-element-exception
Build info: version: &#039;4.11.0&#039;, revision: &#039;040bc5406b&#039;
System info: os.name: &#039;Windows Server 2019&#039;, os.arch: &#039;amd64&#039;, os.version: &#039;10.0&#039;, java.version: &#039;20.0.1&#039;
Driver info: org.openqa.selenium.chrome.ChromeDriver
Command: [aa9e62ad177cecac4999564efc26dbc7, findElement {using=xpath, value=//div[@class=&#039;image-copy-default__container&#039;]/h2[contains(text(),&#039;Real life stories&#039;)]}]
Capabilities {acceptInsecureCerts: false, browserName: chrome, browserVersion: 118.0.5993.70, chrome: {chromedriverVersion: 118.0.5993.70 (e52f33f30b91..., userDataDir: C:\Users\MITHUN~1.HN\AppDat...}, fedcm:accounts: true, goog:chromeOptions: {debuggerAddress: localhost:52262}, networkConnectionEnabled: false, pageLoadStrategy: normal, platformName: windows, proxy: Proxy(), se:cdp: ws://localhost:52262/devtoo..., se:cdpVersion: 118.0.5993.70, setWindowRect: true, strictFileInteractability: false, timeouts: {implicit: 0, pageLoad: 300000, script: 30000}, unhandledPromptBehavior: dismiss and notify, webauthn:extension:credBlob: true, webauthn:extension:largeBlob: true, webauthn:extension:minPinLength: true, webauthn:extension:prf: true, webauthn:virtualAuthenticators: true}
Session ID: aa9e62ad177cecac4999564efc26dbc7" type="org.openqa.selenium.NoSuchElementException">
      <![CDATA[org.openqa.selenium.NoSuchElementException: no such element: Unable to locate element: {"method":"xpath","selector":"//div[@class='image-copy-default__container']/h2[contains(text(),'Real life stories')]"}
  (Session info: chrome=118.0.5993.70)
For documentation on this error, please visit: https://www.selenium.dev/documentation/webdriver/troubleshooting/errors#no-such-element-exception
Build info: version: '4.11.0', revision: '040bc5406b'
System info: os.name: 'Windows Server 2019', os.arch: 'amd64', os.version: '10.0', java.version: '20.0.1'
Driver info: org.openqa.selenium.chrome.ChromeDriver
Command: [aa9e62ad177cecac4999564efc26dbc7, findElement {using=xpath, value=//div[@class='image-copy-default__container']/h2[contains(text(),'Real life stories')]}]
Capabilities {acceptInsecureCerts: false, browserName: chrome, browserVersion: 118.0.5993.70, chrome: {chromedriverVersion: 118.0.5993.70 (e52f33f30b91..., userDataDir: C:\Users\MITHUN~1.HN\AppDat...}, fedcm:accounts: true, goog:chromeOptions: {debuggerAddress: localhost:52262}, networkConnectionEnabled: false, pageLoadStrategy: normal, platformName: windows, proxy: Proxy(), se:cdp: ws://localhost:52262/devtoo..., se:cdpVersion: 118.0.5993.70, setWindowRect: true, strictFileInteractability: false, timeouts: {implicit: 0, pageLoad: 300000, script: 30000}, unhandledPromptBehavior: dismiss and notify, webauthn:extension:credBlob: true, webauthn:extension:largeBlob: true, webauthn:extension:minPinLength: true, webauthn:extension:prf: true, webauthn:virtualAuthenticators: true}
Session ID: aa9e62ad177cecac4999564efc26dbc7
at java.base/jdk.internal.reflect.DirectConstructorHandleAccessor.newInstance(DirectConstructorHandleAccessor.java:67)
at java.base/java.lang.reflect.Constructor.newInstanceWithCaller(Constructor.java:500)
at java.base/java.lang.reflect.Constructor.newInstance(Constructor.java:484)
at org.openqa.selenium.remote.codec.w3c.W3CHttpResponseCodec.createException(W3CHttpResponseCodec.java:200)
at org.openqa.selenium.remote.codec.w3c.W3CHttpResponseCodec.decode(W3CHttpResponseCodec.java:133)
at org.openqa.selenium.remote.codec.w3c.W3CHttpResponseCodec.decode(W3CHttpResponseCodec.java:52)
at org.openqa.selenium.remote.HttpCommandExecutor.execute(HttpCommandExecutor.java:191)
at org.openqa.selenium.remote.service.DriverCommandExecutor.invokeExecute(DriverCommandExecutor.java:196)
at org.openqa.selenium.remote.service.DriverCommandExecutor.execute(DriverCommandExecutor.java:171)
at org.openqa.selenium.remote.RemoteWebDriver.execute(RemoteWebDriver.java:518)
at org.openqa.selenium.remote.ElementLocation$ElementFinder$2.findElement(ElementLocation.java:165)
at org.openqa.selenium.remote.ElementLocation.findElement(ElementLocation.java:59)
at org.openqa.selenium.remote.RemoteWebDriver.findElement(RemoteWebDriver.java:355)
at org.openqa.selenium.remote.RemoteWebDriver.findElement(RemoteWebDriver.java:349)
at org.openqa.selenium.support.pagefactory.DefaultElementLocator.findElement(DefaultElementLocator.java:68)
at org.openqa.selenium.support.pagefactory.internal.LocatingElementHandler.invoke(LocatingElementHandler.java:38)
at jdk.proxy2/jdk.proxy2.$Proxy28.getText(Unknown Source)
at pages.actions.Mortgages_ResidentialMortgages_FirstTimeBuyerMortgagesActions.verifyImageSectionheader(Mortgages_ResidentialMortgages_FirstTimeBuyerMortgagesActions.java:44)
at Mortgages_Feature_Steps.Mortgages_ResidentialMortgages_FirstTimeBuyerMortgagesPageSteps.i_should_see_the_header_on_image_section(Mortgages_ResidentialMortgages_FirstTimeBuyerMortgagesPageSteps.java:45)
at ✽.I should see the "Real life stories" on Image section(file:///C:/CMS_Automation/Co.uk_Suchismita_30_April/Website-Test-Automation-Mithun-branch/src/test/resources/Mortgages_FeatureFiles/Mortgages_ResidentialMortgages_FirstTimeBuyerMortgages.feature:23)
]]>
    </error>
  </testcase> <!-- runScenario -->
  <system-out/>
  <testcase classname="runners.MortgageRunner" name="runScenario" time="1.771">
    <failure message="expected [Payments] but found [Fees, statements and balances]" type="java.lang.AssertionError">
      <![CDATA[java.lang.AssertionError: expected [Payments] but found [Fees, statements and balances]
at org.testng.Assert.fail(Assert.java:99)
at org.testng.Assert.failNotEquals(Assert.java:1037)
at org.testng.Assert.assertEqualsImpl(Assert.java:140)
at org.testng.Assert.assertEquals(Assert.java:122)
at org.testng.Assert.assertEquals(Assert.java:629)
at org.testng.Assert.assertEquals(Assert.java:639)
at Mortgages_Feature_Steps.Mortgages_HelpandSupport_MortgagesHelpAndSupportSteps.i_see_PageTitle_present_on_the_page(Mortgages_HelpandSupport_MortgagesHelpAndSupportSteps.java:42)
at ✽.I see "Payments" present on the page(file:///C:/CMS_Automation/Co.uk_Suchismita_30_April/Website-Test-Automation-Mithun-branch/src/test/resources/Mortgages_FeatureFiles/Mortgages_HelpandSupport_MortgagesHelpandSupport.feature:25)
]]>
    </failure>
  </testcase> <!-- runScenario -->
  <system-out/>
  <testcase classname="runners.MortgageRunner" name="runScenario" time="1.733"/>
  <system-out/>
  <testcase classname="runners.MortgageRunner" name="runScenario" time="1.735">
    <failure message="expected [Switching your mortgage] but found [Payments]" type="java.lang.AssertionError">
      <![CDATA[java.lang.AssertionError: expected [Switching your mortgage] but found [Payments]
at org.testng.Assert.fail(Assert.java:99)
at org.testng.Assert.failNotEquals(Assert.java:1037)
at org.testng.Assert.assertEqualsImpl(Assert.java:140)
at org.testng.Assert.assertEquals(Assert.java:122)
at org.testng.Assert.assertEquals(Assert.java:629)
at org.testng.Assert.assertEquals(Assert.java:639)
at Mortgages_Feature_Steps.Mortgages_HelpAndSupport_SwitchingYourMortgagesSteps.Card_name_is_visible(Mortgages_HelpAndSupport_SwitchingYourMortgagesSteps.java:19)
at ✽."Switching your mortgage" CTA is visible(file:///C:/CMS_Automation/Co.uk_Suchismita_30_April/Website-Test-Automation-Mithun-branch/src/test/resources/Mortgages_FeatureFiles/Mortgages_HelpAndSupport_SwitchingYourMortgages.feature:12)
]]>
    </failure>
  </testcase> <!-- runScenario -->
  <system-out/>
  <testcase classname="runners.MortgageRunner" name="runScenario" time="1.805">
    <error message="no such element: Unable to locate element: {&quot;method&quot;:&quot;xpath&quot;,&quot;selector&quot;:&quot;//div[@class=&quot;umb-block__root  &quot;]/div/span/section/ul/li[3]/a/span&quot;}
  (Session info: chrome=118.0.5993.70)
For documentation on this error, please visit: https://www.selenium.dev/documentation/webdriver/troubleshooting/errors#no-such-element-exception
Build info: version: &#039;4.11.0&#039;, revision: &#039;040bc5406b&#039;
System info: os.name: &#039;Windows Server 2019&#039;, os.arch: &#039;amd64&#039;, os.version: &#039;10.0&#039;, java.version: &#039;20.0.1&#039;
Driver info: org.openqa.selenium.chrome.ChromeDriver
Command: [aa9e62ad177cecac4999564efc26dbc7, findElement {using=xpath, value=//div[@class=&quot;umb-block__root  &quot;]/div/span/section/ul/li[3]/a/span}]
Capabilities {acceptInsecureCerts: false, browserName: chrome, browserVersion: 118.0.5993.70, chrome: {chromedriverVersion: 118.0.5993.70 (e52f33f30b91..., userDataDir: C:\Users\MITHUN~1.HN\AppDat...}, fedcm:accounts: true, goog:chromeOptions: {debuggerAddress: localhost:52262}, networkConnectionEnabled: false, pageLoadStrategy: normal, platformName: windows, proxy: Proxy(), se:cdp: ws://localhost:52262/devtoo..., se:cdpVersion: 118.0.5993.70, setWindowRect: true, strictFileInteractability: false, timeouts: {implicit: 0, pageLoad: 300000, script: 30000}, unhandledPromptBehavior: dismiss and notify, webauthn:extension:credBlob: true, webauthn:extension:largeBlob: true, webauthn:extension:minPinLength: true, webauthn:extension:prf: true, webauthn:virtualAuthenticators: true}
Session ID: aa9e62ad177cecac4999564efc26dbc7" type="org.openqa.selenium.NoSuchElementException">
      <![CDATA[org.openqa.selenium.NoSuchElementException: no such element: Unable to locate element: {"method":"xpath","selector":"//div[@class="umb-block__root  "]/div/span/section/ul/li[3]/a/span"}
  (Session info: chrome=118.0.5993.70)
For documentation on this error, please visit: https://www.selenium.dev/documentation/webdriver/troubleshooting/errors#no-such-element-exception
Build info: version: '4.11.0', revision: '040bc5406b'
System info: os.name: 'Windows Server 2019', os.arch: 'amd64', os.version: '10.0', java.version: '20.0.1'
Driver info: org.openqa.selenium.chrome.ChromeDriver
Command: [aa9e62ad177cecac4999564efc26dbc7, findElement {using=xpath, value=//div[@class="umb-block__root  "]/div/span/section/ul/li[3]/a/span}]
Capabilities {acceptInsecureCerts: false, browserName: chrome, browserVersion: 118.0.5993.70, chrome: {chromedriverVersion: 118.0.5993.70 (e52f33f30b91..., userDataDir: C:\Users\MITHUN~1.HN\AppDat...}, fedcm:accounts: true, goog:chromeOptions: {debuggerAddress: localhost:52262}, networkConnectionEnabled: false, pageLoadStrategy: normal, platformName: windows, proxy: Proxy(), se:cdp: ws://localhost:52262/devtoo..., se:cdpVersion: 118.0.5993.70, setWindowRect: true, strictFileInteractability: false, timeouts: {implicit: 0, pageLoad: 300000, script: 30000}, unhandledPromptBehavior: dismiss and notify, webauthn:extension:credBlob: true, webauthn:extension:largeBlob: true, webauthn:extension:minPinLength: true, webauthn:extension:prf: true, webauthn:virtualAuthenticators: true}
Session ID: aa9e62ad177cecac4999564efc26dbc7
at java.base/jdk.internal.reflect.DirectConstructorHandleAccessor.newInstance(DirectConstructorHandleAccessor.java:67)
at java.base/java.lang.reflect.Constructor.newInstanceWithCaller(Constructor.java:500)
at java.base/java.lang.reflect.Constructor.newInstance(Constructor.java:484)
at org.openqa.selenium.remote.codec.w3c.W3CHttpResponseCodec.createException(W3CHttpResponseCodec.java:200)
at org.openqa.selenium.remote.codec.w3c.W3CHttpResponseCodec.decode(W3CHttpResponseCodec.java:133)
at org.openqa.selenium.remote.codec.w3c.W3CHttpResponseCodec.decode(W3CHttpResponseCodec.java:52)
at org.openqa.selenium.remote.HttpCommandExecutor.execute(HttpCommandExecutor.java:191)
at org.openqa.selenium.remote.service.DriverCommandExecutor.invokeExecute(DriverCommandExecutor.java:196)
at org.openqa.selenium.remote.service.DriverCommandExecutor.execute(DriverCommandExecutor.java:171)
at org.openqa.selenium.remote.RemoteWebDriver.execute(RemoteWebDriver.java:518)
at org.openqa.selenium.remote.ElementLocation$ElementFinder$2.findElement(ElementLocation.java:165)
at org.openqa.selenium.remote.ElementLocation.findElement(ElementLocation.java:59)
at org.openqa.selenium.remote.RemoteWebDriver.findElement(RemoteWebDriver.java:355)
at org.openqa.selenium.remote.RemoteWebDriver.findElement(RemoteWebDriver.java:349)
at org.openqa.selenium.support.pagefactory.DefaultElementLocator.findElement(DefaultElementLocator.java:68)
at org.openqa.selenium.support.pagefactory.internal.LocatingElementHandler.invoke(LocatingElementHandler.java:38)
at jdk.proxy2/jdk.proxy2.$Proxy28.getText(Unknown Source)
at pages.actions.MortgagePageActions.getQuickLinkOption3(MortgagePageActions.java:164)
at Mortgages_Feature_Steps.MortgagesPageSteps.i_should_see_the_third_option_in_the_blackbox_section(MortgagesPageSteps.java:236)
at ✽.I should see the third "Help and support" in the BlackBox Section(file:///C:/CMS_Automation/Co.uk_Suchismita_30_April/Website-Test-Automation-Mithun-branch/src/test/resources/Mortgages_FeatureFiles/Mortgages.feature:166)
]]>
    </error>
  </testcase> <!-- runScenario -->
  <system-out/>
  <testcase classname="runners.MortgageRunner" name="runScenario" time="2.509">
    <failure message="Unable to click&quot;Request a statement.&quot; using javascript click" type="java.lang.AssertionError">
      <![CDATA[java.lang.AssertionError: Unable to click"Request a statement." using javascript click
at org.testng.Assert.fail(Assert.java:99)
at utils.SeleniumDriver.clickElement(SeleniumDriver.java:153)
at pages.actions.Mortgages_MortgagesHelpAndSupport_FeesStatementsAndBalancesActions.ClickedOnLink(Mortgages_MortgagesHelpAndSupport_FeesStatementsAndBalancesActions.java:47)
at Mortgages_Feature_Steps.Mortgages_MortgagesHelpAndSupport_FeesStatementsAndBalancesSteps.i_see_the_link_present_on_the_subheader(Mortgages_MortgagesHelpAndSupport_FeesStatementsAndBalancesSteps.java:47)
at ✽.I see the "Request a statement." present on the subheader(file:///C:/CMS_Automation/Co.uk_Suchismita_30_April/Website-Test-Automation-Mithun-branch/src/test/resources/Mortgages_FeatureFiles/Mortgages_MortgagesHelpAndSupport_FeesStatementsAndBalances.feature:35)
]]>
    </failure>
  </testcase> <!-- runScenario -->
  <system-out/>
  <testcase classname="runners.MortgageRunner" name="runScenario" time="2.724">
    <error message="no such element: Unable to locate element: {&quot;method&quot;:&quot;xpath&quot;,&quot;selector&quot;:&quot;/html/body/div[2]/div/div[2]/div/div[6]/div[1]/button/h3&quot;}
  (Session info: chrome=118.0.5993.70)
For documentation on this error, please visit: https://www.selenium.dev/documentation/webdriver/troubleshooting/errors#no-such-element-exception
Build info: version: &#039;4.11.0&#039;, revision: &#039;040bc5406b&#039;
System info: os.name: &#039;Windows Server 2019&#039;, os.arch: &#039;amd64&#039;, os.version: &#039;10.0&#039;, java.version: &#039;20.0.1&#039;
Driver info: org.openqa.selenium.chrome.ChromeDriver
Command: [aa9e62ad177cecac4999564efc26dbc7, findElement {using=xpath, value=/html/body/div[2]/div/div[2]/div/div[6]/div[1]/button/h3}]
Capabilities {acceptInsecureCerts: false, browserName: chrome, browserVersion: 118.0.5993.70, chrome: {chromedriverVersion: 118.0.5993.70 (e52f33f30b91..., userDataDir: C:\Users\MITHUN~1.HN\AppDat...}, fedcm:accounts: true, goog:chromeOptions: {debuggerAddress: localhost:52262}, networkConnectionEnabled: false, pageLoadStrategy: normal, platformName: windows, proxy: Proxy(), se:cdp: ws://localhost:52262/devtoo..., se:cdpVersion: 118.0.5993.70, setWindowRect: true, strictFileInteractability: false, timeouts: {implicit: 0, pageLoad: 300000, script: 30000}, unhandledPromptBehavior: dismiss and notify, webauthn:extension:credBlob: true, webauthn:extension:largeBlob: true, webauthn:extension:minPinLength: true, webauthn:extension:prf: true, webauthn:virtualAuthenticators: true}
Session ID: aa9e62ad177cecac4999564efc26dbc7" type="org.openqa.selenium.NoSuchElementException">
      <![CDATA[org.openqa.selenium.NoSuchElementException: no such element: Unable to locate element: {"method":"xpath","selector":"/html/body/div[2]/div/div[2]/div/div[6]/div[1]/button/h3"}
  (Session info: chrome=118.0.5993.70)
For documentation on this error, please visit: https://www.selenium.dev/documentation/webdriver/troubleshooting/errors#no-such-element-exception
Build info: version: '4.11.0', revision: '040bc5406b'
System info: os.name: 'Windows Server 2019', os.arch: 'amd64', os.version: '10.0', java.version: '20.0.1'
Driver info: org.openqa.selenium.chrome.ChromeDriver
Command: [aa9e62ad177cecac4999564efc26dbc7, findElement {using=xpath, value=/html/body/div[2]/div/div[2]/div/div[6]/div[1]/button/h3}]
Capabilities {acceptInsecureCerts: false, browserName: chrome, browserVersion: 118.0.5993.70, chrome: {chromedriverVersion: 118.0.5993.70 (e52f33f30b91..., userDataDir: C:\Users\MITHUN~1.HN\AppDat...}, fedcm:accounts: true, goog:chromeOptions: {debuggerAddress: localhost:52262}, networkConnectionEnabled: false, pageLoadStrategy: normal, platformName: windows, proxy: Proxy(), se:cdp: ws://localhost:52262/devtoo..., se:cdpVersion: 118.0.5993.70, setWindowRect: true, strictFileInteractability: false, timeouts: {implicit: 0, pageLoad: 300000, script: 30000}, unhandledPromptBehavior: dismiss and notify, webauthn:extension:credBlob: true, webauthn:extension:largeBlob: true, webauthn:extension:minPinLength: true, webauthn:extension:prf: true, webauthn:virtualAuthenticators: true}
Session ID: aa9e62ad177cecac4999564efc26dbc7
at java.base/jdk.internal.reflect.DirectConstructorHandleAccessor.newInstance(DirectConstructorHandleAccessor.java:67)
at java.base/java.lang.reflect.Constructor.newInstanceWithCaller(Constructor.java:500)
at java.base/java.lang.reflect.Constructor.newInstance(Constructor.java:484)
at org.openqa.selenium.remote.codec.w3c.W3CHttpResponseCodec.createException(W3CHttpResponseCodec.java:200)
at org.openqa.selenium.remote.codec.w3c.W3CHttpResponseCodec.decode(W3CHttpResponseCodec.java:133)
at org.openqa.selenium.remote.codec.w3c.W3CHttpResponseCodec.decode(W3CHttpResponseCodec.java:52)
at org.openqa.selenium.remote.HttpCommandExecutor.execute(HttpCommandExecutor.java:191)
at org.openqa.selenium.remote.service.DriverCommandExecutor.invokeExecute(DriverCommandExecutor.java:196)
at org.openqa.selenium.remote.service.DriverCommandExecutor.execute(DriverCommandExecutor.java:171)
at org.openqa.selenium.remote.RemoteWebDriver.execute(RemoteWebDriver.java:518)
at org.openqa.selenium.remote.ElementLocation$ElementFinder$2.findElement(ElementLocation.java:165)
at org.openqa.selenium.remote.ElementLocation.findElement(ElementLocation.java:59)
at org.openqa.selenium.remote.RemoteWebDriver.findElement(RemoteWebDriver.java:355)
at org.openqa.selenium.remote.RemoteWebDriver.findElement(RemoteWebDriver.java:349)
at org.openqa.selenium.support.pagefactory.DefaultElementLocator.findElement(DefaultElementLocator.java:68)
at org.openqa.selenium.support.pagefactory.internal.LocatingElementHandler.invoke(LocatingElementHandler.java:38)
at jdk.proxy2/jdk.proxy2.$Proxy28.getText(Unknown Source)
at utils.SeleniumDriver.GetElementText(SeleniumDriver.java:112)
at pages.actions.Mortgages_MortgagesHelp_ManagingAndMakingChangesToYourMortgageActions.getSubheaderTitle(Mortgages_MortgagesHelp_ManagingAndMakingChangesToYourMortgageActions.java:47)
at Mortgages_Feature_Steps.Mortgages_MortgagesHelp_ManagingAndMakingChangesToYourMortgageSteps.i_should_see_the_subheader_present_under_header_title(Mortgages_MortgagesHelp_ManagingAndMakingChangesToYourMortgageSteps.java:47)
at ✽.I should see the "Can I take out additional borrowing?" present under header Title.(file:///C:/CMS_Automation/Co.uk_Suchismita_30_April/Website-Test-Automation-Mithun-branch/src/test/resources/Mortgages_FeatureFiles/Mortgages_MortgagesHelp_ManagingAndMakingChangesToYourMortgage.feature:34)
]]>
    </error>
  </testcase> <!-- runScenario -->
  <system-out/>
  <testcase classname="runners.MortgageRunner" name="runScenario" time="1.740"/>
  <system-out/>
  <testcase classname="runners.MortgageRunner" name="runScenario" time="1.928"/>
  <system-out/>
  <testcase classname="runners.MortgageRunner" name="runScenario" time="10.312"/>
  <system-out/>
  <testcase classname="runners.MortgageRunner" name="runScenario" time="1.718"/>
  <system-out/>
  <testcase classname="runners.MortgageRunner" name="runScenario" time="2.497">
    <error message="no such element: Unable to locate element: {&quot;method&quot;:&quot;xpath&quot;,&quot;selector&quot;:&quot;//*[@id=&#039;Execution only switching&#039;]/div/article/div[2]/h2&quot;}
  (Session info: chrome=118.0.5993.70)
For documentation on this error, please visit: https://www.selenium.dev/documentation/webdriver/troubleshooting/errors#no-such-element-exception
Build info: version: &#039;4.11.0&#039;, revision: &#039;040bc5406b&#039;
System info: os.name: &#039;Windows Server 2019&#039;, os.arch: &#039;amd64&#039;, os.version: &#039;10.0&#039;, java.version: &#039;20.0.1&#039;
Driver info: org.openqa.selenium.chrome.ChromeDriver
Command: [aa9e62ad177cecac4999564efc26dbc7, findElement {using=xpath, value=//*[@id=&#039;Execution only switching&#039;]/div/article/div[2]/h2}]
Capabilities {acceptInsecureCerts: false, browserName: chrome, browserVersion: 118.0.5993.70, chrome: {chromedriverVersion: 118.0.5993.70 (e52f33f30b91..., userDataDir: C:\Users\MITHUN~1.HN\AppDat...}, fedcm:accounts: true, goog:chromeOptions: {debuggerAddress: localhost:52262}, networkConnectionEnabled: false, pageLoadStrategy: normal, platformName: windows, proxy: Proxy(), se:cdp: ws://localhost:52262/devtoo..., se:cdpVersion: 118.0.5993.70, setWindowRect: true, strictFileInteractability: false, timeouts: {implicit: 0, pageLoad: 300000, script: 30000}, unhandledPromptBehavior: dismiss and notify, webauthn:extension:credBlob: true, webauthn:extension:largeBlob: true, webauthn:extension:minPinLength: true, webauthn:extension:prf: true, webauthn:virtualAuthenticators: true}
Session ID: aa9e62ad177cecac4999564efc26dbc7" type="org.openqa.selenium.NoSuchElementException">
      <![CDATA[org.openqa.selenium.NoSuchElementException: no such element: Unable to locate element: {"method":"xpath","selector":"//*[@id='Execution only switching']/div/article/div[2]/h2"}
  (Session info: chrome=118.0.5993.70)
For documentation on this error, please visit: https://www.selenium.dev/documentation/webdriver/troubleshooting/errors#no-such-element-exception
Build info: version: '4.11.0', revision: '040bc5406b'
System info: os.name: 'Windows Server 2019', os.arch: 'amd64', os.version: '10.0', java.version: '20.0.1'
Driver info: org.openqa.selenium.chrome.ChromeDriver
Command: [aa9e62ad177cecac4999564efc26dbc7, findElement {using=xpath, value=//*[@id='Execution only switching']/div/article/div[2]/h2}]
Capabilities {acceptInsecureCerts: false, browserName: chrome, browserVersion: 118.0.5993.70, chrome: {chromedriverVersion: 118.0.5993.70 (e52f33f30b91..., userDataDir: C:\Users\MITHUN~1.HN\AppDat...}, fedcm:accounts: true, goog:chromeOptions: {debuggerAddress: localhost:52262}, networkConnectionEnabled: false, pageLoadStrategy: normal, platformName: windows, proxy: Proxy(), se:cdp: ws://localhost:52262/devtoo..., se:cdpVersion: 118.0.5993.70, setWindowRect: true, strictFileInteractability: false, timeouts: {implicit: 0, pageLoad: 300000, script: 30000}, unhandledPromptBehavior: dismiss and notify, webauthn:extension:credBlob: true, webauthn:extension:largeBlob: true, webauthn:extension:minPinLength: true, webauthn:extension:prf: true, webauthn:virtualAuthenticators: true}
Session ID: aa9e62ad177cecac4999564efc26dbc7
at java.base/jdk.internal.reflect.DirectConstructorHandleAccessor.newInstance(DirectConstructorHandleAccessor.java:67)
at java.base/java.lang.reflect.Constructor.newInstanceWithCaller(Constructor.java:500)
at java.base/java.lang.reflect.Constructor.newInstance(Constructor.java:484)
at org.openqa.selenium.remote.codec.w3c.W3CHttpResponseCodec.createException(W3CHttpResponseCodec.java:200)
at org.openqa.selenium.remote.codec.w3c.W3CHttpResponseCodec.decode(W3CHttpResponseCodec.java:133)
at org.openqa.selenium.remote.codec.w3c.W3CHttpResponseCodec.decode(W3CHttpResponseCodec.java:52)
at org.openqa.selenium.remote.HttpCommandExecutor.execute(HttpCommandExecutor.java:191)
at org.openqa.selenium.remote.service.DriverCommandExecutor.invokeExecute(DriverCommandExecutor.java:196)
at org.openqa.selenium.remote.service.DriverCommandExecutor.execute(DriverCommandExecutor.java:171)
at org.openqa.selenium.remote.RemoteWebDriver.execute(RemoteWebDriver.java:518)
at org.openqa.selenium.remote.ElementLocation$ElementFinder$2.findElement(ElementLocation.java:165)
at org.openqa.selenium.remote.ElementLocation.findElement(ElementLocation.java:59)
at org.openqa.selenium.remote.RemoteWebDriver.findElement(RemoteWebDriver.java:355)
at org.openqa.selenium.remote.RemoteWebDriver.findElement(RemoteWebDriver.java:349)
at org.openqa.selenium.support.pagefactory.DefaultElementLocator.findElement(DefaultElementLocator.java:68)
at org.openqa.selenium.support.pagefactory.internal.LocatingElementHandler.invoke(LocatingElementHandler.java:38)
at jdk.proxy2/jdk.proxy2.$Proxy28.getText(Unknown Source)
at pages.actions.Mortgages_HelpAndSupport_SwitchingYourMortgagesActions.getImageSectionheader(Mortgages_HelpAndSupport_SwitchingYourMortgagesActions.java:56)
at Mortgages_Feature_Steps.Mortgages_HelpAndSupport_SwitchingYourMortgagesSteps.ImageSection_header_present_on_page(Mortgages_HelpAndSupport_SwitchingYourMortgagesSteps.java:48)
at ✽."Your Service Choice" header present on page(file:///C:/CMS_Automation/Co.uk_Suchismita_30_April/Website-Test-Automation-Mithun-branch/src/test/resources/Mortgages_FeatureFiles/Mortgages_HelpAndSupport_SwitchingYourMortgages.feature:36)
]]>
    </error>
  </testcase> <!-- runScenario -->
  <system-out/>
  <testcase classname="runners.MortgageRunner" name="runScenario" time="1.624">
    <failure message="expected [Contact us] but found [Mortgage FAQs]" type="java.lang.AssertionError">
      <![CDATA[java.lang.AssertionError: expected [Contact us] but found [Mortgage FAQs]
at org.testng.Assert.fail(Assert.java:99)
at org.testng.Assert.failNotEquals(Assert.java:1037)
at org.testng.Assert.assertEqualsImpl(Assert.java:140)
at org.testng.Assert.assertEquals(Assert.java:122)
at org.testng.Assert.assertEquals(Assert.java:629)
at org.testng.Assert.assertEquals(Assert.java:639)
at Mortgages_Feature_Steps.Mortgages_MortagagesHelpAndSupport_ContactUsSteps.Card_Name_displayed(Mortgages_MortagagesHelpAndSupport_ContactUsSteps.java:18)
at ✽."Contact us" displayed(file:///C:/CMS_Automation/Co.uk_Suchismita_30_April/Website-Test-Automation-Mithun-branch/src/test/resources/Mortgages_FeatureFiles/Mortgages_MortagagesHelpAndSupport_ContactUs.feature:14)
]]>
    </failure>
  </testcase> <!-- runScenario -->
  <system-out/>
  <testcase classname="runners.MortgageRunner" name="runScenario" time="1.701"/>
  <system-out/>
  <testcase classname="runners.MortgageRunner" name="runScenario" time="1.720">
    <error message="no such element: Unable to locate element: {&quot;method&quot;:&quot;xpath&quot;,&quot;selector&quot;:&quot;//*[@aria-label=&#039;Why use a mortgage broker? Here’s 10 great reasons&#039;]&quot;}
  (Session info: chrome=118.0.5993.70)
For documentation on this error, please visit: https://www.selenium.dev/documentation/webdriver/troubleshooting/errors#no-such-element-exception
Build info: version: &#039;4.11.0&#039;, revision: &#039;040bc5406b&#039;
System info: os.name: &#039;Windows Server 2019&#039;, os.arch: &#039;amd64&#039;, os.version: &#039;10.0&#039;, java.version: &#039;20.0.1&#039;
Driver info: org.openqa.selenium.chrome.ChromeDriver
Command: [aa9e62ad177cecac4999564efc26dbc7, findElement {using=xpath, value=//*[@aria-label=&#039;Why use a mortgage broker? Here’s 10 great reasons&#039;]}]
Capabilities {acceptInsecureCerts: false, browserName: chrome, browserVersion: 118.0.5993.70, chrome: {chromedriverVersion: 118.0.5993.70 (e52f33f30b91..., userDataDir: C:\Users\MITHUN~1.HN\AppDat...}, fedcm:accounts: true, goog:chromeOptions: {debuggerAddress: localhost:52262}, networkConnectionEnabled: false, pageLoadStrategy: normal, platformName: windows, proxy: Proxy(), se:cdp: ws://localhost:52262/devtoo..., se:cdpVersion: 118.0.5993.70, setWindowRect: true, strictFileInteractability: false, timeouts: {implicit: 0, pageLoad: 300000, script: 30000}, unhandledPromptBehavior: dismiss and notify, webauthn:extension:credBlob: true, webauthn:extension:largeBlob: true, webauthn:extension:minPinLength: true, webauthn:extension:prf: true, webauthn:virtualAuthenticators: true}
Session ID: aa9e62ad177cecac4999564efc26dbc7" type="org.openqa.selenium.NoSuchElementException">
      <![CDATA[org.openqa.selenium.NoSuchElementException: no such element: Unable to locate element: {"method":"xpath","selector":"//*[@aria-label='Why use a mortgage broker? Here’s 10 great reasons']"}
  (Session info: chrome=118.0.5993.70)
For documentation on this error, please visit: https://www.selenium.dev/documentation/webdriver/troubleshooting/errors#no-such-element-exception
Build info: version: '4.11.0', revision: '040bc5406b'
System info: os.name: 'Windows Server 2019', os.arch: 'amd64', os.version: '10.0', java.version: '20.0.1'
Driver info: org.openqa.selenium.chrome.ChromeDriver
Command: [aa9e62ad177cecac4999564efc26dbc7, findElement {using=xpath, value=//*[@aria-label='Why use a mortgage broker? Here’s 10 great reasons']}]
Capabilities {acceptInsecureCerts: false, browserName: chrome, browserVersion: 118.0.5993.70, chrome: {chromedriverVersion: 118.0.5993.70 (e52f33f30b91..., userDataDir: C:\Users\MITHUN~1.HN\AppDat...}, fedcm:accounts: true, goog:chromeOptions: {debuggerAddress: localhost:52262}, networkConnectionEnabled: false, pageLoadStrategy: normal, platformName: windows, proxy: Proxy(), se:cdp: ws://localhost:52262/devtoo..., se:cdpVersion: 118.0.5993.70, setWindowRect: true, strictFileInteractability: false, timeouts: {implicit: 0, pageLoad: 300000, script: 30000}, unhandledPromptBehavior: dismiss and notify, webauthn:extension:credBlob: true, webauthn:extension:largeBlob: true, webauthn:extension:minPinLength: true, webauthn:extension:prf: true, webauthn:virtualAuthenticators: true}
Session ID: aa9e62ad177cecac4999564efc26dbc7
at java.base/jdk.internal.reflect.DirectConstructorHandleAccessor.newInstance(DirectConstructorHandleAccessor.java:67)
at java.base/java.lang.reflect.Constructor.newInstanceWithCaller(Constructor.java:500)
at java.base/java.lang.reflect.Constructor.newInstance(Constructor.java:484)
at org.openqa.selenium.remote.codec.w3c.W3CHttpResponseCodec.createException(W3CHttpResponseCodec.java:200)
at org.openqa.selenium.remote.codec.w3c.W3CHttpResponseCodec.decode(W3CHttpResponseCodec.java:133)
at org.openqa.selenium.remote.codec.w3c.W3CHttpResponseCodec.decode(W3CHttpResponseCodec.java:52)
at org.openqa.selenium.remote.HttpCommandExecutor.execute(HttpCommandExecutor.java:191)
at org.openqa.selenium.remote.service.DriverCommandExecutor.invokeExecute(DriverCommandExecutor.java:196)
at org.openqa.selenium.remote.service.DriverCommandExecutor.execute(DriverCommandExecutor.java:171)
at org.openqa.selenium.remote.RemoteWebDriver.execute(RemoteWebDriver.java:518)
at org.openqa.selenium.remote.ElementLocation$ElementFinder$2.findElement(ElementLocation.java:165)
at org.openqa.selenium.remote.ElementLocation.findElement(ElementLocation.java:59)
at org.openqa.selenium.remote.RemoteWebDriver.findElement(RemoteWebDriver.java:355)
at org.openqa.selenium.remote.RemoteWebDriver.findElement(RemoteWebDriver.java:349)
at org.openqa.selenium.support.pagefactory.DefaultElementLocator.findElement(DefaultElementLocator.java:68)
at org.openqa.selenium.support.pagefactory.internal.LocatingElementHandler.invoke(LocatingElementHandler.java:38)
at jdk.proxy2/jdk.proxy2.$Proxy28.getText(Unknown Source)
at pages.actions.MortgagePageActions.verifycardHeaderCTAbutton(MortgagePageActions.java:88)
at Mortgages_Feature_Steps.MortgagesPageSteps.i_should_see_the_CTA_button(MortgagesPageSteps.java:68)
at ✽.I should see the "Divorce and mortgages – What you need to know" CTA button present in the page(file:///C:/CMS_Automation/Co.uk_Suchismita_30_April/Website-Test-Automation-Mithun-branch/src/test/resources/Mortgages_FeatureFiles/Mortgages.feature:42)
]]>
    </error>
  </testcase> <!-- runScenario -->
  <system-out/>
  <testcase classname="runners.MortgageRunner" name="runScenario" time="1.553">
    <failure message="Unable to click&quot;Borrowing More&quot; using javascript click" type="java.lang.AssertionError">
      <![CDATA[java.lang.AssertionError: Unable to click"Borrowing More" using javascript click
at org.testng.Assert.fail(Assert.java:99)
at utils.SeleniumDriver.clickElement(SeleniumDriver.java:153)
at pages.actions.Mortgages_MortgagesHelpAndSupport_BorrowingMoreOnYourMortgageActions.clickedCTAbutton(Mortgages_MortgagesHelpAndSupport_BorrowingMoreOnYourMortgageActions.java:26)
at Mortgages_Feature_Steps.Mortgages_MortgagesHelpAndSupport_BorrowingMoreOnYourMortgageSteps.i_naviagte_borrowing_more_on_your_mortgages_page(Mortgages_MortgagesHelpAndSupport_BorrowingMoreOnYourMortgageSteps.java:37)
at ✽.I navigate to Borrowing more on your mortgage page(file:///C:/CMS_Automation/Co.uk_Suchismita_30_April/Website-Test-Automation-Mithun-branch/src/test/resources/Mortgages_FeatureFiles/Mortgages_MortgagesHelpAndSupport_BorrowingMoreOnYourMortgage.feature:23)
]]>
    </failure>
  </testcase> <!-- runScenario -->
  <system-out/>
  <testcase classname="runners.MortgageRunner" name="runScenario" time="1.693"/>
  <system-out/>
  <testcase classname="runners.MortgageRunner" name="runScenario" time="1.831"/>
  <system-out/>
  <testcase classname="runners.MortgageRunner" name="runScenario" time="1.082">
    <failure message="Unable to click&quot;Commerical Mortgages&quot; using javascript click" type="java.lang.AssertionError">
      <![CDATA[java.lang.AssertionError: Unable to click"Commerical Mortgages" using javascript click
at org.testng.Assert.fail(Assert.java:99)
at utils.SeleniumDriver.clickElement(SeleniumDriver.java:153)
at pages.actions.Mortgages_CommercialMortgagesActions.clickTheLink(Mortgages_CommercialMortgagesActions.java:24)
at Mortgages_Feature_Steps.Mortgages_CommercialMortgagesSteps.i_navigated_to_commercial_mortgages_page(Mortgages_CommercialMortgagesSteps.java:35)
at ✽.I navigated to Commercial mortgages page(file:///C:/CMS_Automation/Co.uk_Suchismita_30_April/Website-Test-Automation-Mithun-branch/src/test/resources/Mortgages_FeatureFiles/Mortgages_CommercialMortgages.feature:66)
]]>
    </failure>
  </testcase> <!-- runScenario -->
  <system-out/>
  <testcase classname="runners.MortgageRunner" name="runScenario" time="1.852"/>
  <system-out/>
  <testcase classname="runners.MortgageRunner" name="runScenario" time="2.455">
    <failure message="expected [Quick links] but found [Ready to switch?]" type="java.lang.AssertionError">
      <![CDATA[java.lang.AssertionError: expected [Quick links] but found [Ready to switch?]
at org.testng.Assert.fail(Assert.java:99)
at org.testng.Assert.failNotEquals(Assert.java:1037)
at org.testng.Assert.assertEqualsImpl(Assert.java:140)
at org.testng.Assert.assertEquals(Assert.java:122)
at org.testng.Assert.assertEquals(Assert.java:629)
at org.testng.Assert.assertEquals(Assert.java:639)
at Mortgages_Feature_Steps.Mortgages_MortgagesHelpAndSupport_FeesStatementsAndBalancesSteps.i_see_the_subheader_on_the_page(Mortgages_MortgagesHelpAndSupport_FeesStatementsAndBalancesSteps.java:62)
at ✽.I see the "Quick links" header on the page(file:///C:/CMS_Automation/Co.uk_Suchismita_30_April/Website-Test-Automation-Mithun-branch/src/test/resources/Mortgages_FeatureFiles/Mortgages_MortgagesHelpAndSupport_FeesStatementsAndBalances.feature:47)
]]>
    </failure>
  </testcase> <!-- runScenario -->
  <system-out/>
  <testcase classname="runners.MortgageRunner" name="runScenario" time="2.432">
    <error message="Invalid value: Buy to let mortgages" type="java.lang.IllegalArgumentException">
      <![CDATA[java.lang.IllegalArgumentException: Invalid value: Buy to let mortgages
at pages.actions.Mortgages_ResidentialMortgages_FirstTimeBuyerMortgagesActions.getCardHeaderTitle(Mortgages_ResidentialMortgages_FirstTimeBuyerMortgagesActions.java:79)
at Mortgages_Feature_Steps.Mortgages_ResidentialMortgages_FirstTimeBuyerMortgagesPageSteps.i_should_see_cards_present_on_the_first_timer_buyer(Mortgages_ResidentialMortgages_FirstTimeBuyerMortgagesPageSteps.java:85)
at ✽.I should see "Buy to let mortgages" present on the First Timer Buyer Page(file:///C:/CMS_Automation/Co.uk_Suchismita_30_April/Website-Test-Automation-Mithun-branch/src/test/resources/Mortgages_FeatureFiles/Mortgages_ResidentialMortgages_FirstTimeBuyerMortgages.feature:44)
]]>
    </error>
  </testcase> <!-- runScenario -->
  <system-out/>
  <testcase classname="runners.MortgageRunner" name="runScenario" time="2.358">
    <error message="no such element: Unable to locate element: {&quot;method&quot;:&quot;xpath&quot;,&quot;selector&quot;:&quot;//*[@id=&quot;13f53eb1-3611-46f4-b9f7-a319ccbbc896&quot;]/div/span/section/ul/li[1]/a&quot;}
  (Session info: chrome=118.0.5993.70)
For documentation on this error, please visit: https://www.selenium.dev/documentation/webdriver/troubleshooting/errors#no-such-element-exception
Build info: version: &#039;4.11.0&#039;, revision: &#039;040bc5406b&#039;
System info: os.name: &#039;Windows Server 2019&#039;, os.arch: &#039;amd64&#039;, os.version: &#039;10.0&#039;, java.version: &#039;20.0.1&#039;
Driver info: org.openqa.selenium.chrome.ChromeDriver
Command: [aa9e62ad177cecac4999564efc26dbc7, findElement {using=xpath, value=//*[@id=&quot;13f53eb1-3611-46f4-b9f7-a319ccbbc896&quot;]/div/span/section/ul/li[1]/a}]
Capabilities {acceptInsecureCerts: false, browserName: chrome, browserVersion: 118.0.5993.70, chrome: {chromedriverVersion: 118.0.5993.70 (e52f33f30b91..., userDataDir: C:\Users\MITHUN~1.HN\AppDat...}, fedcm:accounts: true, goog:chromeOptions: {debuggerAddress: localhost:52262}, networkConnectionEnabled: false, pageLoadStrategy: normal, platformName: windows, proxy: Proxy(), se:cdp: ws://localhost:52262/devtoo..., se:cdpVersion: 118.0.5993.70, setWindowRect: true, strictFileInteractability: false, timeouts: {implicit: 0, pageLoad: 300000, script: 30000}, unhandledPromptBehavior: dismiss and notify, webauthn:extension:credBlob: true, webauthn:extension:largeBlob: true, webauthn:extension:minPinLength: true, webauthn:extension:prf: true, webauthn:virtualAuthenticators: true}
Session ID: aa9e62ad177cecac4999564efc26dbc7" type="org.openqa.selenium.NoSuchElementException">
      <![CDATA[org.openqa.selenium.NoSuchElementException: no such element: Unable to locate element: {"method":"xpath","selector":"//*[@id="13f53eb1-3611-46f4-b9f7-a319ccbbc896"]/div/span/section/ul/li[1]/a"}
  (Session info: chrome=118.0.5993.70)
For documentation on this error, please visit: https://www.selenium.dev/documentation/webdriver/troubleshooting/errors#no-such-element-exception
Build info: version: '4.11.0', revision: '040bc5406b'
System info: os.name: 'Windows Server 2019', os.arch: 'amd64', os.version: '10.0', java.version: '20.0.1'
Driver info: org.openqa.selenium.chrome.ChromeDriver
Command: [aa9e62ad177cecac4999564efc26dbc7, findElement {using=xpath, value=//*[@id="13f53eb1-3611-46f4-b9f7-a319ccbbc896"]/div/span/section/ul/li[1]/a}]
Capabilities {acceptInsecureCerts: false, browserName: chrome, browserVersion: 118.0.5993.70, chrome: {chromedriverVersion: 118.0.5993.70 (e52f33f30b91..., userDataDir: C:\Users\MITHUN~1.HN\AppDat...}, fedcm:accounts: true, goog:chromeOptions: {debuggerAddress: localhost:52262}, networkConnectionEnabled: false, pageLoadStrategy: normal, platformName: windows, proxy: Proxy(), se:cdp: ws://localhost:52262/devtoo..., se:cdpVersion: 118.0.5993.70, setWindowRect: true, strictFileInteractability: false, timeouts: {implicit: 0, pageLoad: 300000, script: 30000}, unhandledPromptBehavior: dismiss and notify, webauthn:extension:credBlob: true, webauthn:extension:largeBlob: true, webauthn:extension:minPinLength: true, webauthn:extension:prf: true, webauthn:virtualAuthenticators: true}
Session ID: aa9e62ad177cecac4999564efc26dbc7
at java.base/jdk.internal.reflect.DirectConstructorHandleAccessor.newInstance(DirectConstructorHandleAccessor.java:67)
at java.base/java.lang.reflect.Constructor.newInstanceWithCaller(Constructor.java:500)
at java.base/java.lang.reflect.Constructor.newInstance(Constructor.java:484)
at org.openqa.selenium.remote.codec.w3c.W3CHttpResponseCodec.createException(W3CHttpResponseCodec.java:200)
at org.openqa.selenium.remote.codec.w3c.W3CHttpResponseCodec.decode(W3CHttpResponseCodec.java:133)
at org.openqa.selenium.remote.codec.w3c.W3CHttpResponseCodec.decode(W3CHttpResponseCodec.java:52)
at org.openqa.selenium.remote.HttpCommandExecutor.execute(HttpCommandExecutor.java:191)
at org.openqa.selenium.remote.service.DriverCommandExecutor.invokeExecute(DriverCommandExecutor.java:196)
at org.openqa.selenium.remote.service.DriverCommandExecutor.execute(DriverCommandExecutor.java:171)
at org.openqa.selenium.remote.RemoteWebDriver.execute(RemoteWebDriver.java:518)
at org.openqa.selenium.remote.ElementLocation$ElementFinder$2.findElement(ElementLocation.java:165)
at org.openqa.selenium.remote.ElementLocation.findElement(ElementLocation.java:59)
at org.openqa.selenium.remote.RemoteWebDriver.findElement(RemoteWebDriver.java:355)
at org.openqa.selenium.remote.RemoteWebDriver.findElement(RemoteWebDriver.java:349)
at org.openqa.selenium.support.pagefactory.DefaultElementLocator.findElement(DefaultElementLocator.java:68)
at org.openqa.selenium.support.pagefactory.internal.LocatingElementHandler.invoke(LocatingElementHandler.java:38)
at jdk.proxy2/jdk.proxy2.$Proxy28.getText(Unknown Source)
at utils.SeleniumDriver.GetElementText(SeleniumDriver.java:112)
at pages.actions.Mortgages_MortgagesHelpAndSupport_FeesStatementsAndBalancesActions.getQuicklinkheader(Mortgages_MortgagesHelpAndSupport_FeesStatementsAndBalancesActions.java:84)
at Mortgages_Feature_Steps.Mortgages_MortgagesHelpAndSupport_FeesStatementsAndBalancesSteps.i_see_the_subheader_on_the_page(Mortgages_MortgagesHelpAndSupport_FeesStatementsAndBalancesSteps.java:60)
at ✽.I see the "Help and support" header on the page(file:///C:/CMS_Automation/Co.uk_Suchismita_30_April/Website-Test-Automation-Mithun-branch/src/test/resources/Mortgages_FeatureFiles/Mortgages_MortgagesHelpAndSupport_FeesStatementsAndBalances.feature:47)
]]>
    </error>
  </testcase> <!-- runScenario -->
  <system-out/>
  <testcase classname="runners.MortgageRunner" name="runScenario" time="0.844">
    <failure message="Unable to click&quot;Commerical Mortgages&quot; using javascript click" type="java.lang.AssertionError">
      <![CDATA[java.lang.AssertionError: Unable to click"Commerical Mortgages" using javascript click
at org.testng.Assert.fail(Assert.java:99)
at utils.SeleniumDriver.clickElement(SeleniumDriver.java:153)
at pages.actions.Mortgages_CommercialMortgagesActions.clickTheLink(Mortgages_CommercialMortgagesActions.java:24)
at Mortgages_Feature_Steps.Mortgages_CommercialMortgagesSteps.i_navigated_to_commercial_mortgages_page(Mortgages_CommercialMortgagesSteps.java:35)
at ✽.I navigated to Commercial mortgages page(file:///C:/CMS_Automation/Co.uk_Suchismita_30_April/Website-Test-Automation-Mithun-branch/src/test/resources/Mortgages_FeatureFiles/Mortgages_CommercialMortgages.feature:33)
]]>
    </failure>
  </testcase> <!-- runScenario -->
  <system-out/>
  <testcase classname="runners.MortgageRunner" name="runScenario" time="1.724"/>
  <system-out/>
  <testcase classname="runners.MortgageRunner" name="runScenario" time="2.552">
    <failure message="expected [Customers with money worries] but found [Mortgage customers with money worries]" type="java.lang.AssertionError">
      <![CDATA[java.lang.AssertionError: expected [Customers with money worries] but found [Mortgage customers with money worries]
at org.testng.Assert.fail(Assert.java:99)
at org.testng.Assert.failNotEquals(Assert.java:1037)
at org.testng.Assert.assertEqualsImpl(Assert.java:140)
at org.testng.Assert.assertEquals(Assert.java:122)
at org.testng.Assert.assertEquals(Assert.java:629)
at org.testng.Assert.assertEquals(Assert.java:639)
at Mortgages_Feature_Steps.Mortgages_HelpandSupport_MortgagesHelpAndSupportSteps.i_should_redirected_to_next_page(Mortgages_HelpandSupport_MortgagesHelpAndSupportSteps.java:79)
at ✽.I should redirected to next "Customers with money worries"(file:///C:/CMS_Automation/Co.uk_Suchismita_30_April/Website-Test-Automation-Mithun-branch/src/test/resources/Mortgages_FeatureFiles/Mortgages_HelpandSupport_MortgagesHelpandSupport.feature:78)
]]>
    </failure>
  </testcase> <!-- runScenario -->
  <system-out/>
  <testcase classname="runners.MortgageRunner" name="runScenario" time="2.665">
    <error message="no such element: Unable to locate element: {&quot;method&quot;:&quot;xpath&quot;,&quot;selector&quot;:&quot;//*[@class=&#039;umb-block__root margin-bottom margin-side&#039;]/ul/li[3]/div/div[1]/h2&quot;}
  (Session info: chrome=118.0.5993.70)
For documentation on this error, please visit: https://www.selenium.dev/documentation/webdriver/troubleshooting/errors#no-such-element-exception
Build info: version: &#039;4.11.0&#039;, revision: &#039;040bc5406b&#039;
System info: os.name: &#039;Windows Server 2019&#039;, os.arch: &#039;amd64&#039;, os.version: &#039;10.0&#039;, java.version: &#039;20.0.1&#039;
Driver info: org.openqa.selenium.chrome.ChromeDriver
Command: [aa9e62ad177cecac4999564efc26dbc7, findElement {using=xpath, value=//*[@class=&#039;umb-block__root margin-bottom margin-side&#039;]/ul/li[3]/div/div[1]/h2}]
Capabilities {acceptInsecureCerts: false, browserName: chrome, browserVersion: 118.0.5993.70, chrome: {chromedriverVersion: 118.0.5993.70 (e52f33f30b91..., userDataDir: C:\Users\MITHUN~1.HN\AppDat...}, fedcm:accounts: true, goog:chromeOptions: {debuggerAddress: localhost:52262}, networkConnectionEnabled: false, pageLoadStrategy: normal, platformName: windows, proxy: Proxy(), se:cdp: ws://localhost:52262/devtoo..., se:cdpVersion: 118.0.5993.70, setWindowRect: true, strictFileInteractability: false, timeouts: {implicit: 0, pageLoad: 300000, script: 30000}, unhandledPromptBehavior: dismiss and notify, webauthn:extension:credBlob: true, webauthn:extension:largeBlob: true, webauthn:extension:minPinLength: true, webauthn:extension:prf: true, webauthn:virtualAuthenticators: true}
Session ID: aa9e62ad177cecac4999564efc26dbc7" type="org.openqa.selenium.NoSuchElementException">
      <![CDATA[org.openqa.selenium.NoSuchElementException: no such element: Unable to locate element: {"method":"xpath","selector":"//*[@class='umb-block__root margin-bottom margin-side']/ul/li[3]/div/div[1]/h2"}
  (Session info: chrome=118.0.5993.70)
For documentation on this error, please visit: https://www.selenium.dev/documentation/webdriver/troubleshooting/errors#no-such-element-exception
Build info: version: '4.11.0', revision: '040bc5406b'
System info: os.name: 'Windows Server 2019', os.arch: 'amd64', os.version: '10.0', java.version: '20.0.1'
Driver info: org.openqa.selenium.chrome.ChromeDriver
Command: [aa9e62ad177cecac4999564efc26dbc7, findElement {using=xpath, value=//*[@class='umb-block__root margin-bottom margin-side']/ul/li[3]/div/div[1]/h2}]
Capabilities {acceptInsecureCerts: false, browserName: chrome, browserVersion: 118.0.5993.70, chrome: {chromedriverVersion: 118.0.5993.70 (e52f33f30b91..., userDataDir: C:\Users\MITHUN~1.HN\AppDat...}, fedcm:accounts: true, goog:chromeOptions: {debuggerAddress: localhost:52262}, networkConnectionEnabled: false, pageLoadStrategy: normal, platformName: windows, proxy: Proxy(), se:cdp: ws://localhost:52262/devtoo..., se:cdpVersion: 118.0.5993.70, setWindowRect: true, strictFileInteractability: false, timeouts: {implicit: 0, pageLoad: 300000, script: 30000}, unhandledPromptBehavior: dismiss and notify, webauthn:extension:credBlob: true, webauthn:extension:largeBlob: true, webauthn:extension:minPinLength: true, webauthn:extension:prf: true, webauthn:virtualAuthenticators: true}
Session ID: aa9e62ad177cecac4999564efc26dbc7
at java.base/jdk.internal.reflect.DirectConstructorHandleAccessor.newInstance(DirectConstructorHandleAccessor.java:67)
at java.base/java.lang.reflect.Constructor.newInstanceWithCaller(Constructor.java:500)
at java.base/java.lang.reflect.Constructor.newInstance(Constructor.java:484)
at org.openqa.selenium.remote.codec.w3c.W3CHttpResponseCodec.createException(W3CHttpResponseCodec.java:200)
at org.openqa.selenium.remote.codec.w3c.W3CHttpResponseCodec.decode(W3CHttpResponseCodec.java:133)
at org.openqa.selenium.remote.codec.w3c.W3CHttpResponseCodec.decode(W3CHttpResponseCodec.java:52)
at org.openqa.selenium.remote.HttpCommandExecutor.execute(HttpCommandExecutor.java:191)
at org.openqa.selenium.remote.service.DriverCommandExecutor.invokeExecute(DriverCommandExecutor.java:196)
at org.openqa.selenium.remote.service.DriverCommandExecutor.execute(DriverCommandExecutor.java:171)
at org.openqa.selenium.remote.RemoteWebDriver.execute(RemoteWebDriver.java:518)
at org.openqa.selenium.remote.ElementLocation$ElementFinder$2.findElement(ElementLocation.java:165)
at org.openqa.selenium.remote.ElementLocation.findElement(ElementLocation.java:59)
at org.openqa.selenium.remote.RemoteWebDriver.findElement(RemoteWebDriver.java:355)
at org.openqa.selenium.remote.RemoteWebDriver.findElement(RemoteWebDriver.java:349)
at org.openqa.selenium.support.pagefactory.DefaultElementLocator.findElement(DefaultElementLocator.java:68)
at org.openqa.selenium.support.pagefactory.internal.LocatingElementHandler.invoke(LocatingElementHandler.java:38)
at jdk.proxy2/jdk.proxy2.$Proxy28.getText(Unknown Source)
at pages.actions.Mortgages_MortgagesHelpAndSupport_MortgagesFAQActions.getCardsName(Mortgages_MortgagesHelpAndSupport_MortgagesFAQActions.java:52)
at Mortgages_Feature_Steps.Mortgages_MortgagesHelpAndSupport_MortgagesFAQStpes.i_see_cards_present_on_the_page(Mortgages_MortgagesHelpAndSupport_MortgagesFAQStpes.java:50)
at ✽."Money worries" present on the page(file:///C:/CMS_Automation/Co.uk_Suchismita_30_April/Website-Test-Automation-Mithun-branch/src/test/resources/Mortgages_FeatureFiles/Mortgages_MortgagesHelpAndSupport_MortgagesFAQ.feature:34)
]]>
    </error>
  </testcase> <!-- runScenario -->
  <system-out/>
</testsuite> <!-- runners.MortgageRunner -->
