<?xml version="1.0" encoding="UTF-8"?>
<!-- Generated by org.testng.reporters.JUnitReportReporter -->
<testsuite hostname="uatcoukuksbast1" failures="0" tests="20" name="runners.LoginRunner" time="107.015" errors="0" timestamp="2025-02-18T15:14:04 GMT" skipped="0">
  <testcase classname="runners.LoginRunner" name="runScenario" time="1.596"/>
  <system-out/>
  <testcase classname="runners.LoginRunner" name="runScenario" time="13.339"/>
  <system-out/>
  <testcase classname="runners.LoginRunner" name="runScenario" time="1.849"/>
  <system-out/>
  <testcase classname="runners.LoginRunner" name="runScenario" time="1.757"/>
  <system-out/>
  <testcase classname="runners.LoginRunner" name="runScenario" time="13.035"/>
  <system-out/>
  <testcase classname="runners.LoginRunner" name="runScenario" time="13.288"/>
  <system-out/>
  <testcase classname="runners.LoginRunner" name="runScenario" time="1.698"/>
  <system-out/>
  <testcase classname="runners.LoginRunner" name="runScenario" time="1.800"/>
  <system-out/>
  <testcase classname="runners.LoginRunner" name="runScenario" time="13.094"/>
  <system-out/>
  <testcase classname="runners.LoginRunner" name="runScenario" time="1.600"/>
  <system-out/>
  <testcase classname="runners.LoginRunner" name="runScenario" time="4.837"/>
  <system-out/>
  <testcase classname="runners.LoginRunner" name="runScenario" time="1.758"/>
  <system-out/>
  <testcase classname="runners.LoginRunner" name="runScenario" time="1.778"/>
  <system-out/>
  <testcase classname="runners.LoginRunner" name="runScenario" time="13.061"/>
  <system-out/>
  <testcase classname="runners.LoginRunner" name="runScenario" time="1.952"/>
  <system-out/>
  <testcase classname="runners.LoginRunner" name="runScenario" time="1.744"/>
  <system-out/>
  <testcase classname="runners.LoginRunner" name="runScenario" time="13.107"/>
  <system-out/>
  <testcase classname="runners.LoginRunner" name="runScenario" time="1.765"/>
  <system-out/>
  <testcase classname="runners.LoginRunner" name="runScenario" time="2.087"/>
  <system-out/>
  <testcase classname="runners.LoginRunner" name="runScenario" time="1.870"/>
  <system-out/>
</testsuite> <!-- runners.LoginRunner -->
